#
# A fatal error has been detected by the Java Runtime Environment:
#
#  EXCEPTION_ACCESS_VIOLATION (0xc0000005) at pc=0x00007fff356b1576, pid=8792, tid=10020
#
# JRE version: Java(TM) SE Runtime Environment 18.9 (11.0.16.1+1) (build 11.0.16.1+1-LTS-1)
# Java VM: Java HotSpot(TM) 64-Bit Server VM 18.9 (11.0.16.1+1-LTS-1, mixed mode, tiered, compressed oops, g1 gc, windows-amd64)
# Problematic frame:
# V  [jvm.dll+0x181576]
#
# No core dump will be written. Minidumps are not enabled by default on client versions of Windows
#
# If you would like to submit a bug report, please visit:
#   https://bugreport.java.com/bugreport/crash.jsp
#

---------------  S U M M A R Y ------------

Command Line: --add-opens=java.base/java.util=ALL-UNNAMED --add-opens=java.base/java.lang=ALL-UNNAMED --add-opens=java.base/java.lang.invoke=ALL-UNNAMED --add-opens=java.base/java.util=ALL-UNNAMED --add-opens=java.prefs/java.util.prefs=ALL-UNNAMED --add-opens=java.prefs/java.util.prefs=ALL-UNNAMED --add-opens=java.base/java.nio.charset=ALL-UNNAMED --add-opens=java.base/java.net=ALL-UNNAMED --add-opens=java.base/java.util.concurrent.atomic=ALL-UNNAMED -Xmx2048m -Dfile.encoding=UTF-8 -Duser.country=US -Duser.language=en -Duser.variant org.gradle.launcher.daemon.bootstrap.GradleDaemon 7.5

Host: AMD Ryzen 3 4300GE with Radeon Graphics, 8 cores, 7G,  Windows 11 , 64 bit Build 22621 (10.0.22621.1635)
Time: Mon May 15 19:29:01 2023 W. Central Africa Standard Time elapsed time: 1288.595064 seconds (0d 0h 21m 28s)

---------------  T H R E A D  ---------------

Current thread (0x00000236d5a9c800):  ConcurrentGCThread "G1 Conc#1" [stack: 0x0000005449400000,0x0000005449500000] [id=10020]

Stack: [0x0000005449400000,0x0000005449500000],  sp=0x00000054494ff7c8,  free space=1021k
Native frames: (J=compiled Java code, j=interpreted, Vv=VM code, C=native code)
V  [jvm.dll+0x181576]


siginfo: EXCEPTION_ACCESS_VIOLATION (0xc0000005), reading address 0x00000001736b7b20


Register to memory mapping:

RIP=0x00007fff356b1576 jvm.dll
RAX=0x0401010000000020 is an unknown value
RBX=0x0401010000000020 is an unknown value
RCX=0x0000000089377b48 is pointing into object: [B 
{0x0000000089377b40} - klass: {type array byte}
 - length: 45
RDX=0x0000000089377b48 is pointing into object: [B 
{0x0000000089377b40} - klass: {type array byte}
 - length: 45
RSP=0x00000054494ff7c8 points into unknown readable memory: 0x00007fff35717b49 | 49 7b 71 35 ff 7f 00 00
RBP=0x0 is NULL
RSI=0x0000020000000001 is an unknown value
RDI=0x0000000089377b48 is pointing into object: [B 
{0x0000000089377b40} - klass: {type array byte}
 - length: 45
R8 =0x0401010000000020 is an unknown value
R9 =0x00000001736b7b18 is an unknown value
R10=0x00000236dcb7d2e0 points into unknown readable memory: 0x00007fff35da4918 | 18 49 da 35 ff 7f 00 00
R11=0x346dc5d63886594b is an unknown value
R12=0x0000000000000001 is an unknown value
R13=0x0 is NULL
R14=0x00000236cd01dde8 points into unknown readable memory: 0x0401030000000020 | 20 00 00 00 00 03 01 04
R15=0x00000236b5837420 points into unknown readable memory: 0x00000236b5840000 | 00 00 84 b5 36 02 00 00


Registers:
RAX=0x0401010000000020, RBX=0x0401010000000020, RCX=0x0000000089377b48, RDX=0x0000000089377b48
RSP=0x00000054494ff7c8, RBP=0x0000000000000000, RSI=0x0000020000000001, RDI=0x0000000089377b48
R8 =0x0401010000000020, R9 =0x00000001736b7b18, R10=0x00000236dcb7d2e0, R11=0x346dc5d63886594b
R12=0x0000000000000001, R13=0x0000000000000000, R14=0x00000236cd01dde8, R15=0x00000236b5837420
RIP=0x00007fff356b1576, EFLAGS=0x0000000000010206

Top of Stack: (sp=0x00000054494ff7c8)
0x00000054494ff7c8:   00007fff35717b49 01d987582039f616
0x00000054494ff7d8:   00007fff35717b49 0000000000000000
0x00000054494ff7e8:   0000000002d26886 0000000089376c30
0x00000054494ff7f8:   00000236b584a8c0 0000000089377b48
0x00000054494ff808:   00007fff35717932 00000236b584a780
0x00000054494ff818:   0000000100344c50 0000000100344c58
0x00000054494ff828:   00000054494ff9b8 0000000089376c44
0x00000054494ff838:   00007fff35715afd 0000000000000003
0x00000054494ff848:   0000000089376c40 0000000000000003
0x00000054494ff858:   0000000089376b44 00000236d4b9bd01
0x00000054494ff868:   00000236b5837438 0000000100344a10
0x00000054494ff878:   00007fff357156b1 0000000000000003
0x00000054494ff888:   00000054494ff9b8 0000000089376c30
0x00000054494ff898:   0000000000000000 00000236b584a780
0x00000054494ff8a8:   00007fff3580c57e 0000000089376c30
0x00000054494ff8b8:   00000054494ff970 00000054494ff970 

Instructions: (pc=0x00007fff356b1576)
0x00007fff356b1556:   00 48 8b 51 08 48 8b c8 e9 0d 00 00 00 cc cc cc
0x00007fff356b1566:   cc cc cc cc cc cc cc cc cc cc 4c 8b ca 48 8b d1
0x00007fff356b1576:   45 8b 41 08 45 85 c0 7e 0e 41 f6 c0 01 75 56 41
0x00007fff356b1586:   c1 f8 03 41 8b c0 c3 79 4c 80 3d 3b 45 8c 00 00 


Stack slot to memory mapping:
stack at sp + 0 slots: 0x00007fff35717b49 jvm.dll
stack at sp + 1 slots: 0x01d987582039f616 is an unknown value
stack at sp + 2 slots: 0x00007fff35717b49 jvm.dll
stack at sp + 3 slots: 0x0 is NULL
stack at sp + 4 slots: 0x0000000002d26886 is an unknown value
stack at sp + 5 slots: 0x0000000089376c30 is an oop: kotlin.reflect.jvm.internal.KCallableImpl$_typeParameters$1 
{0x0000000089376c30} - klass: 'kotlin/reflect/jvm/internal/KCallableImpl$_typeParameters$1'
stack at sp + 6 slots: 0x00000236b584a8c0 points into unknown readable memory: 0x00007fff35de01a0 | a0 01 de 35 ff 7f 00 00
stack at sp + 7 slots: 0x0000000089377b48 is pointing into object: [B 
{0x0000000089377b40} - klass: {type array byte}
 - length: 45


---------------  P R O C E S S  ---------------

Threads class SMR info:
_java_thread_list=0x00000236d83b0c70, length=147, elements={
0x00000236b57f9000, 0x00000236d3807000, 0x00000236d3810800, 0x00000236d4192800,
0x00000236d381f800, 0x00000236d3822800, 0x00000236d3825000, 0x00000236d3829800,
0x00000236d3830000, 0x00000236d42d9800, 0x00000236d6593000, 0x00000236d658f800,
0x00000236d658d800, 0x00000236d6220000, 0x00000236d621d800, 0x00000236d621e800,
0x00000236d6222800, 0x00000236d6224000, 0x00000236d6221800, 0x00000236d622b800,
0x00000236d6225800, 0x00000236d6227000, 0x00000236d6229800, 0x00000236d9b8d800,
0x00000236d9b8c800, 0x00000236d623b800, 0x00000236d6242000, 0x00000236d6243000,
0x00000236d6245800, 0x00000236d4428800, 0x00000236dee5d000, 0x00000236dee57000,
0x00000236d4427800, 0x00000236d442b800, 0x00000236d4429800, 0x00000236d442a000,
0x00000236d442b000, 0x00000236d4427000, 0x00000236d4426000, 0x00000236d4433000,
0x00000236d442f000, 0x00000236d4434000, 0x00000236d4430000, 0x00000236d4430800,
0x00000236d442e000, 0x00000236d4431800, 0x00000236dc74b800, 0x00000236d4434800,
0x00000236d4432000, 0x00000236dee59000, 0x00000236dee59800, 0x00000236dee5a800,
0x00000236dee58000, 0x00000236dee5d800, 0x00000236dee5f800, 0x00000236dee61000,
0x00000236dee60000, 0x00000236dee5b000, 0x00000236dee5e800, 0x00000236dee62000,
0x00000236dee5c000, 0x00000236dee66000, 0x00000236dee65000, 0x00000236dee67800,
0x00000236dee64000, 0x00000236dee66800, 0x00000236dee68800, 0x00000236dee62800,
0x00000236dee69000, 0x00000236dee63800, 0x00000236dee6f000, 0x00000236dee6e000,
0x00000236dee6c800, 0x00000236dee6a000, 0x00000236dee6f800, 0x00000236dee6b800,
0x00000236dee6d000, 0x00000236dee6b000, 0x00000236dee70800, 0x00000236dee73800,
0x00000236dee71800, 0x00000236dee72000, 0x00000236dee73000, 0x00000236dee74800,
0x00000236dee75800, 0x00000236dee76000, 0x00000236d8b72000, 0x00000236d8b73000,
0x00000236d8b70800, 0x00000236d8b6e000, 0x00000236d8b71800, 0x00000236d8b74000,
0x00000236d8b74800, 0x00000236d8b6f000, 0x00000236d8b75800, 0x00000236d8b70000,
0x00000236d8b7c000, 0x00000236d8b79800, 0x00000236d8b76800, 0x00000236d8b7d000,
0x00000236d8b7a800, 0x00000236d8b77000, 0x00000236d8b78000, 0x00000236d8b78800,
0x00000236e1919000, 0x00000236e1915800, 0x00000236e1918000, 0x00000236e1913000,
0x00000236e1916800, 0x00000236e1917800, 0x00000236e1919800, 0x00000236e1914000,
0x00000236e191e800, 0x00000236e191c000, 0x00000236e1920800, 0x00000236e191f800,
0x00000236e191a800, 0x00000236e191b800, 0x00000236e191e000, 0x00000236e1922000,
0x00000236e191d000, 0x00000236e1921000, 0x00000236d9b8e000, 0x00000236d9b8f000,
0x00000236d9b89800, 0x00000236d9b90000, 0x00000236d9b8a000, 0x00000236d9b90800,
0x00000236d9b8b000, 0x00000236dc749000, 0x00000236d9b91800, 0x00000236d9b8b800,
0x00000236d9b96800, 0x00000236d9b94800, 0x00000236d9b97000, 0x00000236d9b93000,
0x00000236d9b98000, 0x00000236d9b95800, 0x00000236d9b92800, 0x00000236d9b94000,
0x00000236e0e1d800, 0x00000236e0e20000, 0x00000236e0e1d000, 0x00000236e0e1b000,
0x00000236e0e1e800, 0x00000236e0e1c000, 0x00000236e0e23800
}

Java Threads: ( => current thread )
  0x00000236b57f9000 JavaThread "main" [_thread_blocked, id=584, stack(0x0000005446d00000,0x0000005446e00000)]
  0x00000236d3807000 JavaThread "Reference Handler" daemon [_thread_blocked, id=3564, stack(0x0000005447400000,0x0000005447500000)]
  0x00000236d3810800 JavaThread "Finalizer" daemon [_thread_blocked, id=2024, stack(0x0000005447500000,0x0000005447600000)]
  0x00000236d4192800 JavaThread "Signal Dispatcher" daemon [_thread_blocked, id=4760, stack(0x0000005447600000,0x0000005447700000)]
  0x00000236d381f800 JavaThread "Attach Listener" daemon [_thread_blocked, id=6440, stack(0x0000005447700000,0x0000005447800000)]
  0x00000236d3822800 JavaThread "Service Thread" daemon [_thread_blocked, id=6304, stack(0x0000005447800000,0x0000005447900000)]
  0x00000236d3825000 JavaThread "C2 CompilerThread0" daemon [_thread_blocked, id=3972, stack(0x0000005447900000,0x0000005447a00000)]
  0x00000236d3829800 JavaThread "C1 CompilerThread0" daemon [_thread_blocked, id=1724, stack(0x0000005447a00000,0x0000005447b00000)]
  0x00000236d3830000 JavaThread "Sweeper thread" daemon [_thread_blocked, id=6072, stack(0x0000005447b00000,0x0000005447c00000)]
  0x00000236d42d9800 JavaThread "Common-Cleaner" daemon [_thread_blocked, id=5036, stack(0x0000005447c00000,0x0000005447d00000)]
  0x00000236d6593000 JavaThread "Daemon health stats" [_thread_blocked, id=7744, stack(0x0000005447f00000,0x0000005448000000)]
  0x00000236d658f800 JavaThread "Incoming local TCP Connector on port 51510" [_thread_in_native, id=9896, stack(0x0000005448100000,0x0000005448200000)]
  0x00000236d658d800 JavaThread "Daemon periodic checks" [_thread_blocked, id=5744, stack(0x0000005448200000,0x0000005448300000)]
  0x00000236d6220000 JavaThread "Cache worker for journal cache (C:\Users\akram\AndroidStudioProjects\app\caches\journal-1)" [_thread_blocked, id=1264, stack(0x0000005449100000,0x0000005449200000)]
  0x00000236d621d800 JavaThread "File lock request listener" [_thread_in_native, id=7636, stack(0x0000005449200000,0x0000005449300000)]
  0x00000236d621e800 JavaThread "Cache worker for file hash cache (C:\Users\akram\AndroidStudioProjects\app\caches\7.5\fileHashes)" [_thread_blocked, id=1532, stack(0x0000005449300000,0x0000005449400000)]
  0x00000236d6222800 JavaThread "File watcher server" daemon [_thread_in_native, id=3168, stack(0x0000005449500000,0x0000005449600000)]
  0x00000236d6224000 JavaThread "File watcher consumer" daemon [_thread_blocked, id=8068, stack(0x0000005449600000,0x0000005449700000)]
  0x00000236d6221800 JavaThread "Cache worker for file content cache (C:\Users\akram\AndroidStudioProjects\app\caches\7.5\fileContent)" [_thread_blocked, id=3816, stack(0x0000005449900000,0x0000005449a00000)]
  0x00000236d622b800 JavaThread "Cache worker for execution history cache (C:\Users\akram\AndroidStudioProjects\app\caches\7.5\executionHistory)" [_thread_blocked, id=2260, stack(0x0000005449c00000,0x0000005449d00000)]
  0x00000236d6225800 JavaThread "jar transforms" [_thread_blocked, id=9032, stack(0x0000005449d00000,0x0000005449e00000)]
  0x00000236d6227000 JavaThread "jar transforms Thread 2" [_thread_blocked, id=9916, stack(0x0000005449e00000,0x0000005449f00000)]
  0x00000236d6229800 JavaThread "jar transforms Thread 3" [_thread_blocked, id=11676, stack(0x000000544a000000,0x000000544a100000)]
  0x00000236d9b8d800 JavaThread "jar transforms Thread 4" [_thread_blocked, id=10660, stack(0x000000544a100000,0x000000544a200000)]
  0x00000236d9b8c800 JavaThread "jar transforms Thread 5" [_thread_blocked, id=6536, stack(0x000000544a300000,0x000000544a400000)]
  0x00000236d623b800 JavaThread "jar transforms Thread 6" [_thread_blocked, id=11160, stack(0x000000544f500000,0x000000544f600000)]
  0x00000236d6242000 JavaThread "jar transforms Thread 7" [_thread_blocked, id=6396, stack(0x000000544f600000,0x000000544f700000)]
  0x00000236d6243000 JavaThread "jar transforms Thread 8" [_thread_blocked, id=11652, stack(0x000000544f700000,0x000000544f800000)]
  0x00000236d6245800 JavaThread "Memory manager" [_thread_blocked, id=9748, stack(0x000000544f900000,0x000000544fa00000)]
  0x00000236d4428800 JavaThread "Cache worker for Java compile cache (C:\Users\akram\AndroidStudioProjects\app\caches\7.5\javaCompile)" [_thread_blocked, id=11580, stack(0x0000005450300000,0x0000005450400000)]
  0x00000236dee5d000 JavaThread "ForkJoinPool.commonPool-worker-5" daemon [_thread_blocked, id=3136, stack(0x0000005451800000,0x0000005451900000)]
  0x00000236dee57000 JavaThread "ForkJoinPool.commonPool-worker-7" daemon [_thread_blocked, id=10928, stack(0x0000005451900000,0x0000005451a00000)]
  0x00000236d4427800 JavaThread "ForkJoinPool.commonPool-worker-9" daemon [_thread_blocked, id=1944, stack(0x0000005451400000,0x0000005451500000)]
  0x00000236d442b800 JavaThread "ForkJoinPool.commonPool-worker-11" daemon [_thread_blocked, id=6068, stack(0x0000005451500000,0x0000005451600000)]
  0x00000236d4429800 JavaThread "Daemon Thread 8" [_thread_blocked, id=3256, stack(0x0000005446a00000,0x0000005446b00000)]
  0x00000236d442a000 JavaThread "Handler for socket connection from /127.0.0.1:51510 to /127.0.0.1:52280" [_thread_in_native, id=7412, stack(0x0000005446b00000,0x0000005446c00000)]
  0x00000236d442b000 JavaThread "Cancel handler" [_thread_blocked, id=3920, stack(0x0000005446c00000,0x0000005446d00000)]
  0x00000236d4427000 JavaThread "Daemon worker Thread 8" [_thread_blocked, id=3604, stack(0x0000005447e00000,0x0000005447f00000)]
  0x00000236d4426000 JavaThread "Asynchronous log dispatcher for DefaultDaemonConnection: socket connection from /127.0.0.1:51510 to /127.0.0.1:52280" [_thread_blocked, id=8944, stack(0x0000005448300000,0x0000005448400000)]
  0x00000236d4433000 JavaThread "Stdin handler" [_thread_blocked, id=4736, stack(0x0000005448400000,0x0000005448500000)]
  0x00000236d442f000 JavaThread "Daemon client event forwarder" [_thread_blocked, id=1740, stack(0x0000005448500000,0x0000005448600000)]
  0x00000236d4434000 JavaThread "Cache worker for checksums cache (C:\Users\akram\AndroidStudioProjects\BloodBUMP\.gradle\7.5\checksums)" [_thread_blocked, id=3372, stack(0x0000005448600000,0x0000005448700000)]
  0x00000236d4430000 JavaThread "Cache worker for cache directory md-rule (C:\Users\akram\AndroidStudioProjects\app\caches\7.5\md-rule)" [_thread_blocked, id=4104, stack(0x0000005448700000,0x0000005448800000)]
  0x00000236d4430800 JavaThread "Cache worker for file hash cache (C:\Users\akram\AndroidStudioProjects\BloodBUMP\.gradle\7.5\fileHashes)" [_thread_blocked, id=9124, stack(0x0000005448800000,0x0000005448900000)]
  0x00000236d442e000 JavaThread "Cache worker for cache directory md-supplier (C:\Users\akram\AndroidStudioProjects\app\caches\7.5\md-supplier)" [_thread_blocked, id=5680, stack(0x0000005448900000,0x0000005448a00000)]
  0x00000236d4431800 JavaThread "Cache worker for dependencies-accessors (C:\Users\akram\AndroidStudioProjects\BloodBUMP\.gradle\7.5\dependencies-accessors)" [_thread_blocked, id=4628, stack(0x0000005449700000,0x0000005449800000)]
  0x00000236dc74b800 JavaThread "C2 CompilerThread1" daemon [_thread_blocked, id=7064, stack(0x0000005449800000,0x0000005449900000)]
  0x00000236d4434800 JavaThread "Cache worker for Build Output Cleanup Cache (C:\Users\akram\AndroidStudioProjects\BloodBUMP\.gradle\buildOutputCleanup)" [_thread_blocked, id=11228, stack(0x0000005449a00000,0x0000005449b00000)]
  0x00000236d4432000 JavaThread "Unconstrained build operations" [_thread_blocked, id=852, stack(0x0000005449b00000,0x0000005449c00000)]
  0x00000236dee59000 JavaThread "Unconstrained build operations Thread 2" [_thread_blocked, id=7296, stack(0x0000005449f00000,0x000000544a000000)]
  0x00000236dee59800 JavaThread "Unconstrained build operations Thread 3" [_thread_blocked, id=2196, stack(0x000000544a200000,0x000000544a300000)]
  0x00000236dee5a800 JavaThread "Unconstrained build operations Thread 4" [_thread_blocked, id=5532, stack(0x000000544a400000,0x000000544a500000)]
  0x00000236dee58000 JavaThread "Unconstrained build operations Thread 5" [_thread_blocked, id=1920, stack(0x000000544a500000,0x000000544a600000)]
  0x00000236dee5d800 JavaThread "Unconstrained build operations Thread 6" [_thread_blocked, id=5776, stack(0x000000544a600000,0x000000544a700000)]
  0x00000236dee5f800 JavaThread "Unconstrained build operations Thread 7" [_thread_blocked, id=5156, stack(0x000000544a700000,0x000000544a800000)]
  0x00000236dee61000 JavaThread "Unconstrained build operations Thread 8" [_thread_blocked, id=6596, stack(0x000000544a800000,0x000000544a900000)]
  0x00000236dee60000 JavaThread "Unconstrained build operations Thread 9" [_thread_blocked, id=4840, stack(0x000000544a900000,0x000000544aa00000)]
  0x00000236dee5b000 JavaThread "Unconstrained build operations Thread 10" [_thread_blocked, id=6308, stack(0x000000544aa00000,0x000000544ab00000)]
  0x00000236dee5e800 JavaThread "Unconstrained build operations Thread 11" [_thread_blocked, id=11148, stack(0x000000544ab00000,0x000000544ac00000)]
  0x00000236dee62000 JavaThread "Unconstrained build operations Thread 12" [_thread_blocked, id=3164, stack(0x000000544ac00000,0x000000544ad00000)]
  0x00000236dee5c000 JavaThread "Unconstrained build operations Thread 13" [_thread_blocked, id=6624, stack(0x000000544ad00000,0x000000544ae00000)]
  0x00000236dee66000 JavaThread "Unconstrained build operations Thread 14" [_thread_blocked, id=7620, stack(0x000000544ae00000,0x000000544af00000)]
  0x00000236dee65000 JavaThread "Unconstrained build operations Thread 15" [_thread_blocked, id=11276, stack(0x000000544af00000,0x000000544b000000)]
  0x00000236dee67800 JavaThread "Unconstrained build operations Thread 16" [_thread_blocked, id=4984, stack(0x000000544b000000,0x000000544b100000)]
  0x00000236dee64000 JavaThread "Unconstrained build operations Thread 17" [_thread_blocked, id=3376, stack(0x000000544b100000,0x000000544b200000)]
  0x00000236dee66800 JavaThread "Unconstrained build operations Thread 18" [_thread_blocked, id=11232, stack(0x000000544b200000,0x000000544b300000)]
  0x00000236dee68800 JavaThread "Unconstrained build operations Thread 19" [_thread_blocked, id=11084, stack(0x000000544b300000,0x000000544b400000)]
  0x00000236dee62800 JavaThread "Unconstrained build operations Thread 20" [_thread_blocked, id=6560, stack(0x000000544b400000,0x000000544b500000)]
  0x00000236dee69000 JavaThread "Unconstrained build operations Thread 21" [_thread_blocked, id=7924, stack(0x000000544b500000,0x000000544b600000)]
  0x00000236dee63800 JavaThread "Unconstrained build operations Thread 22" [_thread_blocked, id=3344, stack(0x000000544b600000,0x000000544b700000)]
  0x00000236dee6f000 JavaThread "Unconstrained build operations Thread 23" [_thread_blocked, id=4112, stack(0x000000544b700000,0x000000544b800000)]
  0x00000236dee6e000 JavaThread "Unconstrained build operations Thread 24" [_thread_blocked, id=10124, stack(0x000000544b800000,0x000000544b900000)]
  0x00000236dee6c800 JavaThread "Unconstrained build operations Thread 25" [_thread_blocked, id=6236, stack(0x000000544b900000,0x000000544ba00000)]
  0x00000236dee6a000 JavaThread "Unconstrained build operations Thread 26" [_thread_blocked, id=2136, stack(0x000000544ba00000,0x000000544bb00000)]
  0x00000236dee6f800 JavaThread "Unconstrained build operations Thread 27" [_thread_blocked, id=11056, stack(0x000000544bb00000,0x000000544bc00000)]
  0x00000236dee6b800 JavaThread "Unconstrained build operations Thread 28" [_thread_blocked, id=3780, stack(0x000000544bc00000,0x000000544bd00000)]
  0x00000236dee6d000 JavaThread "Unconstrained build operations Thread 29" [_thread_blocked, id=8248, stack(0x000000544bd00000,0x000000544be00000)]
  0x00000236dee6b000 JavaThread "Unconstrained build operations Thread 30" [_thread_blocked, id=6268, stack(0x000000544be00000,0x000000544bf00000)]
  0x00000236dee70800 JavaThread "Unconstrained build operations Thread 31" [_thread_blocked, id=68, stack(0x000000544bf00000,0x000000544c000000)]
  0x00000236dee73800 JavaThread "Unconstrained build operations Thread 32" [_thread_blocked, id=6528, stack(0x000000544c000000,0x000000544c100000)]
  0x00000236dee71800 JavaThread "Unconstrained build operations Thread 33" [_thread_blocked, id=11016, stack(0x000000544c100000,0x000000544c200000)]
  0x00000236dee72000 JavaThread "Unconstrained build operations Thread 34" [_thread_blocked, id=5552, stack(0x000000544c200000,0x000000544c300000)]
  0x00000236dee73000 JavaThread "Unconstrained build operations Thread 35" [_thread_blocked, id=10944, stack(0x000000544c300000,0x000000544c400000)]
  0x00000236dee74800 JavaThread "Unconstrained build operations Thread 36" [_thread_blocked, id=112, stack(0x000000544c400000,0x000000544c500000)]
  0x00000236dee75800 JavaThread "Unconstrained build operations Thread 37" [_thread_blocked, id=6500, stack(0x000000544c500000,0x000000544c600000)]
  0x00000236dee76000 JavaThread "Unconstrained build operations Thread 38" [_thread_blocked, id=7428, stack(0x000000544c600000,0x000000544c700000)]
  0x00000236d8b72000 JavaThread "Unconstrained build operations Thread 39" [_thread_blocked, id=7728, stack(0x000000544c700000,0x000000544c800000)]
  0x00000236d8b73000 JavaThread "Unconstrained build operations Thread 40" [_thread_blocked, id=3844, stack(0x000000544c800000,0x000000544c900000)]
  0x00000236d8b70800 JavaThread "Unconstrained build operations Thread 41" [_thread_blocked, id=4936, stack(0x000000544c900000,0x000000544ca00000)]
  0x00000236d8b6e000 JavaThread "Unconstrained build operations Thread 42" [_thread_blocked, id=7144, stack(0x000000544ca00000,0x000000544cb00000)]
  0x00000236d8b71800 JavaThread "Unconstrained build operations Thread 43" [_thread_blocked, id=5512, stack(0x000000544cb00000,0x000000544cc00000)]
  0x00000236d8b74000 JavaThread "Unconstrained build operations Thread 44" [_thread_blocked, id=1260, stack(0x000000544cc00000,0x000000544cd00000)]
  0x00000236d8b74800 JavaThread "Unconstrained build operations Thread 45" [_thread_blocked, id=1776, stack(0x000000544cd00000,0x000000544ce00000)]
  0x00000236d8b6f000 JavaThread "Unconstrained build operations Thread 46" [_thread_blocked, id=3108, stack(0x000000544ce00000,0x000000544cf00000)]
  0x00000236d8b75800 JavaThread "Unconstrained build operations Thread 47" [_thread_blocked, id=6472, stack(0x000000544cf00000,0x000000544d000000)]
  0x00000236d8b70000 JavaThread "Unconstrained build operations Thread 48" [_thread_blocked, id=7464, stack(0x000000544d000000,0x000000544d100000)]
  0x00000236d8b7c000 JavaThread "Unconstrained build operations Thread 49" [_thread_blocked, id=1904, stack(0x000000544d100000,0x000000544d200000)]
  0x00000236d8b79800 JavaThread "Unconstrained build operations Thread 50" [_thread_blocked, id=8444, stack(0x000000544d200000,0x000000544d300000)]
  0x00000236d8b76800 JavaThread "Unconstrained build operations Thread 51" [_thread_blocked, id=6112, stack(0x000000544d300000,0x000000544d400000)]
  0x00000236d8b7d000 JavaThread "Unconstrained build operations Thread 52" [_thread_blocked, id=2036, stack(0x000000544d400000,0x000000544d500000)]
  0x00000236d8b7a800 JavaThread "Unconstrained build operations Thread 53" [_thread_blocked, id=9952, stack(0x000000544d500000,0x000000544d600000)]
  0x00000236d8b77000 JavaThread "Unconstrained build operations Thread 54" [_thread_blocked, id=1672, stack(0x000000544d600000,0x000000544d700000)]
  0x00000236d8b78000 JavaThread "Unconstrained build operations Thread 55" [_thread_blocked, id=11044, stack(0x000000544d700000,0x000000544d800000)]
  0x00000236d8b78800 JavaThread "Unconstrained build operations Thread 56" [_thread_blocked, id=7284, stack(0x000000544d800000,0x000000544d900000)]
  0x00000236e1919000 JavaThread "Unconstrained build operations Thread 57" [_thread_blocked, id=10188, stack(0x000000544d900000,0x000000544da00000)]
  0x00000236e1915800 JavaThread "Unconstrained build operations Thread 58" [_thread_blocked, id=7664, stack(0x000000544da00000,0x000000544db00000)]
  0x00000236e1918000 JavaThread "Unconstrained build operations Thread 59" [_thread_blocked, id=7684, stack(0x000000544db00000,0x000000544dc00000)]
  0x00000236e1913000 JavaThread "Unconstrained build operations Thread 60" [_thread_blocked, id=10476, stack(0x000000544dc00000,0x000000544dd00000)]
  0x00000236e1916800 JavaThread "Unconstrained build operations Thread 61" [_thread_blocked, id=6280, stack(0x000000544dd00000,0x000000544de00000)]
  0x00000236e1917800 JavaThread "Unconstrained build operations Thread 62" [_thread_blocked, id=6976, stack(0x000000544de00000,0x000000544df00000)]
  0x00000236e1919800 JavaThread "Unconstrained build operations Thread 63" [_thread_blocked, id=6828, stack(0x000000544df00000,0x000000544e000000)]
  0x00000236e1914000 JavaThread "Unconstrained build operations Thread 64" [_thread_blocked, id=3144, stack(0x000000544e000000,0x000000544e100000)]
  0x00000236e191e800 JavaThread "Unconstrained build operations Thread 65" [_thread_blocked, id=4904, stack(0x000000544e100000,0x000000544e200000)]
  0x00000236e191c000 JavaThread "Unconstrained build operations Thread 66" [_thread_blocked, id=6284, stack(0x000000544e200000,0x000000544e300000)]
  0x00000236e1920800 JavaThread "Unconstrained build operations Thread 67" [_thread_blocked, id=10816, stack(0x000000544e300000,0x000000544e400000)]
  0x00000236e191f800 JavaThread "Unconstrained build operations Thread 68" [_thread_blocked, id=5736, stack(0x000000544e400000,0x000000544e500000)]
  0x00000236e191a800 JavaThread "Unconstrained build operations Thread 69" [_thread_blocked, id=1612, stack(0x000000544e500000,0x000000544e600000)]
  0x00000236e191b800 JavaThread "Unconstrained build operations Thread 70" [_thread_blocked, id=8272, stack(0x000000544e600000,0x000000544e700000)]
  0x00000236e191e000 JavaThread "Unconstrained build operations Thread 71" [_thread_blocked, id=11488, stack(0x000000544e700000,0x000000544e800000)]
  0x00000236e1922000 JavaThread "Unconstrained build operations Thread 72" [_thread_blocked, id=6404, stack(0x000000544e800000,0x000000544e900000)]
  0x00000236e191d000 JavaThread "Unconstrained build operations Thread 73" [_thread_blocked, id=10768, stack(0x000000544e900000,0x000000544ea00000)]
  0x00000236e1921000 JavaThread "Unconstrained build operations Thread 74" [_thread_blocked, id=9128, stack(0x000000544ea00000,0x000000544eb00000)]
  0x00000236d9b8e000 JavaThread "Unconstrained build operations Thread 75" [_thread_blocked, id=3244, stack(0x000000544eb00000,0x000000544ec00000)]
  0x00000236d9b8f000 JavaThread "Unconstrained build operations Thread 76" [_thread_blocked, id=7160, stack(0x000000544ec00000,0x000000544ed00000)]
  0x00000236d9b89800 JavaThread "Unconstrained build operations Thread 77" [_thread_blocked, id=4728, stack(0x000000544ed00000,0x000000544ee00000)]
  0x00000236d9b90000 JavaThread "Unconstrained build operations Thread 78" [_thread_blocked, id=7940, stack(0x000000544ee00000,0x000000544ef00000)]
  0x00000236d9b8a000 JavaThread "Unconstrained build operations Thread 79" [_thread_blocked, id=8780, stack(0x000000544ef00000,0x000000544f000000)]
  0x00000236d9b90800 JavaThread "Unconstrained build operations Thread 80" [_thread_blocked, id=4952, stack(0x000000544f000000,0x000000544f100000)]
  0x00000236d9b8b000 JavaThread "build event listener" [_thread_blocked, id=4796, stack(0x000000544f100000,0x000000544f200000)]
  0x00000236dc749000 JavaThread "C2 CompilerThread2" daemon [_thread_in_native, id=3776, stack(0x000000544f200000,0x000000544f300000)]
  0x00000236d9b91800 JavaThread "included builds" [_thread_blocked, id=2012, stack(0x000000544f300000,0x000000544f400000)]
  0x00000236d9b8b800 JavaThread "Execution worker" [_thread_blocked, id=3100, stack(0x000000544f400000,0x000000544f500000)]
  0x00000236d9b96800 JavaThread "Execution worker Thread 2" [_thread_in_native, id=7076, stack(0x000000544f800000,0x000000544f900000)]
  0x00000236d9b94800 JavaThread "Execution worker Thread 3" [_thread_blocked, id=5676, stack(0x000000544fa00000,0x000000544fb00000)]
  0x00000236d9b97000 JavaThread "Execution worker Thread 4" [_thread_blocked, id=9404, stack(0x000000544fb00000,0x000000544fc00000)]
  0x00000236d9b93000 JavaThread "Execution worker Thread 5" [_thread_blocked, id=6936, stack(0x000000544fc00000,0x000000544fd00000)]
  0x00000236d9b98000 JavaThread "Execution worker Thread 6" [_thread_blocked, id=11064, stack(0x000000544fd00000,0x000000544fe00000)]
  0x00000236d9b95800 JavaThread "Execution worker Thread 7" [_thread_blocked, id=11504, stack(0x000000544fe00000,0x000000544ff00000)]
  0x00000236d9b92800 JavaThread "Cache worker for execution history cache (C:\Users\akram\AndroidStudioProjects\BloodBUMP\.gradle\7.5\executionHistory)" [_thread_blocked, id=4256, stack(0x000000544ff00000,0x0000005450000000)]
  0x00000236d9b94000 JavaThread "Build operations" [_thread_blocked, id=8568, stack(0x0000005450000000,0x0000005450100000)]
  0x00000236e0e1d800 JavaThread "Build operations Thread 2" [_thread_blocked, id=3120, stack(0x0000005450100000,0x0000005450200000)]
  0x00000236e0e20000 JavaThread "Build operations Thread 3" [_thread_blocked, id=4604, stack(0x0000005450200000,0x0000005450300000)]
  0x00000236e0e1d000 JavaThread "Build operations Thread 4" [_thread_blocked, id=3240, stack(0x0000005450400000,0x0000005450500000)]
  0x00000236e0e1b000 JavaThread "Build operations Thread 5" [_thread_blocked, id=8836, stack(0x0000005450500000,0x0000005450600000)]
  0x00000236e0e1e800 JavaThread "Build operations Thread 6" [_thread_blocked, id=5996, stack(0x0000005450600000,0x0000005450700000)]
  0x00000236e0e1c000 JavaThread "Build operations Thread 7" [_thread_blocked, id=10552, stack(0x0000005450700000,0x0000005450800000)]
  0x00000236e0e23800 JavaThread "Build operations Thread 8" [_thread_blocked, id=9636, stack(0x0000005450800000,0x0000005450900000)]

Other Threads:
  0x00000236d3803800 VMThread "VM Thread" [stack: 0x0000005447300000,0x0000005447400000] [id=1096]
  0x00000236d4301000 WatcherThread [stack: 0x0000005447d00000,0x0000005447e00000] [id=11672]
  0x00000236b5809800 GCTaskThread "GC Thread#0" [stack: 0x0000005446e00000,0x0000005446f00000] [id=10488]
  0x00000236d4f97800 GCTaskThread "GC Thread#1" [stack: 0x0000005448000000,0x0000005448100000] [id=11360]
  0x00000236d5055000 GCTaskThread "GC Thread#2" [stack: 0x0000005448a00000,0x0000005448b00000] [id=3820]
  0x00000236d61cb800 GCTaskThread "GC Thread#3" [stack: 0x0000005448b00000,0x0000005448c00000] [id=2620]
  0x00000236d52c5800 GCTaskThread "GC Thread#4" [stack: 0x0000005448c00000,0x0000005448d00000] [id=1972]
  0x00000236d4e5d800 GCTaskThread "GC Thread#5" [stack: 0x0000005448d00000,0x0000005448e00000] [id=10628]
  0x00000236d61ec800 GCTaskThread "GC Thread#6" [stack: 0x0000005448e00000,0x0000005448f00000] [id=7500]
  0x00000236d5a9c000 GCTaskThread "GC Thread#7" [stack: 0x0000005448f00000,0x0000005449000000] [id=1132]
  0x00000236b5840000 ConcurrentGCThread "G1 Main Marker" [stack: 0x0000005446f00000,0x0000005447000000] [id=6888]
  0x00000236b5841000 ConcurrentGCThread "G1 Conc#0" [stack: 0x0000005447000000,0x0000005447100000] [id=4196]
=>0x00000236d5a9c800 ConcurrentGCThread "G1 Conc#1" [stack: 0x0000005449400000,0x0000005449500000] [id=10020]
  0x00000236d3654800 ConcurrentGCThread "G1 Refine#0" [stack: 0x0000005447100000,0x0000005447200000] [id=11124]
  0x00000236d6185000 ConcurrentGCThread "G1 Refine#1" [stack: 0x0000005449000000,0x0000005449100000] [id=4480]
  0x00000236d3655000 ConcurrentGCThread "G1 Young RemSet Sampling" [stack: 0x0000005447200000,0x0000005447300000] [id=9864]

Threads with active compile tasks:
C2 CompilerThread2  1288617 31541   !   4       java.util.jar.Attributes::read (354 bytes)

VM state:not at safepoint (normal execution)

VM Mutex/Monitor currently owned by a thread: None

Heap address: 0x0000000080000000, size: 2048 MB, Compressed Oops mode: 32-bit
Narrow klass base: 0x0000000000000000, Narrow klass shift: 3
Compressed class space size: 1073741824 Address: 0x0000000100000000

Heap:
 garbage-first heap   total 305152K, used 159123K [0x0000000080000000, 0x0000000100000000)
  region size 1024K, 16 young (16384K), 4 survivors (4096K)
 Metaspace       used 134365K, capacity 139181K, committed 139340K, reserved 1169408K
  class space    used 16853K, capacity 18782K, committed 18816K, reserved 1048576K
Heap Regions: E=young(eden), S=young(survivor), O=old, HS=humongous(starts), HC=humongous(continues), CS=collection set, F=free, A=archive, TAMS=top-at-mark-start (previous, next)
|   0|0x0000000080000000, 0x0000000080100000, 0x0000000080100000|100%| O|  |TAMS 0x0000000080100000, 0x0000000080100000| Untracked 
|   1|0x0000000080100000, 0x0000000080200000, 0x0000000080200000|100%| O|  |TAMS 0x0000000080200000, 0x0000000080200000| Untracked 
|   2|0x0000000080200000, 0x0000000080300000, 0x0000000080300000|100%| O|  |TAMS 0x0000000080300000, 0x0000000080300000| Untracked 
|   3|0x0000000080300000, 0x0000000080400000, 0x0000000080400000|100%|HS|  |TAMS 0x0000000080400000, 0x0000000080400000| Complete 
|   4|0x0000000080400000, 0x0000000080500000, 0x0000000080500000|100%|HC|  |TAMS 0x0000000080500000, 0x0000000080500000| Complete 
|   5|0x0000000080500000, 0x0000000080600000, 0x0000000080600000|100%|HC|  |TAMS 0x0000000080600000, 0x0000000080600000| Complete 
|   6|0x0000000080600000, 0x0000000080700000, 0x0000000080700000|100%| O|  |TAMS 0x0000000080700000, 0x0000000080700000| Untracked 
|   7|0x0000000080700000, 0x0000000080800000, 0x0000000080800000|100%| O|  |TAMS 0x0000000080800000, 0x0000000080800000| Untracked 
|   8|0x0000000080800000, 0x0000000080900000, 0x0000000080900000|100%| O|  |TAMS 0x0000000080900000, 0x0000000080900000| Untracked 
|   9|0x0000000080900000, 0x0000000080a00000, 0x0000000080a00000|100%| O|  |TAMS 0x0000000080a00000, 0x0000000080a00000| Untracked 
|  10|0x0000000080a00000, 0x0000000080b00000, 0x0000000080b00000|100%| O|  |TAMS 0x0000000080b00000, 0x0000000080b00000| Untracked 
|  11|0x0000000080b00000, 0x0000000080c00000, 0x0000000080c00000|100%| O|  |TAMS 0x0000000080c00000, 0x0000000080c00000| Untracked 
|  12|0x0000000080c00000, 0x0000000080d00000, 0x0000000080d00000|100%| O|  |TAMS 0x0000000080d00000, 0x0000000080d00000| Untracked 
|  13|0x0000000080d00000, 0x0000000080e00000, 0x0000000080e00000|100%| O|  |TAMS 0x0000000080d00000, 0x0000000080e00000| Untracked 
|  14|0x0000000080e00000, 0x0000000080f00000, 0x0000000080f00000|100%| O|  |TAMS 0x0000000080f00000, 0x0000000080f00000| Untracked 
|  15|0x0000000080f00000, 0x0000000081000000, 0x0000000081000000|100%| O|  |TAMS 0x0000000081000000, 0x0000000081000000| Untracked 
|  16|0x0000000081000000, 0x0000000081100000, 0x0000000081100000|100%| O|  |TAMS 0x0000000081100000, 0x0000000081100000| Untracked 
|  17|0x0000000081100000, 0x0000000081200000, 0x0000000081200000|100%| O|  |TAMS 0x0000000081200000, 0x0000000081200000| Untracked 
|  18|0x0000000081200000, 0x0000000081300000, 0x0000000081300000|100%|HS|  |TAMS 0x0000000081300000, 0x0000000081300000| Complete 
|  19|0x0000000081300000, 0x0000000081400000, 0x0000000081400000|100%| O|  |TAMS 0x0000000081400000, 0x0000000081400000| Untracked 
|  20|0x0000000081400000, 0x0000000081500000, 0x0000000081500000|100%| O|  |TAMS 0x0000000081500000, 0x0000000081500000| Untracked 
|  21|0x0000000081500000, 0x0000000081600000, 0x0000000081600000|100%| O|  |TAMS 0x0000000081600000, 0x0000000081600000| Untracked 
|  22|0x0000000081600000, 0x0000000081700000, 0x0000000081700000|100%| O|  |TAMS 0x0000000081700000, 0x0000000081700000| Untracked 
|  23|0x0000000081700000, 0x0000000081800000, 0x0000000081800000|100%| O|  |TAMS 0x0000000081800000, 0x0000000081800000| Untracked 
|  24|0x0000000081800000, 0x0000000081900000, 0x0000000081900000|100%| O|  |TAMS 0x0000000081900000, 0x0000000081900000| Untracked 
|  25|0x0000000081900000, 0x0000000081a00000, 0x0000000081a00000|100%| O|  |TAMS 0x0000000081a00000, 0x0000000081a00000| Untracked 
|  26|0x0000000081a00000, 0x0000000081b00000, 0x0000000081b00000|100%| O|  |TAMS 0x0000000081b00000, 0x0000000081b00000| Untracked 
|  27|0x0000000081b00000, 0x0000000081c00000, 0x0000000081c00000|100%| O|  |TAMS 0x0000000081c00000, 0x0000000081c00000| Untracked 
|  28|0x0000000081c00000, 0x0000000081d00000, 0x0000000081d00000|100%| O|  |TAMS 0x0000000081d00000, 0x0000000081d00000| Untracked 
|  29|0x0000000081d00000, 0x0000000081e00000, 0x0000000081e00000|100%|HS|  |TAMS 0x0000000081e00000, 0x0000000081e00000| Complete 
|  30|0x0000000081e00000, 0x0000000081f00000, 0x0000000081f00000|100%| O|  |TAMS 0x0000000081f00000, 0x0000000081f00000| Untracked 
|  31|0x0000000081f00000, 0x0000000082000000, 0x0000000082000000|100%| O|  |TAMS 0x0000000082000000, 0x0000000082000000| Untracked 
|  32|0x0000000082000000, 0x0000000082100000, 0x0000000082100000|100%| O|  |TAMS 0x0000000082100000, 0x0000000082100000| Untracked 
|  33|0x0000000082100000, 0x0000000082200000, 0x0000000082200000|100%| O|  |TAMS 0x0000000082200000, 0x0000000082200000| Untracked 
|  34|0x0000000082200000, 0x0000000082300000, 0x0000000082300000|100%| O|  |TAMS 0x0000000082300000, 0x0000000082300000| Untracked 
|  35|0x0000000082300000, 0x0000000082400000, 0x0000000082400000|100%| O|  |TAMS 0x0000000082400000, 0x0000000082400000| Untracked 
|  36|0x0000000082400000, 0x0000000082500000, 0x0000000082500000|100%| O|  |TAMS 0x0000000082500000, 0x0000000082500000| Untracked 
|  37|0x0000000082500000, 0x0000000082600000, 0x0000000082600000|100%| O|  |TAMS 0x0000000082600000, 0x0000000082600000| Untracked 
|  38|0x0000000082600000, 0x0000000082700000, 0x0000000082700000|100%| O|  |TAMS 0x0000000082700000, 0x0000000082700000| Untracked 
|  39|0x0000000082700000, 0x0000000082800000, 0x0000000082800000|100%| O|  |TAMS 0x0000000082800000, 0x0000000082800000| Untracked 
|  40|0x0000000082800000, 0x0000000082900000, 0x0000000082900000|100%| O|  |TAMS 0x0000000082900000, 0x0000000082900000| Untracked 
|  41|0x0000000082900000, 0x0000000082a00000, 0x0000000082a00000|100%| O|  |TAMS 0x0000000082900000, 0x0000000082a00000| Untracked 
|  42|0x0000000082a00000, 0x0000000082b00000, 0x0000000082b00000|100%| O|  |TAMS 0x0000000082b00000, 0x0000000082b00000| Untracked 
|  43|0x0000000082b00000, 0x0000000082c00000, 0x0000000082c00000|100%| O|  |TAMS 0x0000000082c00000, 0x0000000082c00000| Untracked 
|  44|0x0000000082c00000, 0x0000000082d00000, 0x0000000082d00000|100%| O|  |TAMS 0x0000000082d00000, 0x0000000082d00000| Untracked 
|  45|0x0000000082d00000, 0x0000000082e00000, 0x0000000082e00000|100%| O|  |TAMS 0x0000000082e00000, 0x0000000082e00000| Untracked 
|  46|0x0000000082e00000, 0x0000000082f00000, 0x0000000082f00000|100%| O|  |TAMS 0x0000000082f00000, 0x0000000082f00000| Untracked 
|  47|0x0000000082f00000, 0x0000000083000000, 0x0000000083000000|100%| O|  |TAMS 0x0000000083000000, 0x0000000083000000| Untracked 
|  48|0x0000000083000000, 0x0000000083100000, 0x0000000083100000|100%| O|  |TAMS 0x0000000083100000, 0x0000000083100000| Untracked 
|  49|0x0000000083100000, 0x0000000083200000, 0x0000000083200000|100%| O|  |TAMS 0x0000000083200000, 0x0000000083200000| Untracked 
|  50|0x0000000083200000, 0x0000000083300000, 0x0000000083300000|100%| O|  |TAMS 0x0000000083300000, 0x0000000083300000| Untracked 
|  51|0x0000000083300000, 0x0000000083400000, 0x0000000083400000|100%| O|  |TAMS 0x0000000083400000, 0x0000000083400000| Untracked 
|  52|0x0000000083400000, 0x0000000083500000, 0x0000000083500000|100%| O|  |TAMS 0x0000000083500000, 0x0000000083500000| Untracked 
|  53|0x0000000083500000, 0x0000000083600000, 0x0000000083600000|100%| O|  |TAMS 0x0000000083500000, 0x0000000083600000| Untracked 
|  54|0x0000000083600000, 0x0000000083700000, 0x0000000083700000|100%| O|  |TAMS 0x0000000083700000, 0x0000000083700000| Untracked 
|  55|0x0000000083700000, 0x0000000083800000, 0x0000000083800000|100%| O|  |TAMS 0x0000000083800000, 0x0000000083800000| Untracked 
|  56|0x0000000083800000, 0x0000000083900000, 0x0000000083900000|100%| O|  |TAMS 0x0000000083900000, 0x0000000083900000| Untracked 
|  57|0x0000000083900000, 0x0000000083a00000, 0x0000000083a00000|100%| O|  |TAMS 0x0000000083a00000, 0x0000000083a00000| Untracked 
|  58|0x0000000083a00000, 0x0000000083b00000, 0x0000000083b00000|100%| O|  |TAMS 0x0000000083b00000, 0x0000000083b00000| Untracked 
|  59|0x0000000083b00000, 0x0000000083c00000, 0x0000000083c00000|100%| O|  |TAMS 0x0000000083c00000, 0x0000000083c00000| Untracked 
|  60|0x0000000083c00000, 0x0000000083d00000, 0x0000000083d00000|100%| O|  |TAMS 0x0000000083d00000, 0x0000000083d00000| Untracked 
|  61|0x0000000083d00000, 0x0000000083e00000, 0x0000000083e00000|100%| O|  |TAMS 0x0000000083e00000, 0x0000000083e00000| Untracked 
|  62|0x0000000083e00000, 0x0000000083f00000, 0x0000000083f00000|100%| O|  |TAMS 0x0000000083f00000, 0x0000000083f00000| Untracked 
|  63|0x0000000083f00000, 0x0000000084000000, 0x0000000084000000|100%| O|  |TAMS 0x0000000084000000, 0x0000000084000000| Untracked 
|  64|0x0000000084000000, 0x0000000084100000, 0x0000000084100000|100%| O|  |TAMS 0x0000000084100000, 0x0000000084100000| Untracked 
|  65|0x0000000084100000, 0x0000000084200000, 0x0000000084200000|100%| O|  |TAMS 0x0000000084200000, 0x0000000084200000| Untracked 
|  66|0x0000000084200000, 0x0000000084200000, 0x0000000084300000|  0%| F|  |TAMS 0x0000000084200000, 0x0000000084200000| Untracked 
|  67|0x0000000084300000, 0x0000000084400000, 0x0000000084400000|100%| O|  |TAMS 0x0000000084300000, 0x0000000084400000| Untracked 
|  68|0x0000000084400000, 0x0000000084500000, 0x0000000084500000|100%| O|  |TAMS 0x0000000084500000, 0x0000000084500000| Untracked 
|  69|0x0000000084500000, 0x0000000084600000, 0x0000000084600000|100%| O|  |TAMS 0x0000000084600000, 0x0000000084600000| Untracked 
|  70|0x0000000084600000, 0x0000000084700000, 0x0000000084700000|100%| O|  |TAMS 0x0000000084700000, 0x0000000084700000| Untracked 
|  71|0x0000000084700000, 0x0000000084800000, 0x0000000084800000|100%| O|  |TAMS 0x0000000084800000, 0x0000000084800000| Untracked 
|  72|0x0000000084800000, 0x0000000084900000, 0x0000000084900000|100%| O|  |TAMS 0x0000000084900000, 0x0000000084900000| Untracked 
|  73|0x0000000084900000, 0x0000000084a00000, 0x0000000084a00000|100%| O|  |TAMS 0x0000000084900000, 0x0000000084a00000| Untracked 
|  74|0x0000000084a00000, 0x0000000084b00000, 0x0000000084b00000|100%| O|  |TAMS 0x0000000084a00000, 0x0000000084b00000| Untracked 
|  75|0x0000000084b00000, 0x0000000084c00000, 0x0000000084c00000|100%| O|  |TAMS 0x0000000084c00000, 0x0000000084c00000| Untracked 
|  76|0x0000000084c00000, 0x0000000084d00000, 0x0000000084d00000|100%| O|  |TAMS 0x0000000084d00000, 0x0000000084d00000| Untracked 
|  77|0x0000000084d00000, 0x0000000084e00000, 0x0000000084e00000|100%| O|  |TAMS 0x0000000084e00000, 0x0000000084e00000| Untracked 
|  78|0x0000000084e00000, 0x0000000084f00000, 0x0000000084f00000|100%| O|  |TAMS 0x0000000084f00000, 0x0000000084f00000| Untracked 
|  79|0x0000000084f00000, 0x0000000085000000, 0x0000000085000000|100%| O|  |TAMS 0x0000000084f00000, 0x0000000085000000| Untracked 
|  80|0x0000000085000000, 0x0000000085100000, 0x0000000085100000|100%| O|  |TAMS 0x0000000085100000, 0x0000000085100000| Untracked 
|  81|0x0000000085100000, 0x0000000085200000, 0x0000000085200000|100%| O|  |TAMS 0x0000000085200000, 0x0000000085200000| Untracked 
|  82|0x0000000085200000, 0x0000000085300000, 0x0000000085300000|100%| O|  |TAMS 0x0000000085300000, 0x0000000085300000| Untracked 
|  83|0x0000000085300000, 0x0000000085300000, 0x0000000085400000|  0%| F|  |TAMS 0x0000000085300000, 0x0000000085300000| Untracked 
|  84|0x0000000085400000, 0x0000000085500000, 0x0000000085500000|100%| O|  |TAMS 0x0000000085500000, 0x0000000085500000| Untracked 
|  85|0x0000000085500000, 0x0000000085600000, 0x0000000085600000|100%| O|  |TAMS 0x0000000085600000, 0x0000000085600000| Untracked 
|  86|0x0000000085600000, 0x0000000085700000, 0x0000000085700000|100%|HS|  |TAMS 0x0000000085600000, 0x0000000085600000| Complete 
|  87|0x0000000085700000, 0x0000000085800000, 0x0000000085800000|100%|HC|  |TAMS 0x0000000085700000, 0x0000000085700000| Complete 
|  88|0x0000000085800000, 0x0000000085900000, 0x0000000085900000|100%| O|  |TAMS 0x0000000085900000, 0x0000000085900000| Untracked 
|  89|0x0000000085900000, 0x0000000085900000, 0x0000000085a00000|  0%| F|  |TAMS 0x0000000085900000, 0x0000000085900000| Untracked 
|  90|0x0000000085a00000, 0x0000000085b00000, 0x0000000085b00000|100%| O|  |TAMS 0x0000000085b00000, 0x0000000085b00000| Untracked 
|  91|0x0000000085b00000, 0x0000000085c00000, 0x0000000085c00000|100%| O|  |TAMS 0x0000000085b00000, 0x0000000085c00000| Untracked 
|  92|0x0000000085c00000, 0x0000000085d00000, 0x0000000085d00000|100%| O|  |TAMS 0x0000000085d00000, 0x0000000085d00000| Untracked 
|  93|0x0000000085d00000, 0x0000000085e00000, 0x0000000085e00000|100%| O|  |TAMS 0x0000000085e00000, 0x0000000085e00000| Untracked 
|  94|0x0000000085e00000, 0x0000000085f00000, 0x0000000085f00000|100%| O|  |TAMS 0x0000000085f00000, 0x0000000085f00000| Untracked 
|  95|0x0000000085f00000, 0x0000000086000000, 0x0000000086000000|100%| O|  |TAMS 0x0000000085f00000, 0x0000000086000000| Untracked 
|  96|0x0000000086000000, 0x0000000086100000, 0x0000000086100000|100%| O|  |TAMS 0x0000000086100000, 0x0000000086100000| Untracked 
|  97|0x0000000086100000, 0x0000000086200000, 0x0000000086200000|100%| O|  |TAMS 0x0000000086200000, 0x0000000086200000| Untracked 
|  98|0x0000000086200000, 0x0000000086300000, 0x0000000086300000|100%| O|  |TAMS 0x0000000086300000, 0x0000000086300000| Untracked 
|  99|0x0000000086300000, 0x0000000086300000, 0x0000000086400000|  0%| F|  |TAMS 0x0000000086300000, 0x0000000086300000| Untracked 
| 100|0x0000000086400000, 0x0000000086500000, 0x0000000086500000|100%| O|  |TAMS 0x0000000086500000, 0x0000000086500000| Untracked 
| 101|0x0000000086500000, 0x0000000086500000, 0x0000000086600000|  0%| F|  |TAMS 0x0000000086500000, 0x0000000086500000| Untracked 
| 102|0x0000000086600000, 0x0000000086700000, 0x0000000086700000|100%| O|  |TAMS 0x0000000086700000, 0x0000000086700000| Untracked 
| 103|0x0000000086700000, 0x0000000086800000, 0x0000000086800000|100%| O|  |TAMS 0x0000000086800000, 0x0000000086800000| Untracked 
| 104|0x0000000086800000, 0x0000000086800000, 0x0000000086900000|  0%| F|  |TAMS 0x0000000086800000, 0x0000000086800000| Untracked 
| 105|0x0000000086900000, 0x0000000086a00000, 0x0000000086a00000|100%| O|  |TAMS 0x0000000086a00000, 0x0000000086a00000| Untracked 
| 106|0x0000000086a00000, 0x0000000086b00000, 0x0000000086b00000|100%| O|  |TAMS 0x0000000086b00000, 0x0000000086b00000| Untracked 
| 107|0x0000000086b00000, 0x0000000086b00000, 0x0000000086c00000|  0%| F|  |TAMS 0x0000000086b00000, 0x0000000086b00000| Untracked 
| 108|0x0000000086c00000, 0x0000000086c00000, 0x0000000086d00000|  0%| F|  |TAMS 0x0000000086c00000, 0x0000000086c00000| Untracked 
| 109|0x0000000086d00000, 0x0000000086d00000, 0x0000000086e00000|  0%| F|  |TAMS 0x0000000086d00000, 0x0000000086d00000| Untracked 
| 110|0x0000000086e00000, 0x0000000086e00000, 0x0000000086f00000|  0%| F|  |TAMS 0x0000000086e00000, 0x0000000086e00000| Untracked 
| 111|0x0000000086f00000, 0x0000000087000000, 0x0000000087000000|100%| O|  |TAMS 0x0000000087000000, 0x0000000087000000| Untracked 
| 112|0x0000000087000000, 0x0000000087100000, 0x0000000087100000|100%| O|  |TAMS 0x0000000087100000, 0x0000000087100000| Untracked 
| 113|0x0000000087100000, 0x0000000087200000, 0x0000000087200000|100%| O|  |TAMS 0x0000000087200000, 0x0000000087200000| Untracked 
| 114|0x0000000087200000, 0x0000000087300000, 0x0000000087300000|100%| O|  |TAMS 0x0000000087300000, 0x0000000087300000| Untracked 
| 115|0x0000000087300000, 0x0000000087400000, 0x0000000087400000|100%| O|  |TAMS 0x0000000087400000, 0x0000000087400000| Untracked 
| 116|0x0000000087400000, 0x0000000087500000, 0x0000000087500000|100%| O|  |TAMS 0x0000000087500000, 0x0000000087500000| Untracked 
| 117|0x0000000087500000, 0x0000000087600000, 0x0000000087600000|100%| O|  |TAMS 0x0000000087600000, 0x0000000087600000| Untracked 
| 118|0x0000000087600000, 0x0000000087700000, 0x0000000087700000|100%| O|  |TAMS 0x0000000087700000, 0x0000000087700000| Untracked 
| 119|0x0000000087700000, 0x0000000087800000, 0x0000000087800000|100%| O|  |TAMS 0x0000000087800000, 0x0000000087800000| Untracked 
| 120|0x0000000087800000, 0x0000000087900000, 0x0000000087900000|100%| O|  |TAMS 0x0000000087900000, 0x0000000087900000| Untracked 
| 121|0x0000000087900000, 0x0000000087a00000, 0x0000000087a00000|100%| O|  |TAMS 0x0000000087a00000, 0x0000000087a00000| Untracked 
| 122|0x0000000087a00000, 0x0000000087b00000, 0x0000000087b00000|100%| O|  |TAMS 0x0000000087b00000, 0x0000000087b00000| Untracked 
| 123|0x0000000087b00000, 0x0000000087c00000, 0x0000000087c00000|100%| O|  |TAMS 0x0000000087c00000, 0x0000000087c00000| Untracked 
| 124|0x0000000087c00000, 0x0000000087d00000, 0x0000000087d00000|100%| O|  |TAMS 0x0000000087d00000, 0x0000000087d00000| Untracked 
| 125|0x0000000087d00000, 0x0000000087e00000, 0x0000000087e00000|100%| O|  |TAMS 0x0000000087e00000, 0x0000000087e00000| Untracked 
| 126|0x0000000087e00000, 0x0000000087f00000, 0x0000000087f00000|100%| O|  |TAMS 0x0000000087f00000, 0x0000000087f00000| Untracked 
| 127|0x0000000087f00000, 0x0000000088000000, 0x0000000088000000|100%| O|  |TAMS 0x0000000088000000, 0x0000000088000000| Untracked 
| 128|0x0000000088000000, 0x0000000088100000, 0x0000000088100000|100%| O|  |TAMS 0x0000000088100000, 0x0000000088100000| Untracked 
| 129|0x0000000088100000, 0x0000000088200000, 0x0000000088200000|100%| O|  |TAMS 0x0000000088200000, 0x0000000088200000| Untracked 
| 130|0x0000000088200000, 0x0000000088300000, 0x0000000088300000|100%| O|  |TAMS 0x0000000088300000, 0x0000000088300000| Untracked 
| 131|0x0000000088300000, 0x0000000088400000, 0x0000000088400000|100%| O|  |TAMS 0x0000000088400000, 0x0000000088400000| Untracked 
| 132|0x0000000088400000, 0x0000000088500000, 0x0000000088500000|100%| O|  |TAMS 0x0000000088500000, 0x0000000088500000| Untracked 
| 133|0x0000000088500000, 0x0000000088600000, 0x0000000088600000|100%| O|  |TAMS 0x0000000088600000, 0x0000000088600000| Untracked 
| 134|0x0000000088600000, 0x0000000088600000, 0x0000000088700000|  0%| F|  |TAMS 0x0000000088600000, 0x0000000088600000| Untracked 
| 135|0x0000000088700000, 0x0000000088700000, 0x0000000088800000|  0%| F|  |TAMS 0x0000000088700000, 0x0000000088700000| Untracked 
| 136|0x0000000088800000, 0x0000000088800000, 0x0000000088900000|  0%| F|  |TAMS 0x0000000088800000, 0x0000000088800000| Untracked 
| 137|0x0000000088900000, 0x0000000088900000, 0x0000000088a00000|  0%| F|  |TAMS 0x0000000088900000, 0x0000000088900000| Untracked 
| 138|0x0000000088a00000, 0x0000000088b00000, 0x0000000088b00000|100%| O|  |TAMS 0x0000000088a00000, 0x0000000088b00000| Untracked 
| 139|0x0000000088b00000, 0x0000000088c00000, 0x0000000088c00000|100%| O|  |TAMS 0x0000000088b00000, 0x0000000088c00000| Untracked 
| 140|0x0000000088c00000, 0x0000000088d00000, 0x0000000088d00000|100%| O|  |TAMS 0x0000000088d00000, 0x0000000088d00000| Untracked 
| 141|0x0000000088d00000, 0x0000000088e00000, 0x0000000088e00000|100%| O|  |TAMS 0x0000000088d4ac00, 0x0000000088e00000| Untracked 
| 142|0x0000000088e00000, 0x0000000088f00000, 0x0000000088f00000|100%| O|  |TAMS 0x0000000088f00000, 0x0000000088f00000| Untracked 
| 143|0x0000000088f00000, 0x0000000089000000, 0x0000000089000000|100%| O|  |TAMS 0x0000000088f00000, 0x0000000089000000| Untracked 
| 144|0x0000000089000000, 0x0000000089100000, 0x0000000089100000|100%| O|  |TAMS 0x0000000089000000, 0x0000000089100000| Untracked 
| 145|0x0000000089100000, 0x0000000089200000, 0x0000000089200000|100%| O|  |TAMS 0x0000000089100000, 0x0000000089200000| Untracked 
| 146|0x0000000089200000, 0x0000000089300000, 0x0000000089300000|100%| O|  |TAMS 0x0000000089200000, 0x0000000089300000| Untracked 
| 147|0x0000000089300000, 0x0000000089400000, 0x0000000089400000|100%| O|  |TAMS 0x0000000089300000, 0x0000000089400000| Untracked 
| 148|0x0000000089400000, 0x000000008948f600, 0x0000000089500000| 56%| O|  |TAMS 0x0000000089400000, 0x000000008948f600| Untracked 
| 149|0x0000000089500000, 0x0000000089600000, 0x0000000089600000|100%| O|  |TAMS 0x0000000089600000, 0x0000000089600000| Untracked 
| 150|0x0000000089600000, 0x0000000089700000, 0x0000000089700000|100%| O|  |TAMS 0x0000000089700000, 0x0000000089700000| Untracked 
| 151|0x0000000089700000, 0x0000000089800000, 0x0000000089800000|100%|HS|  |TAMS 0x0000000089800000, 0x0000000089800000| Complete 
| 152|0x0000000089800000, 0x0000000089900000, 0x0000000089900000|100%|HC|  |TAMS 0x0000000089900000, 0x0000000089900000| Complete 
| 153|0x0000000089900000, 0x0000000089900000, 0x0000000089a00000|  0%| F|  |TAMS 0x0000000089900000, 0x0000000089900000| Untracked 
| 154|0x0000000089a00000, 0x0000000089b00000, 0x0000000089b00000|100%| O|  |TAMS 0x0000000089b00000, 0x0000000089b00000| Untracked 
| 155|0x0000000089b00000, 0x0000000089c00000, 0x0000000089c00000|100%| O|  |TAMS 0x0000000089c00000, 0x0000000089c00000| Untracked 
| 156|0x0000000089c00000, 0x0000000089d00000, 0x0000000089d00000|100%| O|  |TAMS 0x0000000089d00000, 0x0000000089d00000| Untracked 
| 157|0x0000000089d00000, 0x0000000089d00000, 0x0000000089e00000|  0%| F|  |TAMS 0x0000000089d00000, 0x0000000089d00000| Untracked 
| 158|0x0000000089e00000, 0x0000000089e00000, 0x0000000089f00000|  0%| F|  |TAMS 0x0000000089e00000, 0x0000000089e00000| Untracked 
| 159|0x0000000089f00000, 0x0000000089f00000, 0x000000008a000000|  0%| F|  |TAMS 0x0000000089f00000, 0x0000000089f00000| Untracked 
| 160|0x000000008a000000, 0x000000008a000000, 0x000000008a100000|  0%| F|  |TAMS 0x000000008a000000, 0x000000008a000000| Untracked 
| 161|0x000000008a100000, 0x000000008a100000, 0x000000008a200000|  0%| F|  |TAMS 0x000000008a100000, 0x000000008a100000| Untracked 
| 162|0x000000008a200000, 0x000000008a200000, 0x000000008a300000|  0%| F|  |TAMS 0x000000008a200000, 0x000000008a200000| Untracked 
| 163|0x000000008a300000, 0x000000008a300000, 0x000000008a400000|  0%| F|  |TAMS 0x000000008a300000, 0x000000008a300000| Untracked 
| 164|0x000000008a400000, 0x000000008a400000, 0x000000008a500000|  0%| F|  |TAMS 0x000000008a400000, 0x000000008a400000| Untracked 
| 165|0x000000008a500000, 0x000000008a500000, 0x000000008a600000|  0%| F|  |TAMS 0x000000008a500000, 0x000000008a500000| Untracked 
| 166|0x000000008a600000, 0x000000008a600000, 0x000000008a700000|  0%| F|  |TAMS 0x000000008a600000, 0x000000008a600000| Untracked 
| 167|0x000000008a700000, 0x000000008a700000, 0x000000008a800000|  0%| F|  |TAMS 0x000000008a700000, 0x000000008a700000| Untracked 
| 168|0x000000008a800000, 0x000000008a800000, 0x000000008a900000|  0%| F|  |TAMS 0x000000008a800000, 0x000000008a800000| Untracked 
| 169|0x000000008a900000, 0x000000008a900000, 0x000000008aa00000|  0%| F|  |TAMS 0x000000008a900000, 0x000000008a900000| Untracked 
| 170|0x000000008aa00000, 0x000000008aa00000, 0x000000008ab00000|  0%| F|  |TAMS 0x000000008aa00000, 0x000000008aa00000| Untracked 
| 171|0x000000008ab00000, 0x000000008ab00000, 0x000000008ac00000|  0%| F|  |TAMS 0x000000008ab00000, 0x000000008ab00000| Untracked 
| 172|0x000000008ac00000, 0x000000008ac00000, 0x000000008ad00000|  0%| F|  |TAMS 0x000000008ac00000, 0x000000008ac00000| Untracked 
| 173|0x000000008ad00000, 0x000000008ad00000, 0x000000008ae00000|  0%| F|  |TAMS 0x000000008ad00000, 0x000000008ad00000| Untracked 
| 174|0x000000008ae00000, 0x000000008ae00000, 0x000000008af00000|  0%| F|  |TAMS 0x000000008ae00000, 0x000000008ae00000| Untracked 
| 175|0x000000008af00000, 0x000000008af00000, 0x000000008b000000|  0%| F|  |TAMS 0x000000008af00000, 0x000000008af00000| Untracked 
| 176|0x000000008b000000, 0x000000008b000000, 0x000000008b100000|  0%| F|  |TAMS 0x000000008b000000, 0x000000008b000000| Untracked 
| 177|0x000000008b100000, 0x000000008b100000, 0x000000008b200000|  0%| F|  |TAMS 0x000000008b100000, 0x000000008b100000| Untracked 
| 178|0x000000008b200000, 0x000000008b200000, 0x000000008b300000|  0%| F|  |TAMS 0x000000008b200000, 0x000000008b200000| Untracked 
| 179|0x000000008b300000, 0x000000008b300000, 0x000000008b400000|  0%| F|  |TAMS 0x000000008b300000, 0x000000008b300000| Untracked 
| 180|0x000000008b400000, 0x000000008b400000, 0x000000008b500000|  0%| F|  |TAMS 0x000000008b400000, 0x000000008b400000| Untracked 
| 181|0x000000008b500000, 0x000000008b500000, 0x000000008b600000|  0%| F|  |TAMS 0x000000008b500000, 0x000000008b500000| Untracked 
| 182|0x000000008b600000, 0x000000008b600000, 0x000000008b700000|  0%| F|  |TAMS 0x000000008b600000, 0x000000008b600000| Untracked 
| 183|0x000000008b700000, 0x000000008b700000, 0x000000008b800000|  0%| F|  |TAMS 0x000000008b700000, 0x000000008b700000| Untracked 
| 184|0x000000008b800000, 0x000000008b800000, 0x000000008b900000|  0%| F|  |TAMS 0x000000008b800000, 0x000000008b800000| Untracked 
| 185|0x000000008b900000, 0x000000008b900000, 0x000000008ba00000|  0%| F|  |TAMS 0x000000008b900000, 0x000000008b900000| Untracked 
| 186|0x000000008ba00000, 0x000000008ba00000, 0x000000008bb00000|  0%| F|  |TAMS 0x000000008ba00000, 0x000000008ba00000| Untracked 
| 187|0x000000008bb00000, 0x000000008bb00000, 0x000000008bc00000|  0%| F|  |TAMS 0x000000008bb00000, 0x000000008bb00000| Untracked 
| 188|0x000000008bc00000, 0x000000008bc00000, 0x000000008bd00000|  0%| F|  |TAMS 0x000000008bc00000, 0x000000008bc00000| Untracked 
| 189|0x000000008bd00000, 0x000000008bd00000, 0x000000008be00000|  0%| F|  |TAMS 0x000000008bd00000, 0x000000008bd00000| Untracked 
| 190|0x000000008be00000, 0x000000008be00000, 0x000000008bf00000|  0%| F|  |TAMS 0x000000008be00000, 0x000000008be00000| Untracked 
| 191|0x000000008bf00000, 0x000000008bf00000, 0x000000008c000000|  0%| F|  |TAMS 0x000000008bf00000, 0x000000008bf00000| Untracked 
| 192|0x000000008c000000, 0x000000008c000000, 0x000000008c100000|  0%| F|  |TAMS 0x000000008c000000, 0x000000008c000000| Untracked 
| 193|0x000000008c100000, 0x000000008c100000, 0x000000008c200000|  0%| F|  |TAMS 0x000000008c100000, 0x000000008c100000| Untracked 
| 194|0x000000008c200000, 0x000000008c200000, 0x000000008c300000|  0%| F|  |TAMS 0x000000008c200000, 0x000000008c200000| Untracked 
| 195|0x000000008c300000, 0x000000008c300000, 0x000000008c400000|  0%| F|  |TAMS 0x000000008c300000, 0x000000008c300000| Untracked 
| 196|0x000000008c400000, 0x000000008c400000, 0x000000008c500000|  0%| F|  |TAMS 0x000000008c400000, 0x000000008c400000| Untracked 
| 197|0x000000008c500000, 0x000000008c500000, 0x000000008c600000|  0%| F|  |TAMS 0x000000008c500000, 0x000000008c500000| Untracked 
| 198|0x000000008c600000, 0x000000008c600000, 0x000000008c700000|  0%| F|  |TAMS 0x000000008c600000, 0x000000008c600000| Untracked 
| 199|0x000000008c700000, 0x000000008c700000, 0x000000008c800000|  0%| F|  |TAMS 0x000000008c700000, 0x000000008c700000| Untracked 
| 200|0x000000008c800000, 0x000000008c800000, 0x000000008c900000|  0%| F|  |TAMS 0x000000008c800000, 0x000000008c800000| Untracked 
| 201|0x000000008c900000, 0x000000008c900000, 0x000000008ca00000|  0%| F|  |TAMS 0x000000008c900000, 0x000000008c900000| Untracked 
| 202|0x000000008ca00000, 0x000000008ca00000, 0x000000008cb00000|  0%| F|  |TAMS 0x000000008ca00000, 0x000000008ca00000| Untracked 
| 203|0x000000008cb00000, 0x000000008cb00000, 0x000000008cc00000|  0%| F|  |TAMS 0x000000008cb00000, 0x000000008cb00000| Untracked 
| 204|0x000000008cc00000, 0x000000008cc00000, 0x000000008cd00000|  0%| F|  |TAMS 0x000000008cc00000, 0x000000008cc00000| Untracked 
| 205|0x000000008cd00000, 0x000000008cd00000, 0x000000008ce00000|  0%| F|  |TAMS 0x000000008cd00000, 0x000000008cd00000| Untracked 
| 206|0x000000008ce00000, 0x000000008ce00000, 0x000000008cf00000|  0%| F|  |TAMS 0x000000008ce00000, 0x000000008ce00000| Untracked 
| 207|0x000000008cf00000, 0x000000008cf00000, 0x000000008d000000|  0%| F|  |TAMS 0x000000008cf00000, 0x000000008cf00000| Untracked 
| 208|0x000000008d000000, 0x000000008d000000, 0x000000008d100000|  0%| F|  |TAMS 0x000000008d000000, 0x000000008d000000| Untracked 
| 209|0x000000008d100000, 0x000000008d100000, 0x000000008d200000|  0%| F|  |TAMS 0x000000008d100000, 0x000000008d100000| Untracked 
| 210|0x000000008d200000, 0x000000008d200000, 0x000000008d300000|  0%| F|  |TAMS 0x000000008d200000, 0x000000008d200000| Untracked 
| 211|0x000000008d300000, 0x000000008d300000, 0x000000008d400000|  0%| F|  |TAMS 0x000000008d300000, 0x000000008d300000| Untracked 
| 212|0x000000008d400000, 0x000000008d400000, 0x000000008d500000|  0%| F|  |TAMS 0x000000008d400000, 0x000000008d400000| Untracked 
| 213|0x000000008d500000, 0x000000008d500000, 0x000000008d600000|  0%| F|  |TAMS 0x000000008d500000, 0x000000008d500000| Untracked 
| 214|0x000000008d600000, 0x000000008d600000, 0x000000008d700000|  0%| F|  |TAMS 0x000000008d600000, 0x000000008d600000| Untracked 
| 215|0x000000008d700000, 0x000000008d700000, 0x000000008d800000|  0%| F|  |TAMS 0x000000008d700000, 0x000000008d700000| Untracked 
| 216|0x000000008d800000, 0x000000008d800000, 0x000000008d900000|  0%| F|  |TAMS 0x000000008d800000, 0x000000008d800000| Untracked 
| 217|0x000000008d900000, 0x000000008d900000, 0x000000008da00000|  0%| F|  |TAMS 0x000000008d900000, 0x000000008d900000| Untracked 
| 218|0x000000008da00000, 0x000000008da00000, 0x000000008db00000|  0%| F|  |TAMS 0x000000008da00000, 0x000000008da00000| Untracked 
| 219|0x000000008db00000, 0x000000008db00000, 0x000000008dc00000|  0%| F|  |TAMS 0x000000008db00000, 0x000000008db00000| Untracked 
| 220|0x000000008dc00000, 0x000000008dc00000, 0x000000008dd00000|  0%| F|  |TAMS 0x000000008dc00000, 0x000000008dc00000| Untracked 
| 221|0x000000008dd00000, 0x000000008dd00000, 0x000000008de00000|  0%| F|  |TAMS 0x000000008dd00000, 0x000000008dd00000| Untracked 
| 222|0x000000008de00000, 0x000000008de00000, 0x000000008df00000|  0%| F|  |TAMS 0x000000008de00000, 0x000000008de00000| Untracked 
| 223|0x000000008df00000, 0x000000008df00000, 0x000000008e000000|  0%| F|  |TAMS 0x000000008df00000, 0x000000008df00000| Untracked 
| 224|0x000000008e000000, 0x000000008e000000, 0x000000008e100000|  0%| F|  |TAMS 0x000000008e000000, 0x000000008e000000| Untracked 
| 225|0x000000008e100000, 0x000000008e100000, 0x000000008e200000|  0%| F|  |TAMS 0x000000008e100000, 0x000000008e100000| Untracked 
| 226|0x000000008e200000, 0x000000008e200000, 0x000000008e300000|  0%| F|  |TAMS 0x000000008e200000, 0x000000008e200000| Untracked 
| 227|0x000000008e300000, 0x000000008e300000, 0x000000008e400000|  0%| F|  |TAMS 0x000000008e300000, 0x000000008e300000| Untracked 
| 228|0x000000008e400000, 0x000000008e400000, 0x000000008e500000|  0%| F|  |TAMS 0x000000008e400000, 0x000000008e400000| Untracked 
| 229|0x000000008e500000, 0x000000008e500000, 0x000000008e600000|  0%| F|  |TAMS 0x000000008e500000, 0x000000008e500000| Untracked 
| 230|0x000000008e600000, 0x000000008e600000, 0x000000008e700000|  0%| F|  |TAMS 0x000000008e600000, 0x000000008e600000| Untracked 
| 231|0x000000008e700000, 0x000000008e700000, 0x000000008e800000|  0%| F|  |TAMS 0x000000008e700000, 0x000000008e700000| Untracked 
| 232|0x000000008e800000, 0x000000008e800000, 0x000000008e900000|  0%| F|  |TAMS 0x000000008e800000, 0x000000008e800000| Untracked 
| 233|0x000000008e900000, 0x000000008e900000, 0x000000008ea00000|  0%| F|  |TAMS 0x000000008e900000, 0x000000008e900000| Untracked 
| 234|0x000000008ea00000, 0x000000008ea00000, 0x000000008eb00000|  0%| F|  |TAMS 0x000000008ea00000, 0x000000008ea00000| Untracked 
| 235|0x000000008eb00000, 0x000000008eb00000, 0x000000008ec00000|  0%| F|  |TAMS 0x000000008eb00000, 0x000000008eb00000| Untracked 
| 236|0x000000008ec00000, 0x000000008ec00000, 0x000000008ed00000|  0%| F|  |TAMS 0x000000008ec00000, 0x000000008ec00000| Untracked 
| 237|0x000000008ed00000, 0x000000008ed00000, 0x000000008ee00000|  0%| F|  |TAMS 0x000000008ed00000, 0x000000008ed00000| Untracked 
| 238|0x000000008ee00000, 0x000000008ee00000, 0x000000008ef00000|  0%| F|  |TAMS 0x000000008ee00000, 0x000000008ee00000| Untracked 
| 239|0x000000008ef00000, 0x000000008ef00000, 0x000000008f000000|  0%| F|  |TAMS 0x000000008ef00000, 0x000000008ef00000| Untracked 
| 240|0x000000008f000000, 0x000000008f000000, 0x000000008f100000|  0%| F|  |TAMS 0x000000008f000000, 0x000000008f000000| Untracked 
| 241|0x000000008f100000, 0x000000008f100000, 0x000000008f200000|  0%| F|  |TAMS 0x000000008f100000, 0x000000008f100000| Untracked 
| 242|0x000000008f200000, 0x000000008f200000, 0x000000008f300000|  0%| F|  |TAMS 0x000000008f200000, 0x000000008f200000| Untracked 
| 243|0x000000008f300000, 0x000000008f300000, 0x000000008f400000|  0%| F|  |TAMS 0x000000008f300000, 0x000000008f300000| Untracked 
| 244|0x000000008f400000, 0x000000008f400000, 0x000000008f500000|  0%| F|  |TAMS 0x000000008f400000, 0x000000008f400000| Untracked 
| 245|0x000000008f500000, 0x000000008f500000, 0x000000008f600000|  0%| F|  |TAMS 0x000000008f500000, 0x000000008f500000| Untracked 
| 246|0x000000008f600000, 0x000000008f600000, 0x000000008f700000|  0%| F|  |TAMS 0x000000008f600000, 0x000000008f600000| Untracked 
| 247|0x000000008f700000, 0x000000008f700000, 0x000000008f800000|  0%| F|  |TAMS 0x000000008f700000, 0x000000008f700000| Untracked 
| 248|0x000000008f800000, 0x000000008f800000, 0x000000008f900000|  0%| F|  |TAMS 0x000000008f800000, 0x000000008f800000| Untracked 
| 249|0x000000008f900000, 0x000000008f900000, 0x000000008fa00000|  0%| F|  |TAMS 0x000000008f900000, 0x000000008f900000| Untracked 
| 250|0x000000008fa00000, 0x000000008fa00000, 0x000000008fb00000|  0%| F|  |TAMS 0x000000008fa00000, 0x000000008fa00000| Untracked 
| 251|0x000000008fb00000, 0x000000008fb00000, 0x000000008fc00000|  0%| F|  |TAMS 0x000000008fb00000, 0x000000008fb00000| Untracked 
| 252|0x000000008fc00000, 0x000000008fc00000, 0x000000008fd00000|  0%| F|  |TAMS 0x000000008fc00000, 0x000000008fc00000| Untracked 
| 253|0x000000008fd00000, 0x000000008fd00000, 0x000000008fe00000|  0%| F|  |TAMS 0x000000008fd00000, 0x000000008fd00000| Untracked 
| 254|0x000000008fe00000, 0x000000008fe00000, 0x000000008ff00000|  0%| F|  |TAMS 0x000000008fe00000, 0x000000008fe00000| Untracked 
| 255|0x000000008ff00000, 0x000000008ff00000, 0x0000000090000000|  0%| F|  |TAMS 0x000000008ff00000, 0x000000008ff00000| Untracked 
| 256|0x0000000090000000, 0x0000000090000000, 0x0000000090100000|  0%| F|  |TAMS 0x0000000090000000, 0x0000000090000000| Untracked 
| 257|0x0000000090100000, 0x0000000090100000, 0x0000000090200000|  0%| F|  |TAMS 0x0000000090100000, 0x0000000090100000| Untracked 
| 258|0x0000000090200000, 0x0000000090200000, 0x0000000090300000|  0%| F|  |TAMS 0x0000000090200000, 0x0000000090200000| Untracked 
| 259|0x0000000090300000, 0x0000000090300000, 0x0000000090400000|  0%| F|  |TAMS 0x0000000090300000, 0x0000000090300000| Untracked 
| 260|0x0000000090400000, 0x0000000090400000, 0x0000000090500000|  0%| F|  |TAMS 0x0000000090400000, 0x0000000090400000| Untracked 
| 261|0x0000000090500000, 0x0000000090500000, 0x0000000090600000|  0%| F|  |TAMS 0x0000000090500000, 0x0000000090500000| Untracked 
| 262|0x0000000090600000, 0x0000000090600000, 0x0000000090700000|  0%| F|  |TAMS 0x0000000090600000, 0x0000000090600000| Untracked 
| 263|0x0000000090700000, 0x0000000090700000, 0x0000000090800000|  0%| F|  |TAMS 0x0000000090700000, 0x0000000090700000| Untracked 
| 264|0x0000000090800000, 0x0000000090800000, 0x0000000090900000|  0%| F|  |TAMS 0x0000000090800000, 0x0000000090800000| Untracked 
| 265|0x0000000090900000, 0x0000000090900000, 0x0000000090a00000|  0%| F|  |TAMS 0x0000000090900000, 0x0000000090900000| Untracked 
| 266|0x0000000090a00000, 0x0000000090a00000, 0x0000000090b00000|  0%| F|  |TAMS 0x0000000090a00000, 0x0000000090a00000| Untracked 
| 267|0x0000000090b00000, 0x0000000090b00000, 0x0000000090c00000|  0%| F|  |TAMS 0x0000000090b00000, 0x0000000090b00000| Untracked 
| 268|0x0000000090c00000, 0x0000000090c00000, 0x0000000090d00000|  0%| F|  |TAMS 0x0000000090c00000, 0x0000000090c00000| Untracked 
| 269|0x0000000090d00000, 0x0000000090d00000, 0x0000000090e00000|  0%| F|  |TAMS 0x0000000090d00000, 0x0000000090d00000| Untracked 
| 270|0x0000000090e00000, 0x0000000090ed5840, 0x0000000090f00000| 83%| S|CS|TAMS 0x0000000090e00000, 0x0000000090e00000| Complete 
| 271|0x0000000090f00000, 0x0000000091000000, 0x0000000091000000|100%| S|CS|TAMS 0x0000000090f00000, 0x0000000090f00000| Complete 
| 272|0x0000000091000000, 0x0000000091100000, 0x0000000091100000|100%| S|CS|TAMS 0x0000000091000000, 0x0000000091000000| Complete 
| 273|0x0000000091100000, 0x0000000091200000, 0x0000000091200000|100%| S|CS|TAMS 0x0000000091100000, 0x0000000091100000| Complete 
| 274|0x0000000091200000, 0x0000000091200000, 0x0000000091300000|  0%| F|  |TAMS 0x0000000091200000, 0x0000000091200000| Untracked 
| 275|0x0000000091300000, 0x0000000091300000, 0x0000000091400000|  0%| F|  |TAMS 0x0000000091300000, 0x0000000091300000| Untracked 
| 276|0x0000000091400000, 0x0000000091400000, 0x0000000091500000|  0%| F|  |TAMS 0x0000000091400000, 0x0000000091400000| Untracked 
| 277|0x0000000091500000, 0x0000000091500000, 0x0000000091600000|  0%| F|  |TAMS 0x0000000091500000, 0x0000000091500000| Untracked 
| 278|0x0000000091600000, 0x0000000091600000, 0x0000000091700000|  0%| F|  |TAMS 0x0000000091600000, 0x0000000091600000| Untracked 
| 279|0x0000000091700000, 0x0000000091700000, 0x0000000091800000|  0%| F|  |TAMS 0x0000000091700000, 0x0000000091700000| Untracked 
| 280|0x0000000091800000, 0x0000000091800000, 0x0000000091900000|  0%| F|  |TAMS 0x0000000091800000, 0x0000000091800000| Untracked 
| 281|0x0000000091900000, 0x0000000091900000, 0x0000000091a00000|  0%| F|  |TAMS 0x0000000091900000, 0x0000000091900000| Untracked 
| 282|0x0000000091a00000, 0x0000000091a00000, 0x0000000091b00000|  0%| F|  |TAMS 0x0000000091a00000, 0x0000000091a00000| Untracked 
| 283|0x0000000091b00000, 0x0000000091b00000, 0x0000000091c00000|  0%| F|  |TAMS 0x0000000091b00000, 0x0000000091b00000| Untracked 
| 284|0x0000000091c00000, 0x0000000091c00000, 0x0000000091d00000|  0%| F|  |TAMS 0x0000000091c00000, 0x0000000091c00000| Untracked 
| 285|0x0000000091d00000, 0x0000000091d00000, 0x0000000091e00000|  0%| F|  |TAMS 0x0000000091d00000, 0x0000000091d00000| Untracked 
| 286|0x0000000091e00000, 0x0000000091f00000, 0x0000000091f00000|100%| E|  |TAMS 0x0000000091e00000, 0x0000000091e00000| Complete 
| 287|0x0000000091f00000, 0x0000000092000000, 0x0000000092000000|100%| E|CS|TAMS 0x0000000091f00000, 0x0000000091f00000| Complete 
| 288|0x0000000092000000, 0x0000000092100000, 0x0000000092100000|100%| E|CS|TAMS 0x0000000092000000, 0x0000000092000000| Complete 
| 289|0x0000000092100000, 0x0000000092200000, 0x0000000092200000|100%| E|CS|TAMS 0x0000000092100000, 0x0000000092100000| Complete 
| 290|0x0000000092200000, 0x0000000092300000, 0x0000000092300000|100%| E|CS|TAMS 0x0000000092200000, 0x0000000092200000| Complete 
| 291|0x0000000092300000, 0x0000000092400000, 0x0000000092400000|100%| E|  |TAMS 0x0000000092300000, 0x0000000092300000| Complete 
| 292|0x0000000092400000, 0x0000000092500000, 0x0000000092500000|100%| E|CS|TAMS 0x0000000092400000, 0x0000000092400000| Complete 
| 293|0x0000000092500000, 0x0000000092600000, 0x0000000092600000|100%| E|CS|TAMS 0x0000000092500000, 0x0000000092500000| Complete 
| 294|0x0000000092600000, 0x0000000092700000, 0x0000000092700000|100%| E|CS|TAMS 0x0000000092600000, 0x0000000092600000| Complete 
| 295|0x0000000092700000, 0x0000000092800000, 0x0000000092800000|100%| E|CS|TAMS 0x0000000092700000, 0x0000000092700000| Complete 
| 296|0x0000000092800000, 0x0000000092900000, 0x0000000092900000|100%| E|CS|TAMS 0x0000000092800000, 0x0000000092800000| Complete 
| 297|0x0000000092900000, 0x0000000092a00000, 0x0000000092a00000|100%| E|CS|TAMS 0x0000000092900000, 0x0000000092900000| Complete 

Card table byte_map: [0x00000236cc5d0000,0x00000236cc9d0000] _byte_map_base: 0x00000236cc1d0000

Marking Bits (Prev, Next): (CMBitMap*) 0x00000236b5837470, (CMBitMap*) 0x00000236b5837438
 Prev Bits: [0x00000236cedd0000, 0x00000236d0dd0000)
 Next Bits: [0x00000236ccdd0000, 0x00000236cedd0000)

Polling page: 0x00000236b3790000

Metaspace:

Usage:
  Non-class:    117.58 MB capacity,   114.76 MB ( 98%) used,     2.26 MB (  2%) free+waste,   576.44 KB ( <1%) overhead. 
      Class:     18.34 MB capacity,    16.46 MB ( 90%) used,     1.63 MB (  9%) free+waste,   261.88 KB (  1%) overhead. 
       Both:    135.92 MB capacity,   131.22 MB ( 97%) used,     3.88 MB (  3%) free+waste,   838.31 KB ( <1%) overhead. 

Virtual space:
  Non-class space:      118.00 MB reserved,     117.70 MB (>99%) committed 
      Class space:        1.00 GB reserved,      18.38 MB (  2%) committed 
             Both:        1.12 GB reserved,     136.07 MB ( 12%) committed 

Chunk freelists:
   Non-Class:  7.63 KB
       Class:  0 bytes
        Both:  7.63 KB

CodeHeap 'non-profiled nmethods': size=120000Kb used=21889Kb max_used=21889Kb free=98110Kb
 bounds [0x00000236c4970000, 0x00000236c5ee0000, 0x00000236cbea0000]
CodeHeap 'profiled nmethods': size=120000Kb used=56521Kb max_used=56521Kb free=63479Kb
 bounds [0x00000236bd440000, 0x00000236c0bc0000, 0x00000236c4970000]
CodeHeap 'non-nmethods': size=5760Kb used=2384Kb max_used=2462Kb free=3375Kb
 bounds [0x00000236bcea0000, 0x00000236bd110000, 0x00000236bd440000]
 total_blobs=26839 nmethods=25829 adapters=919
 compilation: enabled
              stopped_count=0, restarted_count=0
 full_count=0

Compilation events (10 events):
Event: 1288.483 Thread 0x00000236d3829800 nmethod 31536 0x00000236bfbccb10 code [0x00000236bfbccce0, 0x00000236bfbcd048]
Event: 1288.484 Thread 0x00000236dc749000 31537       4       com.sun.tools.javac.parser.UnicodeReader::digit (97 bytes)
Event: 1288.485 Thread 0x00000236dc74b800 31538       4       com.sun.tools.javac.tree.JCTree$JCVariableDecl::<init> (43 bytes)
Event: 1288.486 Thread 0x00000236dc749000 nmethod 31537 0x00000236c5ecfd10 code [0x00000236c5ecfea0, 0x00000236c5ed0078]
Event: 1288.486 Thread 0x00000236d3829800 31539       3       com.sun.tools.javac.util.ListBuffer::last (19 bytes)
Event: 1288.487 Thread 0x00000236d3829800 nmethod 31539 0x00000236bf7b2410 code [0x00000236bf7b25a0, 0x00000236bf7b2718]
Event: 1288.488 Thread 0x00000236dc74b800 nmethod 31538 0x00000236c5ed0310 code [0x00000236c5ed0480, 0x00000236c5ed08f8]
Event: 1288.510 Thread 0x00000236d3825000 31540       4       com.sun.tools.javac.file.JavacFileManager$ArchiveContainer$1::preVisitDirectory (60 bytes)
Event: 1288.558 Thread 0x00000236d3825000 nmethod 31540 0x00000236c5ed0990 code [0x00000236c5ed0c80, 0x00000236c5ed2ea0]
Event: 1288.586 Thread 0x00000236dc749000 31541   !   4       java.util.jar.Attributes::read (354 bytes)

GC Heap History (10 events):
Event: 1055.583 GC heap before
{Heap before GC invocations=119 (full 0):
 garbage-first heap   total 305152K, used 152879K [0x0000000080000000, 0x0000000100000000)
  region size 1024K, 14 young (14336K), 13 survivors (13312K)
 Metaspace       used 134028K, capacity 138960K, committed 139084K, reserved 1169408K
  class space    used 16852K, capacity 18781K, committed 18816K, reserved 1048576K
}
Event: 1055.593 GC heap after
{Heap after GC invocations=120 (full 0):
 garbage-first heap   total 305152K, used 145928K [0x0000000080000000, 0x0000000100000000)
  region size 1024K, 2 young (2048K), 2 survivors (2048K)
 Metaspace       used 134028K, capacity 138960K, committed 139084K, reserved 1169408K
  class space    used 16852K, capacity 18781K, committed 18816K, reserved 1048576K
}
Event: 1056.241 GC heap before
{Heap before GC invocations=120 (full 0):
 garbage-first heap   total 305152K, used 235016K [0x0000000080000000, 0x0000000100000000)
  region size 1024K, 90 young (92160K), 2 survivors (2048K)
 Metaspace       used 134155K, capacity 139034K, committed 139084K, reserved 1169408K
  class space    used 16852K, capacity 18781K, committed 18816K, reserved 1048576K
}
Event: 1056.256 GC heap after
{Heap after GC invocations=121 (full 0):
 garbage-first heap   total 305152K, used 154269K [0x0000000080000000, 0x0000000100000000)
  region size 1024K, 10 young (10240K), 10 survivors (10240K)
 Metaspace       used 134155K, capacity 139034K, committed 139084K, reserved 1169408K
  class space    used 16852K, capacity 18781K, committed 18816K, reserved 1048576K
}
Event: 1288.190 GC heap before
{Heap before GC invocations=122 (full 0):
 garbage-first heap   total 305152K, used 255645K [0x0000000080000000, 0x0000000100000000)
  region size 1024K, 94 young (96256K), 10 survivors (10240K)
 Metaspace       used 134342K, capacity 139116K, committed 139340K, reserved 1169408K
  class space    used 16853K, capacity 18782K, committed 18816K, reserved 1048576K
}
Event: 1288.201 GC heap after
{Heap after GC invocations=123 (full 0):
 garbage-first heap   total 305152K, used 157242K [0x0000000080000000, 0x0000000100000000)
  region size 1024K, 7 young (7168K), 7 survivors (7168K)
 Metaspace       used 134342K, capacity 139116K, committed 139340K, reserved 1169408K
  class space    used 16853K, capacity 18782K, committed 18816K, reserved 1048576K
}
Event: 1288.240 GC heap before
{Heap before GC invocations=123 (full 0):
 garbage-first heap   total 305152K, used 163386K [0x0000000080000000, 0x0000000100000000)
  region size 1024K, 14 young (14336K), 7 survivors (7168K)
 Metaspace       used 134344K, capacity 139116K, committed 139340K, reserved 1169408K
  class space    used 16853K, capacity 18782K, committed 18816K, reserved 1048576K
}
Event: 1288.254 GC heap after
{Heap after GC invocations=124 (full 0):
 garbage-first heap   total 305152K, used 143933K [0x0000000080000000, 0x0000000100000000)
  region size 1024K, 1 young (1024K), 1 survivors (1024K)
 Metaspace       used 134344K, capacity 139116K, committed 139340K, reserved 1169408K
  class space    used 16853K, capacity 18782K, committed 18816K, reserved 1048576K
}
Event: 1288.490 GC heap before
{Heap before GC invocations=124 (full 0):
 garbage-first heap   total 305152K, used 165437K [0x0000000080000000, 0x0000000100000000)
  region size 1024K, 24 young (24576K), 1 survivors (1024K)
 Metaspace       used 134365K, capacity 139181K, committed 139340K, reserved 1169408K
  class space    used 16853K, capacity 18782K, committed 18816K, reserved 1048576K
}
Event: 1288.495 GC heap after
{Heap after GC invocations=125 (full 0):
 garbage-first heap   total 305152K, used 146835K [0x0000000080000000, 0x0000000100000000)
  region size 1024K, 4 young (4096K), 4 survivors (4096K)
 Metaspace       used 134365K, capacity 139181K, committed 139340K, reserved 1169408K
  class space    used 16853K, capacity 18782K, committed 18816K, reserved 1048576K
}

Deoptimization events (10 events):
Event: 1287.220 Thread 0x00000236d4427000 Uncommon trap: reason=profile_predicate action=maybe_recompile pc=0x00000236c5e52b98 method=java.util.concurrent.CopyOnWriteArrayList.indexOfRange(Ljava/lang/Object;[Ljava/lang/Object;II)I @ 38 c2
Event: 1287.290 Thread 0x00000236d4427000 Uncommon trap: reason=profile_predicate action=maybe_recompile pc=0x00000236c5e5fedc method=com.google.common.collect.ImmutableList.copyIntoArray([Ljava/lang/Object;I)I @ 11 c2
Event: 1287.291 Thread 0x00000236d4427000 Uncommon trap: reason=profile_predicate action=maybe_recompile pc=0x00000236c5e5fedc method=com.google.common.collect.ImmutableList.copyIntoArray([Ljava/lang/Object;I)I @ 11 c2
Event: 1287.291 Thread 0x00000236d4427000 Uncommon trap: reason=profile_predicate action=maybe_recompile pc=0x00000236c5e5fedc method=com.google.common.collect.ImmutableList.copyIntoArray([Ljava/lang/Object;I)I @ 11 c2
Event: 1287.327 Thread 0x00000236d4427000 Uncommon trap: reason=profile_predicate action=maybe_recompile pc=0x00000236c5e5fedc method=com.google.common.collect.ImmutableList.copyIntoArray([Ljava/lang/Object;I)I @ 11 c2
Event: 1287.329 Thread 0x00000236d4427000 Uncommon trap: reason=profile_predicate action=maybe_recompile pc=0x00000236c5da5184 method=org.gradle.api.internal.artifacts.ivyservice.ivyresolve.strategy.StaticVersionComparator.compare(Lorg/gradle/api/internal/artifacts/ivyservice/ivyresolve/strategy/
Event: 1287.343 Thread 0x00000236d4427000 Uncommon trap: reason=profile_predicate action=maybe_recompile pc=0x00000236c5da5184 method=org.gradle.api.internal.artifacts.ivyservice.ivyresolve.strategy.StaticVersionComparator.compare(Lorg/gradle/api/internal/artifacts/ivyservice/ivyresolve/strategy/
Event: 1287.345 Thread 0x00000236d4427000 Uncommon trap: reason=profile_predicate action=maybe_recompile pc=0x00000236c5da5184 method=org.gradle.api.internal.artifacts.ivyservice.ivyresolve.strategy.StaticVersionComparator.compare(Lorg/gradle/api/internal/artifacts/ivyservice/ivyresolve/strategy/
Event: 1287.345 Thread 0x00000236d4427000 Uncommon trap: reason=profile_predicate action=maybe_recompile pc=0x00000236c5da5184 method=org.gradle.api.internal.artifacts.ivyservice.ivyresolve.strategy.StaticVersionComparator.compare(Lorg/gradle/api/internal/artifacts/ivyservice/ivyresolve/strategy/
Event: 1288.342 Thread 0x00000236e0e1b000 Uncommon trap: reason=unstable_if action=reinterpret pc=0x00000236c4cabf2c method=java.util.concurrent.ConcurrentLinkedQueue.offer(Ljava/lang/Object;)Z @ 42 c2

Classes redefined (0 events):
No events

Internal exceptions (10 events):
Event: 1056.590 Thread 0x00000236e0e1b000 Exception <a 'sun/nio/fs/WindowsException'{0x0000000090f29d50}> (0x0000000090f29d50) thrown at [./open/src/hotspot/share/prims/jni.cpp, line 611]
Event: 1287.426 Thread 0x00000236d4427000 Exception <a 'sun/nio/fs/WindowsException'{0x000000008ee27048}> (0x000000008ee27048) thrown at [./open/src/hotspot/share/prims/jni.cpp, line 611]
Event: 1287.478 Thread 0x00000236d4427000 Exception <a 'java/lang/NoClassDefFoundError'{0x000000008ea9fe60}: org/jetbrains/kotlin/gradle/plugin/KotlinBasePluginWrapper> (0x000000008ea9fe60) thrown at [./open/src/hotspot/share/oops/constantPool.cpp, line 770]
Event: 1287.667 Thread 0x00000236d4427000 Exception <a 'sun/nio/fs/WindowsException'{0x000000008e8e0f10}> (0x000000008e8e0f10) thrown at [./open/src/hotspot/share/prims/jni.cpp, line 611]
Event: 1287.667 Thread 0x00000236d4427000 Exception <a 'sun/nio/fs/WindowsException'{0x000000008e8e2160}> (0x000000008e8e2160) thrown at [./open/src/hotspot/share/prims/jni.cpp, line 611]
Event: 1287.667 Thread 0x00000236d4427000 Exception <a 'sun/nio/fs/WindowsException'{0x000000008e8e3400}> (0x000000008e8e3400) thrown at [./open/src/hotspot/share/prims/jni.cpp, line 611]
Event: 1287.667 Thread 0x00000236d4427000 Exception <a 'sun/nio/fs/WindowsException'{0x000000008e8e46a0}> (0x000000008e8e46a0) thrown at [./open/src/hotspot/share/prims/jni.cpp, line 611]
Event: 1288.482 Thread 0x00000236d9b96800 Exception <a 'sun/nio/fs/WindowsException'{0x00000000914cfe30}> (0x00000000914cfe30) thrown at [./open/src/hotspot/share/prims/jni.cpp, line 611]
Event: 1288.488 Thread 0x00000236d9b96800 Exception <a 'sun/nio/fs/WindowsException'{0x00000000912d4a78}> (0x00000000912d4a78) thrown at [./open/src/hotspot/share/prims/jni.cpp, line 611]
Event: 1288.488 Thread 0x00000236d9b96800 Exception <a 'sun/nio/fs/WindowsException'{0x00000000912d4cd8}> (0x00000000912d4cd8) thrown at [./open/src/hotspot/share/prims/jni.cpp, line 611]

Events (10 events):
Event: 1288.341 Thread 0x00000236e0e1e800 Thread added: 0x00000236e0e1e800
Event: 1288.341 Thread 0x00000236e0e1c000 Thread added: 0x00000236e0e1c000
Event: 1288.341 Thread 0x00000236e0e23800 Thread added: 0x00000236e0e23800
Event: 1288.342 Thread 0x00000236e0e1b000 Uncommon trap: trap_request=0xffffff4d fr.pc=0x00000236c4cabf2c relative=0x0000000000000a0c
Event: 1288.342 Thread 0x00000236e0e1b000 DEOPT PACKING pc=0x00000236c4cabf2c sp=0x00000054505feb40
Event: 1288.342 Thread 0x00000236e0e1b000 DEOPT UNPACKING pc=0x00000236bcec662f sp=0x00000054505fe990 mode 2
Event: 1288.489 Executing VM operation: G1CollectForAllocation
Event: 1288.495 Executing VM operation: G1CollectForAllocation done
Event: 1288.586 Thread 0x00000236d9b96800 DEOPT PACKING pc=0x00000236becd8503 sp=0x000000544f8f8e70
Event: 1288.586 Thread 0x00000236d9b96800 DEOPT UNPACKING pc=0x00000236bcec6dde sp=0x000000544f8f8410 mode 0


Dynamic libraries:
0x00007ff6eb020000 - 0x00007ff6eb02f000 	C:\Program Files\Java\jdk-11.0.16.1\bin\java.exe
0x00007fff56870000 - 0x00007fff56a84000 	C:\WINDOWS\SYSTEM32\ntdll.dll
0x00007fff55c20000 - 0x00007fff55ce2000 	C:\WINDOWS\System32\KERNEL32.DLL
0x00007fff54080000 - 0x00007fff54423000 	C:\WINDOWS\System32\KERNELBASE.dll
0x00007fff54550000 - 0x00007fff54661000 	C:\WINDOWS\System32\ucrtbase.dll
0x00007fff50850000 - 0x00007fff50865000 	C:\Program Files\Java\jdk-11.0.16.1\bin\VCRUNTIME140.dll
0x00007fff50830000 - 0x00007fff50848000 	C:\Program Files\Java\jdk-11.0.16.1\bin\jli.dll
0x00007fff56270000 - 0x00007fff5631e000 	C:\WINDOWS\System32\ADVAPI32.dll
0x00007fff55930000 - 0x00007fff559d7000 	C:\WINDOWS\System32\msvcrt.dll
0x00007fff55300000 - 0x00007fff553a4000 	C:\WINDOWS\System32\sechost.dll
0x00007fff54700000 - 0x00007fff54817000 	C:\WINDOWS\System32\RPCRT4.dll
0x00007fff55d00000 - 0x00007fff55eab000 	C:\WINDOWS\System32\USER32.dll
0x00007fff3cd00000 - 0x00007fff3cf8e000 	C:\WINDOWS\WinSxS\amd64_microsoft.windows.common-controls_6595b64144ccf1df_6.0.22621.1635_none_270f70857386168e\COMCTL32.dll
0x00007fff54050000 - 0x00007fff54076000 	C:\WINDOWS\System32\win32u.dll
0x00007fff55450000 - 0x00007fff55479000 	C:\WINDOWS\System32\GDI32.dll
0x00007fff54430000 - 0x00007fff54548000 	C:\WINDOWS\System32\gdi32full.dll
0x00007fff53d00000 - 0x00007fff53d9a000 	C:\WINDOWS\System32\msvcp_win.dll
0x00007fff4d320000 - 0x00007fff4d32a000 	C:\WINDOWS\SYSTEM32\VERSION.dll
0x00007fff56380000 - 0x00007fff563b1000 	C:\WINDOWS\System32\IMM32.DLL
0x00007fff50790000 - 0x00007fff5082b000 	C:\Program Files\Java\jdk-11.0.16.1\bin\msvcp140.dll
0x00007fff35530000 - 0x00007fff36048000 	C:\Program Files\Java\jdk-11.0.16.1\bin\server\jvm.dll
0x00007fff554a0000 - 0x00007fff554a8000 	C:\WINDOWS\System32\PSAPI.DLL
0x00007fff4a0e0000 - 0x00007fff4a114000 	C:\WINDOWS\SYSTEM32\WINMM.dll
0x00007fff51040000 - 0x00007fff51049000 	C:\WINDOWS\SYSTEM32\WSOCK32.dll
0x00007fff567b0000 - 0x00007fff56821000 	C:\WINDOWS\System32\WS2_32.dll
0x00007fff52ce0000 - 0x00007fff52cf8000 	C:\WINDOWS\SYSTEM32\kernel.appcore.dll
0x00007fff50780000 - 0x00007fff50790000 	C:\Program Files\Java\jdk-11.0.16.1\bin\verify.dll
0x00007fff4d810000 - 0x00007fff4da3e000 	C:\WINDOWS\SYSTEM32\DBGHELP.DLL
0x00007fff56420000 - 0x00007fff567a9000 	C:\WINDOWS\System32\combase.dll
0x00007fff559e0000 - 0x00007fff55ab7000 	C:\WINDOWS\System32\OLEAUT32.dll
0x00007fff3db90000 - 0x00007fff3dbc2000 	C:\WINDOWS\SYSTEM32\dbgcore.DLL
0x00007fff53fd0000 - 0x00007fff5404b000 	C:\WINDOWS\System32\bcryptPrimitives.dll
0x00007fff50750000 - 0x00007fff50778000 	C:\Program Files\Java\jdk-11.0.16.1\bin\java.dll
0x00007fff4f1e0000 - 0x00007fff4f1ea000 	C:\Program Files\Java\jdk-11.0.16.1\bin\jimage.dll
0x00007fff4f1c0000 - 0x00007fff4f1d6000 	C:\Program Files\Java\jdk-11.0.16.1\bin\zip.dll
0x00007fff549e0000 - 0x00007fff551da000 	C:\WINDOWS\System32\SHELL32.dll
0x00007fff51c90000 - 0x00007fff5255e000 	C:\WINDOWS\SYSTEM32\windows.storage.dll
0x00007fff51b50000 - 0x00007fff51c8e000 	C:\WINDOWS\SYSTEM32\wintypes.dll
0x00007fff55b20000 - 0x00007fff55c11000 	C:\WINDOWS\System32\SHCORE.dll
0x00007fff563c0000 - 0x00007fff5641e000 	C:\WINDOWS\System32\shlwapi.dll
0x00007fff53bc0000 - 0x00007fff53be1000 	C:\WINDOWS\SYSTEM32\profapi.dll
0x00007fff46100000 - 0x00007fff46119000 	C:\Program Files\Java\jdk-11.0.16.1\bin\net.dll
0x00007fff4d670000 - 0x00007fff4d7a7000 	C:\WINDOWS\SYSTEM32\WINHTTP.dll
0x00007fff53150000 - 0x00007fff531b9000 	C:\WINDOWS\system32\mswsock.dll
0x00007fff460e0000 - 0x00007fff460f2000 	C:\Program Files\Java\jdk-11.0.16.1\bin\nio.dll
0x00007ffefb6e0000 - 0x00007ffefb707000 	C:\Users\akram\AndroidStudioProjects\app\native\e1d6ef7f7dcc3fd88c89a11ec53ec762bb8ba0a96d01ffa2cd45eb1d1d8dd5c5\windows-amd64\native-platform.dll
0x00007fff45f90000 - 0x00007fff460d4000 	C:\Users\akram\AndroidStudioProjects\app\native\0d407fdbe67a94daf76414ababcb853783967236a71b16ec16e742cd7a986fd3\windows-amd64\native-platform-file-events.dll
0x00007fff45f80000 - 0x00007fff45f89000 	C:\Program Files\Java\jdk-11.0.16.1\bin\management.dll
0x00007fff45f70000 - 0x00007fff45f7b000 	C:\Program Files\Java\jdk-11.0.16.1\bin\management_ext.dll
0x00007fff533c0000 - 0x00007fff533db000 	C:\WINDOWS\SYSTEM32\CRYPTSP.dll
0x00007fff52c50000 - 0x00007fff52c85000 	C:\WINDOWS\system32\rsaenh.dll
0x00007fff53250000 - 0x00007fff53278000 	C:\WINDOWS\SYSTEM32\USERENV.dll
0x00007fff53570000 - 0x00007fff53598000 	C:\WINDOWS\SYSTEM32\bcrypt.dll
0x00007fff533b0000 - 0x00007fff533bc000 	C:\WINDOWS\SYSTEM32\CRYPTBASE.dll
0x00007fff527c0000 - 0x00007fff527ed000 	C:\WINDOWS\SYSTEM32\IPHLPAPI.DLL
0x00007fff55cf0000 - 0x00007fff55cf9000 	C:\WINDOWS\System32\NSI.dll
0x00007fff4d650000 - 0x00007fff4d669000 	C:\WINDOWS\SYSTEM32\dhcpcsvc6.DLL
0x00007fff4d380000 - 0x00007fff4d39f000 	C:\WINDOWS\SYSTEM32\dhcpcsvc.DLL
0x00007fff52830000 - 0x00007fff52923000 	C:\WINDOWS\SYSTEM32\DNSAPI.dll
0x00007fff45f40000 - 0x00007fff45f65000 	C:\Program Files\Java\jdk-11.0.16.1\bin\sunec.dll
0x00007fff52d00000 - 0x00007fff52d34000 	C:\WINDOWS\SYSTEM32\ntmarta.dll

dbghelp: loaded successfully - version: 4.0.5 - missing functions: none
symbol engine: initialized successfully - sym options: 0x614 - pdb path: .;C:\Program Files\Java\jdk-11.0.16.1\bin;C:\WINDOWS\SYSTEM32;C:\WINDOWS\WinSxS\amd64_microsoft.windows.common-controls_6595b64144ccf1df_6.0.22621.1635_none_270f70857386168e;C:\Program Files\Java\jdk-11.0.16.1\bin\server;C:\Users\akram\AndroidStudioProjects\app\native\e1d6ef7f7dcc3fd88c89a11ec53ec762bb8ba0a96d01ffa2cd45eb1d1d8dd5c5\windows-amd64;C:\Users\akram\AndroidStudioProjects\app\native\0d407fdbe67a94daf76414ababcb853783967236a71b16ec16e742cd7a986fd3\windows-amd64

VM Arguments:
jvm_args: --add-opens=java.base/java.util=ALL-UNNAMED --add-opens=java.base/java.lang=ALL-UNNAMED --add-opens=java.base/java.lang.invoke=ALL-UNNAMED --add-opens=java.base/java.util=ALL-UNNAMED --add-opens=java.prefs/java.util.prefs=ALL-UNNAMED --add-opens=java.prefs/java.util.prefs=ALL-UNNAMED --add-opens=java.base/java.nio.charset=ALL-UNNAMED --add-opens=java.base/java.net=ALL-UNNAMED --add-opens=java.base/java.util.concurrent.atomic=ALL-UNNAMED -Xmx2048m -Dfile.encoding=UTF-8 -Duser.country=US -Duser.language=en -Duser.variant 
java_command: org.gradle.launcher.daemon.bootstrap.GradleDaemon 7.5
java_class_path (initial): C:\Users\akram\AndroidStudioProjects\app\wrapper\dists\gradle-7.5-bin\f1w0cc9nuo0eivz97x2xlu9sv\gradle-7.5\lib\gradle-launcher-7.5.jar
Launcher Type: SUN_STANDARD

[Global flags]
     intx CICompilerCount                          = 4                                         {product} {ergonomic}
     uint ConcGCThreads                            = 2                                         {product} {ergonomic}
     uint G1ConcRefinementThreads                  = 8                                         {product} {ergonomic}
   size_t G1HeapRegionSize                         = 1048576                                   {product} {ergonomic}
    uintx GCDrainStackTargetSize                   = 64                                        {product} {ergonomic}
   size_t InitialHeapSize                          = 123731968                                 {product} {ergonomic}
   size_t MarkStackSize                            = 4194304                                   {product} {ergonomic}
   size_t MaxHeapSize                              = 2147483648                                {product} {command line}
   size_t MaxNewSize                               = 1287651328                                {product} {ergonomic}
   size_t MinHeapDeltaBytes                        = 1048576                                   {product} {ergonomic}
    uintx NonNMethodCodeHeapSize                   = 5836300                                {pd product} {ergonomic}
    uintx NonProfiledCodeHeapSize                  = 122910970                              {pd product} {ergonomic}
    uintx ProfiledCodeHeapSize                     = 122910970                              {pd product} {ergonomic}
    uintx ReservedCodeCacheSize                    = 251658240                              {pd product} {ergonomic}
     bool SegmentedCodeCache                       = true                                      {product} {ergonomic}
     bool UseCompressedClassPointers               = true                                 {lp64_product} {ergonomic}
     bool UseCompressedOops                        = true                                 {lp64_product} {ergonomic}
     bool UseG1GC                                  = true                                      {product} {ergonomic}
     bool UseLargePagesIndividualAllocation        = false                                  {pd product} {ergonomic}

Logging:
Log output configuration:
 #0: stdout all=warning uptime,level,tags
 #1: stderr all=off uptime,level,tags

Environment Variables:
JAVA_HOME=C:\Program Files\Java\jdk-11.0.16.1
PATH=C:\Program Files\Common Files\Oracle\Java\javapath;C:\WINDOWS\system32;C:\WINDOWS;C:\WINDOWS\System32\Wbem;C:\WINDOWS\System32\WindowsPowerShell\v1.0\;C:\WINDOWS\System32\OpenSSH\;C:\Program Files\Java\jdk-11.0.16.1\bin;C:\Program Files\Git\cmd;C:\Program Files\Cloudflare\Cloudflare WARP\;C:\Users\akram\AppData\Local\Programs\Python\Python311\Scripts\;C:\Users\akram\AppData\Local\Programs\Python\Python311\;C:\Users\akram\AppData\Local\Microsoft\WindowsApps;;C:\Users\akram\AppData\Local\Programs\Microsoft VS Code\bin
USERNAME=akram
OS=Windows_NT
PROCESSOR_IDENTIFIER=AMD64 Family 23 Model 96 Stepping 1, AuthenticAMD



---------------  S Y S T E M  ---------------

OS: Windows 11 , 64 bit Build 22621 (10.0.22621.1635)

CPU:total 8 (initial active 8) (8 cores per cpu, 2 threads per core) family 23 model 96 stepping 1 microcode 0x0, cmov, cx8, fxsr, mmx, sse, sse2, sse3, ssse3, sse4.1, sse4.2, popcnt, avx, avx2, aes, clmul, mmxext, 3dnowpref, lzcnt, sse4a, ht, tsc, tscinvbit, tscinv, bmi1, bmi2, adx, s

Memory: 4k page, system-wide physical 7507M (2130M free)
TotalPageFile size 12627M (AvailPageFile size 3934M)
current process WorkingSet (physical memory assigned to process): 704M, peak: 721M
current process commit charge ("private bytes"): 744M, peak: 761M

vm_info: Java HotSpot(TM) 64-Bit Server VM (11.0.16.1+1-LTS-1) for windows-amd64 JRE (11.0.16.1+1-LTS-1), built on Aug 16 2022 01:46:01 by "mach5one" with MS VC++ 15.9 (VS2017)

END.
