#
# A fatal error has been detected by the Java Runtime Environment:
#
#  EXCEPTION_ACCESS_VIOLATION (0xc0000005) at pc=0x00000276881459b8, pid=12624, tid=13676
#
# JRE version: Java(TM) SE Runtime Environment 18.9 (11.0.16.1+1) (build 11.0.16.1+1-LTS-1)
# Java VM: Java HotSpot(TM) 64-Bit Server VM 18.9 (11.0.16.1+1-LTS-1, mixed mode, tiered, compressed oops, g1 gc, windows-amd64)
# Problematic frame:
# J 10374 c2 java.util.concurrent.ConcurrentHashMap.putVal(Ljava/lang/Object;Ljava/lang/Object;Z)Ljava/lang/Object; java.base@11.0.16.1 (432 bytes) @ 0x00000276881459b8 [0x0000027688145860+0x0000000000000158]
#
# No core dump will be written. Minidumps are not enabled by default on client versions of Windows
#
# If you would like to submit a bug report, please visit:
#   https://bugreport.java.com/bugreport/crash.jsp
#

---------------  S U M M A R Y ------------

Command Line: --add-opens=java.base/java.util=ALL-UNNAMED --add-opens=java.base/java.lang=ALL-UNNAMED --add-opens=java.base/java.lang.invoke=ALL-UNNAMED --add-opens=java.base/java.util=ALL-UNNAMED --add-opens=java.prefs/java.util.prefs=ALL-UNNAMED --add-opens=java.prefs/java.util.prefs=ALL-UNNAMED --add-opens=java.base/java.nio.charset=ALL-UNNAMED --add-opens=java.base/java.net=ALL-UNNAMED --add-opens=java.base/java.util.concurrent.atomic=ALL-UNNAMED -Xmx2048m -Dfile.encoding=UTF-8 -Duser.country=US -Duser.language=en -Duser.variant org.gradle.launcher.daemon.bootstrap.GradleDaemon 7.5

Host: AMD Ryzen 3 4300GE with Radeon Graphics, 8 cores, 7G,  Windows 11 , 64 bit Build 22621 (10.0.22621.1635)
Time: Mon May 15 23:36:01 2023 W. Central Africa Standard Time elapsed time: 20.042855 seconds (0d 0h 0m 20s)

---------------  T H R E A D  ---------------

Current thread (0x000002769617c000):  JavaThread "Execution worker Thread 6" [_thread_in_Java, id=13676, stack(0x000000b7a1a00000,0x000000b7a1b00000)]

Stack: [0x000000b7a1a00000,0x000000b7a1b00000],  sp=0x000000b7a1af7f40,  free space=991k
Native frames: (J=compiled Java code, j=interpreted, Vv=VM code, C=native code)
C  0x00000276881459b8


siginfo: EXCEPTION_ACCESS_VIOLATION (0xc0000005), reading address 0x000000000000100c


Register to memory mapping:

RIP=0x00000276881459b8 is at entry_point+344 in (nmethod*)0x0000027688145610
RAX=0x000000006be0bb14 is an unknown value
RBX=0x000000006be0d0f4 is an unknown value
RCX=0x000000008a17b860 is an oop: [Ljava.util.concurrent.ConcurrentHashMap$Node; 
{0x000000008a17b860} - klass: 'java/util/concurrent/ConcurrentHashMap$Node'[]
 - length: 2048
RDX=0x000000010001a7e8 is a pointer to class: 
java.util.concurrent.ConcurrentHashMap$Node {0x000000010001a7f0}
RSP=0x000000b7a1af7f40 is pointing into the stack for thread: 0x000002769617c000
RBP=0x0000000080f6e4e8 is an oop: java.util.concurrent.ConcurrentHashMap 
{0x0000000080f6e4e8} - klass: 'java/util/concurrent/ConcurrentHashMap'
RSI=0x00000276f4600000 points into unknown readable memory: 0x0a01010304130700 | 00 07 13 04 03 01 01 0a
RDI=0x0000000000001f40 is an unknown value
R8 =0x00000000000000f4 is an unknown value
R9 =0x0000000000000001 is an unknown value
R10=0x0000000000001000 is an unknown value
R11=0x000000008a17bc40 is pointing into object: [Ljava.util.concurrent.ConcurrentHashMap$Node; 
{0x000000008a17b860} - klass: 'java/util/concurrent/ConcurrentHashMap$Node'[]
 - length: 2048
R12=0x0 is NULL
R13=0x000000000000006f is an unknown value
R14=0x000000000000002a is an unknown value
R15=0x000002769617c000 is a thread


Registers:
RAX=0x000000006be0bb14, RBX=0x000000006be0d0f4, RCX=0x000000008a17b860, RDX=0x000000010001a7e8
RSP=0x000000b7a1af7f40, RBP=0x0000000080f6e4e8, RSI=0x00000276f4600000, RDI=0x0000000000001f40
R8 =0x00000000000000f4, R9 =0x0000000000000001, R10=0x0000000000001000, R11=0x000000008a17bc40
R12=0x0000000000000000, R13=0x000000000000006f, R14=0x000000000000002a, R15=0x000002769617c000
RIP=0x00000276881459b8, EFLAGS=0x0000000000010206

Top of Stack: (sp=0x000000b7a1af7f40)
0x000000b7a1af7f40:   000002768000a0c3 0000000086e7e3e0
0x000000b7a1af7f50:   000000008cf47468 000000008cf48358
0x000000b7a1af7f60:   000000018a17b860 0000000080f6e4e8
0x000000b7a1af7f70:   000000008cf6cd40 000000008cf6cd98
0x000000b7a1af7f80:   6be0d0f420000301 8cf6cd408cf6cd98
0x000000b7a1af7f90:   0000000100000000 00000276f4600000
0x000000b7a1af7fa0:   000000010001a7e8 00001000000000f4
0x000000b7a1af7fb0:   000000008a17b860 000000008a17bc40
0x000000b7a1af7fc0:   00000000000000d8 000000b7a1af8510
0x000000b7a1af7fd0:   000000008cf48358 000002769a222758
0x000000b7a1af7fe0:   000000b7a1af89d0 00000276823be0e4
0x000000b7a1af7ff0:   000000b7a1af83d0 0000027680c17ef4
0x000000b7a1af8000:   000000b7a1af8410 0000027682302414
0x000000b7a1af8010:   0000000000000000 000000008cf45e30
0x000000b7a1af8020:   000000000000000a 00007fff0585d6a5
0x000000b7a1af8030:   0000000000000001 0000027693984a20 

Instructions: (pc=0x00000276881459b8)
0x0000027688145998:   10 4c 89 5c 24 78 4c 89 54 24 70 89 4c 24 20 45
0x00000276881459a8:   8b 13 44 89 54 24 6c 45 85 d2 0f 84 38 04 00 00
0x00000276881459b8:   45 8b 5a 0c 44 89 9c 24 80 00 00 00 41 83 fb ff
0x00000276881459c8:   0f 84 f6 12 00 00 4c 89 94 24 88 00 00 00 44 8b 


Stack slot to memory mapping:
stack at sp + 0 slots: 0x000002768000a0c3 is at code_begin+2307 in an Interpreter codelet
invoke return entry points  [0x00000276800097c0, 0x000002768000a1a0]  2528 bytes
stack at sp + 1 slots: 0x0000000086e7e3e0 is an oop: com.sun.tools.javac.code.Symbol$ClassSymbol 
{0x0000000086e7e3e0} - klass: 'com/sun/tools/javac/code/Symbol$ClassSymbol'
stack at sp + 2 slots: 0x000000008cf47468 is an oop: com.sun.tools.javac.util.List 
{0x000000008cf47468} - klass: 'com/sun/tools/javac/util/List'
stack at sp + 3 slots: 0x000000008cf48358 is an oop: com.sun.tools.javac.comp.DeferredAttr$DeferredAttrContext 
{0x000000008cf48358} - klass: 'com/sun/tools/javac/comp/DeferredAttr$DeferredAttrContext'
stack at sp + 4 slots: 0x000000018a17b860 is an unknown value
stack at sp + 5 slots: 0x0000000080f6e4e8 is an oop: java.util.concurrent.ConcurrentHashMap 
{0x0000000080f6e4e8} - klass: 'java/util/concurrent/ConcurrentHashMap'
stack at sp + 6 slots: 0x000000008cf6cd40 is an oop: java.lang.String 
{0x000000008cf6cd40} - klass: 'java/lang/String'
stack at sp + 7 slots: 0x000000008cf6cd98 is an oop: java.lang.Object 
{0x000000008cf6cd98} - klass: 'java/lang/Object'



---------------  P R O C E S S  ---------------

Threads class SMR info:
_java_thread_list=0x000002768fd09d30, length=153, elements={
0x00000276ecc2a800, 0x00000276fbc38800, 0x00000276fbc42800, 0x00000276fc5c2800,
0x00000276fbc54800, 0x00000276fbc55800, 0x00000276fbc57800, 0x00000276fbc5a800,
0x00000276fbc5e000, 0x00000276fc710000, 0x00000276fef93000, 0x00000276feab2800,
0x00000276fe6d5800, 0x00000276fd74d800, 0x00000276fd45c000, 0x00000276fe3a1000,
0x00000276fdc6e000, 0x00000276fddc0000, 0x00000276fd48b000, 0x00000276febbf800,
0x00000276febbc000, 0x00000276febbb800, 0x00000276febc2000, 0x00000276febbd000,
0x00000276febc0000, 0x00000276febbd800, 0x00000276febbe800, 0x00000276febc1000,
0x0000027690324000, 0x0000027690328000, 0x0000027690322800, 0x0000027690327000,
0x0000027690329000, 0x0000027690323000, 0x0000027690325800, 0x0000027690cfa800,
0x0000027690cfa000, 0x0000027690cfb800, 0x0000027690cf9000, 0x0000027690cff800,
0x0000027690cfc800, 0x0000027690d01000, 0x0000027690cff000, 0x0000027690cfd000,
0x0000027690cfe000, 0x0000027690d05800, 0x0000027690d02000, 0x0000027690d03000,
0x0000027690d04800, 0x0000027690d00800, 0x0000027690d03800, 0x0000027690d06000,
0x0000027690d07000, 0x0000027690d07800, 0x00000276fed3b000, 0x00000276fed3c800,
0x00000276fed3a800, 0x00000276fed3c000, 0x00000276fed3d800, 0x00000276fed3e800,
0x00000276fed38800, 0x00000276fed3f000, 0x00000276fed39800, 0x00000276fed44000,
0x00000276fed41800, 0x00000276fed42800, 0x00000276fed43000, 0x00000276fed45800,
0x00000276fed45000, 0x00000276fed40000, 0x00000276fed41000, 0x00000276fed47800,
0x00000276fed46800, 0x0000027690ca3800, 0x0000027690ca7000, 0x0000027690ca6000,
0x0000027690ca2800, 0x0000027690ca5000, 0x0000027690ca8800, 0x0000027690ca9800,
0x0000027690caa000, 0x0000027690ca7800, 0x0000027690ca4800, 0x0000027690caf000,
0x0000027690cac800, 0x0000027690cb0000, 0x0000027690cad800, 0x0000027690cae000,
0x0000027690cb0800, 0x0000027690cab000, 0x0000027690cb1800, 0x0000027690cab800,
0x0000027690619000, 0x0000027690614000, 0x0000027690615000, 0x0000027690613800,
0x000002769061a000, 0x000002769061a800, 0x000002769061b800, 0x0000027690615800,
0x000002769061c800, 0x0000027690617800, 0x0000027690616800, 0x000002769061d000,
0x000002769061e000, 0x0000027690618000, 0x0000027690621000, 0x000002769061e800,
0x000002769061f800, 0x0000027690622000, 0x0000027690620800, 0x0000027690193800,
0x0000027690192000, 0x000002769018e000, 0x0000027690194800, 0x0000027690192800,
0x0000027690191000, 0x000002769018e800, 0x0000027690195000, 0x000002769018f800,
0x0000027690196000, 0x0000027690190800, 0x000002769019b800, 0x0000027690198800,
0x000002769019c800, 0x0000027690197000, 0x000002769019b000, 0x0000027690197800,
0x0000027690199800, 0x000002769617c000, 0x000002769617c800, 0x0000027696177000,
0x0000027696179800, 0x0000027696178000, 0x000002769617b000, 0x000002769617e800,
0x0000027696178800, 0x000002769617f000, 0x000002769617d800, 0x0000027696183800,
0x0000027696184000, 0x0000027696185000, 0x0000027696181800, 0x0000027696182800,
0x0000027696185800, 0x000002769105e000, 0x000002769105f000, 0x0000027691060000,
0x000002769105c800, 0x000002769105d800, 0x0000027691060800, 0x0000027694f30800,
0x000002768fef6800
}

Java Threads: ( => current thread )
  0x00000276ecc2a800 JavaThread "main" [_thread_blocked, id=13732, stack(0x000000b798700000,0x000000b798800000)]
  0x00000276fbc38800 JavaThread "Reference Handler" daemon [_thread_blocked, id=13924, stack(0x000000b798e00000,0x000000b798f00000)]
  0x00000276fbc42800 JavaThread "Finalizer" daemon [_thread_blocked, id=2312, stack(0x000000b798f00000,0x000000b799000000)]
  0x00000276fc5c2800 JavaThread "Signal Dispatcher" daemon [_thread_blocked, id=4720, stack(0x000000b799000000,0x000000b799100000)]
  0x00000276fbc54800 JavaThread "Attach Listener" daemon [_thread_blocked, id=6500, stack(0x000000b799100000,0x000000b799200000)]
  0x00000276fbc55800 JavaThread "Service Thread" daemon [_thread_blocked, id=2452, stack(0x000000b799200000,0x000000b799300000)]
  0x00000276fbc57800 JavaThread "C2 CompilerThread0" daemon [_thread_in_native, id=13364, stack(0x000000b799300000,0x000000b799400000)]
  0x00000276fbc5a800 JavaThread "C1 CompilerThread0" daemon [_thread_blocked, id=2564, stack(0x000000b799400000,0x000000b799500000)]
  0x00000276fbc5e000 JavaThread "Sweeper thread" daemon [_thread_blocked, id=2732, stack(0x000000b799500000,0x000000b799600000)]
  0x00000276fc710000 JavaThread "Common-Cleaner" daemon [_thread_blocked, id=9184, stack(0x000000b799600000,0x000000b799700000)]
  0x00000276fef93000 JavaThread "Daemon health stats" [_thread_blocked, id=7852, stack(0x000000b799b00000,0x000000b799c00000)]
  0x00000276feab2800 JavaThread "Incoming local TCP Connector on port 58292" [_thread_in_native, id=8820, stack(0x000000b799c00000,0x000000b799d00000)]
  0x00000276fe6d5800 JavaThread "Daemon periodic checks" [_thread_blocked, id=10464, stack(0x000000b799d00000,0x000000b799e00000)]
  0x00000276fd74d800 JavaThread "Daemon" [_thread_blocked, id=13140, stack(0x000000b799e00000,0x000000b799f00000)]
  0x00000276fd45c000 JavaThread "Handler for socket connection from /127.0.0.1:58292 to /127.0.0.1:58293" [_thread_in_native, id=2868, stack(0x000000b799f00000,0x000000b79a000000)]
  0x00000276fe3a1000 JavaThread "Cancel handler" [_thread_blocked, id=9320, stack(0x000000b79a000000,0x000000b79a100000)]
  0x00000276fdc6e000 JavaThread "Daemon worker" [_thread_blocked, id=13180, stack(0x000000b79a100000,0x000000b79a200000)]
  0x00000276fddc0000 JavaThread "Asynchronous log dispatcher for DefaultDaemonConnection: socket connection from /127.0.0.1:58292 to /127.0.0.1:58293" [_thread_blocked, id=9032, stack(0x000000b79a200000,0x000000b79a300000)]
  0x00000276fd48b000 JavaThread "Stdin handler" [_thread_blocked, id=13660, stack(0x000000b79a300000,0x000000b79a400000)]
  0x00000276febbf800 JavaThread "Daemon client event forwarder" [_thread_blocked, id=13248, stack(0x000000b79a400000,0x000000b79a500000)]
  0x00000276febbc000 JavaThread "Cache worker for journal cache (C:\Users\akram\AndroidStudioProjects\app\caches\journal-1)" [_thread_blocked, id=11672, stack(0x000000b79ac00000,0x000000b79ad00000)]
  0x00000276febbb800 JavaThread "File lock request listener" [_thread_in_native, id=13620, stack(0x000000b79ad00000,0x000000b79ae00000)]
  0x00000276febc2000 JavaThread "Cache worker for file hash cache (C:\Users\akram\AndroidStudioProjects\app\caches\7.5\fileHashes)" [_thread_blocked, id=13172, stack(0x000000b79ae00000,0x000000b79af00000)]
  0x00000276febbd000 JavaThread "File watcher server" daemon [_thread_in_native, id=6744, stack(0x000000b79b000000,0x000000b79b100000)]
  0x00000276febc0000 JavaThread "File watcher consumer" daemon [_thread_blocked, id=13792, stack(0x000000b79b100000,0x000000b79b200000)]
  0x00000276febbd800 JavaThread "Cache worker for checksums cache (C:\Users\akram\AndroidStudioProjects\BloodBUMP\.gradle\7.5\checksums)" [_thread_blocked, id=8956, stack(0x000000b79b200000,0x000000b79b300000)]
  0x00000276febbe800 JavaThread "Cache worker for cache directory md-rule (C:\Users\akram\AndroidStudioProjects\app\caches\7.5\md-rule)" [_thread_blocked, id=4856, stack(0x000000b79b300000,0x000000b79b400000)]
  0x00000276febc1000 JavaThread "Cache worker for file content cache (C:\Users\akram\AndroidStudioProjects\app\caches\7.5\fileContent)" [_thread_blocked, id=1444, stack(0x000000b79b400000,0x000000b79b500000)]
  0x0000027690324000 JavaThread "Cache worker for file hash cache (C:\Users\akram\AndroidStudioProjects\BloodBUMP\.gradle\7.5\fileHashes)" [_thread_blocked, id=3116, stack(0x000000b79b500000,0x000000b79b600000)]
  0x0000027690328000 JavaThread "Cache worker for cache directory md-supplier (C:\Users\akram\AndroidStudioProjects\app\caches\7.5\md-supplier)" [_thread_blocked, id=7428, stack(0x000000b79b600000,0x000000b79b700000)]
  0x0000027690322800 JavaThread "Cache worker for execution history cache (C:\Users\akram\AndroidStudioProjects\app\caches\7.5\executionHistory)" [_thread_blocked, id=2540, stack(0x000000b79b700000,0x000000b79b800000)]
  0x0000027690327000 JavaThread "jar transforms" [_thread_blocked, id=9072, stack(0x000000b79b800000,0x000000b79b900000)]
  0x0000027690329000 JavaThread "jar transforms Thread 2" [_thread_blocked, id=6340, stack(0x000000b79b900000,0x000000b79ba00000)]
  0x0000027690323000 JavaThread "jar transforms Thread 3" [_thread_blocked, id=4196, stack(0x000000b79ba00000,0x000000b79bb00000)]
  0x0000027690325800 JavaThread "jar transforms Thread 4" [_thread_blocked, id=6420, stack(0x000000b79bb00000,0x000000b79bc00000)]
  0x0000027690cfa800 JavaThread "Cache worker for dependencies-accessors (C:\Users\akram\AndroidStudioProjects\BloodBUMP\.gradle\7.5\dependencies-accessors)" [_thread_blocked, id=13952, stack(0x000000b79bc00000,0x000000b79bd00000)]
  0x0000027690cfa000 JavaThread "jar transforms Thread 5" [_thread_blocked, id=2488, stack(0x000000b79bd00000,0x000000b79be00000)]
  0x0000027690cfb800 JavaThread "Cache worker for Build Output Cleanup Cache (C:\Users\akram\AndroidStudioProjects\BloodBUMP\.gradle\buildOutputCleanup)" [_thread_blocked, id=11164, stack(0x000000b79be00000,0x000000b79bf00000)]
  0x0000027690cf9000 JavaThread "Unconstrained build operations" [_thread_blocked, id=9876, stack(0x000000b79bf00000,0x000000b79c000000)]
  0x0000027690cff800 JavaThread "Unconstrained build operations Thread 2" [_thread_blocked, id=8200, stack(0x000000b79c000000,0x000000b79c100000)]
  0x0000027690cfc800 JavaThread "Unconstrained build operations Thread 3" [_thread_blocked, id=3524, stack(0x000000b79c100000,0x000000b79c200000)]
  0x0000027690d01000 JavaThread "Unconstrained build operations Thread 4" [_thread_blocked, id=5072, stack(0x000000b79c200000,0x000000b79c300000)]
  0x0000027690cff000 JavaThread "Unconstrained build operations Thread 5" [_thread_blocked, id=1104, stack(0x000000b79c300000,0x000000b79c400000)]
  0x0000027690cfd000 JavaThread "Unconstrained build operations Thread 6" [_thread_blocked, id=8720, stack(0x000000b79c400000,0x000000b79c500000)]
  0x0000027690cfe000 JavaThread "Unconstrained build operations Thread 7" [_thread_blocked, id=13232, stack(0x000000b79c500000,0x000000b79c600000)]
  0x0000027690d05800 JavaThread "Unconstrained build operations Thread 8" [_thread_blocked, id=8836, stack(0x000000b79c600000,0x000000b79c700000)]
  0x0000027690d02000 JavaThread "Unconstrained build operations Thread 9" [_thread_blocked, id=4240, stack(0x000000b79c700000,0x000000b79c800000)]
  0x0000027690d03000 JavaThread "Unconstrained build operations Thread 10" [_thread_blocked, id=1688, stack(0x000000b79c800000,0x000000b79c900000)]
  0x0000027690d04800 JavaThread "Unconstrained build operations Thread 11" [_thread_blocked, id=3656, stack(0x000000b79c900000,0x000000b79ca00000)]
  0x0000027690d00800 JavaThread "Unconstrained build operations Thread 12" [_thread_blocked, id=14128, stack(0x000000b79ca00000,0x000000b79cb00000)]
  0x0000027690d03800 JavaThread "Unconstrained build operations Thread 13" [_thread_blocked, id=3720, stack(0x000000b79cb00000,0x000000b79cc00000)]
  0x0000027690d06000 JavaThread "Unconstrained build operations Thread 14" [_thread_blocked, id=2072, stack(0x000000b79cc00000,0x000000b79cd00000)]
  0x0000027690d07000 JavaThread "Unconstrained build operations Thread 15" [_thread_blocked, id=7188, stack(0x000000b79cd00000,0x000000b79ce00000)]
  0x0000027690d07800 JavaThread "Unconstrained build operations Thread 16" [_thread_blocked, id=13860, stack(0x000000b79ce00000,0x000000b79cf00000)]
  0x00000276fed3b000 JavaThread "Unconstrained build operations Thread 17" [_thread_blocked, id=3884, stack(0x000000b79cf00000,0x000000b79d000000)]
  0x00000276fed3c800 JavaThread "Unconstrained build operations Thread 18" [_thread_blocked, id=1160, stack(0x000000b79d000000,0x000000b79d100000)]
  0x00000276fed3a800 JavaThread "Unconstrained build operations Thread 19" [_thread_blocked, id=5160, stack(0x000000b79d100000,0x000000b79d200000)]
  0x00000276fed3c000 JavaThread "Unconstrained build operations Thread 20" [_thread_blocked, id=6000, stack(0x000000b79d200000,0x000000b79d300000)]
  0x00000276fed3d800 JavaThread "Unconstrained build operations Thread 21" [_thread_blocked, id=13772, stack(0x000000b79d300000,0x000000b79d400000)]
  0x00000276fed3e800 JavaThread "Unconstrained build operations Thread 22" [_thread_blocked, id=14072, stack(0x000000b79d400000,0x000000b79d500000)]
  0x00000276fed38800 JavaThread "Unconstrained build operations Thread 23" [_thread_blocked, id=6264, stack(0x000000b79d500000,0x000000b79d600000)]
  0x00000276fed3f000 JavaThread "Unconstrained build operations Thread 24" [_thread_blocked, id=13688, stack(0x000000b79d600000,0x000000b79d700000)]
  0x00000276fed39800 JavaThread "Unconstrained build operations Thread 25" [_thread_blocked, id=8724, stack(0x000000b79d700000,0x000000b79d800000)]
  0x00000276fed44000 JavaThread "Unconstrained build operations Thread 26" [_thread_blocked, id=9712, stack(0x000000b79d800000,0x000000b79d900000)]
  0x00000276fed41800 JavaThread "Unconstrained build operations Thread 27" [_thread_blocked, id=8236, stack(0x000000b79d900000,0x000000b79da00000)]
  0x00000276fed42800 JavaThread "Unconstrained build operations Thread 28" [_thread_blocked, id=12808, stack(0x000000b79da00000,0x000000b79db00000)]
  0x00000276fed43000 JavaThread "Unconstrained build operations Thread 29" [_thread_blocked, id=11160, stack(0x000000b79db00000,0x000000b79dc00000)]
  0x00000276fed45800 JavaThread "Unconstrained build operations Thread 30" [_thread_blocked, id=8952, stack(0x000000b79dc00000,0x000000b79dd00000)]
  0x00000276fed45000 JavaThread "Unconstrained build operations Thread 31" [_thread_blocked, id=13220, stack(0x000000b79dd00000,0x000000b79de00000)]
  0x00000276fed40000 JavaThread "Unconstrained build operations Thread 32" [_thread_blocked, id=10456, stack(0x000000b79de00000,0x000000b79df00000)]
  0x00000276fed41000 JavaThread "Unconstrained build operations Thread 33" [_thread_blocked, id=13720, stack(0x000000b79df00000,0x000000b79e000000)]
  0x00000276fed47800 JavaThread "Unconstrained build operations Thread 34" [_thread_blocked, id=14216, stack(0x000000b79e000000,0x000000b79e100000)]
  0x00000276fed46800 JavaThread "Unconstrained build operations Thread 35" [_thread_blocked, id=2612, stack(0x000000b79e100000,0x000000b79e200000)]
  0x0000027690ca3800 JavaThread "Unconstrained build operations Thread 36" [_thread_blocked, id=3948, stack(0x000000b79e200000,0x000000b79e300000)]
  0x0000027690ca7000 JavaThread "Unconstrained build operations Thread 37" [_thread_blocked, id=5544, stack(0x000000b79e300000,0x000000b79e400000)]
  0x0000027690ca6000 JavaThread "Unconstrained build operations Thread 38" [_thread_blocked, id=1724, stack(0x000000b79e400000,0x000000b79e500000)]
  0x0000027690ca2800 JavaThread "Unconstrained build operations Thread 39" [_thread_blocked, id=10804, stack(0x000000b79e500000,0x000000b79e600000)]
  0x0000027690ca5000 JavaThread "Unconstrained build operations Thread 40" [_thread_blocked, id=13320, stack(0x000000b79e600000,0x000000b79e700000)]
  0x0000027690ca8800 JavaThread "Unconstrained build operations Thread 41" [_thread_blocked, id=12860, stack(0x000000b79e700000,0x000000b79e800000)]
  0x0000027690ca9800 JavaThread "Unconstrained build operations Thread 42" [_thread_blocked, id=14324, stack(0x000000b79e800000,0x000000b79e900000)]
  0x0000027690caa000 JavaThread "Unconstrained build operations Thread 43" [_thread_blocked, id=13544, stack(0x000000b79e900000,0x000000b79ea00000)]
  0x0000027690ca7800 JavaThread "Unconstrained build operations Thread 44" [_thread_blocked, id=2744, stack(0x000000b79ea00000,0x000000b79eb00000)]
  0x0000027690ca4800 JavaThread "Unconstrained build operations Thread 45" [_thread_blocked, id=14048, stack(0x000000b79eb00000,0x000000b79ec00000)]
  0x0000027690caf000 JavaThread "Unconstrained build operations Thread 46" [_thread_blocked, id=13476, stack(0x000000b79ec00000,0x000000b79ed00000)]
  0x0000027690cac800 JavaThread "Unconstrained build operations Thread 47" [_thread_blocked, id=11656, stack(0x000000b79ed00000,0x000000b79ee00000)]
  0x0000027690cb0000 JavaThread "Unconstrained build operations Thread 48" [_thread_blocked, id=13384, stack(0x000000b79ee00000,0x000000b79ef00000)]
  0x0000027690cad800 JavaThread "Unconstrained build operations Thread 49" [_thread_blocked, id=6348, stack(0x000000b79ef00000,0x000000b79f000000)]
  0x0000027690cae000 JavaThread "Unconstrained build operations Thread 50" [_thread_blocked, id=3024, stack(0x000000b79f000000,0x000000b79f100000)]
  0x0000027690cb0800 JavaThread "Unconstrained build operations Thread 51" [_thread_blocked, id=7864, stack(0x000000b79f100000,0x000000b79f200000)]
  0x0000027690cab000 JavaThread "Unconstrained build operations Thread 52" [_thread_blocked, id=14024, stack(0x000000b79f200000,0x000000b79f300000)]
  0x0000027690cb1800 JavaThread "Unconstrained build operations Thread 53" [_thread_blocked, id=4224, stack(0x000000b79f300000,0x000000b79f400000)]
  0x0000027690cab800 JavaThread "Unconstrained build operations Thread 54" [_thread_blocked, id=4772, stack(0x000000b79f400000,0x000000b79f500000)]
  0x0000027690619000 JavaThread "Unconstrained build operations Thread 55" [_thread_blocked, id=13388, stack(0x000000b79f500000,0x000000b79f600000)]
  0x0000027690614000 JavaThread "Unconstrained build operations Thread 56" [_thread_blocked, id=11808, stack(0x000000b79f600000,0x000000b79f700000)]
  0x0000027690615000 JavaThread "Unconstrained build operations Thread 57" [_thread_blocked, id=14168, stack(0x000000b79f700000,0x000000b79f800000)]
  0x0000027690613800 JavaThread "Unconstrained build operations Thread 58" [_thread_blocked, id=6492, stack(0x000000b79f800000,0x000000b79f900000)]
  0x000002769061a000 JavaThread "Unconstrained build operations Thread 59" [_thread_blocked, id=13816, stack(0x000000b79f900000,0x000000b79fa00000)]
  0x000002769061a800 JavaThread "Unconstrained build operations Thread 60" [_thread_blocked, id=12992, stack(0x000000b79fa00000,0x000000b79fb00000)]
  0x000002769061b800 JavaThread "Unconstrained build operations Thread 61" [_thread_blocked, id=13288, stack(0x000000b79fb00000,0x000000b79fc00000)]
  0x0000027690615800 JavaThread "Unconstrained build operations Thread 62" [_thread_blocked, id=13696, stack(0x000000b79fc00000,0x000000b79fd00000)]
  0x000002769061c800 JavaThread "Unconstrained build operations Thread 63" [_thread_blocked, id=1904, stack(0x000000b79fd00000,0x000000b79fe00000)]
  0x0000027690617800 JavaThread "Unconstrained build operations Thread 64" [_thread_blocked, id=9068, stack(0x000000b79fe00000,0x000000b79ff00000)]
  0x0000027690616800 JavaThread "Unconstrained build operations Thread 65" [_thread_blocked, id=13908, stack(0x000000b79ff00000,0x000000b7a0000000)]
  0x000002769061d000 JavaThread "Unconstrained build operations Thread 66" [_thread_blocked, id=4376, stack(0x000000b7a0000000,0x000000b7a0100000)]
  0x000002769061e000 JavaThread "Unconstrained build operations Thread 67" [_thread_blocked, id=14096, stack(0x000000b7a0100000,0x000000b7a0200000)]
  0x0000027690618000 JavaThread "Unconstrained build operations Thread 68" [_thread_blocked, id=13392, stack(0x000000b7a0200000,0x000000b7a0300000)]
  0x0000027690621000 JavaThread "Unconstrained build operations Thread 69" [_thread_blocked, id=13344, stack(0x000000b7a0300000,0x000000b7a0400000)]
  0x000002769061e800 JavaThread "Unconstrained build operations Thread 70" [_thread_blocked, id=13664, stack(0x000000b7a0400000,0x000000b7a0500000)]
  0x000002769061f800 JavaThread "Unconstrained build operations Thread 71" [_thread_blocked, id=13960, stack(0x000000b7a0500000,0x000000b7a0600000)]
  0x0000027690622000 JavaThread "Unconstrained build operations Thread 72" [_thread_blocked, id=12576, stack(0x000000b7a0600000,0x000000b7a0700000)]
  0x0000027690620800 JavaThread "Unconstrained build operations Thread 73" [_thread_blocked, id=6612, stack(0x000000b7a0700000,0x000000b7a0800000)]
  0x0000027690193800 JavaThread "Unconstrained build operations Thread 74" [_thread_blocked, id=3612, stack(0x000000b7a0800000,0x000000b7a0900000)]
  0x0000027690192000 JavaThread "Unconstrained build operations Thread 75" [_thread_blocked, id=11024, stack(0x000000b7a0900000,0x000000b7a0a00000)]
  0x000002769018e000 JavaThread "Unconstrained build operations Thread 76" [_thread_blocked, id=7820, stack(0x000000b7a0a00000,0x000000b7a0b00000)]
  0x0000027690194800 JavaThread "Unconstrained build operations Thread 77" [_thread_blocked, id=13868, stack(0x000000b7a0b00000,0x000000b7a0c00000)]
  0x0000027690192800 JavaThread "Unconstrained build operations Thread 78" [_thread_blocked, id=14188, stack(0x000000b7a0c00000,0x000000b7a0d00000)]
  0x0000027690191000 JavaThread "Unconstrained build operations Thread 79" [_thread_blocked, id=9212, stack(0x000000b7a0d00000,0x000000b7a0e00000)]
  0x000002769018e800 JavaThread "Unconstrained build operations Thread 80" [_thread_blocked, id=8816, stack(0x000000b7a0e00000,0x000000b7a0f00000)]
  0x0000027690195000 JavaThread "jar transforms Thread 6" [_thread_blocked, id=4500, stack(0x000000b7a0f00000,0x000000b7a1000000)]
  0x000002769018f800 JavaThread "jar transforms Thread 7" [_thread_blocked, id=11136, stack(0x000000b7a1000000,0x000000b7a1100000)]
  0x0000027690196000 JavaThread "jar transforms Thread 8" [_thread_blocked, id=7668, stack(0x000000b7a1100000,0x000000b7a1200000)]
  0x0000027690190800 JavaThread "build event listener" [_thread_blocked, id=4776, stack(0x000000b7a1200000,0x000000b7a1300000)]
  0x000002769019b800 JavaThread "Memory manager" [_thread_blocked, id=12964, stack(0x000000b7a1300000,0x000000b7a1400000)]
  0x0000027690198800 JavaThread "included builds" [_thread_blocked, id=10904, stack(0x000000b7a1400000,0x000000b7a1500000)]
  0x000002769019c800 JavaThread "Execution worker" [_thread_blocked, id=5496, stack(0x000000b7a1500000,0x000000b7a1600000)]
  0x0000027690197000 JavaThread "Execution worker Thread 2" [_thread_blocked, id=14284, stack(0x000000b7a1600000,0x000000b7a1700000)]
  0x000002769019b000 JavaThread "Execution worker Thread 3" [_thread_blocked, id=2884, stack(0x000000b7a1700000,0x000000b7a1800000)]
  0x0000027690197800 JavaThread "Execution worker Thread 4" [_thread_blocked, id=9192, stack(0x000000b7a1800000,0x000000b7a1900000)]
  0x0000027690199800 JavaThread "Execution worker Thread 5" [_thread_blocked, id=5692, stack(0x000000b7a1900000,0x000000b7a1a00000)]
=>0x000002769617c000 JavaThread "Execution worker Thread 6" [_thread_in_Java, id=13676, stack(0x000000b7a1a00000,0x000000b7a1b00000)]
  0x000002769617c800 JavaThread "Execution worker Thread 7" [_thread_blocked, id=5524, stack(0x000000b7a1b00000,0x000000b7a1c00000)]
  0x0000027696177000 JavaThread "Cache worker for execution history cache (C:\Users\akram\AndroidStudioProjects\BloodBUMP\.gradle\7.5\executionHistory)" [_thread_blocked, id=4868, stack(0x000000b7a1c00000,0x000000b7a1d00000)]
  0x0000027696179800 JavaThread "WorkerExecutor Queue" [_thread_blocked, id=10472, stack(0x000000b7a1e00000,0x000000b7a1f00000)]
  0x0000027696178000 JavaThread "WorkerExecutor Queue Thread 2" [_thread_blocked, id=8292, stack(0x000000b7a1f00000,0x000000b7a2000000)]
  0x000002769617b000 JavaThread "WorkerExecutor Queue Thread 3" [_thread_blocked, id=13768, stack(0x000000b7a2000000,0x000000b7a2100000)]
  0x000002769617e800 JavaThread "WorkerExecutor Queue Thread 4" [_thread_blocked, id=11624, stack(0x000000b7a2100000,0x000000b7a2200000)]
  0x0000027696178800 JavaThread "WorkerExecutor Queue Thread 5" [_thread_blocked, id=4476, stack(0x000000b7a2200000,0x000000b7a2300000)]
  0x000002769617f000 JavaThread "WorkerExecutor Queue Thread 6" [_thread_blocked, id=12948, stack(0x000000b7a2300000,0x000000b7a2400000)]
  0x000002769617d800 JavaThread "WorkerExecutor Queue Thread 7" [_thread_blocked, id=7292, stack(0x000000b7a2400000,0x000000b7a2500000)]
  0x0000027696183800 JavaThread "pool-3-thread-1" [_thread_blocked, id=2288, stack(0x000000b7a2500000,0x000000b7a2600000)]
  0x0000027696184000 JavaThread "stderr" [_thread_in_native, id=12692, stack(0x000000b7a2600000,0x000000b7a2700000)]
  0x0000027696185000 JavaThread "stdout" [_thread_in_native, id=6840, stack(0x000000b7a2700000,0x000000b7a2800000)]
  0x0000027696181800 JavaThread "Cache worker for Java compile cache (C:\Users\akram\AndroidStudioProjects\app\caches\7.5\javaCompile)" [_thread_blocked, id=8584, stack(0x000000b7a2800000,0x000000b7a2900000)]
  0x0000027696182800 JavaThread "Build operations" [_thread_blocked, id=1840, stack(0x000000b7a2900000,0x000000b7a2a00000)]
  0x0000027696185800 JavaThread "Build operations Thread 2" [_thread_blocked, id=14272, stack(0x000000b7a2a00000,0x000000b7a2b00000)]
  0x000002769105e000 JavaThread "Build operations Thread 3" [_thread_blocked, id=7676, stack(0x000000b7a2b00000,0x000000b7a2c00000)]
  0x000002769105f000 JavaThread "Build operations Thread 4" [_thread_blocked, id=7220, stack(0x000000b7a2c00000,0x000000b7a2d00000)]
  0x0000027691060000 JavaThread "Build operations Thread 5" [_thread_blocked, id=7844, stack(0x000000b7a2d00000,0x000000b7a2e00000)]
  0x000002769105c800 JavaThread "Build operations Thread 6" [_thread_blocked, id=2512, stack(0x000000b7a2e00000,0x000000b7a2f00000)]
  0x000002769105d800 JavaThread "Build operations Thread 7" [_thread_blocked, id=9632, stack(0x000000b7a2f00000,0x000000b7a3000000)]
  0x0000027691060800 JavaThread "Build operations Thread 8" [_thread_blocked, id=2352, stack(0x000000b7a3000000,0x000000b7a3100000)]
  0x0000027694f30800 JavaThread "C2 CompilerThread1" daemon [_thread_in_native, id=12612, stack(0x000000b799800000,0x000000b799900000)]
  0x000002768fef6800 JavaThread "C2 CompilerThread2" daemon [_thread_in_native, id=7544, stack(0x000000b799900000,0x000000b799a00000)]

Other Threads:
  0x00000276fbc35800 VMThread "VM Thread" [stack: 0x000000b798d00000,0x000000b798e00000] [id=13988]
  0x00000276fc747800 WatcherThread [stack: 0x000000b799700000,0x000000b799800000] [id=11192]
  0x00000276ecc3b000 GCTaskThread "GC Thread#0" [stack: 0x000000b798800000,0x000000b798900000] [id=14032]
  0x00000276fd9f8800 GCTaskThread "GC Thread#1" [stack: 0x000000b799a00000,0x000000b799b00000] [id=13064]
  0x00000276fe79e800 GCTaskThread "GC Thread#2" [stack: 0x000000b79a500000,0x000000b79a600000] [id=13684]
  0x00000276fe58a800 GCTaskThread "GC Thread#3" [stack: 0x000000b79a600000,0x000000b79a700000] [id=4188]
  0x00000276fe58b000 GCTaskThread "GC Thread#4" [stack: 0x000000b79a700000,0x000000b79a800000] [id=13640]
  0x00000276fdd34000 GCTaskThread "GC Thread#5" [stack: 0x000000b79a800000,0x000000b79a900000] [id=10708]
  0x00000276fdd35000 GCTaskThread "GC Thread#6" [stack: 0x000000b79a900000,0x000000b79aa00000] [id=8648]
  0x00000276fe401800 GCTaskThread "GC Thread#7" [stack: 0x000000b79aa00000,0x000000b79ab00000] [id=13776]
  0x00000276ecc70000 ConcurrentGCThread "G1 Main Marker" [stack: 0x000000b798900000,0x000000b798a00000] [id=14140]
  0x00000276ecc72000 ConcurrentGCThread "G1 Conc#0" [stack: 0x000000b798a00000,0x000000b798b00000] [id=14112]
  0x00000276fe400000 ConcurrentGCThread "G1 Conc#1" [stack: 0x000000b79af00000,0x000000b79b000000] [id=13328]
  0x00000276fba84800 ConcurrentGCThread "G1 Refine#0" [stack: 0x000000b798b00000,0x000000b798c00000] [id=10372]
  0x00000276fd9f7800 ConcurrentGCThread "G1 Refine#1" [stack: 0x000000b79ab00000,0x000000b79ac00000] [id=4696]
  0x00000276fe403800 ConcurrentGCThread "G1 Refine#2" [stack: 0x000000b7a1d00000,0x000000b7a1e00000] [id=10124]
  0x00000276fba87000 ConcurrentGCThread "G1 Young RemSet Sampling" [stack: 0x000000b798c00000,0x000000b798d00000] [id=5620]

Threads with active compile tasks:
C2 CompilerThread0    20066 15486       4       com.sun.tools.javac.code.Symbol$ClassSymbol::flags (9 bytes)
C2 CompilerThread1    20066 15176   !   4       com.sun.tools.javac.code.Symbol$ClassSymbol::complete (52 bytes)
C2 CompilerThread2    20066 15637       4       com.sun.tools.javac.comp.Resolve::findInheritedMemberType (186 bytes)

VM state:not at safepoint (normal execution)

VM Mutex/Monitor currently owned by a thread: None

Heap address: 0x0000000080000000, size: 2048 MB, Compressed Oops mode: 32-bit
Narrow klass base: 0x0000000000000000, Narrow klass shift: 3
Compressed class space size: 1073741824 Address: 0x0000000100000000

Heap:
 garbage-first heap   total 253952K, used 171809K [0x0000000080000000, 0x0000000100000000)
  region size 1024K, 52 young (53248K), 11 survivors (11264K)
 Metaspace       used 108035K, capacity 111177K, committed 111392K, reserved 1144832K
  class space    used 13953K, capacity 15123K, committed 15180K, reserved 1048576K
Heap Regions: E=young(eden), S=young(survivor), O=old, HS=humongous(starts), HC=humongous(continues), CS=collection set, F=free, A=archive, TAMS=top-at-mark-start (previous, next)
|   0|0x0000000080000000, 0x0000000080100000, 0x0000000080100000|100%| O|  |TAMS 0x0000000080100000, 0x0000000080000000| Untracked 
|   1|0x0000000080100000, 0x0000000080200000, 0x0000000080200000|100%| O|  |TAMS 0x0000000080200000, 0x0000000080100000| Untracked 
|   2|0x0000000080200000, 0x0000000080300000, 0x0000000080300000|100%| O|  |TAMS 0x0000000080300000, 0x0000000080200000| Untracked 
|   3|0x0000000080300000, 0x0000000080400000, 0x0000000080400000|100%|HS|  |TAMS 0x0000000080400000, 0x0000000080300000| Complete 
|   4|0x0000000080400000, 0x0000000080500000, 0x0000000080500000|100%|HC|  |TAMS 0x0000000080500000, 0x0000000080400000| Complete 
|   5|0x0000000080500000, 0x0000000080600000, 0x0000000080600000|100%|HC|  |TAMS 0x0000000080600000, 0x0000000080500000| Complete 
|   6|0x0000000080600000, 0x0000000080700000, 0x0000000080700000|100%| O|  |TAMS 0x0000000080700000, 0x0000000080600000| Untracked 
|   7|0x0000000080700000, 0x0000000080800000, 0x0000000080800000|100%| O|  |TAMS 0x0000000080800000, 0x0000000080700000| Untracked 
|   8|0x0000000080800000, 0x0000000080900000, 0x0000000080900000|100%| O|  |TAMS 0x0000000080900000, 0x0000000080800000| Untracked 
|   9|0x0000000080900000, 0x0000000080a00000, 0x0000000080a00000|100%| O|  |TAMS 0x0000000080a00000, 0x0000000080900000| Untracked 
|  10|0x0000000080a00000, 0x0000000080b00000, 0x0000000080b00000|100%| O|  |TAMS 0x0000000080b00000, 0x0000000080a00000| Untracked 
|  11|0x0000000080b00000, 0x0000000080c00000, 0x0000000080c00000|100%| O|  |TAMS 0x0000000080c00000, 0x0000000080b00000| Untracked 
|  12|0x0000000080c00000, 0x0000000080d00000, 0x0000000080d00000|100%| O|  |TAMS 0x0000000080d00000, 0x0000000080c00000| Untracked 
|  13|0x0000000080d00000, 0x0000000080e00000, 0x0000000080e00000|100%| O|  |TAMS 0x0000000080e00000, 0x0000000080d00000| Untracked 
|  14|0x0000000080e00000, 0x0000000080f00000, 0x0000000080f00000|100%| O|  |TAMS 0x0000000080f00000, 0x0000000080e00000| Untracked 
|  15|0x0000000080f00000, 0x0000000081000000, 0x0000000081000000|100%| O|  |TAMS 0x0000000081000000, 0x0000000080f00000| Untracked 
|  16|0x0000000081000000, 0x0000000081100000, 0x0000000081100000|100%| O|  |TAMS 0x0000000081100000, 0x0000000081000000| Untracked 
|  17|0x0000000081100000, 0x0000000081200000, 0x0000000081200000|100%| O|  |TAMS 0x0000000081200000, 0x0000000081100000| Untracked 
|  18|0x0000000081200000, 0x0000000081300000, 0x0000000081300000|100%|HS|  |TAMS 0x0000000081300000, 0x0000000081200000| Complete 
|  19|0x0000000081300000, 0x0000000081400000, 0x0000000081400000|100%| O|  |TAMS 0x0000000081400000, 0x0000000081300000| Untracked 
|  20|0x0000000081400000, 0x0000000081500000, 0x0000000081500000|100%| O|  |TAMS 0x0000000081500000, 0x0000000081400000| Untracked 
|  21|0x0000000081500000, 0x0000000081600000, 0x0000000081600000|100%| O|  |TAMS 0x0000000081600000, 0x0000000081500000| Untracked 
|  22|0x0000000081600000, 0x0000000081700000, 0x0000000081700000|100%| O|  |TAMS 0x0000000081700000, 0x0000000081600000| Untracked 
|  23|0x0000000081700000, 0x0000000081800000, 0x0000000081800000|100%| O|  |TAMS 0x0000000081800000, 0x0000000081700000| Untracked 
|  24|0x0000000081800000, 0x0000000081900000, 0x0000000081900000|100%| O|  |TAMS 0x0000000081900000, 0x0000000081800000| Untracked 
|  25|0x0000000081900000, 0x0000000081a00000, 0x0000000081a00000|100%| O|  |TAMS 0x0000000081a00000, 0x0000000081900000| Untracked 
|  26|0x0000000081a00000, 0x0000000081b00000, 0x0000000081b00000|100%| O|  |TAMS 0x0000000081b00000, 0x0000000081a00000| Untracked 
|  27|0x0000000081b00000, 0x0000000081c00000, 0x0000000081c00000|100%| O|  |TAMS 0x0000000081c00000, 0x0000000081b00000| Untracked 
|  28|0x0000000081c00000, 0x0000000081d00000, 0x0000000081d00000|100%| O|  |TAMS 0x0000000081d00000, 0x0000000081c00000| Untracked 
|  29|0x0000000081d00000, 0x0000000081e00000, 0x0000000081e00000|100%|HS|  |TAMS 0x0000000081e00000, 0x0000000081d00000| Complete 
|  30|0x0000000081e00000, 0x0000000081f00000, 0x0000000081f00000|100%| O|  |TAMS 0x0000000081f00000, 0x0000000081e00000| Untracked 
|  31|0x0000000081f00000, 0x0000000082000000, 0x0000000082000000|100%| O|  |TAMS 0x0000000082000000, 0x0000000081f00000| Untracked 
|  32|0x0000000082000000, 0x0000000082100000, 0x0000000082100000|100%| O|  |TAMS 0x0000000082100000, 0x0000000082000000| Untracked 
|  33|0x0000000082100000, 0x0000000082200000, 0x0000000082200000|100%| O|  |TAMS 0x0000000082200000, 0x0000000082100000| Untracked 
|  34|0x0000000082200000, 0x0000000082300000, 0x0000000082300000|100%| O|  |TAMS 0x0000000082300000, 0x0000000082200000| Untracked 
|  35|0x0000000082300000, 0x0000000082400000, 0x0000000082400000|100%| O|  |TAMS 0x0000000082400000, 0x0000000082300000| Untracked 
|  36|0x0000000082400000, 0x0000000082500000, 0x0000000082500000|100%| O|  |TAMS 0x0000000082500000, 0x0000000082400000| Untracked 
|  37|0x0000000082500000, 0x0000000082600000, 0x0000000082600000|100%| O|  |TAMS 0x0000000082600000, 0x0000000082500000| Untracked 
|  38|0x0000000082600000, 0x0000000082700000, 0x0000000082700000|100%| O|  |TAMS 0x0000000082700000, 0x0000000082600000| Untracked 
|  39|0x0000000082700000, 0x0000000082800000, 0x0000000082800000|100%| O|  |TAMS 0x0000000082800000, 0x0000000082700000| Untracked 
|  40|0x0000000082800000, 0x0000000082900000, 0x0000000082900000|100%| O|  |TAMS 0x0000000082900000, 0x0000000082800000| Untracked 
|  41|0x0000000082900000, 0x0000000082a00000, 0x0000000082a00000|100%| O|  |TAMS 0x0000000082a00000, 0x0000000082900000| Untracked 
|  42|0x0000000082a00000, 0x0000000082b00000, 0x0000000082b00000|100%| O|  |TAMS 0x0000000082b00000, 0x0000000082a00000| Untracked 
|  43|0x0000000082b00000, 0x0000000082c00000, 0x0000000082c00000|100%| O|  |TAMS 0x0000000082c00000, 0x0000000082b00000| Untracked 
|  44|0x0000000082c00000, 0x0000000082d00000, 0x0000000082d00000|100%| O|  |TAMS 0x0000000082d00000, 0x0000000082c00000| Untracked 
|  45|0x0000000082d00000, 0x0000000082e00000, 0x0000000082e00000|100%| O|  |TAMS 0x0000000082e00000, 0x0000000082d00000| Untracked 
|  46|0x0000000082e00000, 0x0000000082f00000, 0x0000000082f00000|100%| O|  |TAMS 0x0000000082f00000, 0x0000000082e00000| Untracked 
|  47|0x0000000082f00000, 0x0000000083000000, 0x0000000083000000|100%| O|  |TAMS 0x0000000083000000, 0x0000000082f00000| Untracked 
|  48|0x0000000083000000, 0x0000000083100000, 0x0000000083100000|100%| O|  |TAMS 0x0000000083100000, 0x0000000083000000| Untracked 
|  49|0x0000000083100000, 0x0000000083200000, 0x0000000083200000|100%| O|  |TAMS 0x0000000083200000, 0x0000000083100000| Untracked 
|  50|0x0000000083200000, 0x0000000083300000, 0x0000000083300000|100%| O|  |TAMS 0x0000000083300000, 0x0000000083200000| Untracked 
|  51|0x0000000083300000, 0x0000000083400000, 0x0000000083400000|100%| O|  |TAMS 0x0000000083400000, 0x0000000083300000| Untracked 
|  52|0x0000000083400000, 0x0000000083500000, 0x0000000083500000|100%| O|  |TAMS 0x0000000083500000, 0x0000000083400000| Untracked 
|  53|0x0000000083500000, 0x0000000083600000, 0x0000000083600000|100%| O|  |TAMS 0x0000000083600000, 0x0000000083500000| Untracked 
|  54|0x0000000083600000, 0x0000000083700000, 0x0000000083700000|100%| O|  |TAMS 0x0000000083700000, 0x0000000083600000| Untracked 
|  55|0x0000000083700000, 0x0000000083800000, 0x0000000083800000|100%| O|  |TAMS 0x0000000083800000, 0x0000000083700000| Untracked 
|  56|0x0000000083800000, 0x0000000083900000, 0x0000000083900000|100%| O|  |TAMS 0x0000000083900000, 0x0000000083800000| Untracked 
|  57|0x0000000083900000, 0x0000000083a00000, 0x0000000083a00000|100%| O|  |TAMS 0x0000000083a00000, 0x0000000083900000| Untracked 
|  58|0x0000000083a00000, 0x0000000083b00000, 0x0000000083b00000|100%| O|  |TAMS 0x0000000083b00000, 0x0000000083a00000| Untracked 
|  59|0x0000000083b00000, 0x0000000083c00000, 0x0000000083c00000|100%| O|  |TAMS 0x0000000083c00000, 0x0000000083b00000| Untracked 
|  60|0x0000000083c00000, 0x0000000083d00000, 0x0000000083d00000|100%| O|  |TAMS 0x0000000083d00000, 0x0000000083c00000| Untracked 
|  61|0x0000000083d00000, 0x0000000083e00000, 0x0000000083e00000|100%| O|  |TAMS 0x0000000083e00000, 0x0000000083d00000| Untracked 
|  62|0x0000000083e00000, 0x0000000083f00000, 0x0000000083f00000|100%| O|  |TAMS 0x0000000083f00000, 0x0000000083e00000| Untracked 
|  63|0x0000000083f00000, 0x0000000084000000, 0x0000000084000000|100%| O|  |TAMS 0x0000000084000000, 0x0000000083f00000| Untracked 
|  64|0x0000000084000000, 0x0000000084100000, 0x0000000084100000|100%| O|  |TAMS 0x0000000084100000, 0x0000000084000000| Untracked 
|  65|0x0000000084100000, 0x0000000084200000, 0x0000000084200000|100%| O|  |TAMS 0x0000000084200000, 0x0000000084100000| Untracked 
|  66|0x0000000084200000, 0x0000000084300000, 0x0000000084300000|100%| O|  |TAMS 0x0000000084300000, 0x0000000084200000| Untracked 
|  67|0x0000000084300000, 0x0000000084400000, 0x0000000084400000|100%| O|  |TAMS 0x0000000084400000, 0x0000000084300000| Untracked 
|  68|0x0000000084400000, 0x0000000084500000, 0x0000000084500000|100%| O|  |TAMS 0x0000000084500000, 0x0000000084400000| Untracked 
|  69|0x0000000084500000, 0x0000000084600000, 0x0000000084600000|100%| O|  |TAMS 0x0000000084600000, 0x0000000084500000| Untracked 
|  70|0x0000000084600000, 0x0000000084700000, 0x0000000084700000|100%| O|  |TAMS 0x0000000084700000, 0x0000000084600000| Untracked 
|  71|0x0000000084700000, 0x0000000084800000, 0x0000000084800000|100%| O|  |TAMS 0x0000000084800000, 0x0000000084700000| Untracked 
|  72|0x0000000084800000, 0x0000000084900000, 0x0000000084900000|100%| O|  |TAMS 0x0000000084900000, 0x0000000084800000| Untracked 
|  73|0x0000000084900000, 0x0000000084a00000, 0x0000000084a00000|100%| O|  |TAMS 0x0000000084a00000, 0x0000000084900000| Untracked 
|  74|0x0000000084a00000, 0x0000000084b00000, 0x0000000084b00000|100%| O|  |TAMS 0x0000000084b00000, 0x0000000084a00000| Untracked 
|  75|0x0000000084b00000, 0x0000000084c00000, 0x0000000084c00000|100%| O|  |TAMS 0x0000000084c00000, 0x0000000084b00000| Untracked 
|  76|0x0000000084c00000, 0x0000000084d00000, 0x0000000084d00000|100%| O|  |TAMS 0x0000000084d00000, 0x0000000084c00000| Untracked 
|  77|0x0000000084d00000, 0x0000000084e00000, 0x0000000084e00000|100%| O|  |TAMS 0x0000000084e00000, 0x0000000084d00000| Untracked 
|  78|0x0000000084e00000, 0x0000000084f00000, 0x0000000084f00000|100%| O|  |TAMS 0x0000000084f00000, 0x0000000084e00000| Untracked 
|  79|0x0000000084f00000, 0x0000000085000000, 0x0000000085000000|100%| O|  |TAMS 0x0000000085000000, 0x0000000084f00000| Untracked 
|  80|0x0000000085000000, 0x0000000085100000, 0x0000000085100000|100%| O|  |TAMS 0x0000000085100000, 0x0000000085000000| Untracked 
|  81|0x0000000085100000, 0x0000000085200000, 0x0000000085200000|100%| O|  |TAMS 0x0000000085200000, 0x0000000085100000| Untracked 
|  82|0x0000000085200000, 0x0000000085300000, 0x0000000085300000|100%| O|  |TAMS 0x0000000085300000, 0x0000000085200000| Untracked 
|  83|0x0000000085300000, 0x0000000085400000, 0x0000000085400000|100%| O|  |TAMS 0x0000000085400000, 0x0000000085300000| Untracked 
|  84|0x0000000085400000, 0x0000000085500000, 0x0000000085500000|100%| O|  |TAMS 0x0000000085500000, 0x0000000085400000| Untracked 
|  85|0x0000000085500000, 0x0000000085600000, 0x0000000085600000|100%| O|  |TAMS 0x0000000085600000, 0x0000000085500000| Untracked 
|  86|0x0000000085600000, 0x0000000085700000, 0x0000000085700000|100%| O|  |TAMS 0x0000000085700000, 0x0000000085600000| Untracked 
|  87|0x0000000085700000, 0x0000000085800000, 0x0000000085800000|100%| O|  |TAMS 0x0000000085800000, 0x0000000085700000| Untracked 
|  88|0x0000000085800000, 0x0000000085900000, 0x0000000085900000|100%| O|  |TAMS 0x0000000085900000, 0x0000000085800000| Untracked 
|  89|0x0000000085900000, 0x0000000085a00000, 0x0000000085a00000|100%| O|  |TAMS 0x0000000085989e00, 0x0000000085900000| Untracked 
|  90|0x0000000085a00000, 0x0000000085b00000, 0x0000000085b00000|100%| O|  |TAMS 0x0000000085a00000, 0x0000000085a00000| Untracked 
|  91|0x0000000085b00000, 0x0000000085c00000, 0x0000000085c00000|100%| O|  |TAMS 0x0000000085b00000, 0x0000000085b00000| Untracked 
|  92|0x0000000085c00000, 0x0000000085d00000, 0x0000000085d00000|100%| O|  |TAMS 0x0000000085c00000, 0x0000000085c00000| Untracked 
|  93|0x0000000085d00000, 0x0000000085e00000, 0x0000000085e00000|100%| O|  |TAMS 0x0000000085d00000, 0x0000000085d00000| Untracked 
|  94|0x0000000085e00000, 0x0000000085f00000, 0x0000000085f00000|100%|HS|  |TAMS 0x0000000085e00000, 0x0000000085e00000| Complete 
|  95|0x0000000085f00000, 0x0000000086000000, 0x0000000086000000|100%|HC|  |TAMS 0x0000000085f00000, 0x0000000085f00000| Complete 
|  96|0x0000000086000000, 0x0000000086100000, 0x0000000086100000|100%| O|  |TAMS 0x0000000086100000, 0x0000000086000000| Untracked 
|  97|0x0000000086100000, 0x0000000086200000, 0x0000000086200000|100%| O|  |TAMS 0x0000000086200000, 0x0000000086100000| Untracked 
|  98|0x0000000086200000, 0x0000000086300000, 0x0000000086300000|100%| O|  |TAMS 0x0000000086300000, 0x0000000086200000| Untracked 
|  99|0x0000000086300000, 0x0000000086400000, 0x0000000086400000|100%| O|  |TAMS 0x0000000086400000, 0x0000000086300000| Untracked 
| 100|0x0000000086400000, 0x0000000086500000, 0x0000000086500000|100%| O|  |TAMS 0x0000000086500000, 0x0000000086400000| Untracked 
| 101|0x0000000086500000, 0x0000000086600000, 0x0000000086600000|100%| O|  |TAMS 0x0000000086600000, 0x0000000086500000| Untracked 
| 102|0x0000000086600000, 0x0000000086700000, 0x0000000086700000|100%| O|  |TAMS 0x0000000086600000, 0x0000000086600000| Untracked 
| 103|0x0000000086700000, 0x0000000086800000, 0x0000000086800000|100%| O|  |TAMS 0x0000000086700000, 0x0000000086700000| Untracked 
| 104|0x0000000086800000, 0x0000000086900000, 0x0000000086900000|100%| O|  |TAMS 0x0000000086900000, 0x0000000086800000| Untracked 
| 105|0x0000000086900000, 0x0000000086a00000, 0x0000000086a00000|100%| O|  |TAMS 0x0000000086a00000, 0x0000000086900000| Untracked 
| 106|0x0000000086a00000, 0x0000000086b00000, 0x0000000086b00000|100%| O|  |TAMS 0x0000000086b00000, 0x0000000086a00000| Untracked 
| 107|0x0000000086b00000, 0x0000000086c00000, 0x0000000086c00000|100%| O|  |TAMS 0x0000000086c00000, 0x0000000086b00000| Untracked 
| 108|0x0000000086c00000, 0x0000000086d00000, 0x0000000086d00000|100%| O|  |TAMS 0x0000000086d00000, 0x0000000086c00000| Untracked 
| 109|0x0000000086d00000, 0x0000000086e00000, 0x0000000086e00000|100%| O|  |TAMS 0x0000000086e00000, 0x0000000086d00000| Untracked 
| 110|0x0000000086e00000, 0x0000000086f00000, 0x0000000086f00000|100%| O|  |TAMS 0x0000000086e00000, 0x0000000086e00000| Untracked 
| 111|0x0000000086f00000, 0x0000000087000000, 0x0000000087000000|100%| O|  |TAMS 0x0000000086f00000, 0x0000000086f00000| Untracked 
| 112|0x0000000087000000, 0x0000000087100000, 0x0000000087100000|100%| O|  |TAMS 0x0000000087000000, 0x0000000087000000| Untracked 
| 113|0x0000000087100000, 0x0000000087200000, 0x0000000087200000|100%| O|  |TAMS 0x0000000087100000, 0x0000000087100000| Untracked 
| 114|0x0000000087200000, 0x0000000087300000, 0x0000000087300000|100%| O|  |TAMS 0x0000000087200000, 0x0000000087200000| Untracked 
| 115|0x0000000087300000, 0x0000000087400000, 0x0000000087400000|100%| O|  |TAMS 0x0000000087300000, 0x0000000087300000| Untracked 
| 116|0x0000000087400000, 0x00000000874c8400, 0x0000000087500000| 78%| O|  |TAMS 0x0000000087400000, 0x0000000087400000| Untracked 
| 117|0x0000000087500000, 0x0000000087500000, 0x0000000087600000|  0%| F|  |TAMS 0x0000000087500000, 0x0000000087500000| Untracked 
| 118|0x0000000087600000, 0x0000000087600000, 0x0000000087700000|  0%| F|  |TAMS 0x0000000087600000, 0x0000000087600000| Untracked 
| 119|0x0000000087700000, 0x0000000087700000, 0x0000000087800000|  0%| F|  |TAMS 0x0000000087700000, 0x0000000087700000| Untracked 
| 120|0x0000000087800000, 0x0000000087800000, 0x0000000087900000|  0%| F|  |TAMS 0x0000000087800000, 0x0000000087800000| Untracked 
| 121|0x0000000087900000, 0x0000000087900000, 0x0000000087a00000|  0%| F|  |TAMS 0x0000000087900000, 0x0000000087900000| Untracked 
| 122|0x0000000087a00000, 0x0000000087a00000, 0x0000000087b00000|  0%| F|  |TAMS 0x0000000087a00000, 0x0000000087a00000| Untracked 
| 123|0x0000000087b00000, 0x0000000087b00000, 0x0000000087c00000|  0%| F|  |TAMS 0x0000000087b00000, 0x0000000087b00000| Untracked 
| 124|0x0000000087c00000, 0x0000000087c00000, 0x0000000087d00000|  0%| F|  |TAMS 0x0000000087c00000, 0x0000000087c00000| Untracked 
| 125|0x0000000087d00000, 0x0000000087d00000, 0x0000000087e00000|  0%| F|  |TAMS 0x0000000087d00000, 0x0000000087d00000| Untracked 
| 126|0x0000000087e00000, 0x0000000087e00000, 0x0000000087f00000|  0%| F|  |TAMS 0x0000000087e00000, 0x0000000087e00000| Untracked 
| 127|0x0000000087f00000, 0x0000000087f00000, 0x0000000088000000|  0%| F|  |TAMS 0x0000000087f00000, 0x0000000087f00000| Untracked 
| 128|0x0000000088000000, 0x0000000088000000, 0x0000000088100000|  0%| F|  |TAMS 0x0000000088000000, 0x0000000088000000| Untracked 
| 129|0x0000000088100000, 0x0000000088100000, 0x0000000088200000|  0%| F|  |TAMS 0x0000000088100000, 0x0000000088100000| Untracked 
| 130|0x0000000088200000, 0x0000000088200000, 0x0000000088300000|  0%| F|  |TAMS 0x0000000088200000, 0x0000000088200000| Untracked 
| 131|0x0000000088300000, 0x0000000088300000, 0x0000000088400000|  0%| F|  |TAMS 0x0000000088300000, 0x0000000088300000| Untracked 
| 132|0x0000000088400000, 0x0000000088400000, 0x0000000088500000|  0%| F|  |TAMS 0x0000000088400000, 0x0000000088400000| Untracked 
| 133|0x0000000088500000, 0x0000000088500000, 0x0000000088600000|  0%| F|  |TAMS 0x0000000088500000, 0x0000000088500000| Untracked 
| 134|0x0000000088600000, 0x0000000088600000, 0x0000000088700000|  0%| F|  |TAMS 0x0000000088600000, 0x0000000088600000| Untracked 
| 135|0x0000000088700000, 0x0000000088700000, 0x0000000088800000|  0%| F|  |TAMS 0x0000000088700000, 0x0000000088700000| Untracked 
| 136|0x0000000088800000, 0x0000000088800000, 0x0000000088900000|  0%| F|  |TAMS 0x0000000088800000, 0x0000000088800000| Untracked 
| 137|0x0000000088900000, 0x0000000088900000, 0x0000000088a00000|  0%| F|  |TAMS 0x0000000088900000, 0x0000000088900000| Untracked 
| 138|0x0000000088a00000, 0x0000000088a00000, 0x0000000088b00000|  0%| F|  |TAMS 0x0000000088a00000, 0x0000000088a00000| Untracked 
| 139|0x0000000088b00000, 0x0000000088b00000, 0x0000000088c00000|  0%| F|  |TAMS 0x0000000088b00000, 0x0000000088b00000| Untracked 
| 140|0x0000000088c00000, 0x0000000088c00000, 0x0000000088d00000|  0%| F|  |TAMS 0x0000000088c00000, 0x0000000088c00000| Untracked 
| 141|0x0000000088d00000, 0x0000000088d00000, 0x0000000088e00000|  0%| F|  |TAMS 0x0000000088d00000, 0x0000000088d00000| Untracked 
| 142|0x0000000088e00000, 0x0000000088e00000, 0x0000000088f00000|  0%| F|  |TAMS 0x0000000088e00000, 0x0000000088e00000| Untracked 
| 143|0x0000000088f00000, 0x0000000088f00000, 0x0000000089000000|  0%| F|  |TAMS 0x0000000088f00000, 0x0000000088f00000| Untracked 
| 144|0x0000000089000000, 0x0000000089000000, 0x0000000089100000|  0%| F|  |TAMS 0x0000000089000000, 0x0000000089000000| Untracked 
| 145|0x0000000089100000, 0x0000000089100000, 0x0000000089200000|  0%| F|  |TAMS 0x0000000089100000, 0x0000000089100000| Untracked 
| 146|0x0000000089200000, 0x0000000089200000, 0x0000000089300000|  0%| F|  |TAMS 0x0000000089200000, 0x0000000089200000| Untracked 
| 147|0x0000000089300000, 0x0000000089300000, 0x0000000089400000|  0%| F|  |TAMS 0x0000000089300000, 0x0000000089300000| Untracked 
| 148|0x0000000089400000, 0x0000000089400000, 0x0000000089500000|  0%| F|  |TAMS 0x0000000089400000, 0x0000000089400000| Untracked 
| 149|0x0000000089500000, 0x0000000089500000, 0x0000000089600000|  0%| F|  |TAMS 0x0000000089500000, 0x0000000089500000| Untracked 
| 150|0x0000000089600000, 0x0000000089600000, 0x0000000089700000|  0%| F|  |TAMS 0x0000000089600000, 0x0000000089600000| Untracked 
| 151|0x0000000089700000, 0x0000000089700000, 0x0000000089800000|  0%| F|  |TAMS 0x0000000089700000, 0x0000000089700000| Untracked 
| 152|0x0000000089800000, 0x0000000089800000, 0x0000000089900000|  0%| F|  |TAMS 0x0000000089800000, 0x0000000089800000| Untracked 
| 153|0x0000000089900000, 0x0000000089900000, 0x0000000089a00000|  0%| F|  |TAMS 0x0000000089900000, 0x0000000089900000| Untracked 
| 154|0x0000000089a00000, 0x0000000089a00000, 0x0000000089b00000|  0%| F|  |TAMS 0x0000000089a00000, 0x0000000089a00000| Untracked 
| 155|0x0000000089b00000, 0x0000000089c00000, 0x0000000089c00000|100%| S|CS|TAMS 0x0000000089b00000, 0x0000000089b00000| Complete 
| 156|0x0000000089c00000, 0x0000000089d00000, 0x0000000089d00000|100%| S|CS|TAMS 0x0000000089c00000, 0x0000000089c00000| Complete 
| 157|0x0000000089d00000, 0x0000000089e00000, 0x0000000089e00000|100%| S|CS|TAMS 0x0000000089d00000, 0x0000000089d00000| Complete 
| 158|0x0000000089e00000, 0x0000000089f00000, 0x0000000089f00000|100%| S|CS|TAMS 0x0000000089e00000, 0x0000000089e00000| Complete 
| 159|0x0000000089f00000, 0x000000008a000000, 0x000000008a000000|100%| S|CS|TAMS 0x0000000089f00000, 0x0000000089f00000| Complete 
| 160|0x000000008a000000, 0x000000008a100000, 0x000000008a100000|100%| S|CS|TAMS 0x000000008a000000, 0x000000008a000000| Complete 
| 161|0x000000008a100000, 0x000000008a200000, 0x000000008a200000|100%| S|CS|TAMS 0x000000008a100000, 0x000000008a100000| Complete 
| 162|0x000000008a200000, 0x000000008a300000, 0x000000008a300000|100%| S|CS|TAMS 0x000000008a200000, 0x000000008a200000| Complete 
| 163|0x000000008a300000, 0x000000008a400000, 0x000000008a400000|100%| S|CS|TAMS 0x000000008a300000, 0x000000008a300000| Complete 
| 164|0x000000008a400000, 0x000000008a500000, 0x000000008a500000|100%| S|CS|TAMS 0x000000008a400000, 0x000000008a400000| Complete 
| 165|0x000000008a500000, 0x000000008a600000, 0x000000008a600000|100%| S|CS|TAMS 0x000000008a500000, 0x000000008a500000| Complete 
| 166|0x000000008a600000, 0x000000008a600000, 0x000000008a700000|  0%| F|  |TAMS 0x000000008a600000, 0x000000008a600000| Untracked 
| 167|0x000000008a700000, 0x000000008a700000, 0x000000008a800000|  0%| F|  |TAMS 0x000000008a700000, 0x000000008a700000| Untracked 
| 168|0x000000008a800000, 0x000000008a800000, 0x000000008a900000|  0%| F|  |TAMS 0x000000008a800000, 0x000000008a800000| Untracked 
| 169|0x000000008a900000, 0x000000008a900000, 0x000000008aa00000|  0%| F|  |TAMS 0x000000008a900000, 0x000000008a900000| Untracked 
| 170|0x000000008aa00000, 0x000000008aa00000, 0x000000008ab00000|  0%| F|  |TAMS 0x000000008aa00000, 0x000000008aa00000| Untracked 
| 171|0x000000008ab00000, 0x000000008ab00000, 0x000000008ac00000|  0%| F|  |TAMS 0x000000008ab00000, 0x000000008ab00000| Untracked 
| 172|0x000000008ac00000, 0x000000008ac00000, 0x000000008ad00000|  0%| F|  |TAMS 0x000000008ac00000, 0x000000008ac00000| Untracked 
| 173|0x000000008ad00000, 0x000000008ad00000, 0x000000008ae00000|  0%| F|  |TAMS 0x000000008ad00000, 0x000000008ad00000| Untracked 
| 174|0x000000008ae00000, 0x000000008ae00000, 0x000000008af00000|  0%| F|  |TAMS 0x000000008ae00000, 0x000000008ae00000| Untracked 
| 175|0x000000008af00000, 0x000000008af00000, 0x000000008b000000|  0%| F|  |TAMS 0x000000008af00000, 0x000000008af00000| Untracked 
| 176|0x000000008b000000, 0x000000008b000000, 0x000000008b100000|  0%| F|  |TAMS 0x000000008b000000, 0x000000008b000000| Untracked 
| 177|0x000000008b100000, 0x000000008b100000, 0x000000008b200000|  0%| F|  |TAMS 0x000000008b100000, 0x000000008b100000| Untracked 
| 178|0x000000008b200000, 0x000000008b200000, 0x000000008b300000|  0%| F|  |TAMS 0x000000008b200000, 0x000000008b200000| Untracked 
| 179|0x000000008b300000, 0x000000008b300000, 0x000000008b400000|  0%| F|  |TAMS 0x000000008b300000, 0x000000008b300000| Untracked 
| 180|0x000000008b400000, 0x000000008b400000, 0x000000008b500000|  0%| F|  |TAMS 0x000000008b400000, 0x000000008b400000| Untracked 
| 181|0x000000008b500000, 0x000000008b500000, 0x000000008b600000|  0%| F|  |TAMS 0x000000008b500000, 0x000000008b500000| Untracked 
| 182|0x000000008b600000, 0x000000008b600000, 0x000000008b700000|  0%| F|  |TAMS 0x000000008b600000, 0x000000008b600000| Untracked 
| 183|0x000000008b700000, 0x000000008b700000, 0x000000008b800000|  0%| F|  |TAMS 0x000000008b700000, 0x000000008b700000| Untracked 
| 184|0x000000008b800000, 0x000000008b800000, 0x000000008b900000|  0%| F|  |TAMS 0x000000008b800000, 0x000000008b800000| Untracked 
| 185|0x000000008b900000, 0x000000008b900000, 0x000000008ba00000|  0%| F|  |TAMS 0x000000008b900000, 0x000000008b900000| Untracked 
| 186|0x000000008ba00000, 0x000000008ba00000, 0x000000008bb00000|  0%| F|  |TAMS 0x000000008ba00000, 0x000000008ba00000| Untracked 
| 187|0x000000008bb00000, 0x000000008bb00000, 0x000000008bc00000|  0%| F|  |TAMS 0x000000008bb00000, 0x000000008bb00000| Untracked 
| 188|0x000000008bc00000, 0x000000008bc00000, 0x000000008bd00000|  0%| F|  |TAMS 0x000000008bc00000, 0x000000008bc00000| Untracked 
| 189|0x000000008bd00000, 0x000000008bd00000, 0x000000008be00000|  0%| F|  |TAMS 0x000000008bd00000, 0x000000008bd00000| Untracked 
| 190|0x000000008be00000, 0x000000008be00000, 0x000000008bf00000|  0%| F|  |TAMS 0x000000008be00000, 0x000000008be00000| Untracked 
| 191|0x000000008bf00000, 0x000000008bf00000, 0x000000008c000000|  0%| F|  |TAMS 0x000000008bf00000, 0x000000008bf00000| Untracked 
| 192|0x000000008c000000, 0x000000008c000000, 0x000000008c100000|  0%| F|  |TAMS 0x000000008c000000, 0x000000008c000000| Untracked 
| 193|0x000000008c100000, 0x000000008c100000, 0x000000008c200000|  0%| F|  |TAMS 0x000000008c100000, 0x000000008c100000| Untracked 
| 194|0x000000008c200000, 0x000000008c200000, 0x000000008c300000|  0%| F|  |TAMS 0x000000008c200000, 0x000000008c200000| Untracked 
| 195|0x000000008c300000, 0x000000008c300000, 0x000000008c400000|  0%| F|  |TAMS 0x000000008c300000, 0x000000008c300000| Untracked 
| 196|0x000000008c400000, 0x000000008c400000, 0x000000008c500000|  0%| F|  |TAMS 0x000000008c400000, 0x000000008c400000| Untracked 
| 197|0x000000008c500000, 0x000000008c500000, 0x000000008c600000|  0%| F|  |TAMS 0x000000008c500000, 0x000000008c500000| Untracked 
| 198|0x000000008c600000, 0x000000008c600000, 0x000000008c700000|  0%| F|  |TAMS 0x000000008c600000, 0x000000008c600000| Untracked 
| 199|0x000000008c700000, 0x000000008c700000, 0x000000008c800000|  0%| F|  |TAMS 0x000000008c700000, 0x000000008c700000| Untracked 
| 200|0x000000008c800000, 0x000000008c800000, 0x000000008c900000|  0%| F|  |TAMS 0x000000008c800000, 0x000000008c800000| Untracked 
| 201|0x000000008c900000, 0x000000008c900000, 0x000000008ca00000|  0%| F|  |TAMS 0x000000008c900000, 0x000000008c900000| Untracked 
| 202|0x000000008ca00000, 0x000000008ca00000, 0x000000008cb00000|  0%| F|  |TAMS 0x000000008ca00000, 0x000000008ca00000| Untracked 
| 203|0x000000008cb00000, 0x000000008cb00000, 0x000000008cc00000|  0%| F|  |TAMS 0x000000008cb00000, 0x000000008cb00000| Untracked 
| 204|0x000000008cc00000, 0x000000008cc00000, 0x000000008cd00000|  0%| F|  |TAMS 0x000000008cc00000, 0x000000008cc00000| Untracked 
| 205|0x000000008cd00000, 0x000000008cd00000, 0x000000008ce00000|  0%| F|  |TAMS 0x000000008cd00000, 0x000000008cd00000| Untracked 
| 206|0x000000008ce00000, 0x000000008ce00000, 0x000000008cf00000|  0%| F|  |TAMS 0x000000008ce00000, 0x000000008ce00000| Untracked 
| 207|0x000000008cf00000, 0x000000008cf80800, 0x000000008d000000| 50%| E|  |TAMS 0x000000008cf00000, 0x000000008cf00000| Complete 
| 208|0x000000008d000000, 0x000000008d100000, 0x000000008d100000|100%| E|CS|TAMS 0x000000008d000000, 0x000000008d000000| Complete 
| 209|0x000000008d100000, 0x000000008d200000, 0x000000008d200000|100%| E|CS|TAMS 0x000000008d100000, 0x000000008d100000| Complete 
| 210|0x000000008d200000, 0x000000008d300000, 0x000000008d300000|100%| E|CS|TAMS 0x000000008d200000, 0x000000008d200000| Complete 
| 211|0x000000008d300000, 0x000000008d400000, 0x000000008d400000|100%| E|CS|TAMS 0x000000008d300000, 0x000000008d300000| Complete 
| 212|0x000000008d400000, 0x000000008d500000, 0x000000008d500000|100%| E|CS|TAMS 0x000000008d400000, 0x000000008d400000| Complete 
| 213|0x000000008d500000, 0x000000008d600000, 0x000000008d600000|100%| E|CS|TAMS 0x000000008d500000, 0x000000008d500000| Complete 
| 214|0x000000008d600000, 0x000000008d700000, 0x000000008d700000|100%| E|CS|TAMS 0x000000008d600000, 0x000000008d600000| Complete 
| 215|0x000000008d700000, 0x000000008d800000, 0x000000008d800000|100%| E|CS|TAMS 0x000000008d700000, 0x000000008d700000| Complete 
| 216|0x000000008d800000, 0x000000008d900000, 0x000000008d900000|100%| E|CS|TAMS 0x000000008d800000, 0x000000008d800000| Complete 
| 217|0x000000008d900000, 0x000000008da00000, 0x000000008da00000|100%| E|CS|TAMS 0x000000008d900000, 0x000000008d900000| Complete 
| 218|0x000000008da00000, 0x000000008db00000, 0x000000008db00000|100%| E|CS|TAMS 0x000000008da00000, 0x000000008da00000| Complete 
| 219|0x000000008db00000, 0x000000008dc00000, 0x000000008dc00000|100%| E|CS|TAMS 0x000000008db00000, 0x000000008db00000| Complete 
| 220|0x000000008dc00000, 0x000000008dd00000, 0x000000008dd00000|100%| E|CS|TAMS 0x000000008dc00000, 0x000000008dc00000| Complete 
| 221|0x000000008dd00000, 0x000000008de00000, 0x000000008de00000|100%| E|CS|TAMS 0x000000008dd00000, 0x000000008dd00000| Complete 
| 222|0x000000008de00000, 0x000000008df00000, 0x000000008df00000|100%| E|CS|TAMS 0x000000008de00000, 0x000000008de00000| Complete 
| 223|0x000000008df00000, 0x000000008e000000, 0x000000008e000000|100%| E|CS|TAMS 0x000000008df00000, 0x000000008df00000| Complete 
| 224|0x000000008e000000, 0x000000008e100000, 0x000000008e100000|100%| E|CS|TAMS 0x000000008e000000, 0x000000008e000000| Complete 
| 225|0x000000008e100000, 0x000000008e200000, 0x000000008e200000|100%| E|CS|TAMS 0x000000008e100000, 0x000000008e100000| Complete 
| 226|0x000000008e200000, 0x000000008e300000, 0x000000008e300000|100%| E|CS|TAMS 0x000000008e200000, 0x000000008e200000| Complete 
| 227|0x000000008e300000, 0x000000008e400000, 0x000000008e400000|100%| E|CS|TAMS 0x000000008e300000, 0x000000008e300000| Complete 
| 228|0x000000008e400000, 0x000000008e500000, 0x000000008e500000|100%| E|CS|TAMS 0x000000008e400000, 0x000000008e400000| Complete 
| 229|0x000000008e500000, 0x000000008e600000, 0x000000008e600000|100%| E|CS|TAMS 0x000000008e500000, 0x000000008e500000| Complete 
| 230|0x000000008e600000, 0x000000008e700000, 0x000000008e700000|100%| E|CS|TAMS 0x000000008e600000, 0x000000008e600000| Complete 
| 231|0x000000008e700000, 0x000000008e800000, 0x000000008e800000|100%| E|CS|TAMS 0x000000008e700000, 0x000000008e700000| Complete 
| 232|0x000000008e800000, 0x000000008e900000, 0x000000008e900000|100%| E|CS|TAMS 0x000000008e800000, 0x000000008e800000| Complete 
| 233|0x000000008e900000, 0x000000008ea00000, 0x000000008ea00000|100%| E|CS|TAMS 0x000000008e900000, 0x000000008e900000| Complete 
| 234|0x000000008ea00000, 0x000000008eb00000, 0x000000008eb00000|100%| E|CS|TAMS 0x000000008ea00000, 0x000000008ea00000| Complete 
| 235|0x000000008eb00000, 0x000000008ec00000, 0x000000008ec00000|100%| E|CS|TAMS 0x000000008eb00000, 0x000000008eb00000| Complete 
| 236|0x000000008ec00000, 0x000000008ed00000, 0x000000008ed00000|100%| E|CS|TAMS 0x000000008ec00000, 0x000000008ec00000| Complete 
| 237|0x000000008ed00000, 0x000000008ee00000, 0x000000008ee00000|100%| E|CS|TAMS 0x000000008ed00000, 0x000000008ed00000| Complete 
| 238|0x000000008ee00000, 0x000000008ef00000, 0x000000008ef00000|100%| E|CS|TAMS 0x000000008ee00000, 0x000000008ee00000| Complete 
| 239|0x000000008ef00000, 0x000000008f000000, 0x000000008f000000|100%| E|CS|TAMS 0x000000008ef00000, 0x000000008ef00000| Complete 
| 240|0x000000008f000000, 0x000000008f100000, 0x000000008f100000|100%| E|CS|TAMS 0x000000008f000000, 0x000000008f000000| Complete 
| 241|0x000000008f100000, 0x000000008f200000, 0x000000008f200000|100%| E|CS|TAMS 0x000000008f100000, 0x000000008f100000| Complete 
| 242|0x000000008f200000, 0x000000008f300000, 0x000000008f300000|100%| E|CS|TAMS 0x000000008f200000, 0x000000008f200000| Complete 
| 243|0x000000008f300000, 0x000000008f400000, 0x000000008f400000|100%| E|CS|TAMS 0x000000008f300000, 0x000000008f300000| Complete 
| 244|0x000000008f400000, 0x000000008f500000, 0x000000008f500000|100%| E|CS|TAMS 0x000000008f400000, 0x000000008f400000| Complete 
| 245|0x000000008f500000, 0x000000008f600000, 0x000000008f600000|100%| E|CS|TAMS 0x000000008f500000, 0x000000008f500000| Complete 
| 246|0x000000008f600000, 0x000000008f700000, 0x000000008f700000|100%| E|CS|TAMS 0x000000008f600000, 0x000000008f600000| Complete 
| 247|0x000000008f700000, 0x000000008f800000, 0x000000008f800000|100%| E|CS|TAMS 0x000000008f700000, 0x000000008f700000| Complete 

Card table byte_map: [0x00000276f4a00000,0x00000276f4e00000] _byte_map_base: 0x00000276f4600000

Marking Bits (Prev, Next): (CMBitMap*) 0x00000276ecc65128, (CMBitMap*) 0x00000276ecc65160
 Prev Bits: [0x00000276f5200000, 0x00000276f7200000)
 Next Bits: [0x00000276f7200000, 0x00000276f9200000)

Polling page: 0x00000276ec400000

Metaspace:

Usage:
  Non-class:     93.80 MB capacity,    91.88 MB ( 98%) used,     1.58 MB (  2%) free+waste,   353.44 KB ( <1%) overhead. 
      Class:     14.77 MB capacity,    13.63 MB ( 92%) used,  1006.76 KB (  7%) free+waste,   163.00 KB (  1%) overhead. 
       Both:    108.57 MB capacity,   105.50 MB ( 97%) used,     2.56 MB (  2%) free+waste,   516.44 KB ( <1%) overhead. 

Virtual space:
  Non-class space:       94.00 MB reserved,      93.96 MB (>99%) committed 
      Class space:        1.00 GB reserved,      14.82 MB (  1%) committed 
             Both:        1.09 GB reserved,     108.78 MB ( 10%) committed 

Chunk freelists:
   Non-Class:  3.75 KB
       Class:  1.63 KB
        Both:  5.38 KB

CodeHeap 'non-profiled nmethods': size=120000Kb used=9999Kb max_used=9999Kb free=110000Kb
 bounds [0x0000027687ad0000, 0x00000276884a0000, 0x000002768f000000]
CodeHeap 'profiled nmethods': size=120000Kb used=31519Kb max_used=31519Kb free=88480Kb
 bounds [0x00000276805a0000, 0x0000027682470000, 0x0000027687ad0000]
CodeHeap 'non-nmethods': size=5760Kb used=2339Kb max_used=2391Kb free=3420Kb
 bounds [0x0000027680000000, 0x0000027680270000, 0x00000276805a0000]
 total_blobs=15783 nmethods=14815 adapters=879
 compilation: enabled
              stopped_count=0, restarted_count=0
 full_count=0

Compilation events (10 events):
Event: 20.039 Thread 0x00000276fbc5a800 15854       1       com.sun.tools.javac.tree.TreeTranslator::visitLiteral (6 bytes)
Event: 20.039 Thread 0x00000276fbc5a800 nmethod 15854 0x0000027688493810 code [0x00000276884939a0, 0x0000027688493a98]
Event: 20.039 Thread 0x00000276fbc5a800 15862       2       com.sun.tools.javac.code.Types$DefaultTypeVisitor::visitClassType (7 bytes)
Event: 20.039 Thread 0x00000276fbc5a800 nmethod 15862 0x000002768246d590 code [0x000002768246d720, 0x000002768246d848]
Event: 20.039 Thread 0x00000276fbc5a800 15863       2       com.sun.tools.javac.comp.Check::firstIncompatibleTypeArg (418 bytes)
Event: 20.040 Thread 0x00000276fbc5a800 nmethod 15863 0x000002768246d910 code [0x000002768246dcc0, 0x000002768246ed08]
Event: 20.040 Thread 0x00000276fbc5a800 15864       2       com.sun.tools.javac.comp.LambdaToMethod::translate (32 bytes)
Event: 20.040 Thread 0x00000276fbc5a800 nmethod 15864 0x000002768246f890 code [0x000002768246fa60, 0x000002768246fdb8]
Event: 20.040 Thread 0x00000276fbc5a800 15861       1       com.sun.tools.javac.util.ListBuffer::size (5 bytes)
Event: 20.040 Thread 0x00000276fbc5a800 nmethod 15861 0x0000027688493b10 code [0x0000027688493ca0, 0x0000027688493d58]

GC Heap History (10 events):
Event: 14.132 GC heap before
{Heap before GC invocations=35 (full 0):
 garbage-first heap   total 210944K, used 158873K [0x0000000080000000, 0x0000000100000000)
  region size 1024K, 54 young (55296K), 1 survivors (1024K)
 Metaspace       used 95454K, capacity 98275K, committed 98720K, reserved 1134592K
  class space    used 12508K, capacity 13615K, committed 13772K, reserved 1048576K
}
Event: 14.137 GC heap after
{Heap after GC invocations=36 (full 0):
 garbage-first heap   total 210944K, used 107502K [0x0000000080000000, 0x0000000100000000)
  region size 1024K, 3 young (3072K), 3 survivors (3072K)
 Metaspace       used 95454K, capacity 98275K, committed 98720K, reserved 1134592K
  class space    used 12508K, capacity 13615K, committed 13772K, reserved 1048576K
}
Event: 14.466 GC heap before
{Heap before GC invocations=37 (full 0):
 garbage-first heap   total 210944K, used 161774K [0x0000000080000000, 0x0000000100000000)
  region size 1024K, 57 young (58368K), 3 survivors (3072K)
 Metaspace       used 96991K, capacity 99820K, committed 100128K, reserved 1136640K
  class space    used 12702K, capacity 13809K, committed 13900K, reserved 1048576K
}
Event: 14.471 GC heap after
{Heap after GC invocations=38 (full 0):
 garbage-first heap   total 210944K, used 109249K [0x0000000080000000, 0x0000000100000000)
  region size 1024K, 5 young (5120K), 5 survivors (5120K)
 Metaspace       used 96991K, capacity 99820K, committed 100128K, reserved 1136640K
  class space    used 12702K, capacity 13809K, committed 13900K, reserved 1048576K
}
Event: 14.508 GC heap before
{Heap before GC invocations=38 (full 0):
 garbage-first heap   total 210944K, used 114369K [0x0000000080000000, 0x0000000100000000)
  region size 1024K, 10 young (10240K), 5 survivors (5120K)
 Metaspace       used 97251K, capacity 100076K, committed 100384K, reserved 1136640K
  class space    used 12726K, capacity 13809K, committed 13900K, reserved 1048576K
}
Event: 14.513 GC heap after
{Heap after GC invocations=39 (full 0):
 garbage-first heap   total 253952K, used 109418K [0x0000000080000000, 0x0000000100000000)
  region size 1024K, 2 young (2048K), 2 survivors (2048K)
 Metaspace       used 97251K, capacity 100076K, committed 100384K, reserved 1136640K
  class space    used 12726K, capacity 13809K, committed 13900K, reserved 1048576K
}
Event: 16.988 GC heap before
{Heap before GC invocations=39 (full 0):
 garbage-first heap   total 253952K, used 184170K [0x0000000080000000, 0x0000000100000000)
  region size 1024K, 76 young (77824K), 2 survivors (2048K)
 Metaspace       used 98434K, capacity 101282K, committed 101536K, reserved 1136640K
  class space    used 12840K, capacity 13935K, committed 14028K, reserved 1048576K
}
Event: 16.992 GC heap after
{Heap after GC invocations=40 (full 0):
 garbage-first heap   total 253952K, used 111586K [0x0000000080000000, 0x0000000100000000)
  region size 1024K, 4 young (4096K), 4 survivors (4096K)
 Metaspace       used 98434K, capacity 101282K, committed 101536K, reserved 1136640K
  class space    used 12840K, capacity 13935K, committed 14028K, reserved 1048576K
}
Event: 19.499 GC heap before
{Heap before GC invocations=40 (full 0):
 garbage-first heap   total 253952K, used 192482K [0x0000000080000000, 0x0000000100000000)
  region size 1024K, 82 young (83968K), 4 survivors (4096K)
 Metaspace       used 105987K, capacity 109007K, committed 109088K, reserved 1142784K
  class space    used 13764K, capacity 14920K, committed 14924K, reserved 1048576K
}
Event: 19.515 GC heap after
{Heap after GC invocations=41 (full 0):
 garbage-first heap   total 253952K, used 130849K [0x0000000080000000, 0x0000000100000000)
  region size 1024K, 11 young (11264K), 11 survivors (11264K)
 Metaspace       used 105987K, capacity 109007K, committed 109088K, reserved 1142784K
  class space    used 13764K, capacity 14920K, committed 14924K, reserved 1048576K
}

Deoptimization events (10 events):
Event: 19.673 Thread 0x000002769617c000 Uncommon trap: reason=bimorphic_or_optimized_type_check action=maybe_recompile pc=0x0000027688111dd8 method=java.util.stream.ReduceOps$ReduceOp.evaluateSequential(Ljava/util/stream/PipelineHelper;Ljava/util/Spliterator;)Ljava/lang/Object; @ 2 c2
Event: 19.673 Thread 0x000002769617c000 Uncommon trap: reason=bimorphic_or_optimized_type_check action=maybe_recompile pc=0x0000027688111dd8 method=java.util.stream.ReduceOps$ReduceOp.evaluateSequential(Ljava/util/stream/PipelineHelper;Ljava/util/Spliterator;)Ljava/lang/Object; @ 2 c2
Event: 19.673 Thread 0x000002769617c000 Uncommon trap: reason=bimorphic_or_optimized_type_check action=maybe_recompile pc=0x0000027688111dd8 method=java.util.stream.ReduceOps$ReduceOp.evaluateSequential(Ljava/util/stream/PipelineHelper;Ljava/util/Spliterator;)Ljava/lang/Object; @ 2 c2
Event: 19.674 Thread 0x000002769617c000 Uncommon trap: reason=bimorphic_or_optimized_type_check action=maybe_recompile pc=0x0000027688111dd8 method=java.util.stream.ReduceOps$ReduceOp.evaluateSequential(Ljava/util/stream/PipelineHelper;Ljava/util/Spliterator;)Ljava/lang/Object; @ 2 c2
Event: 19.835 Thread 0x000002769617c000 Uncommon trap: reason=bimorphic_or_optimized_type_check action=maybe_recompile pc=0x00000276882148c4 method=java.util.HashMap.removeNode(ILjava/lang/Object;Ljava/lang/Object;ZZ)Ljava/util/HashMap$Node; @ 68 c2
Event: 19.838 Thread 0x000002769617c000 Uncommon trap: reason=bimorphic_or_optimized_type_check action=maybe_recompile pc=0x00000276882148c4 method=java.util.HashMap.removeNode(ILjava/lang/Object;Ljava/lang/Object;ZZ)Ljava/util/HashMap$Node; @ 68 c2
Event: 19.840 Thread 0x000002769617c000 Uncommon trap: reason=unstable_if action=reinterpret pc=0x000002768847b82c method=com.sun.tools.javac.code.Scope$ScopeImpl.lookup(Lcom/sun/tools/javac/util/Name;Lcom/sun/tools/javac/util/Filter;)Lcom/sun/tools/javac/code/Scope$Entry; @ 19 c2
Event: 19.842 Thread 0x000002769617c000 Uncommon trap: reason=unstable_if action=reinterpret pc=0x0000027688463a18 method=com.sun.tools.javac.jvm.ClassReader.readPool(I)Ljava/lang/Object; @ 36 c2
Event: 19.848 Thread 0x000002769617c000 Uncommon trap: reason=bimorphic_or_optimized_type_check action=maybe_recompile pc=0x00000276882148c4 method=java.util.HashMap.removeNode(ILjava/lang/Object;Ljava/lang/Object;ZZ)Ljava/util/HashMap$Node; @ 68 c2
Event: 19.848 Thread 0x000002769617c000 Uncommon trap: reason=bimorphic_or_optimized_type_check action=maybe_recompile pc=0x00000276882148c4 method=java.util.HashMap.removeNode(ILjava/lang/Object;Ljava/lang/Object;ZZ)Ljava/util/HashMap$Node; @ 68 c2

Classes redefined (0 events):
No events

Internal exceptions (10 events):
Event: 19.734 Thread 0x000002769617c000 Exception <a 'sun/nio/fs/WindowsException'{0x000000008e752a60}> (0x000000008e752a60) thrown at [./open/src/hotspot/share/prims/jni.cpp, line 611]
Event: 19.745 Thread 0x000002769617c000 Exception <a 'java/lang/NoSuchMethodError'{0x000000008e7c7068}: java.lang.invoke.DirectMethodHandle$Holder.invokeVirtual(Ljava/lang/Object;Ljava/lang/Object;Ljava/lang/Object;Ljava/lang/Object;)I> (0x000000008e7c7068) thrown at [./open/src/hotspot/share/i
Event: 19.815 Thread 0x000002769617c000 Exception <a 'sun/nio/fs/WindowsException'{0x000000008e45ad18}> (0x000000008e45ad18) thrown at [./open/src/hotspot/share/prims/jni.cpp, line 611]
Event: 19.815 Thread 0x000002769617c000 Exception <a 'sun/nio/fs/WindowsException'{0x000000008e45b138}> (0x000000008e45b138) thrown at [./open/src/hotspot/share/prims/jni.cpp, line 611]
Event: 19.817 Thread 0x000002769617c000 Exception <a 'sun/nio/fs/WindowsException'{0x000000008e491658}> (0x000000008e491658) thrown at [./open/src/hotspot/share/prims/jni.cpp, line 611]
Event: 19.817 Thread 0x000002769617c000 Exception <a 'sun/nio/fs/WindowsException'{0x000000008e491a58}> (0x000000008e491a58) thrown at [./open/src/hotspot/share/prims/jni.cpp, line 611]
Event: 19.850 Thread 0x000002769617c000 Exception <a 'sun/nio/fs/WindowsException'{0x000000008e20a9c8}> (0x000000008e20a9c8) thrown at [./open/src/hotspot/share/prims/jni.cpp, line 611]
Event: 19.850 Thread 0x000002769617c000 Exception <a 'sun/nio/fs/WindowsException'{0x000000008e20ad88}> (0x000000008e20ad88) thrown at [./open/src/hotspot/share/prims/jni.cpp, line 611]
Event: 19.969 Thread 0x000002769617c000 Exception <a 'sun/nio/fs/WindowsException'{0x000000008d4480c8}> (0x000000008d4480c8) thrown at [./open/src/hotspot/share/prims/jni.cpp, line 611]
Event: 19.969 Thread 0x000002769617c000 Exception <a 'sun/nio/fs/WindowsException'{0x000000008d448548}> (0x000000008d448548) thrown at [./open/src/hotspot/share/prims/jni.cpp, line 611]

Events (10 events):
Event: 20.040 loading class com/sun/tools/javac/util/Name
Event: 20.040 loading class com/sun/tools/javac/util/Name done
Event: 20.040 loading class com/sun/tools/javac/util/Name
Event: 20.040 loading class com/sun/tools/javac/util/Name done
Event: 20.040 loading class com/sun/tools/javac/util/Filter
Event: 20.040 loading class com/sun/tools/javac/util/Filter done
Event: 20.040 loading class com/sun/tools/javac/util/Name
Event: 20.040 loading class com/sun/tools/javac/util/Name done
Event: 20.040 loading class com/sun/tools/javac/util/Filter
Event: 20.040 loading class com/sun/tools/javac/util/Filter done


Dynamic libraries:
0x00007ff6eb020000 - 0x00007ff6eb02f000 	C:\Program Files\Java\jdk-11.0.16.1\bin\java.exe
0x00007fff56870000 - 0x00007fff56a84000 	C:\WINDOWS\SYSTEM32\ntdll.dll
0x00007fff55c20000 - 0x00007fff55ce2000 	C:\WINDOWS\System32\KERNEL32.DLL
0x00007fff54080000 - 0x00007fff54423000 	C:\WINDOWS\System32\KERNELBASE.dll
0x00007fff54550000 - 0x00007fff54661000 	C:\WINDOWS\System32\ucrtbase.dll
0x00007fff40420000 - 0x00007fff40435000 	C:\Program Files\Java\jdk-11.0.16.1\bin\VCRUNTIME140.dll
0x00007fff40400000 - 0x00007fff40418000 	C:\Program Files\Java\jdk-11.0.16.1\bin\jli.dll
0x00007fff56270000 - 0x00007fff5631e000 	C:\WINDOWS\System32\ADVAPI32.dll
0x00007fff55930000 - 0x00007fff559d7000 	C:\WINDOWS\System32\msvcrt.dll
0x00007fff55300000 - 0x00007fff553a4000 	C:\WINDOWS\System32\sechost.dll
0x00007fff54700000 - 0x00007fff54817000 	C:\WINDOWS\System32\RPCRT4.dll
0x00007fff55d00000 - 0x00007fff55eab000 	C:\WINDOWS\System32\USER32.dll
0x00007fff54050000 - 0x00007fff54076000 	C:\WINDOWS\System32\win32u.dll
0x00007fff3cd00000 - 0x00007fff3cf8e000 	C:\WINDOWS\WinSxS\amd64_microsoft.windows.common-controls_6595b64144ccf1df_6.0.22621.1635_none_270f70857386168e\COMCTL32.dll
0x00007fff55450000 - 0x00007fff55479000 	C:\WINDOWS\System32\GDI32.dll
0x00007fff54430000 - 0x00007fff54548000 	C:\WINDOWS\System32\gdi32full.dll
0x00007fff53d00000 - 0x00007fff53d9a000 	C:\WINDOWS\System32\msvcp_win.dll
0x00007fff4d320000 - 0x00007fff4d32a000 	C:\WINDOWS\SYSTEM32\VERSION.dll
0x00007fff56380000 - 0x00007fff563b1000 	C:\WINDOWS\System32\IMM32.DLL
0x00007fff359e0000 - 0x00007fff35a7b000 	C:\Program Files\Java\jdk-11.0.16.1\bin\msvcp140.dll
0x00007fff05260000 - 0x00007fff05d78000 	C:\Program Files\Java\jdk-11.0.16.1\bin\server\jvm.dll
0x00007fff554a0000 - 0x00007fff554a8000 	C:\WINDOWS\System32\PSAPI.DLL
0x00007fff51040000 - 0x00007fff51049000 	C:\WINDOWS\SYSTEM32\WSOCK32.dll
0x00007fff4a0e0000 - 0x00007fff4a114000 	C:\WINDOWS\SYSTEM32\WINMM.dll
0x00007fff567b0000 - 0x00007fff56821000 	C:\WINDOWS\System32\WS2_32.dll
0x00007fff52ce0000 - 0x00007fff52cf8000 	C:\WINDOWS\SYSTEM32\kernel.appcore.dll
0x00007fff50750000 - 0x00007fff50760000 	C:\Program Files\Java\jdk-11.0.16.1\bin\verify.dll
0x00007fff4d810000 - 0x00007fff4da3e000 	C:\WINDOWS\SYSTEM32\DBGHELP.DLL
0x00007fff56420000 - 0x00007fff567a9000 	C:\WINDOWS\System32\combase.dll
0x00007fff559e0000 - 0x00007fff55ab7000 	C:\WINDOWS\System32\OLEAUT32.dll
0x00007fff3db90000 - 0x00007fff3dbc2000 	C:\WINDOWS\SYSTEM32\dbgcore.DLL
0x00007fff53fd0000 - 0x00007fff5404b000 	C:\WINDOWS\System32\bcryptPrimitives.dll
0x00007fff403d0000 - 0x00007fff403f8000 	C:\Program Files\Java\jdk-11.0.16.1\bin\java.dll
0x00007fff45cf0000 - 0x00007fff45cfa000 	C:\Program Files\Java\jdk-11.0.16.1\bin\jimage.dll
0x00007fff403b0000 - 0x00007fff403c6000 	C:\Program Files\Java\jdk-11.0.16.1\bin\zip.dll
0x00007fff549e0000 - 0x00007fff551da000 	C:\WINDOWS\System32\SHELL32.dll
0x00007fff51c90000 - 0x00007fff5255e000 	C:\WINDOWS\SYSTEM32\windows.storage.dll
0x00007fff51b50000 - 0x00007fff51c8e000 	C:\WINDOWS\SYSTEM32\wintypes.dll
0x00007fff55b20000 - 0x00007fff55c11000 	C:\WINDOWS\System32\SHCORE.dll
0x00007fff563c0000 - 0x00007fff5641e000 	C:\WINDOWS\System32\shlwapi.dll
0x00007fff53bc0000 - 0x00007fff53be1000 	C:\WINDOWS\SYSTEM32\profapi.dll
0x00007fff40390000 - 0x00007fff403a9000 	C:\Program Files\Java\jdk-11.0.16.1\bin\net.dll
0x00007fff4d670000 - 0x00007fff4d7a7000 	C:\WINDOWS\SYSTEM32\WINHTTP.dll
0x00007fff53150000 - 0x00007fff531b9000 	C:\WINDOWS\system32\mswsock.dll
0x00007fff378a0000 - 0x00007fff378b2000 	C:\Program Files\Java\jdk-11.0.16.1\bin\nio.dll
0x00007ffefb6e0000 - 0x00007ffefb707000 	C:\Users\akram\AndroidStudioProjects\app\native\e1d6ef7f7dcc3fd88c89a11ec53ec762bb8ba0a96d01ffa2cd45eb1d1d8dd5c5\windows-amd64\native-platform.dll
0x00007fff35890000 - 0x00007fff359d4000 	C:\Users\akram\AndroidStudioProjects\app\native\0d407fdbe67a94daf76414ababcb853783967236a71b16ec16e742cd7a986fd3\windows-amd64\native-platform-file-events.dll
0x00007fff45c00000 - 0x00007fff45c09000 	C:\Program Files\Java\jdk-11.0.16.1\bin\management.dll
0x00007fff45870000 - 0x00007fff4587b000 	C:\Program Files\Java\jdk-11.0.16.1\bin\management_ext.dll
0x00007fff533c0000 - 0x00007fff533db000 	C:\WINDOWS\SYSTEM32\CRYPTSP.dll
0x00007fff52c50000 - 0x00007fff52c85000 	C:\WINDOWS\system32\rsaenh.dll
0x00007fff53250000 - 0x00007fff53278000 	C:\WINDOWS\SYSTEM32\USERENV.dll
0x00007fff53570000 - 0x00007fff53598000 	C:\WINDOWS\SYSTEM32\bcrypt.dll
0x00007fff533b0000 - 0x00007fff533bc000 	C:\WINDOWS\SYSTEM32\CRYPTBASE.dll
0x00007fff527c0000 - 0x00007fff527ed000 	C:\WINDOWS\SYSTEM32\IPHLPAPI.DLL
0x00007fff55cf0000 - 0x00007fff55cf9000 	C:\WINDOWS\System32\NSI.dll
0x00007fff4d650000 - 0x00007fff4d669000 	C:\WINDOWS\SYSTEM32\dhcpcsvc6.DLL
0x00007fff4d380000 - 0x00007fff4d39f000 	C:\WINDOWS\SYSTEM32\dhcpcsvc.DLL
0x00007fff52830000 - 0x00007fff52923000 	C:\WINDOWS\SYSTEM32\DNSAPI.dll
0x00007fff52d00000 - 0x00007fff52d34000 	C:\WINDOWS\SYSTEM32\ntmarta.dll

dbghelp: loaded successfully - version: 4.0.5 - missing functions: none
symbol engine: initialized successfully - sym options: 0x614 - pdb path: .;C:\Program Files\Java\jdk-11.0.16.1\bin;C:\WINDOWS\SYSTEM32;C:\WINDOWS\WinSxS\amd64_microsoft.windows.common-controls_6595b64144ccf1df_6.0.22621.1635_none_270f70857386168e;C:\Program Files\Java\jdk-11.0.16.1\bin\server;C:\Users\akram\AndroidStudioProjects\app\native\e1d6ef7f7dcc3fd88c89a11ec53ec762bb8ba0a96d01ffa2cd45eb1d1d8dd5c5\windows-amd64;C:\Users\akram\AndroidStudioProjects\app\native\0d407fdbe67a94daf76414ababcb853783967236a71b16ec16e742cd7a986fd3\windows-amd64

VM Arguments:
jvm_args: --add-opens=java.base/java.util=ALL-UNNAMED --add-opens=java.base/java.lang=ALL-UNNAMED --add-opens=java.base/java.lang.invoke=ALL-UNNAMED --add-opens=java.base/java.util=ALL-UNNAMED --add-opens=java.prefs/java.util.prefs=ALL-UNNAMED --add-opens=java.prefs/java.util.prefs=ALL-UNNAMED --add-opens=java.base/java.nio.charset=ALL-UNNAMED --add-opens=java.base/java.net=ALL-UNNAMED --add-opens=java.base/java.util.concurrent.atomic=ALL-UNNAMED -Xmx2048m -Dfile.encoding=UTF-8 -Duser.country=US -Duser.language=en -Duser.variant 
java_command: org.gradle.launcher.daemon.bootstrap.GradleDaemon 7.5
java_class_path (initial): C:\Users\akram\AndroidStudioProjects\app\wrapper\dists\gradle-7.5-bin\f1w0cc9nuo0eivz97x2xlu9sv\gradle-7.5\lib\gradle-launcher-7.5.jar
Launcher Type: SUN_STANDARD

[Global flags]
     intx CICompilerCount                          = 4                                         {product} {ergonomic}
     uint ConcGCThreads                            = 2                                         {product} {ergonomic}
     uint G1ConcRefinementThreads                  = 8                                         {product} {ergonomic}
   size_t G1HeapRegionSize                         = 1048576                                   {product} {ergonomic}
    uintx GCDrainStackTargetSize                   = 64                                        {product} {ergonomic}
   size_t InitialHeapSize                          = 123731968                                 {product} {ergonomic}
   size_t MarkStackSize                            = 4194304                                   {product} {ergonomic}
   size_t MaxHeapSize                              = 2147483648                                {product} {command line}
   size_t MaxNewSize                               = 1287651328                                {product} {ergonomic}
   size_t MinHeapDeltaBytes                        = 1048576                                   {product} {ergonomic}
    uintx NonNMethodCodeHeapSize                   = 5836300                                {pd product} {ergonomic}
    uintx NonProfiledCodeHeapSize                  = 122910970                              {pd product} {ergonomic}
    uintx ProfiledCodeHeapSize                     = 122910970                              {pd product} {ergonomic}
    uintx ReservedCodeCacheSize                    = 251658240                              {pd product} {ergonomic}
     bool SegmentedCodeCache                       = true                                      {product} {ergonomic}
     bool UseCompressedClassPointers               = true                                 {lp64_product} {ergonomic}
     bool UseCompressedOops                        = true                                 {lp64_product} {ergonomic}
     bool UseG1GC                                  = true                                      {product} {ergonomic}
     bool UseLargePagesIndividualAllocation        = false                                  {pd product} {ergonomic}

Logging:
Log output configuration:
 #0: stdout all=warning uptime,level,tags
 #1: stderr all=off uptime,level,tags

Environment Variables:
JAVA_HOME=C:\Program Files\Java\jdk-11.0.16.1
PATH=C:\Program Files\Common Files\Oracle\Java\javapath;C:\WINDOWS\system32;C:\WINDOWS;C:\WINDOWS\System32\Wbem;C:\WINDOWS\System32\WindowsPowerShell\v1.0\;C:\WINDOWS\System32\OpenSSH\;C:\Program Files\Java\jdk-11.0.16.1\bin;C:\Program Files\Git\cmd;C:\Program Files\Cloudflare\Cloudflare WARP\;C:\Users\akram\AppData\Local\Programs\Python\Python311\Scripts\;C:\Users\akram\AppData\Local\Programs\Python\Python311\;C:\Users\akram\AppData\Local\Microsoft\WindowsApps;;C:\Users\akram\AppData\Local\Programs\Microsoft VS Code\bin
USERNAME=akram
OS=Windows_NT
PROCESSOR_IDENTIFIER=AMD64 Family 23 Model 96 Stepping 1, AuthenticAMD



---------------  S Y S T E M  ---------------

OS: Windows 11 , 64 bit Build 22621 (10.0.22621.1635)

CPU:total 8 (initial active 8) (8 cores per cpu, 2 threads per core) family 23 model 96 stepping 1 microcode 0x0, cmov, cx8, fxsr, mmx, sse, sse2, sse3, ssse3, sse4.1, sse4.2, popcnt, avx, avx2, aes, clmul, mmxext, 3dnowpref, lzcnt, sse4a, ht, tsc, tscinvbit, tscinv, bmi1, bmi2, adx, s

Memory: 4k page, system-wide physical 7507M (1444M free)
TotalPageFile size 12627M (AvailPageFile size 2396M)
current process WorkingSet (physical memory assigned to process): 580M, peak: 585M
current process commit charge ("private bytes"): 620M, peak: 625M

vm_info: Java HotSpot(TM) 64-Bit Server VM (11.0.16.1+1-LTS-1) for windows-amd64 JRE (11.0.16.1+1-LTS-1), built on Aug 16 2022 01:46:01 by "mach5one" with MS VC++ 15.9 (VS2017)

END.
