#
# A fatal error has been detected by the Java Runtime Environment:
#
#  EXCEPTION_ACCESS_VIOLATION (0xc0000005) at pc=0x00007ffef68f8f6e, pid=4776, tid=5168
#
# JRE version: Java(TM) SE Runtime Environment 18.9 (11.0.16.1+1) (build 11.0.16.1+1-LTS-1)
# Java VM: Java HotSpot(TM) 64-Bit Server VM 18.9 (11.0.16.1+1-LTS-1, mixed mode, tiered, compressed oops, g1 gc, windows-amd64)
# Problematic frame:
# V  [jvm.dll+0x1c8f6e]
#
# No core dump will be written. Minidumps are not enabled by default on client versions of Windows
#
# If you would like to submit a bug report, please visit:
#   https://bugreport.java.com/bugreport/crash.jsp
#

---------------  S U M M A R Y ------------

Command Line: --add-opens=java.base/java.util=ALL-UNNAMED --add-opens=java.base/java.lang=ALL-UNNAMED --add-opens=java.base/java.lang.invoke=ALL-UNNAMED --add-opens=java.base/java.util=ALL-UNNAMED --add-opens=java.prefs/java.util.prefs=ALL-UNNAMED --add-opens=java.prefs/java.util.prefs=ALL-UNNAMED --add-opens=java.base/java.nio.charset=ALL-UNNAMED --add-opens=java.base/java.net=ALL-UNNAMED --add-opens=java.base/java.util.concurrent.atomic=ALL-UNNAMED -Xmx2048m -Dfile.encoding=UTF-8 -Duser.country=US -Duser.language=en -Duser.variant org.gradle.launcher.daemon.bootstrap.GradleDaemon 7.5

Host: AMD Ryzen 3 4300GE with Radeon Graphics, 8 cores, 7G,  Windows 11 , 64 bit Build 22621 (10.0.22621.1635)
Time: Mon May 15 19:07:24 2023 W. Central Africa Standard Time elapsed time: 2686.571735 seconds (0d 0h 44m 46s)

---------------  T H R E A D  ---------------

Current thread (0x00000250c62cc800):  ConcurrentGCThread "G1 Conc#1" [stack: 0x0000007469b00000,0x0000007469c00000] [id=5168]

Stack: [0x0000007469b00000,0x0000007469c00000],  sp=0x0000007469bff840,  free space=1022k
Native frames: (J=compiled Java code, j=interpreted, Vv=VM code, C=native code)
V  [jvm.dll+0x1c8f6e]
V  [jvm.dll+0x2d5bd3]
V  [jvm.dll+0x2dd524]
V  [jvm.dll+0x793d80]
V  [jvm.dll+0x722b34]
V  [jvm.dll+0x629276]
C  [ucrtbase.dll+0x29363]
C  [KERNEL32.DLL+0x126ad]
C  [ntdll.dll+0x5a9f8]


siginfo: EXCEPTION_ACCESS_VIOLATION (0xc0000005), reading address 0x0000000000000028


Register to memory mapping:

RIP=0x00007ffef68f8f6e jvm.dll
RAX=0x0000000100b994c8 is pointing into metadata
RBX=0x0 is NULL
RCX=0x0 is NULL
RDX=0x0000007469bff8e0 points into unknown readable memory: 0x00007ffef6f98c18 | 18 8c f9 f6 fe 7f 00 00
RSP=0x0000007469bff840 points into unknown readable memory: 0x00000250a5706078 | 78 60 70 a5 50 02 00 00
RBP=0x000000008ff00000 is an unallocated location in the heap
RSI=0x0000007469bff8e0 points into unknown readable memory: 0x00007ffef6f98c18 | 18 8c f9 f6 fe 7f 00 00
RDI=0x0 is NULL
R8 =0x0000007469bff801 points into unknown readable memory: f8 bf 69 74 00 00 00
R9 =0x0 is NULL
R10=0x00000250a5750080 points into unknown readable memory: 0x00007ffef6fa4918 | 18 49 fa f6 fe 7f 00 00
R11=0x0000000000000246 is an unknown value
R12=0x0 is NULL
R13=0x0000000100b994c8 is pointing into metadata
R14=0x000000008fee2fa0 is an oop: 
[error occurred during error reporting (printing register info), id 0xc0000005, EXCEPTION_ACCESS_VIOLATION (0xc0000005) at pc=0x00007ffef6d4767d]

Registers:
RAX=0x0000000100b994c8, RBX=0x0000000000000000, RCX=0x0000000000000000, RDX=0x0000007469bff8e0
RSP=0x0000007469bff840, RBP=0x000000008ff00000, RSI=0x0000007469bff8e0, RDI=0x0000000000000000
R8 =0x0000007469bff801, R9 =0x0000000000000000, R10=0x00000250a5750080, R11=0x0000000000000246
R12=0x0000000000000000, R13=0x0000000100b994c8, R14=0x000000008fee2fa0, R15=0x00000074674ff910
RIP=0x00007ffef68f8f6e, EFLAGS=0x0000000000010202

Top of Stack: (sp=0x0000007469bff840)
0x0000007469bff840:   00000250a5706078 00007ffef6917b49
0x0000007469bff850:   000000010006e898 000000008ff00000
0x0000007469bff860:   0000007469bff8e0 00007ffef6a05bd3
0x0000007469bff870:   0000000100b994c8 000000008fee2fa0
0x0000007469bff880:   000000008fee2f98 0000000100b916e0
0x0000007469bff890:   00000074674ff910 00000250a5706078
0x0000007469bff8a0:   00007ffef7111310 0000000000000200
0x0000007469bff8b0:   0000000100b994c8 00007ffef6a0d524
0x0000007469bff8c0:   0000000100b914c8 000000008ff00000
0x0000007469bff8d0:   000000008fee2f88 0000000000000000
0x0000007469bff8e0:   00007ffef6f98c18 0000000000000000
0x0000007469bff8f0:   00000250a56d4800 00000250a5705fd0
0x0000007469bff900:   0000000000000000 00007ffef6ec429b
0x0000007469bff910:   0000000000000000 00000000000075a3
0x0000007469bff920:   0000000000000000 00000250c62cc800
0x0000007469bff930:   0000000000000000 00007ffef6ec3d80 

Instructions: (pc=0x00007ffef68f8f6e)
0x00007ffef68f8f4e:   cc cc 48 89 5c 24 08 48 89 74 24 10 57 48 83 ec
0x00007ffef68f8f5e:   20 41 0f b6 f9 48 8b f2 48 8b d9 45 84 c0 74 20
0x00007ffef68f8f6e:   8b 41 28 48 8d 51 28 83 f8 01 74 29 48 8b 05 47
0x00007ffef68f8f7e:   21 83 00 45 33 c0 41 8d 48 01 ff d0 85 c0 75 15 


Stack slot to memory mapping:
stack at sp + 0 slots: 0x00000250a5706078 points into unknown readable memory: 0x00000250a56d4cc8 | c8 4c 6d a5 50 02 00 00
stack at sp + 1 slots: 0x00007ffef6917b49 jvm.dll
stack at sp + 2 slots: 0x000000010006e898 is a pointer to class: 
java.util.zip.ZipFile$Source$End {0x000000010006e8a0}
stack at sp + 3 slots: 0x000000008ff00000 is an unallocated location in the heap
stack at sp + 4 slots: 0x0000007469bff8e0 points into unknown readable memory: 0x00007ffef6f98c18 | 18 8c f9 f6 fe 7f 00 00
stack at sp + 5 slots: 0x00007ffef6a05bd3 jvm.dll
stack at sp + 6 slots: 0x0000000100b994c8 is pointing into metadata
stack at sp + 7 slots: 0x000000008fee2fa0 is an oop: 
[error occurred during error reporting (inspecting top of stack), id 0xc0000005, EXCEPTION_ACCESS_VIOLATION (0xc0000005) at pc=0x00007ffef6d4767d]


---------------  P R O C E S S  ---------------

Threads class SMR info:
_java_thread_list=0x00000250d116d9f0, length=151, elements={
0x00000250a356b000, 0x00000250c36d5000, 0x00000250c36df800, 0x00000250c4062800,
0x00000250c36f2800, 0x00000250c36f3000, 0x00000250c36f5800, 0x00000250c36f7800,
0x00000250c3706000, 0x00000250c41ae000, 0x00000250c57f8000, 0x00000250c57bf000,
0x00000250c6bfe800, 0x00000250c6357800, 0x00000250c635b800, 0x00000250c6359000,
0x00000250c635a000, 0x00000250c635c800, 0x00000250c6358800, 0x00000250c94b9800,
0x00000250c94b8800, 0x00000250c94bc000, 0x00000250c94bb000, 0x00000250c94b7000,
0x00000250c9629000, 0x00000250c6a9d800, 0x00000250c6aa6800, 0x00000250c6aa3000,
0x00000250c6aa4800, 0x00000250cf2d2800, 0x00000250c86a9000, 0x00000250c86ab800,
0x00000250c86a8800, 0x00000250c86aa000, 0x00000250c86ac800, 0x00000250c635b000,
0x00000250c9628000, 0x00000250c635d800, 0x00000250c635e000, 0x00000250ce18e000,
0x00000250cb4d5800, 0x00000250cb4cf800, 0x00000250cb4d4800, 0x00000250cb4d3000,
0x00000250cb4d0800, 0x00000250cb4d6000, 0x00000250cb4d1000, 0x00000250cb4d7800,
0x00000250cb4d3800, 0x00000250cb4d2000, 0x00000250cb4dc000, 0x00000250cb4da000,
0x00000250cb4de800, 0x00000250cb4db000, 0x00000250cb4dc800, 0x00000250cb4dd800,
0x00000250cb4d8800, 0x00000250c9625000, 0x00000250c962a000, 0x00000250c962a800,
0x00000250c9625800, 0x00000250c962b800, 0x00000250c962c800, 0x00000250c9626800,
0x00000250c962d000, 0x00000250c9627800, 0x00000250c9632000, 0x00000250c962e000,
0x00000250c962e800, 0x00000250c962f800, 0x00000250c9630800, 0x00000250c9631000,
0x00000250c9633000, 0x00000250c9633800, 0x00000250c6a9c800, 0x00000250c6aa1800,
0x00000250c6a9e000, 0x00000250c6a9f000, 0x00000250c6a9b800, 0x00000250c6aa4000,
0x00000250c6aa5800, 0x00000250c6aa2800, 0x00000250c6aa0000, 0x00000250c6aa8000,
0x00000250c6aa9800, 0x00000250c6aa9000, 0x00000250c6aaa800, 0x00000250c6aa7000,
0x00000250c86a2000, 0x00000250c86a0800, 0x00000250c869e000, 0x00000250c86a4800,
0x00000250c869e800, 0x00000250c86a1000, 0x00000250c86a2800, 0x00000250c86a5000,
0x00000250c86a3800, 0x00000250c86ab000, 0x00000250c86a6000, 0x00000250c86a7000,
0x00000250c86a7800, 0x00000250cb906800, 0x00000250cb908800, 0x00000250cb905000,
0x00000250cb904000, 0x00000250cb906000, 0x00000250cb903800, 0x00000250cb907800,
0x00000250cb90a000, 0x00000250ce18c000, 0x00000250ce18d000, 0x00000250ce18e800,
0x00000250ce191000, 0x00000250ce190000, 0x00000250ce18f800, 0x00000250ce18b800,
0x00000250ce192000, 0x00000250c698a000, 0x00000250c698a800, 0x00000250c698f800,
0x00000250c698b800, 0x00000250c698c800, 0x00000250c698d000, 0x00000250c698f000,
0x00000250cf2d7000, 0x00000250cf2d3000, 0x00000250cf2d1800, 0x00000250cf2d4000,
0x00000250cf2d5000, 0x00000250cf2d5800, 0x00000250cf2d6800, 0x00000250c94b5800,
0x00000250d6071800, 0x00000250c94b8000, 0x00000250cb107800, 0x00000250cb105800,
0x00000250cb109000, 0x00000250cb108000, 0x00000250cb106800, 0x00000250cb10a800,
0x00000250cb109800, 0x00000250cb105000, 0x00000250d607a800, 0x00000250cb111000,
0x00000250cb10f800, 0x00000250cb10b800, 0x00000250cb10e000, 0x00000250cb112000,
0x00000250cb10c000, 0x00000250cb10e800, 0x00000250cb110000
}

Java Threads: ( => current thread )
  0x00000250a356b000 JavaThread "main" [_thread_blocked, id=3584, stack(0x0000007467200000,0x0000007467300000)]
  0x00000250c36d5000 JavaThread "Reference Handler" daemon [_thread_blocked, id=9688, stack(0x0000007467900000,0x0000007467a00000)]
  0x00000250c36df800 JavaThread "Finalizer" daemon [_thread_blocked, id=9844, stack(0x0000007467a00000,0x0000007467b00000)]
  0x00000250c4062800 JavaThread "Signal Dispatcher" daemon [_thread_blocked, id=8460, stack(0x0000007467b00000,0x0000007467c00000)]
  0x00000250c36f2800 JavaThread "Attach Listener" daemon [_thread_blocked, id=1104, stack(0x0000007467c00000,0x0000007467d00000)]
  0x00000250c36f3000 JavaThread "Service Thread" daemon [_thread_blocked, id=5508, stack(0x0000007467d00000,0x0000007467e00000)]
  0x00000250c36f5800 JavaThread "C2 CompilerThread0" daemon [_thread_in_native, id=5520, stack(0x0000007467e00000,0x0000007467f00000)]
  0x00000250c36f7800 JavaThread "C1 CompilerThread0" daemon [_thread_blocked, id=6416, stack(0x0000007467f00000,0x0000007468000000)]
  0x00000250c3706000 JavaThread "Sweeper thread" daemon [_thread_blocked, id=6404, stack(0x0000007468000000,0x0000007468100000)]
  0x00000250c41ae000 JavaThread "Common-Cleaner" daemon [_thread_blocked, id=4984, stack(0x0000007468100000,0x0000007468200000)]
  0x00000250c57f8000 JavaThread "Daemon health stats" [_thread_blocked, id=7396, stack(0x0000007468600000,0x0000007468700000)]
  0x00000250c57bf000 JavaThread "Incoming local TCP Connector on port 49867" [_thread_in_native, id=11404, stack(0x0000007468700000,0x0000007468800000)]
  0x00000250c6bfe800 JavaThread "Daemon periodic checks" [_thread_blocked, id=7924, stack(0x0000007468800000,0x0000007468900000)]
  0x00000250c6357800 JavaThread "Cache worker for journal cache (C:\Users\akram\AndroidStudioProjects\app\caches\journal-1)" [_thread_blocked, id=3160, stack(0x0000007469800000,0x0000007469900000)]
  0x00000250c635b800 JavaThread "File lock request listener" [_thread_in_native, id=5448, stack(0x0000007469900000,0x0000007469a00000)]
  0x00000250c6359000 JavaThread "Cache worker for file hash cache (C:\Users\akram\AndroidStudioProjects\app\caches\7.5\fileHashes)" [_thread_blocked, id=9092, stack(0x0000007469a00000,0x0000007469b00000)]
  0x00000250c635a000 JavaThread "File watcher server" daemon [_thread_in_native, id=4936, stack(0x0000007469c00000,0x0000007469d00000)]
  0x00000250c635c800 JavaThread "File watcher consumer" daemon [_thread_blocked, id=5160, stack(0x0000007469d00000,0x0000007469e00000)]
  0x00000250c6358800 JavaThread "Cache worker for file content cache (C:\Users\akram\AndroidStudioProjects\app\caches\7.5\fileContent)" [_thread_blocked, id=9212, stack(0x000000746a000000,0x000000746a100000)]
  0x00000250c94b9800 JavaThread "Cache worker for execution history cache (C:\Users\akram\AndroidStudioProjects\app\caches\7.5\executionHistory)" [_thread_blocked, id=4212, stack(0x000000746a200000,0x000000746a300000)]
  0x00000250c94b8800 JavaThread "jar transforms" [_thread_blocked, id=5292, stack(0x000000746a300000,0x000000746a400000)]
  0x00000250c94bc000 JavaThread "jar transforms Thread 2" [_thread_blocked, id=3844, stack(0x000000746a400000,0x000000746a500000)]
  0x00000250c94bb000 JavaThread "jar transforms Thread 3" [_thread_blocked, id=852, stack(0x000000746a600000,0x000000746a700000)]
  0x00000250c94b7000 JavaThread "jar transforms Thread 4" [_thread_blocked, id=7296, stack(0x000000746a700000,0x000000746a800000)]
  0x00000250c9629000 JavaThread "jar transforms Thread 5" [_thread_blocked, id=8968, stack(0x000000746a900000,0x000000746aa00000)]
  0x00000250c6a9d800 JavaThread "jar transforms Thread 6" [_thread_blocked, id=2716, stack(0x000000746fb00000,0x000000746fc00000)]
  0x00000250c6aa6800 JavaThread "jar transforms Thread 7" [_thread_blocked, id=10788, stack(0x000000746fc00000,0x000000746fd00000)]
  0x00000250c6aa3000 JavaThread "jar transforms Thread 8" [_thread_blocked, id=3964, stack(0x000000746fd00000,0x000000746fe00000)]
  0x00000250c6aa4800 JavaThread "Memory manager" [_thread_blocked, id=6668, stack(0x000000746ff00000,0x0000007470000000)]
  0x00000250cf2d2800 JavaThread "Cache worker for Java compile cache (C:\Users\akram\AndroidStudioProjects\app\caches\7.5\javaCompile)" [_thread_blocked, id=5996, stack(0x0000007470f00000,0x0000007471000000)]
  0x00000250c86a9000 JavaThread "ForkJoinPool.commonPool-worker-7" daemon [_thread_blocked, id=1288, stack(0x0000007471c00000,0x0000007471d00000)]
  0x00000250c86ab800 JavaThread "ForkJoinPool.commonPool-worker-9" daemon [_thread_blocked, id=1588, stack(0x0000007471d00000,0x0000007471e00000)]
  0x00000250c86a8800 JavaThread "ForkJoinPool.commonPool-worker-11" daemon [_thread_blocked, id=4084, stack(0x0000007471e00000,0x0000007471f00000)]
  0x00000250c86aa000 JavaThread "ForkJoinPool.commonPool-worker-15" daemon [_thread_blocked, id=6936, stack(0x0000007472000000,0x0000007472100000)]
  0x00000250c86ac800 JavaThread "ForkJoinPool.commonPool-worker-1" daemon [_thread_blocked, id=1700, stack(0x0000007472100000,0x0000007472200000)]
  0x00000250c635b000 JavaThread "Daemon Thread 11" [_thread_blocked, id=3552, stack(0x0000007466f00000,0x0000007467000000)]
  0x00000250c9628000 JavaThread "Daemon worker Thread 11" [_thread_blocked, id=3852, stack(0x0000007468300000,0x0000007468400000)]
  0x00000250c635d800 JavaThread "ForkJoinPool.commonPool-worker-5" daemon [_thread_blocked, id=9940, stack(0x0000007471900000,0x0000007471a00000)]
  0x00000250c635e000 JavaThread "ForkJoinPool.commonPool-worker-13" daemon [_thread_blocked, id=2012, stack(0x0000007471a00000,0x0000007471b00000)]
  0x00000250ce18e000 JavaThread "included builds" [_thread_blocked, id=7672, stack(0x000000746fa00000,0x000000746fb00000)]
  0x00000250cb4d5800 JavaThread "Handler for socket connection from /127.0.0.1:49867 to /127.0.0.1:51500" [_thread_in_native, id=6408, stack(0x0000007467100000,0x0000007467200000)]
  0x00000250cb4cf800 JavaThread "Cancel handler" [_thread_blocked, id=7464, stack(0x0000007468400000,0x0000007468500000)]
  0x00000250cb4d4800 JavaThread "Asynchronous log dispatcher for DefaultDaemonConnection: socket connection from /127.0.0.1:49867 to /127.0.0.1:51500" [_thread_blocked, id=6628, stack(0x0000007468900000,0x0000007468a00000)]
  0x00000250cb4d3000 JavaThread "Stdin handler" [_thread_blocked, id=11364, stack(0x0000007468a00000,0x0000007468b00000)]
  0x00000250cb4d0800 JavaThread "Daemon client event forwarder" [_thread_blocked, id=1840, stack(0x0000007468b00000,0x0000007468c00000)]
  0x00000250cb4d6000 JavaThread "Cache worker for checksums cache (C:\Users\akram\AndroidStudioProjects\BloodBUMP\.gradle\7.5\checksums)" [_thread_blocked, id=8476, stack(0x0000007468c00000,0x0000007468d00000)]
  0x00000250cb4d1000 JavaThread "Cache worker for cache directory md-rule (C:\Users\akram\AndroidStudioProjects\app\caches\7.5\md-rule)" [_thread_blocked, id=3200, stack(0x0000007468d00000,0x0000007468e00000)]
  0x00000250cb4d7800 JavaThread "Cache worker for file hash cache (C:\Users\akram\AndroidStudioProjects\BloodBUMP\.gradle\7.5\fileHashes)" [_thread_blocked, id=4156, stack(0x0000007468e00000,0x0000007468f00000)]
  0x00000250cb4d3800 JavaThread "Cache worker for cache directory md-supplier (C:\Users\akram\AndroidStudioProjects\app\caches\7.5\md-supplier)" [_thread_blocked, id=10696, stack(0x0000007468f00000,0x0000007469000000)]
  0x00000250cb4d2000 JavaThread "Cache worker for dependencies-accessors (C:\Users\akram\AndroidStudioProjects\BloodBUMP\.gradle\7.5\dependencies-accessors)" [_thread_blocked, id=4020, stack(0x0000007469e00000,0x0000007469f00000)]
  0x00000250cb4dc000 JavaThread "Cache worker for Build Output Cleanup Cache (C:\Users\akram\AndroidStudioProjects\BloodBUMP\.gradle\buildOutputCleanup)" [_thread_blocked, id=4684, stack(0x0000007469f00000,0x000000746a000000)]
  0x00000250cb4da000 JavaThread "Unconstrained build operations" [_thread_blocked, id=11612, stack(0x000000746a100000,0x000000746a200000)]
  0x00000250cb4de800 JavaThread "Unconstrained build operations Thread 2" [_thread_blocked, id=11188, stack(0x000000746a500000,0x000000746a600000)]
  0x00000250cb4db000 JavaThread "Unconstrained build operations Thread 3" [_thread_blocked, id=3288, stack(0x000000746a800000,0x000000746a900000)]
  0x00000250cb4dc800 JavaThread "Unconstrained build operations Thread 4" [_thread_blocked, id=5376, stack(0x000000746aa00000,0x000000746ab00000)]
  0x00000250cb4dd800 JavaThread "Unconstrained build operations Thread 5" [_thread_blocked, id=2060, stack(0x000000746ab00000,0x000000746ac00000)]
  0x00000250cb4d8800 JavaThread "Unconstrained build operations Thread 6" [_thread_blocked, id=9656, stack(0x000000746ac00000,0x000000746ad00000)]
  0x00000250c9625000 JavaThread "Unconstrained build operations Thread 7" [_thread_blocked, id=7820, stack(0x000000746ad00000,0x000000746ae00000)]
  0x00000250c962a000 JavaThread "Unconstrained build operations Thread 8" [_thread_blocked, id=11456, stack(0x000000746ae00000,0x000000746af00000)]
  0x00000250c962a800 JavaThread "Unconstrained build operations Thread 9" [_thread_blocked, id=3100, stack(0x000000746af00000,0x000000746b000000)]
  0x00000250c9625800 JavaThread "Unconstrained build operations Thread 10" [_thread_blocked, id=6836, stack(0x000000746b000000,0x000000746b100000)]
  0x00000250c962b800 JavaThread "Unconstrained build operations Thread 11" [_thread_blocked, id=4380, stack(0x000000746b100000,0x000000746b200000)]
  0x00000250c962c800 JavaThread "Unconstrained build operations Thread 12" [_thread_blocked, id=68, stack(0x000000746b200000,0x000000746b300000)]
  0x00000250c9626800 JavaThread "Unconstrained build operations Thread 13" [_thread_blocked, id=5872, stack(0x000000746b300000,0x000000746b400000)]
  0x00000250c962d000 JavaThread "Unconstrained build operations Thread 14" [_thread_blocked, id=2860, stack(0x000000746b400000,0x000000746b500000)]
  0x00000250c9627800 JavaThread "Unconstrained build operations Thread 15" [_thread_blocked, id=3040, stack(0x000000746b500000,0x000000746b600000)]
  0x00000250c9632000 JavaThread "Unconstrained build operations Thread 16" [_thread_blocked, id=3308, stack(0x000000746b600000,0x000000746b700000)]
  0x00000250c962e000 JavaThread "Unconstrained build operations Thread 17" [_thread_blocked, id=7804, stack(0x000000746b700000,0x000000746b800000)]
  0x00000250c962e800 JavaThread "Unconstrained build operations Thread 18" [_thread_blocked, id=7468, stack(0x000000746b800000,0x000000746b900000)]
  0x00000250c962f800 JavaThread "Unconstrained build operations Thread 19" [_thread_blocked, id=8056, stack(0x000000746b900000,0x000000746ba00000)]
  0x00000250c9630800 JavaThread "Unconstrained build operations Thread 20" [_thread_blocked, id=5696, stack(0x000000746ba00000,0x000000746bb00000)]
  0x00000250c9631000 JavaThread "Unconstrained build operations Thread 21" [_thread_blocked, id=6528, stack(0x000000746bb00000,0x000000746bc00000)]
  0x00000250c9633000 JavaThread "Unconstrained build operations Thread 22" [_thread_blocked, id=3248, stack(0x000000746bc00000,0x000000746bd00000)]
  0x00000250c9633800 JavaThread "Unconstrained build operations Thread 23" [_thread_blocked, id=6000, stack(0x000000746bd00000,0x000000746be00000)]
  0x00000250c6a9c800 JavaThread "Unconstrained build operations Thread 24" [_thread_blocked, id=5716, stack(0x000000746be00000,0x000000746bf00000)]
  0x00000250c6aa1800 JavaThread "Unconstrained build operations Thread 25" [_thread_blocked, id=6180, stack(0x000000746bf00000,0x000000746c000000)]
  0x00000250c6a9e000 JavaThread "Unconstrained build operations Thread 26" [_thread_blocked, id=4920, stack(0x000000746c000000,0x000000746c100000)]
  0x00000250c6a9f000 JavaThread "Unconstrained build operations Thread 27" [_thread_blocked, id=9704, stack(0x000000746c100000,0x000000746c200000)]
  0x00000250c6a9b800 JavaThread "Unconstrained build operations Thread 28" [_thread_blocked, id=1916, stack(0x000000746c200000,0x000000746c300000)]
  0x00000250c6aa4000 JavaThread "Unconstrained build operations Thread 29" [_thread_blocked, id=4692, stack(0x000000746c300000,0x000000746c400000)]
  0x00000250c6aa5800 JavaThread "Unconstrained build operations Thread 30" [_thread_blocked, id=4968, stack(0x000000746c400000,0x000000746c500000)]
  0x00000250c6aa2800 JavaThread "Unconstrained build operations Thread 31" [_thread_blocked, id=10792, stack(0x000000746c500000,0x000000746c600000)]
  0x00000250c6aa0000 JavaThread "Unconstrained build operations Thread 32" [_thread_blocked, id=4492, stack(0x000000746c600000,0x000000746c700000)]
  0x00000250c6aa8000 JavaThread "Unconstrained build operations Thread 33" [_thread_blocked, id=7728, stack(0x000000746c700000,0x000000746c800000)]
  0x00000250c6aa9800 JavaThread "Unconstrained build operations Thread 34" [_thread_blocked, id=11064, stack(0x000000746c800000,0x000000746c900000)]
  0x00000250c6aa9000 JavaThread "Unconstrained build operations Thread 35" [_thread_blocked, id=1280, stack(0x000000746c900000,0x000000746ca00000)]
  0x00000250c6aaa800 JavaThread "Unconstrained build operations Thread 36" [_thread_blocked, id=8452, stack(0x000000746ca00000,0x000000746cb00000)]
  0x00000250c6aa7000 JavaThread "Unconstrained build operations Thread 37" [_thread_blocked, id=4604, stack(0x000000746cb00000,0x000000746cc00000)]
  0x00000250c86a2000 JavaThread "Unconstrained build operations Thread 38" [_thread_blocked, id=7676, stack(0x000000746cc00000,0x000000746cd00000)]
  0x00000250c86a0800 JavaThread "Unconstrained build operations Thread 39" [_thread_blocked, id=9760, stack(0x000000746cd00000,0x000000746ce00000)]
  0x00000250c869e000 JavaThread "Unconstrained build operations Thread 40" [_thread_blocked, id=11548, stack(0x000000746ce00000,0x000000746cf00000)]
  0x00000250c86a4800 JavaThread "Unconstrained build operations Thread 41" [_thread_blocked, id=10692, stack(0x000000746cf00000,0x000000746d000000)]
  0x00000250c869e800 JavaThread "Unconstrained build operations Thread 42" [_thread_blocked, id=8724, stack(0x000000746d000000,0x000000746d100000)]
  0x00000250c86a1000 JavaThread "Unconstrained build operations Thread 43" [_thread_blocked, id=5732, stack(0x000000746d100000,0x000000746d200000)]
  0x00000250c86a2800 JavaThread "Unconstrained build operations Thread 44" [_thread_blocked, id=1832, stack(0x000000746d200000,0x000000746d300000)]
  0x00000250c86a5000 JavaThread "Unconstrained build operations Thread 45" [_thread_blocked, id=10184, stack(0x000000746d300000,0x000000746d400000)]
  0x00000250c86a3800 JavaThread "Unconstrained build operations Thread 46" [_thread_blocked, id=11504, stack(0x000000746d400000,0x000000746d500000)]
  0x00000250c86ab000 JavaThread "Unconstrained build operations Thread 47" [_thread_blocked, id=10520, stack(0x000000746d500000,0x000000746d600000)]
  0x00000250c86a6000 JavaThread "Unconstrained build operations Thread 48" [_thread_blocked, id=4256, stack(0x000000746d600000,0x000000746d700000)]
  0x00000250c86a7000 JavaThread "Unconstrained build operations Thread 49" [_thread_blocked, id=6380, stack(0x000000746d700000,0x000000746d800000)]
  0x00000250c86a7800 JavaThread "Unconstrained build operations Thread 50" [_thread_blocked, id=7076, stack(0x000000746d800000,0x000000746d900000)]
  0x00000250cb906800 JavaThread "Unconstrained build operations Thread 51" [_thread_blocked, id=4104, stack(0x000000746d900000,0x000000746da00000)]
  0x00000250cb908800 JavaThread "Unconstrained build operations Thread 52" [_thread_blocked, id=3960, stack(0x000000746da00000,0x000000746db00000)]
  0x00000250cb905000 JavaThread "Unconstrained build operations Thread 53" [_thread_blocked, id=11784, stack(0x000000746db00000,0x000000746dc00000)]
  0x00000250cb904000 JavaThread "Unconstrained build operations Thread 54" [_thread_blocked, id=8836, stack(0x000000746dc00000,0x000000746dd00000)]
  0x00000250cb906000 JavaThread "Unconstrained build operations Thread 55" [_thread_blocked, id=4660, stack(0x000000746dd00000,0x000000746de00000)]
  0x00000250cb903800 JavaThread "Unconstrained build operations Thread 56" [_thread_blocked, id=9404, stack(0x000000746de00000,0x000000746df00000)]
  0x00000250cb907800 JavaThread "Unconstrained build operations Thread 57" [_thread_blocked, id=7452, stack(0x000000746df00000,0x000000746e000000)]
  0x00000250cb90a000 JavaThread "Unconstrained build operations Thread 58" [_thread_blocked, id=11444, stack(0x000000746e000000,0x000000746e100000)]
  0x00000250ce18c000 JavaThread "Unconstrained build operations Thread 59" [_thread_blocked, id=8212, stack(0x000000746e100000,0x000000746e200000)]
  0x00000250ce18d000 JavaThread "Unconstrained build operations Thread 60" [_thread_blocked, id=2612, stack(0x000000746e200000,0x000000746e300000)]
  0x00000250ce18e800 JavaThread "Unconstrained build operations Thread 61" [_thread_blocked, id=8888, stack(0x000000746e300000,0x000000746e400000)]
  0x00000250ce191000 JavaThread "Unconstrained build operations Thread 62" [_thread_blocked, id=2968, stack(0x000000746e400000,0x000000746e500000)]
  0x00000250ce190000 JavaThread "Unconstrained build operations Thread 63" [_thread_blocked, id=5432, stack(0x000000746e500000,0x000000746e600000)]
  0x00000250ce18f800 JavaThread "Unconstrained build operations Thread 64" [_thread_blocked, id=4980, stack(0x000000746e600000,0x000000746e700000)]
  0x00000250ce18b800 JavaThread "Unconstrained build operations Thread 65" [_thread_blocked, id=6164, stack(0x000000746e700000,0x000000746e800000)]
  0x00000250ce192000 JavaThread "Unconstrained build operations Thread 66" [_thread_blocked, id=2324, stack(0x000000746e800000,0x000000746e900000)]
  0x00000250c698a000 JavaThread "Unconstrained build operations Thread 67" [_thread_blocked, id=9184, stack(0x000000746e900000,0x000000746ea00000)]
  0x00000250c698a800 JavaThread "Unconstrained build operations Thread 68" [_thread_blocked, id=11084, stack(0x000000746ea00000,0x000000746eb00000)]
  0x00000250c698f800 JavaThread "Unconstrained build operations Thread 69" [_thread_blocked, id=9980, stack(0x000000746eb00000,0x000000746ec00000)]
  0x00000250c698b800 JavaThread "Unconstrained build operations Thread 70" [_thread_blocked, id=1200, stack(0x000000746ec00000,0x000000746ed00000)]
  0x00000250c698c800 JavaThread "Unconstrained build operations Thread 71" [_thread_blocked, id=2448, stack(0x000000746ed00000,0x000000746ee00000)]
  0x00000250c698d000 JavaThread "Unconstrained build operations Thread 72" [_thread_blocked, id=11152, stack(0x000000746ee00000,0x000000746ef00000)]
  0x00000250c698f000 JavaThread "Unconstrained build operations Thread 73" [_thread_blocked, id=5040, stack(0x000000746ef00000,0x000000746f000000)]
  0x00000250cf2d7000 JavaThread "Unconstrained build operations Thread 74" [_thread_blocked, id=2444, stack(0x000000746f000000,0x000000746f100000)]
  0x00000250cf2d3000 JavaThread "Unconstrained build operations Thread 75" [_thread_blocked, id=8464, stack(0x000000746f100000,0x000000746f200000)]
  0x00000250cf2d1800 JavaThread "Unconstrained build operations Thread 76" [_thread_blocked, id=1344, stack(0x000000746f200000,0x000000746f300000)]
  0x00000250cf2d4000 JavaThread "Unconstrained build operations Thread 77" [_thread_blocked, id=5380, stack(0x000000746f300000,0x000000746f400000)]
  0x00000250cf2d5000 JavaThread "Unconstrained build operations Thread 78" [_thread_blocked, id=2952, stack(0x000000746f400000,0x000000746f500000)]
  0x00000250cf2d5800 JavaThread "Unconstrained build operations Thread 79" [_thread_blocked, id=11096, stack(0x000000746f500000,0x000000746f600000)]
  0x00000250cf2d6800 JavaThread "Unconstrained build operations Thread 80" [_thread_blocked, id=9920, stack(0x000000746f600000,0x000000746f700000)]
  0x00000250c94b5800 JavaThread "build event listener" [_thread_blocked, id=3556, stack(0x000000746f700000,0x000000746f800000)]
  0x00000250d6071800 JavaThread "C2 CompilerThread1" daemon [_thread_blocked, id=4764, stack(0x000000746f800000,0x000000746f900000)]
  0x00000250c94b8000 JavaThread "included builds" [_thread_blocked, id=7612, stack(0x000000746f900000,0x000000746fa00000)]
  0x00000250cb107800 JavaThread "Execution worker" [_thread_blocked, id=11196, stack(0x000000746fe00000,0x000000746ff00000)]
  0x00000250cb105800 JavaThread "Execution worker Thread 2" [_thread_blocked, id=8716, stack(0x0000007470000000,0x0000007470100000)]
  0x00000250cb109000 JavaThread "Execution worker Thread 3" [_thread_blocked, id=3776, stack(0x0000007470100000,0x0000007470200000)]
  0x00000250cb108000 JavaThread "Execution worker Thread 4" [_thread_blocked, id=7860, stack(0x0000007470200000,0x0000007470300000)]
  0x00000250cb106800 JavaThread "Execution worker Thread 5" [_thread_blocked, id=3568, stack(0x0000007470300000,0x0000007470400000)]
  0x00000250cb10a800 JavaThread "Execution worker Thread 6" [_thread_in_native, id=7476, stack(0x0000007470400000,0x0000007470500000)]
  0x00000250cb109800 JavaThread "Execution worker Thread 7" [_thread_blocked, id=3600, stack(0x0000007470500000,0x0000007470600000)]
  0x00000250cb105000 JavaThread "Cache worker for execution history cache (C:\Users\akram\AndroidStudioProjects\BloodBUMP\.gradle\7.5\executionHistory)" [_thread_blocked, id=11236, stack(0x0000007470600000,0x0000007470700000)]
  0x00000250d607a800 JavaThread "C2 CompilerThread2" daemon [_thread_blocked, id=6184, stack(0x0000007470700000,0x0000007470800000)]
  0x00000250cb111000 JavaThread "Build operations" [_thread_blocked, id=5032, stack(0x0000007470800000,0x0000007470900000)]
  0x00000250cb10f800 JavaThread "Build operations Thread 2" [_thread_blocked, id=6784, stack(0x0000007470900000,0x0000007470a00000)]
  0x00000250cb10b800 JavaThread "Build operations Thread 3" [_thread_blocked, id=5992, stack(0x0000007470a00000,0x0000007470b00000)]
  0x00000250cb10e000 JavaThread "Build operations Thread 4" [_thread_blocked, id=800, stack(0x0000007470b00000,0x0000007470c00000)]
  0x00000250cb112000 JavaThread "Build operations Thread 5" [_thread_blocked, id=11660, stack(0x0000007470c00000,0x0000007470d00000)]
  0x00000250cb10c000 JavaThread "Build operations Thread 6" [_thread_blocked, id=6084, stack(0x0000007470d00000,0x0000007470e00000)]
  0x00000250cb10e800 JavaThread "Build operations Thread 7" [_thread_blocked, id=5200, stack(0x0000007470e00000,0x0000007470f00000)]
  0x00000250cb110000 JavaThread "Build operations Thread 8" [_thread_blocked, id=11244, stack(0x0000007471000000,0x0000007471100000)]

Other Threads:
  0x00000250c36d3000 VMThread "VM Thread" [stack: 0x0000007467800000,0x0000007467900000] [id=1800]
  0x00000250c41b4800 WatcherThread [stack: 0x0000007468200000,0x0000007468300000] [id=6632]
  0x00000250a56dc000 GCTaskThread "GC Thread#0" [stack: 0x0000007467300000,0x0000007467400000] [id=9952]
  0x00000250c4950800 GCTaskThread "GC Thread#1" [stack: 0x0000007468500000,0x0000007468600000] [id=11544]
  0x00000250c55c1800 GCTaskThread "GC Thread#2" [stack: 0x0000007469000000,0x0000007469100000] [id=3372]
  0x00000250c55c2000 GCTaskThread "GC Thread#3" [stack: 0x0000007469100000,0x0000007469200000] [id=3164]
  0x00000250c5a0d000 GCTaskThread "GC Thread#4" [stack: 0x0000007469200000,0x0000007469300000] [id=8540]
  0x00000250c5a0d800 GCTaskThread "GC Thread#5" [stack: 0x0000007469300000,0x0000007469400000] [id=1356]
  0x00000250c5958800 GCTaskThread "GC Thread#6" [stack: 0x0000007469400000,0x0000007469500000] [id=880]
  0x00000250c5959000 GCTaskThread "GC Thread#7" [stack: 0x0000007469500000,0x0000007469600000] [id=6424]
  0x00000250a570f000 ConcurrentGCThread "G1 Main Marker" [stack: 0x0000007467400000,0x0000007467500000] [id=2712]
  0x00000250a5713000 ConcurrentGCThread "G1 Conc#0" [stack: 0x0000007467500000,0x0000007467600000] [id=6028]
=>0x00000250c62cc800 ConcurrentGCThread "G1 Conc#1" [stack: 0x0000007469b00000,0x0000007469c00000] [id=5168]
  0x00000250a579e000 ConcurrentGCThread "G1 Refine#0" [stack: 0x0000007467600000,0x0000007467700000] [id=5840]
  0x00000250c5ea7000 ConcurrentGCThread "G1 Refine#1" [stack: 0x0000007469600000,0x0000007469700000] [id=1260]
  0x00000250c5eab800 ConcurrentGCThread "G1 Refine#2" [stack: 0x0000007469700000,0x0000007469800000] [id=11016]
  0x00000250c3526800 ConcurrentGCThread "G1 Young RemSet Sampling" [stack: 0x0000007467700000,0x0000007467800000] [id=2296]

Threads with active compile tasks:
C2 CompilerThread0  2686604 35766       4       java.util.jar.Manifest::read (340 bytes)

VM state:not at safepoint (normal execution)

VM Mutex/Monitor currently owned by a thread: None

Heap address: 0x0000000080000000, size: 2048 MB, Compressed Oops mode: 32-bit
Narrow klass base: 0x0000000000000000, Narrow klass shift: 3
Compressed class space size: 1073741824 Address: 0x0000000100000000

Heap:
 garbage-first heap   total 305152K, used 135507K [0x0000000080000000, 0x0000000100000000)
  region size 1024K, 14 young (14336K), 6 survivors (6144K)
 Metaspace       used 137438K, capacity 142846K, committed 143052K, reserved 1173504K
  class space    used 17033K, capacity 18998K, committed 19148K, reserved 1048576K
Heap Regions: E=young(eden), S=young(survivor), O=old, HS=humongous(starts), HC=humongous(continues), CS=collection set, F=free, A=archive, TAMS=top-at-mark-start (previous, next)
|   0|0x0000000080000000, 0x0000000080100000, 0x0000000080100000|100%| O|  |TAMS 0x0000000080100000, 0x0000000080100000| Untracked 
|   1|0x0000000080100000, 0x0000000080200000, 0x0000000080200000|100%| O|  |TAMS 0x0000000080200000, 0x0000000080200000| Untracked 
|   2|0x0000000080200000, 0x0000000080300000, 0x0000000080300000|100%| O|  |TAMS 0x0000000080300000, 0x0000000080300000| Untracked 
|   3|0x0000000080300000, 0x0000000080400000, 0x0000000080400000|100%|HS|  |TAMS 0x0000000080400000, 0x0000000080400000| Complete 
|   4|0x0000000080400000, 0x0000000080500000, 0x0000000080500000|100%|HC|  |TAMS 0x0000000080500000, 0x0000000080500000| Complete 
|   5|0x0000000080500000, 0x0000000080600000, 0x0000000080600000|100%|HC|  |TAMS 0x0000000080600000, 0x0000000080600000| Complete 
|   6|0x0000000080600000, 0x0000000080700000, 0x0000000080700000|100%| O|  |TAMS 0x0000000080700000, 0x0000000080700000| Untracked 
|   7|0x0000000080700000, 0x0000000080800000, 0x0000000080800000|100%| O|  |TAMS 0x0000000080800000, 0x0000000080800000| Untracked 
|   8|0x0000000080800000, 0x0000000080900000, 0x0000000080900000|100%| O|  |TAMS 0x0000000080900000, 0x0000000080900000| Untracked 
|   9|0x0000000080900000, 0x0000000080a00000, 0x0000000080a00000|100%| O|  |TAMS 0x0000000080a00000, 0x0000000080a00000| Untracked 
|  10|0x0000000080a00000, 0x0000000080b00000, 0x0000000080b00000|100%| O|  |TAMS 0x0000000080b00000, 0x0000000080b00000| Untracked 
|  11|0x0000000080b00000, 0x0000000080c00000, 0x0000000080c00000|100%| O|  |TAMS 0x0000000080c00000, 0x0000000080c00000| Untracked 
|  12|0x0000000080c00000, 0x0000000080d00000, 0x0000000080d00000|100%| O|  |TAMS 0x0000000080d00000, 0x0000000080d00000| Untracked 
|  13|0x0000000080d00000, 0x0000000080e00000, 0x0000000080e00000|100%| O|  |TAMS 0x0000000080e00000, 0x0000000080e00000| Untracked 
|  14|0x0000000080e00000, 0x0000000080f00000, 0x0000000080f00000|100%| O|  |TAMS 0x0000000080f00000, 0x0000000080f00000| Untracked 
|  15|0x0000000080f00000, 0x0000000081000000, 0x0000000081000000|100%| O|  |TAMS 0x0000000081000000, 0x0000000081000000| Untracked 
|  16|0x0000000081000000, 0x0000000081100000, 0x0000000081100000|100%| O|  |TAMS 0x0000000081100000, 0x0000000081100000| Untracked 
|  17|0x0000000081100000, 0x0000000081200000, 0x0000000081200000|100%|HS|  |TAMS 0x0000000081200000, 0x0000000081200000| Complete 
|  18|0x0000000081200000, 0x0000000081300000, 0x0000000081300000|100%| O|  |TAMS 0x0000000081300000, 0x0000000081300000| Untracked 
|  19|0x0000000081300000, 0x0000000081400000, 0x0000000081400000|100%| O|  |TAMS 0x0000000081400000, 0x0000000081400000| Untracked 
|  20|0x0000000081400000, 0x0000000081500000, 0x0000000081500000|100%| O|  |TAMS 0x0000000081500000, 0x0000000081500000| Untracked 
|  21|0x0000000081500000, 0x0000000081600000, 0x0000000081600000|100%| O|  |TAMS 0x0000000081600000, 0x0000000081600000| Untracked 
|  22|0x0000000081600000, 0x0000000081700000, 0x0000000081700000|100%| O|  |TAMS 0x0000000081700000, 0x0000000081700000| Untracked 
|  23|0x0000000081700000, 0x0000000081800000, 0x0000000081800000|100%| O|  |TAMS 0x0000000081800000, 0x0000000081800000| Untracked 
|  24|0x0000000081800000, 0x0000000081900000, 0x0000000081900000|100%| O|  |TAMS 0x0000000081900000, 0x0000000081900000| Untracked 
|  25|0x0000000081900000, 0x0000000081a00000, 0x0000000081a00000|100%| O|  |TAMS 0x0000000081a00000, 0x0000000081a00000| Untracked 
|  26|0x0000000081a00000, 0x0000000081b00000, 0x0000000081b00000|100%| O|  |TAMS 0x0000000081b00000, 0x0000000081b00000| Untracked 
|  27|0x0000000081b00000, 0x0000000081c00000, 0x0000000081c00000|100%| O|  |TAMS 0x0000000081c00000, 0x0000000081c00000| Untracked 
|  28|0x0000000081c00000, 0x0000000081d00000, 0x0000000081d00000|100%| O|  |TAMS 0x0000000081d00000, 0x0000000081d00000| Untracked 
|  29|0x0000000081d00000, 0x0000000081e00000, 0x0000000081e00000|100%|HS|  |TAMS 0x0000000081e00000, 0x0000000081e00000| Complete 
|  30|0x0000000081e00000, 0x0000000081f00000, 0x0000000081f00000|100%| O|  |TAMS 0x0000000081f00000, 0x0000000081f00000| Untracked 
|  31|0x0000000081f00000, 0x0000000082000000, 0x0000000082000000|100%| O|  |TAMS 0x0000000082000000, 0x0000000082000000| Untracked 
|  32|0x0000000082000000, 0x0000000082100000, 0x0000000082100000|100%| O|  |TAMS 0x0000000082100000, 0x0000000082100000| Untracked 
|  33|0x0000000082100000, 0x0000000082200000, 0x0000000082200000|100%| O|  |TAMS 0x0000000082200000, 0x0000000082200000| Untracked 
|  34|0x0000000082200000, 0x0000000082300000, 0x0000000082300000|100%| O|  |TAMS 0x0000000082300000, 0x0000000082300000| Untracked 
|  35|0x0000000082300000, 0x0000000082400000, 0x0000000082400000|100%| O|  |TAMS 0x0000000082400000, 0x0000000082400000| Untracked 
|  36|0x0000000082400000, 0x0000000082500000, 0x0000000082500000|100%| O|  |TAMS 0x0000000082500000, 0x0000000082500000| Untracked 
|  37|0x0000000082500000, 0x0000000082600000, 0x0000000082600000|100%| O|  |TAMS 0x0000000082600000, 0x0000000082600000| Untracked 
|  38|0x0000000082600000, 0x0000000082700000, 0x0000000082700000|100%| O|  |TAMS 0x0000000082700000, 0x0000000082700000| Untracked 
|  39|0x0000000082700000, 0x0000000082800000, 0x0000000082800000|100%| O|  |TAMS 0x0000000082800000, 0x0000000082800000| Untracked 
|  40|0x0000000082800000, 0x0000000082900000, 0x0000000082900000|100%| O|  |TAMS 0x0000000082900000, 0x0000000082900000| Untracked 
|  41|0x0000000082900000, 0x0000000082a00000, 0x0000000082a00000|100%| O|  |TAMS 0x0000000082a00000, 0x0000000082a00000| Untracked 
|  42|0x0000000082a00000, 0x0000000082b00000, 0x0000000082b00000|100%| O|  |TAMS 0x0000000082b00000, 0x0000000082b00000| Untracked 
|  43|0x0000000082b00000, 0x0000000082c00000, 0x0000000082c00000|100%| O|  |TAMS 0x0000000082c00000, 0x0000000082c00000| Untracked 
|  44|0x0000000082c00000, 0x0000000082d00000, 0x0000000082d00000|100%| O|  |TAMS 0x0000000082d00000, 0x0000000082d00000| Untracked 
|  45|0x0000000082d00000, 0x0000000082e00000, 0x0000000082e00000|100%| O|  |TAMS 0x0000000082e00000, 0x0000000082e00000| Untracked 
|  46|0x0000000082e00000, 0x0000000082f00000, 0x0000000082f00000|100%| O|  |TAMS 0x0000000082f00000, 0x0000000082f00000| Untracked 
|  47|0x0000000082f00000, 0x0000000083000000, 0x0000000083000000|100%| O|  |TAMS 0x0000000083000000, 0x0000000083000000| Untracked 
|  48|0x0000000083000000, 0x0000000083100000, 0x0000000083100000|100%| O|  |TAMS 0x0000000083100000, 0x0000000083100000| Untracked 
|  49|0x0000000083100000, 0x0000000083200000, 0x0000000083200000|100%| O|  |TAMS 0x0000000083200000, 0x0000000083200000| Untracked 
|  50|0x0000000083200000, 0x0000000083300000, 0x0000000083300000|100%| O|  |TAMS 0x0000000083300000, 0x0000000083300000| Untracked 
|  51|0x0000000083300000, 0x0000000083400000, 0x0000000083400000|100%| O|  |TAMS 0x0000000083400000, 0x0000000083400000| Untracked 
|  52|0x0000000083400000, 0x0000000083500000, 0x0000000083500000|100%| O|  |TAMS 0x0000000083500000, 0x0000000083500000| Untracked 
|  53|0x0000000083500000, 0x0000000083600000, 0x0000000083600000|100%| O|  |TAMS 0x0000000083600000, 0x0000000083600000| Untracked 
|  54|0x0000000083600000, 0x0000000083700000, 0x0000000083700000|100%| O|  |TAMS 0x0000000083700000, 0x0000000083700000| Untracked 
|  55|0x0000000083700000, 0x0000000083800000, 0x0000000083800000|100%| O|  |TAMS 0x0000000083700000, 0x0000000083800000| Untracked 
|  56|0x0000000083800000, 0x0000000083900000, 0x0000000083900000|100%| O|  |TAMS 0x0000000083900000, 0x0000000083900000| Untracked 
|  57|0x0000000083900000, 0x0000000083a00000, 0x0000000083a00000|100%| O|  |TAMS 0x0000000083900000, 0x0000000083a00000| Untracked 
|  58|0x0000000083a00000, 0x0000000083b00000, 0x0000000083b00000|100%| O|  |TAMS 0x0000000083b00000, 0x0000000083b00000| Untracked 
|  59|0x0000000083b00000, 0x0000000083c00000, 0x0000000083c00000|100%| O|  |TAMS 0x0000000083c00000, 0x0000000083c00000| Untracked 
|  60|0x0000000083c00000, 0x0000000083d00000, 0x0000000083d00000|100%| O|  |TAMS 0x0000000083d00000, 0x0000000083d00000| Untracked 
|  61|0x0000000083d00000, 0x0000000083e00000, 0x0000000083e00000|100%| O|  |TAMS 0x0000000083e00000, 0x0000000083e00000| Untracked 
|  62|0x0000000083e00000, 0x0000000083f00000, 0x0000000083f00000|100%| O|  |TAMS 0x0000000083f00000, 0x0000000083f00000| Untracked 
|  63|0x0000000083f00000, 0x0000000084000000, 0x0000000084000000|100%| O|  |TAMS 0x0000000084000000, 0x0000000084000000| Untracked 
|  64|0x0000000084000000, 0x0000000084100000, 0x0000000084100000|100%| O|  |TAMS 0x0000000084100000, 0x0000000084100000| Untracked 
|  65|0x0000000084100000, 0x0000000084200000, 0x0000000084200000|100%| O|  |TAMS 0x0000000084200000, 0x0000000084200000| Untracked 
|  66|0x0000000084200000, 0x0000000084300000, 0x0000000084300000|100%| O|  |TAMS 0x0000000084200000, 0x0000000084300000| Untracked 
|  67|0x0000000084300000, 0x0000000084400000, 0x0000000084400000|100%| O|  |TAMS 0x0000000084400000, 0x0000000084400000| Untracked 
|  68|0x0000000084400000, 0x0000000084500000, 0x0000000084500000|100%| O|  |TAMS 0x0000000084500000, 0x0000000084500000| Untracked 
|  69|0x0000000084500000, 0x0000000084600000, 0x0000000084600000|100%| O|  |TAMS 0x0000000084600000, 0x0000000084600000| Untracked 
|  70|0x0000000084600000, 0x0000000084700000, 0x0000000084700000|100%| O|  |TAMS 0x0000000084700000, 0x0000000084700000| Untracked 
|  71|0x0000000084700000, 0x0000000084800000, 0x0000000084800000|100%| O|  |TAMS 0x0000000084800000, 0x0000000084800000| Untracked 
|  72|0x0000000084800000, 0x0000000084900000, 0x0000000084900000|100%|HS|  |TAMS 0x0000000084800000, 0x0000000084900000| Complete 
|  73|0x0000000084900000, 0x0000000084a00000, 0x0000000084a00000|100%|HC|  |TAMS 0x0000000084900000, 0x0000000084a00000| Complete 
|  74|0x0000000084a00000, 0x0000000084b00000, 0x0000000084b00000|100%| O|  |TAMS 0x0000000084a00000, 0x0000000084b00000| Untracked 
|  75|0x0000000084b00000, 0x0000000084c00000, 0x0000000084c00000|100%| O|  |TAMS 0x0000000084c00000, 0x0000000084c00000| Untracked 
|  76|0x0000000084c00000, 0x0000000084d00000, 0x0000000084d00000|100%| O|  |TAMS 0x0000000084c00000, 0x0000000084d00000| Untracked 
|  77|0x0000000084d00000, 0x0000000084e00000, 0x0000000084e00000|100%| O|  |TAMS 0x0000000084e00000, 0x0000000084e00000| Untracked 
|  78|0x0000000084e00000, 0x0000000084e60800, 0x0000000084f00000| 37%| O|  |TAMS 0x0000000084e00000, 0x0000000084e60800| Untracked 
|  79|0x0000000084f00000, 0x0000000085000000, 0x0000000085000000|100%| O|  |TAMS 0x0000000085000000, 0x0000000085000000| Untracked 
|  80|0x0000000085000000, 0x0000000085100000, 0x0000000085100000|100%| O|  |TAMS 0x0000000085100000, 0x0000000085100000| Untracked 
|  81|0x0000000085100000, 0x0000000085200000, 0x0000000085200000|100%| O|  |TAMS 0x0000000085200000, 0x0000000085200000| Untracked 
|  82|0x0000000085200000, 0x0000000085200000, 0x0000000085300000|  0%| F|  |TAMS 0x0000000085200000, 0x0000000085200000| Untracked 
|  83|0x0000000085300000, 0x0000000085400000, 0x0000000085400000|100%| O|  |TAMS 0x0000000085400000, 0x0000000085400000| Untracked 
|  84|0x0000000085400000, 0x0000000085500000, 0x0000000085500000|100%| O|  |TAMS 0x0000000085500000, 0x0000000085500000| Untracked 
|  85|0x0000000085500000, 0x0000000085600000, 0x0000000085600000|100%| O|  |TAMS 0x0000000085600000, 0x0000000085600000| Untracked 
|  86|0x0000000085600000, 0x0000000085600000, 0x0000000085700000|  0%| F|  |TAMS 0x0000000085600000, 0x0000000085600000| Untracked 
|  87|0x0000000085700000, 0x0000000085800000, 0x0000000085800000|100%| O|  |TAMS 0x0000000085800000, 0x0000000085800000| Untracked 
|  88|0x0000000085800000, 0x0000000085900000, 0x0000000085900000|100%|HS|  |TAMS 0x0000000085800000, 0x0000000085800000| Complete 
|  89|0x0000000085900000, 0x0000000085a00000, 0x0000000085a00000|100%|HC|  |TAMS 0x0000000085900000, 0x0000000085900000| Complete 
|  90|0x0000000085a00000, 0x0000000085a00000, 0x0000000085b00000|  0%| F|  |TAMS 0x0000000085a00000, 0x0000000085a00000| Untracked 
|  91|0x0000000085b00000, 0x0000000085c00000, 0x0000000085c00000|100%| O|  |TAMS 0x0000000085c00000, 0x0000000085c00000| Untracked 
|  92|0x0000000085c00000, 0x0000000085d00000, 0x0000000085d00000|100%| O|  |TAMS 0x0000000085d00000, 0x0000000085d00000| Untracked 
|  93|0x0000000085d00000, 0x0000000085e00000, 0x0000000085e00000|100%| O|  |TAMS 0x0000000085e00000, 0x0000000085e00000| Untracked 
|  94|0x0000000085e00000, 0x0000000085f00000, 0x0000000085f00000|100%| O|  |TAMS 0x0000000085f00000, 0x0000000085f00000| Untracked 
|  95|0x0000000085f00000, 0x0000000086000000, 0x0000000086000000|100%| O|  |TAMS 0x0000000086000000, 0x0000000086000000| Untracked 
|  96|0x0000000086000000, 0x0000000086100000, 0x0000000086100000|100%| O|  |TAMS 0x0000000086100000, 0x0000000086100000| Untracked 
|  97|0x0000000086100000, 0x0000000086200000, 0x0000000086200000|100%| O|  |TAMS 0x0000000086200000, 0x0000000086200000| Untracked 
|  98|0x0000000086200000, 0x0000000086300000, 0x0000000086300000|100%| O|  |TAMS 0x0000000086300000, 0x0000000086300000| Untracked 
|  99|0x0000000086300000, 0x0000000086400000, 0x0000000086400000|100%| O|  |TAMS 0x0000000086400000, 0x0000000086400000| Untracked 
| 100|0x0000000086400000, 0x0000000086500000, 0x0000000086500000|100%| O|  |TAMS 0x0000000086500000, 0x0000000086500000| Untracked 
| 101|0x0000000086500000, 0x0000000086600000, 0x0000000086600000|100%| O|  |TAMS 0x0000000086600000, 0x0000000086600000| Untracked 
| 102|0x0000000086600000, 0x0000000086700000, 0x0000000086700000|100%| O|  |TAMS 0x0000000086700000, 0x0000000086700000| Untracked 
| 103|0x0000000086700000, 0x0000000086800000, 0x0000000086800000|100%| O|  |TAMS 0x0000000086800000, 0x0000000086800000| Untracked 
| 104|0x0000000086800000, 0x0000000086900000, 0x0000000086900000|100%| O|  |TAMS 0x0000000086900000, 0x0000000086900000| Untracked 
| 105|0x0000000086900000, 0x0000000086a00000, 0x0000000086a00000|100%| O|  |TAMS 0x0000000086a00000, 0x0000000086a00000| Untracked 
| 106|0x0000000086a00000, 0x0000000086b00000, 0x0000000086b00000|100%| O|  |TAMS 0x0000000086a4c400, 0x0000000086b00000| Untracked 
| 107|0x0000000086b00000, 0x0000000086b00000, 0x0000000086c00000|  0%| F|  |TAMS 0x0000000086b00000, 0x0000000086b00000| Untracked 
| 108|0x0000000086c00000, 0x0000000086c00000, 0x0000000086d00000|  0%| F|  |TAMS 0x0000000086c00000, 0x0000000086c00000| Untracked 
| 109|0x0000000086d00000, 0x0000000086d00000, 0x0000000086e00000|  0%| F|  |TAMS 0x0000000086d00000, 0x0000000086d00000| Untracked 
| 110|0x0000000086e00000, 0x0000000086e00000, 0x0000000086f00000|  0%| F|  |TAMS 0x0000000086e00000, 0x0000000086e00000| Untracked 
| 111|0x0000000086f00000, 0x0000000086f00000, 0x0000000087000000|  0%| F|  |TAMS 0x0000000086f00000, 0x0000000086f00000| Untracked 
| 112|0x0000000087000000, 0x0000000087000000, 0x0000000087100000|  0%| F|  |TAMS 0x0000000087000000, 0x0000000087000000| Untracked 
| 113|0x0000000087100000, 0x0000000087200000, 0x0000000087200000|100%| O|  |TAMS 0x0000000087200000, 0x0000000087200000| Untracked 
| 114|0x0000000087200000, 0x0000000087300000, 0x0000000087300000|100%| O|  |TAMS 0x0000000087300000, 0x0000000087300000| Untracked 
| 115|0x0000000087300000, 0x0000000087300000, 0x0000000087400000|  0%| F|  |TAMS 0x0000000087300000, 0x0000000087300000| Untracked 
| 116|0x0000000087400000, 0x0000000087400000, 0x0000000087500000|  0%| F|  |TAMS 0x0000000087400000, 0x0000000087400000| Untracked 
| 117|0x0000000087500000, 0x0000000087600000, 0x0000000087600000|100%| O|  |TAMS 0x0000000087600000, 0x0000000087600000| Untracked 
| 118|0x0000000087600000, 0x0000000087600000, 0x0000000087700000|  0%| F|  |TAMS 0x0000000087600000, 0x0000000087600000| Untracked 
| 119|0x0000000087700000, 0x0000000087800000, 0x0000000087800000|100%| O|  |TAMS 0x0000000087800000, 0x0000000087800000| Untracked 
| 120|0x0000000087800000, 0x0000000087900000, 0x0000000087900000|100%| O|  |TAMS 0x0000000087900000, 0x0000000087900000| Untracked 
| 121|0x0000000087900000, 0x0000000087a00000, 0x0000000087a00000|100%| O|  |TAMS 0x0000000087a00000, 0x0000000087a00000| Untracked 
| 122|0x0000000087a00000, 0x0000000087a00000, 0x0000000087b00000|  0%| F|  |TAMS 0x0000000087a00000, 0x0000000087a00000| Untracked 
| 123|0x0000000087b00000, 0x0000000087b00000, 0x0000000087c00000|  0%| F|  |TAMS 0x0000000087b00000, 0x0000000087b00000| Untracked 
| 124|0x0000000087c00000, 0x0000000087c00000, 0x0000000087d00000|  0%| F|  |TAMS 0x0000000087c00000, 0x0000000087c00000| Untracked 
| 125|0x0000000087d00000, 0x0000000087d00000, 0x0000000087e00000|  0%| F|  |TAMS 0x0000000087d00000, 0x0000000087d00000| Untracked 
| 126|0x0000000087e00000, 0x0000000087f00000, 0x0000000087f00000|100%| O|  |TAMS 0x0000000087f00000, 0x0000000087f00000| Untracked 
| 127|0x0000000087f00000, 0x0000000088000000, 0x0000000088000000|100%| O|  |TAMS 0x0000000088000000, 0x0000000088000000| Untracked 
| 128|0x0000000088000000, 0x0000000088100000, 0x0000000088100000|100%| O|  |TAMS 0x0000000088100000, 0x0000000088100000| Untracked 
| 129|0x0000000088100000, 0x0000000088200000, 0x0000000088200000|100%| O|  |TAMS 0x0000000088200000, 0x0000000088200000| Untracked 
| 130|0x0000000088200000, 0x0000000088300000, 0x0000000088300000|100%| O|  |TAMS 0x0000000088300000, 0x0000000088300000| Untracked 
| 131|0x0000000088300000, 0x0000000088400000, 0x0000000088400000|100%| O|  |TAMS 0x0000000088400000, 0x0000000088400000| Untracked 
| 132|0x0000000088400000, 0x0000000088500000, 0x0000000088500000|100%| O|  |TAMS 0x0000000088500000, 0x0000000088500000| Untracked 
| 133|0x0000000088500000, 0x0000000088500000, 0x0000000088600000|  0%| F|  |TAMS 0x0000000088500000, 0x0000000088500000| Untracked 
| 134|0x0000000088600000, 0x0000000088700000, 0x0000000088700000|100%| O|  |TAMS 0x0000000088700000, 0x0000000088700000| Untracked 
| 135|0x0000000088700000, 0x0000000088700000, 0x0000000088800000|  0%| F|  |TAMS 0x0000000088700000, 0x0000000088700000| Untracked 
| 136|0x0000000088800000, 0x0000000088800000, 0x0000000088900000|  0%| F|  |TAMS 0x0000000088800000, 0x0000000088800000| Untracked 
| 137|0x0000000088900000, 0x0000000088900000, 0x0000000088a00000|  0%| F|  |TAMS 0x0000000088900000, 0x0000000088900000| Untracked 
| 138|0x0000000088a00000, 0x0000000088a00000, 0x0000000088b00000|  0%| F|  |TAMS 0x0000000088a00000, 0x0000000088a00000| Untracked 
| 139|0x0000000088b00000, 0x0000000088b00000, 0x0000000088c00000|  0%| F|  |TAMS 0x0000000088b00000, 0x0000000088b00000| Untracked 
| 140|0x0000000088c00000, 0x0000000088c00000, 0x0000000088d00000|  0%| F|  |TAMS 0x0000000088c00000, 0x0000000088c00000| Untracked 
| 141|0x0000000088d00000, 0x0000000088d00000, 0x0000000088e00000|  0%| F|  |TAMS 0x0000000088d00000, 0x0000000088d00000| Untracked 
| 142|0x0000000088e00000, 0x0000000088e00000, 0x0000000088f00000|  0%| F|  |TAMS 0x0000000088e00000, 0x0000000088e00000| Untracked 
| 143|0x0000000088f00000, 0x0000000088f00000, 0x0000000089000000|  0%| F|  |TAMS 0x0000000088f00000, 0x0000000088f00000| Untracked 
| 144|0x0000000089000000, 0x0000000089100000, 0x0000000089100000|100%| O|  |TAMS 0x0000000089100000, 0x0000000089100000| Untracked 
| 145|0x0000000089100000, 0x0000000089100000, 0x0000000089200000|  0%| F|  |TAMS 0x0000000089100000, 0x0000000089100000| Untracked 
| 146|0x0000000089200000, 0x0000000089300000, 0x0000000089300000|100%| O|  |TAMS 0x0000000089300000, 0x0000000089300000| Untracked 
| 147|0x0000000089300000, 0x0000000089300000, 0x0000000089400000|  0%| F|  |TAMS 0x0000000089300000, 0x0000000089300000| Untracked 
| 148|0x0000000089400000, 0x0000000089400000, 0x0000000089500000|  0%| F|  |TAMS 0x0000000089400000, 0x0000000089400000| Untracked 
| 149|0x0000000089500000, 0x0000000089500000, 0x0000000089600000|  0%| F|  |TAMS 0x0000000089500000, 0x0000000089500000| Untracked 
| 150|0x0000000089600000, 0x0000000089600000, 0x0000000089700000|  0%| F|  |TAMS 0x0000000089600000, 0x0000000089600000| Untracked 
| 151|0x0000000089700000, 0x0000000089700000, 0x0000000089800000|  0%| F|  |TAMS 0x0000000089700000, 0x0000000089700000| Untracked 
| 152|0x0000000089800000, 0x0000000089800000, 0x0000000089900000|  0%| F|  |TAMS 0x0000000089800000, 0x0000000089800000| Untracked 
| 153|0x0000000089900000, 0x0000000089900000, 0x0000000089a00000|  0%| F|  |TAMS 0x0000000089900000, 0x0000000089900000| Untracked 
| 154|0x0000000089a00000, 0x0000000089a00000, 0x0000000089b00000|  0%| F|  |TAMS 0x0000000089a00000, 0x0000000089a00000| Untracked 
| 155|0x0000000089b00000, 0x0000000089b00000, 0x0000000089c00000|  0%| F|  |TAMS 0x0000000089b00000, 0x0000000089b00000| Untracked 
| 156|0x0000000089c00000, 0x0000000089c00000, 0x0000000089d00000|  0%| F|  |TAMS 0x0000000089c00000, 0x0000000089c00000| Untracked 
| 157|0x0000000089d00000, 0x0000000089d00000, 0x0000000089e00000|  0%| F|  |TAMS 0x0000000089d00000, 0x0000000089d00000| Untracked 
| 158|0x0000000089e00000, 0x0000000089e00000, 0x0000000089f00000|  0%| F|  |TAMS 0x0000000089e00000, 0x0000000089e00000| Untracked 
| 159|0x0000000089f00000, 0x0000000089f00000, 0x000000008a000000|  0%| F|  |TAMS 0x0000000089f00000, 0x0000000089f00000| Untracked 
| 160|0x000000008a000000, 0x000000008a000000, 0x000000008a100000|  0%| F|  |TAMS 0x000000008a000000, 0x000000008a000000| Untracked 
| 161|0x000000008a100000, 0x000000008a100000, 0x000000008a200000|  0%| F|  |TAMS 0x000000008a100000, 0x000000008a100000| Untracked 
| 162|0x000000008a200000, 0x000000008a200000, 0x000000008a300000|  0%| F|  |TAMS 0x000000008a200000, 0x000000008a200000| Untracked 
| 163|0x000000008a300000, 0x000000008a300000, 0x000000008a400000|  0%| F|  |TAMS 0x000000008a300000, 0x000000008a300000| Untracked 
| 164|0x000000008a400000, 0x000000008a400000, 0x000000008a500000|  0%| F|  |TAMS 0x000000008a400000, 0x000000008a400000| Untracked 
| 165|0x000000008a500000, 0x000000008a500000, 0x000000008a600000|  0%| F|  |TAMS 0x000000008a500000, 0x000000008a500000| Untracked 
| 166|0x000000008a600000, 0x000000008a600000, 0x000000008a700000|  0%| F|  |TAMS 0x000000008a600000, 0x000000008a600000| Untracked 
| 167|0x000000008a700000, 0x000000008a700000, 0x000000008a800000|  0%| F|  |TAMS 0x000000008a700000, 0x000000008a700000| Untracked 
| 168|0x000000008a800000, 0x000000008a800000, 0x000000008a900000|  0%| F|  |TAMS 0x000000008a800000, 0x000000008a800000| Untracked 
| 169|0x000000008a900000, 0x000000008a900000, 0x000000008aa00000|  0%| F|  |TAMS 0x000000008a900000, 0x000000008a900000| Untracked 
| 170|0x000000008aa00000, 0x000000008aa00000, 0x000000008ab00000|  0%| F|  |TAMS 0x000000008aa00000, 0x000000008aa00000| Untracked 
| 171|0x000000008ab00000, 0x000000008ab00000, 0x000000008ac00000|  0%| F|  |TAMS 0x000000008ab00000, 0x000000008ab00000| Untracked 
| 172|0x000000008ac00000, 0x000000008ac00000, 0x000000008ad00000|  0%| F|  |TAMS 0x000000008ac00000, 0x000000008ac00000| Untracked 
| 173|0x000000008ad00000, 0x000000008ad00000, 0x000000008ae00000|  0%| F|  |TAMS 0x000000008ad00000, 0x000000008ad00000| Untracked 
| 174|0x000000008ae00000, 0x000000008ae00000, 0x000000008af00000|  0%| F|  |TAMS 0x000000008ae00000, 0x000000008ae00000| Untracked 
| 175|0x000000008af00000, 0x000000008af00000, 0x000000008b000000|  0%| F|  |TAMS 0x000000008af00000, 0x000000008af00000| Untracked 
| 176|0x000000008b000000, 0x000000008b000000, 0x000000008b100000|  0%| F|  |TAMS 0x000000008b000000, 0x000000008b000000| Untracked 
| 177|0x000000008b100000, 0x000000008b100000, 0x000000008b200000|  0%| F|  |TAMS 0x000000008b100000, 0x000000008b100000| Untracked 
| 178|0x000000008b200000, 0x000000008b200000, 0x000000008b300000|  0%| F|  |TAMS 0x000000008b200000, 0x000000008b200000| Untracked 
| 179|0x000000008b300000, 0x000000008b300000, 0x000000008b400000|  0%| F|  |TAMS 0x000000008b300000, 0x000000008b300000| Untracked 
| 180|0x000000008b400000, 0x000000008b400000, 0x000000008b500000|  0%| F|  |TAMS 0x000000008b400000, 0x000000008b400000| Untracked 
| 181|0x000000008b500000, 0x000000008b500000, 0x000000008b600000|  0%| F|  |TAMS 0x000000008b500000, 0x000000008b500000| Untracked 
| 182|0x000000008b600000, 0x000000008b600000, 0x000000008b700000|  0%| F|  |TAMS 0x000000008b600000, 0x000000008b600000| Untracked 
| 183|0x000000008b700000, 0x000000008b700000, 0x000000008b800000|  0%| F|  |TAMS 0x000000008b700000, 0x000000008b700000| Untracked 
| 184|0x000000008b800000, 0x000000008b800000, 0x000000008b900000|  0%| F|  |TAMS 0x000000008b800000, 0x000000008b800000| Untracked 
| 185|0x000000008b900000, 0x000000008b900000, 0x000000008ba00000|  0%| F|  |TAMS 0x000000008b900000, 0x000000008b900000| Untracked 
| 186|0x000000008ba00000, 0x000000008ba00000, 0x000000008bb00000|  0%| F|  |TAMS 0x000000008ba00000, 0x000000008ba00000| Untracked 
| 187|0x000000008bb00000, 0x000000008bb00000, 0x000000008bc00000|  0%| F|  |TAMS 0x000000008bb00000, 0x000000008bb00000| Untracked 
| 188|0x000000008bc00000, 0x000000008bc00000, 0x000000008bd00000|  0%| F|  |TAMS 0x000000008bc00000, 0x000000008bc00000| Untracked 
| 189|0x000000008bd00000, 0x000000008bd00000, 0x000000008be00000|  0%| F|  |TAMS 0x000000008bd00000, 0x000000008bd00000| Untracked 
| 190|0x000000008be00000, 0x000000008be00000, 0x000000008bf00000|  0%| F|  |TAMS 0x000000008be00000, 0x000000008be00000| Untracked 
| 191|0x000000008bf00000, 0x000000008bf00000, 0x000000008c000000|  0%| F|  |TAMS 0x000000008bf00000, 0x000000008bf00000| Untracked 
| 192|0x000000008c000000, 0x000000008c000000, 0x000000008c100000|  0%| F|  |TAMS 0x000000008c000000, 0x000000008c000000| Untracked 
| 193|0x000000008c100000, 0x000000008c100000, 0x000000008c200000|  0%| F|  |TAMS 0x000000008c100000, 0x000000008c100000| Untracked 
| 194|0x000000008c200000, 0x000000008c200000, 0x000000008c300000|  0%| F|  |TAMS 0x000000008c200000, 0x000000008c200000| Untracked 
| 195|0x000000008c300000, 0x000000008c300000, 0x000000008c400000|  0%| F|  |TAMS 0x000000008c300000, 0x000000008c300000| Untracked 
| 196|0x000000008c400000, 0x000000008c400000, 0x000000008c500000|  0%| F|  |TAMS 0x000000008c400000, 0x000000008c400000| Untracked 
| 197|0x000000008c500000, 0x000000008c500000, 0x000000008c600000|  0%| F|  |TAMS 0x000000008c500000, 0x000000008c500000| Untracked 
| 198|0x000000008c600000, 0x000000008c600000, 0x000000008c700000|  0%| F|  |TAMS 0x000000008c600000, 0x000000008c600000| Untracked 
| 199|0x000000008c700000, 0x000000008c700000, 0x000000008c800000|  0%| F|  |TAMS 0x000000008c700000, 0x000000008c700000| Untracked 
| 200|0x000000008c800000, 0x000000008c800000, 0x000000008c900000|  0%| F|  |TAMS 0x000000008c800000, 0x000000008c800000| Untracked 
| 201|0x000000008c900000, 0x000000008c900000, 0x000000008ca00000|  0%| F|  |TAMS 0x000000008c900000, 0x000000008c900000| Untracked 
| 202|0x000000008ca00000, 0x000000008ca00000, 0x000000008cb00000|  0%| F|  |TAMS 0x000000008ca00000, 0x000000008ca00000| Untracked 
| 203|0x000000008cb00000, 0x000000008cb00000, 0x000000008cc00000|  0%| F|  |TAMS 0x000000008cb00000, 0x000000008cb00000| Untracked 
| 204|0x000000008cc00000, 0x000000008cc00000, 0x000000008cd00000|  0%| F|  |TAMS 0x000000008cc00000, 0x000000008cc00000| Untracked 
| 205|0x000000008cd00000, 0x000000008cd00000, 0x000000008ce00000|  0%| F|  |TAMS 0x000000008cd00000, 0x000000008cd00000| Untracked 
| 206|0x000000008ce00000, 0x000000008ce00000, 0x000000008cf00000|  0%| F|  |TAMS 0x000000008ce00000, 0x000000008ce00000| Untracked 
| 207|0x000000008cf00000, 0x000000008cf00000, 0x000000008d000000|  0%| F|  |TAMS 0x000000008cf00000, 0x000000008cf00000| Untracked 
| 208|0x000000008d000000, 0x000000008d000000, 0x000000008d100000|  0%| F|  |TAMS 0x000000008d000000, 0x000000008d000000| Untracked 
| 209|0x000000008d100000, 0x000000008d100000, 0x000000008d200000|  0%| F|  |TAMS 0x000000008d100000, 0x000000008d100000| Untracked 
| 210|0x000000008d200000, 0x000000008d200000, 0x000000008d300000|  0%| F|  |TAMS 0x000000008d200000, 0x000000008d200000| Untracked 
| 211|0x000000008d300000, 0x000000008d300000, 0x000000008d400000|  0%| F|  |TAMS 0x000000008d300000, 0x000000008d300000| Untracked 
| 212|0x000000008d400000, 0x000000008d400000, 0x000000008d500000|  0%| F|  |TAMS 0x000000008d400000, 0x000000008d400000| Untracked 
| 213|0x000000008d500000, 0x000000008d500000, 0x000000008d600000|  0%| F|  |TAMS 0x000000008d500000, 0x000000008d500000| Untracked 
| 214|0x000000008d600000, 0x000000008d600000, 0x000000008d700000|  0%| F|  |TAMS 0x000000008d600000, 0x000000008d600000| Untracked 
| 215|0x000000008d700000, 0x000000008d700000, 0x000000008d800000|  0%| F|  |TAMS 0x000000008d700000, 0x000000008d700000| Untracked 
| 216|0x000000008d800000, 0x000000008d800000, 0x000000008d900000|  0%| F|  |TAMS 0x000000008d800000, 0x000000008d800000| Untracked 
| 217|0x000000008d900000, 0x000000008d900000, 0x000000008da00000|  0%| F|  |TAMS 0x000000008d900000, 0x000000008d900000| Untracked 
| 218|0x000000008da00000, 0x000000008da00000, 0x000000008db00000|  0%| F|  |TAMS 0x000000008da00000, 0x000000008da00000| Untracked 
| 219|0x000000008db00000, 0x000000008db00000, 0x000000008dc00000|  0%| F|  |TAMS 0x000000008db00000, 0x000000008db00000| Untracked 
| 220|0x000000008dc00000, 0x000000008dc00000, 0x000000008dd00000|  0%| F|  |TAMS 0x000000008dc00000, 0x000000008dc00000| Untracked 
| 221|0x000000008dd00000, 0x000000008dd00000, 0x000000008de00000|  0%| F|  |TAMS 0x000000008dd00000, 0x000000008dd00000| Untracked 
| 222|0x000000008de00000, 0x000000008de00000, 0x000000008df00000|  0%| F|  |TAMS 0x000000008de00000, 0x000000008de00000| Untracked 
| 223|0x000000008df00000, 0x000000008df00000, 0x000000008e000000|  0%| F|  |TAMS 0x000000008df00000, 0x000000008df00000| Untracked 
| 224|0x000000008e000000, 0x000000008e000000, 0x000000008e100000|  0%| F|  |TAMS 0x000000008e000000, 0x000000008e000000| Untracked 
| 225|0x000000008e100000, 0x000000008e100000, 0x000000008e200000|  0%| F|  |TAMS 0x000000008e100000, 0x000000008e100000| Untracked 
| 226|0x000000008e200000, 0x000000008e200000, 0x000000008e300000|  0%| F|  |TAMS 0x000000008e200000, 0x000000008e200000| Untracked 
| 227|0x000000008e300000, 0x000000008e300000, 0x000000008e400000|  0%| F|  |TAMS 0x000000008e300000, 0x000000008e300000| Untracked 
| 228|0x000000008e400000, 0x000000008e400000, 0x000000008e500000|  0%| F|  |TAMS 0x000000008e400000, 0x000000008e400000| Untracked 
| 229|0x000000008e500000, 0x000000008e500000, 0x000000008e600000|  0%| F|  |TAMS 0x000000008e500000, 0x000000008e500000| Untracked 
| 230|0x000000008e600000, 0x000000008e600000, 0x000000008e700000|  0%| F|  |TAMS 0x000000008e600000, 0x000000008e600000| Untracked 
| 231|0x000000008e700000, 0x000000008e700000, 0x000000008e800000|  0%| F|  |TAMS 0x000000008e700000, 0x000000008e700000| Untracked 
| 232|0x000000008e800000, 0x000000008e800000, 0x000000008e900000|  0%| F|  |TAMS 0x000000008e800000, 0x000000008e800000| Untracked 
| 233|0x000000008e900000, 0x000000008e900000, 0x000000008ea00000|  0%| F|  |TAMS 0x000000008e900000, 0x000000008e900000| Untracked 
| 234|0x000000008ea00000, 0x000000008ea00000, 0x000000008eb00000|  0%| F|  |TAMS 0x000000008ea00000, 0x000000008ea00000| Untracked 
| 235|0x000000008eb00000, 0x000000008eb00000, 0x000000008ec00000|  0%| F|  |TAMS 0x000000008eb00000, 0x000000008eb00000| Untracked 
| 236|0x000000008ec00000, 0x000000008ec00000, 0x000000008ed00000|  0%| F|  |TAMS 0x000000008ec00000, 0x000000008ec00000| Untracked 
| 237|0x000000008ed00000, 0x000000008ed00000, 0x000000008ee00000|  0%| F|  |TAMS 0x000000008ed00000, 0x000000008ed00000| Untracked 
| 238|0x000000008ee00000, 0x000000008ee00000, 0x000000008ef00000|  0%| F|  |TAMS 0x000000008ee00000, 0x000000008ee00000| Untracked 
| 239|0x000000008ef00000, 0x000000008ef00000, 0x000000008f000000|  0%| F|  |TAMS 0x000000008ef00000, 0x000000008ef00000| Untracked 
| 240|0x000000008f000000, 0x000000008f000000, 0x000000008f100000|  0%| F|  |TAMS 0x000000008f000000, 0x000000008f000000| Untracked 
| 241|0x000000008f100000, 0x000000008f100000, 0x000000008f200000|  0%| F|  |TAMS 0x000000008f100000, 0x000000008f100000| Untracked 
| 242|0x000000008f200000, 0x000000008f200000, 0x000000008f300000|  0%| F|  |TAMS 0x000000008f200000, 0x000000008f200000| Untracked 
| 243|0x000000008f300000, 0x000000008f300000, 0x000000008f400000|  0%| F|  |TAMS 0x000000008f300000, 0x000000008f300000| Untracked 
| 244|0x000000008f400000, 0x000000008f400000, 0x000000008f500000|  0%| F|  |TAMS 0x000000008f400000, 0x000000008f400000| Untracked 
| 245|0x000000008f500000, 0x000000008f500000, 0x000000008f600000|  0%| F|  |TAMS 0x000000008f500000, 0x000000008f500000| Untracked 
| 246|0x000000008f600000, 0x000000008f600000, 0x000000008f700000|  0%| F|  |TAMS 0x000000008f600000, 0x000000008f600000| Untracked 
| 247|0x000000008f700000, 0x000000008f700000, 0x000000008f800000|  0%| F|  |TAMS 0x000000008f700000, 0x000000008f700000| Untracked 
| 248|0x000000008f800000, 0x000000008f800000, 0x000000008f900000|  0%| F|  |TAMS 0x000000008f800000, 0x000000008f800000| Untracked 
| 249|0x000000008f900000, 0x000000008f9f4548, 0x000000008fa00000| 95%| S|CS|TAMS 0x000000008f900000, 0x000000008f900000| Complete 
| 250|0x000000008fa00000, 0x000000008fb00000, 0x000000008fb00000|100%| S|CS|TAMS 0x000000008fa00000, 0x000000008fa00000| Complete 
| 251|0x000000008fb00000, 0x000000008fc00000, 0x000000008fc00000|100%| S|CS|TAMS 0x000000008fb00000, 0x000000008fb00000| Complete 
| 252|0x000000008fc00000, 0x000000008fd00000, 0x000000008fd00000|100%| S|CS|TAMS 0x000000008fc00000, 0x000000008fc00000| Complete 
| 253|0x000000008fd00000, 0x000000008fe00000, 0x000000008fe00000|100%| S|CS|TAMS 0x000000008fd00000, 0x000000008fd00000| Complete 
| 254|0x000000008fe00000, 0x000000008ff00000, 0x000000008ff00000|100%| S|CS|TAMS 0x000000008fe00000, 0x000000008fe00000| Complete 
| 255|0x000000008ff00000, 0x000000008ff00000, 0x0000000090000000|  0%| F|  |TAMS 0x000000008ff00000, 0x000000008ff00000| Untracked 
| 256|0x0000000090000000, 0x0000000090000000, 0x0000000090100000|  0%| F|  |TAMS 0x0000000090000000, 0x0000000090000000| Untracked 
| 257|0x0000000090100000, 0x0000000090100000, 0x0000000090200000|  0%| F|  |TAMS 0x0000000090100000, 0x0000000090100000| Untracked 
| 258|0x0000000090200000, 0x0000000090200000, 0x0000000090300000|  0%| F|  |TAMS 0x0000000090200000, 0x0000000090200000| Untracked 
| 259|0x0000000090300000, 0x0000000090300000, 0x0000000090400000|  0%| F|  |TAMS 0x0000000090300000, 0x0000000090300000| Untracked 
| 260|0x0000000090400000, 0x0000000090400000, 0x0000000090500000|  0%| F|  |TAMS 0x0000000090400000, 0x0000000090400000| Untracked 
| 261|0x0000000090500000, 0x0000000090500000, 0x0000000090600000|  0%| F|  |TAMS 0x0000000090500000, 0x0000000090500000| Untracked 
| 262|0x0000000090600000, 0x0000000090600000, 0x0000000090700000|  0%| F|  |TAMS 0x0000000090600000, 0x0000000090600000| Untracked 
| 263|0x0000000090700000, 0x0000000090700000, 0x0000000090800000|  0%| F|  |TAMS 0x0000000090700000, 0x0000000090700000| Untracked 
| 264|0x0000000090800000, 0x0000000090800000, 0x0000000090900000|  0%| F|  |TAMS 0x0000000090800000, 0x0000000090800000| Untracked 
| 265|0x0000000090900000, 0x0000000090900000, 0x0000000090a00000|  0%| F|  |TAMS 0x0000000090900000, 0x0000000090900000| Untracked 
| 266|0x0000000090a00000, 0x0000000090a00000, 0x0000000090b00000|  0%| F|  |TAMS 0x0000000090a00000, 0x0000000090a00000| Untracked 
| 267|0x0000000090b00000, 0x0000000090b00000, 0x0000000090c00000|  0%| F|  |TAMS 0x0000000090b00000, 0x0000000090b00000| Untracked 
| 268|0x0000000090c00000, 0x0000000090c00000, 0x0000000090d00000|  0%| F|  |TAMS 0x0000000090c00000, 0x0000000090c00000| Untracked 
| 269|0x0000000090d00000, 0x0000000090d00000, 0x0000000090e00000|  0%| F|  |TAMS 0x0000000090d00000, 0x0000000090d00000| Untracked 
| 270|0x0000000090e00000, 0x0000000090e00000, 0x0000000090f00000|  0%| F|  |TAMS 0x0000000090e00000, 0x0000000090e00000| Untracked 
| 271|0x0000000090f00000, 0x0000000090f00000, 0x0000000091000000|  0%| F|  |TAMS 0x0000000090f00000, 0x0000000090f00000| Untracked 
| 272|0x0000000091000000, 0x0000000091000000, 0x0000000091100000|  0%| F|  |TAMS 0x0000000091000000, 0x0000000091000000| Untracked 
| 273|0x0000000091100000, 0x0000000091100000, 0x0000000091200000|  0%| F|  |TAMS 0x0000000091100000, 0x0000000091100000| Untracked 
| 274|0x0000000091200000, 0x0000000091200000, 0x0000000091300000|  0%| F|  |TAMS 0x0000000091200000, 0x0000000091200000| Untracked 
| 275|0x0000000091300000, 0x0000000091300000, 0x0000000091400000|  0%| F|  |TAMS 0x0000000091300000, 0x0000000091300000| Untracked 
| 276|0x0000000091400000, 0x0000000091400000, 0x0000000091500000|  0%| F|  |TAMS 0x0000000091400000, 0x0000000091400000| Untracked 
| 277|0x0000000091500000, 0x0000000091500000, 0x0000000091600000|  0%| F|  |TAMS 0x0000000091500000, 0x0000000091500000| Untracked 
| 278|0x0000000091600000, 0x0000000091600000, 0x0000000091700000|  0%| F|  |TAMS 0x0000000091600000, 0x0000000091600000| Untracked 
| 279|0x0000000091700000, 0x0000000091700000, 0x0000000091800000|  0%| F|  |TAMS 0x0000000091700000, 0x0000000091700000| Untracked 
| 280|0x0000000091800000, 0x0000000091800000, 0x0000000091900000|  0%| F|  |TAMS 0x0000000091800000, 0x0000000091800000| Untracked 
| 281|0x0000000091900000, 0x0000000091900000, 0x0000000091a00000|  0%| F|  |TAMS 0x0000000091900000, 0x0000000091900000| Untracked 
| 282|0x0000000091a00000, 0x0000000091a00000, 0x0000000091b00000|  0%| F|  |TAMS 0x0000000091a00000, 0x0000000091a00000| Untracked 
| 283|0x0000000091b00000, 0x0000000091b00000, 0x0000000091c00000|  0%| F|  |TAMS 0x0000000091b00000, 0x0000000091b00000| Untracked 
| 284|0x0000000091c00000, 0x0000000091c00000, 0x0000000091d00000|  0%| F|  |TAMS 0x0000000091c00000, 0x0000000091c00000| Untracked 
| 285|0x0000000091d00000, 0x0000000091d00000, 0x0000000091e00000|  0%| F|  |TAMS 0x0000000091d00000, 0x0000000091d00000| Untracked 
| 286|0x0000000091e00000, 0x0000000091e00000, 0x0000000091f00000|  0%| F|  |TAMS 0x0000000091e00000, 0x0000000091e00000| Untracked 
| 287|0x0000000091f00000, 0x0000000091f00000, 0x0000000092000000|  0%| F|  |TAMS 0x0000000091f00000, 0x0000000091f00000| Untracked 
| 288|0x0000000092000000, 0x0000000092000000, 0x0000000092100000|  0%| F|  |TAMS 0x0000000092000000, 0x0000000092000000| Untracked 
| 289|0x0000000092100000, 0x0000000092109da0, 0x0000000092200000|  3%| E|  |TAMS 0x0000000092100000, 0x0000000092100000| Complete 
| 290|0x0000000092200000, 0x0000000092300000, 0x0000000092300000|100%| E|CS|TAMS 0x0000000092200000, 0x0000000092200000| Complete 
| 291|0x0000000092300000, 0x0000000092400000, 0x0000000092400000|100%| E|CS|TAMS 0x0000000092300000, 0x0000000092300000| Complete 
| 292|0x0000000092400000, 0x0000000092500000, 0x0000000092500000|100%| E|CS|TAMS 0x0000000092400000, 0x0000000092400000| Complete 
| 293|0x0000000092500000, 0x0000000092600000, 0x0000000092600000|100%| E|CS|TAMS 0x0000000092500000, 0x0000000092500000| Complete 
| 294|0x0000000092600000, 0x0000000092700000, 0x0000000092700000|100%| E|CS|TAMS 0x0000000092600000, 0x0000000092600000| Complete 
| 295|0x0000000092700000, 0x0000000092800000, 0x0000000092800000|100%| E|CS|TAMS 0x0000000092700000, 0x0000000092700000| Complete 
| 296|0x0000000092800000, 0x0000000092900000, 0x0000000092900000|100%| E|CS|TAMS 0x0000000092800000, 0x0000000092800000| Complete 
| 297|0x0000000092900000, 0x0000000092a00000, 0x0000000092a00000|100%| E|CS|TAMS 0x0000000092900000, 0x0000000092900000| Complete 

Card table byte_map: [0x00000250bc4a0000,0x00000250bc8a0000] _byte_map_base: 0x00000250bc0a0000

Marking Bits (Prev, Next): (CMBitMap*) 0x00000250a5705fe8, (CMBitMap*) 0x00000250a5706020
 Prev Bits: [0x00000250bcca0000, 0x00000250beca0000)
 Next Bits: [0x00000250beca0000, 0x00000250c0ca0000)

Polling page: 0x00000250a3650000

Metaspace:

Usage:
  Non-class:    120.95 MB capacity,   117.58 MB ( 97%) used,     2.76 MB (  2%) free+waste,   620.81 KB ( <1%) overhead. 
      Class:     18.55 MB capacity,    16.63 MB ( 90%) used,     1.65 MB (  9%) free+waste,   277.31 KB (  1%) overhead. 
       Both:    139.50 MB capacity,   134.22 MB ( 96%) used,     4.40 MB (  3%) free+waste,   898.13 KB ( <1%) overhead. 

Virtual space:
  Non-class space:      122.00 MB reserved,     121.00 MB (>99%) committed 
      Class space:        1.00 GB reserved,      18.70 MB (  2%) committed 
             Both:        1.12 GB reserved,     139.70 MB ( 12%) committed 

Chunk freelists:
   Non-Class:  0 bytes
       Class:  17.25 KB
        Both:  17.25 KB

CodeHeap 'non-profiled nmethods': size=120000Kb used=25817Kb max_used=25817Kb free=94183Kb
 bounds [0x00000250b4840000, 0x00000250b6180000, 0x00000250bbd70000]
CodeHeap 'profiled nmethods': size=120000Kb used=62235Kb max_used=63300Kb free=57765Kb
 bounds [0x00000250ad310000, 0x00000250b1110000, 0x00000250b4840000]
CodeHeap 'non-nmethods': size=5760Kb used=2382Kb max_used=2486Kb free=3377Kb
 bounds [0x00000250acd70000, 0x00000250ad000000, 0x00000250ad310000]
 total_blobs=29380 nmethods=28368 adapters=920
 compilation: enabled
              stopped_count=0, restarted_count=0
 full_count=0

Compilation events (10 events):
Event: 2686.405 Thread 0x00000250c36f7800 nmethod 35761 0x00000250af253910 code [0x00000250af253be0, 0x00000250af254788]
Event: 2686.499 Thread 0x00000250d6071800 nmethod 35732 0x00000250b616d210 code [0x00000250b616d5a0, 0x00000250b61726c0]
Event: 2686.529 Thread 0x00000250c36f7800 35762       3       com.sun.tools.javac.code.Symbol$PackageSymbol::<init> (20 bytes)
Event: 2686.529 Thread 0x00000250c36f7800 nmethod 35762 0x00000250af238c10 code [0x00000250af238e20, 0x00000250af239498]
Event: 2686.529 Thread 0x00000250c36f7800 35763       3       com.sun.tools.javac.code.Symbol$PackageSymbol::<init> (26 bytes)
Event: 2686.529 Thread 0x00000250c36f7800 nmethod 35763 0x00000250af23b410 code [0x00000250af23b5c0, 0x00000250af23b878]
Event: 2686.531 Thread 0x00000250c36f7800 35764       3       com.sun.tools.javac.parser.JavaTokenizer::scanNumber (368 bytes)
Event: 2686.532 Thread 0x00000250c36f7800 nmethod 35764 0x00000250af2d7a10 code [0x00000250af2d7d80, 0x00000250af2d9678]
Event: 2686.543 Thread 0x00000250c36f7800 35765       3       java.nio.Bits::unreserveMemory (63 bytes)
Event: 2686.544 Thread 0x00000250c36f7800 nmethod 35765 0x00000250af23c710 code [0x00000250af23c8c0, 0x00000250af23cb38]

GC Heap History (10 events):
Event: 2584.491 GC heap before
{Heap before GC invocations=189 (full 0):
 garbage-first heap   total 305152K, used 147115K [0x0000000080000000, 0x0000000100000000)
  region size 1024K, 36 young (36864K), 2 survivors (2048K)
 Metaspace       used 137207K, capacity 142556K, committed 142796K, reserved 1173504K
  class space    used 17031K, capacity 18994K, committed 19148K, reserved 1048576K
}
Event: 2584.496 GC heap after
{Heap after GC invocations=190 (full 0):
 garbage-first heap   total 305152K, used 114172K [0x0000000080000000, 0x0000000100000000)
  region size 1024K, 2 young (2048K), 2 survivors (2048K)
 Metaspace       used 137207K, capacity 142556K, committed 142796K, reserved 1173504K
  class space    used 17031K, capacity 18994K, committed 19148K, reserved 1048576K
}
Event: 2641.505 GC heap before
{Heap before GC invocations=191 (full 0):
 garbage-first heap   total 305152K, used 219644K [0x0000000080000000, 0x0000000100000000)
  region size 1024K, 89 young (91136K), 2 survivors (2048K)
 Metaspace       used 137307K, capacity 142691K, committed 143052K, reserved 1173504K
  class space    used 17031K, capacity 18995K, committed 19148K, reserved 1048576K
}
Event: 2641.514 GC heap after
{Heap after GC invocations=192 (full 0):
 garbage-first heap   total 305152K, used 123083K [0x0000000080000000, 0x0000000100000000)
  region size 1024K, 10 young (10240K), 10 survivors (10240K)
 Metaspace       used 137307K, capacity 142691K, committed 143052K, reserved 1173504K
  class space    used 17031K, capacity 18995K, committed 19148K, reserved 1048576K
}
Event: 2686.086 GC heap before
{Heap before GC invocations=193 (full 0):
 garbage-first heap   total 305152K, used 261323K [0x0000000080000000, 0x0000000100000000)
  region size 1024K, 126 young (129024K), 10 survivors (10240K)
 Metaspace       used 137401K, capacity 142828K, committed 143052K, reserved 1173504K
  class space    used 17032K, capacity 18995K, committed 19148K, reserved 1048576K
}
Event: 2686.093 GC heap after
{Heap after GC invocations=194 (full 0):
 garbage-first heap   total 305152K, used 122863K [0x0000000080000000, 0x0000000100000000)
  region size 1024K, 7 young (7168K), 7 survivors (7168K)
 Metaspace       used 137401K, capacity 142828K, committed 143052K, reserved 1173504K
  class space    used 17032K, capacity 18995K, committed 19148K, reserved 1048576K
}
Event: 2686.170 GC heap before
{Heap before GC invocations=194 (full 0):
 garbage-first heap   total 305152K, used 130031K [0x0000000080000000, 0x0000000100000000)
  region size 1024K, 14 young (14336K), 7 survivors (7168K)
 Metaspace       used 137404K, capacity 142828K, committed 143052K, reserved 1173504K
  class space    used 17032K, capacity 18995K, committed 19148K, reserved 1048576K
}
Event: 2686.177 GC heap after
{Heap after GC invocations=195 (full 0):
 garbage-first heap   total 305152K, used 122242K [0x0000000080000000, 0x0000000100000000)
  region size 1024K, 2 young (2048K), 2 survivors (2048K)
 Metaspace       used 137404K, capacity 142828K, committed 143052K, reserved 1173504K
  class space    used 17032K, capacity 18995K, committed 19148K, reserved 1048576K
}
Event: 2686.535 GC heap before
{Heap before GC invocations=195 (full 0):
 garbage-first heap   total 305152K, used 162178K [0x0000000080000000, 0x0000000100000000)
  region size 1024K, 43 young (44032K), 2 survivors (2048K)
 Metaspace       used 137438K, capacity 142846K, committed 143052K, reserved 1173504K
  class space    used 17033K, capacity 18998K, committed 19148K, reserved 1048576K
}
Event: 2686.543 GC heap after
{Heap after GC invocations=196 (full 0):
 garbage-first heap   total 305152K, used 126291K [0x0000000080000000, 0x0000000100000000)
  region size 1024K, 6 young (6144K), 6 survivors (6144K)
 Metaspace       used 137438K, capacity 142846K, committed 143052K, reserved 1173504K
  class space    used 17033K, capacity 18998K, committed 19148K, reserved 1048576K
}

Deoptimization events (10 events):
Event: 2584.340 Thread 0x00000250cf2d6800 Uncommon trap: reason=profile_predicate action=maybe_recompile pc=0x00000250b5fe18f8 method=com.android.tools.r8.internal.G50.a(Lcom/android/tools/r8/internal/G50;Ljava/util/Set;)V @ 22 c2
Event: 2584.341 Thread 0x00000250c698f800 Uncommon trap: reason=profile_predicate action=maybe_recompile pc=0x00000250b5fe18f8 method=com.android.tools.r8.internal.G50.a(Lcom/android/tools/r8/internal/G50;Ljava/util/Set;)V @ 22 c2
Event: 2584.345 Thread 0x00000250cf2d6800 Uncommon trap: reason=profile_predicate action=maybe_recompile pc=0x00000250b5fe18f8 method=com.android.tools.r8.internal.G50.a(Lcom/android/tools/r8/internal/G50;Ljava/util/Set;)V @ 22 c2
Event: 2584.345 Thread 0x00000250c698f800 Uncommon trap: reason=profile_predicate action=maybe_recompile pc=0x00000250b5fe18f8 method=com.android.tools.r8.internal.G50.a(Lcom/android/tools/r8/internal/G50;Ljava/util/Set;)V @ 22 c2
Event: 2641.257 Thread 0x00000250cb10b800 Uncommon trap: reason=null_check action=make_not_entrant pc=0x00000250b60d1318 method=org.gradle.api.internal.tasks.properties.bean.AbstractNestedRuntimeBeanNode$BeanPropertyValue.isConfigurable()Z @ 9 c2
Event: 2641.981 Thread 0x00000250cb112800 Uncommon trap: reason=profile_predicate action=maybe_recompile pc=0x00000250b60aa248 method=com.android.tools.r8.ir.regalloc.b.c(IZ)I @ 963 c2
Event: 2641.982 Thread 0x00000250cb111000 Uncommon trap: reason=profile_predicate action=maybe_recompile pc=0x00000250b60aa248 method=com.android.tools.r8.ir.regalloc.b.c(IZ)I @ 963 c2
Event: 2641.983 Thread 0x00000250cb112800 Uncommon trap: reason=profile_predicate action=maybe_recompile pc=0x00000250b60aa248 method=com.android.tools.r8.ir.regalloc.b.c(IZ)I @ 963 c2
Event: 2641.990 Thread 0x00000250cb111000 Uncommon trap: reason=profile_predicate action=maybe_recompile pc=0x00000250b60aa248 method=com.android.tools.r8.ir.regalloc.b.c(IZ)I @ 963 c2
Event: 2641.990 Thread 0x00000250cb111000 Uncommon trap: reason=profile_predicate action=maybe_recompile pc=0x00000250b5bf35c0 method=com.android.tools.r8.ir.regalloc.b.c(IZ)I @ 963 c2

Classes redefined (0 events):
No events

Internal exceptions (10 events):
Event: 2642.174 Thread 0x00000250c9628000 Exception <a 'sun/nio/fs/WindowsException'{0x000000008d9303e8}> (0x000000008d9303e8) thrown at [./open/src/hotspot/share/prims/jni.cpp, line 611]
Event: 2686.033 Thread 0x00000250c9628000 Exception <a 'sun/nio/fs/WindowsException'{0x000000008b320b80}> (0x000000008b320b80) thrown at [./open/src/hotspot/share/prims/jni.cpp, line 611]
Event: 2686.063 Thread 0x00000250c9628000 Exception <a 'java/lang/NoClassDefFoundError'{0x000000008af8bc28}: org/jetbrains/kotlin/gradle/plugin/KotlinBasePluginWrapper> (0x000000008af8bc28) thrown at [./open/src/hotspot/share/oops/constantPool.cpp, line 770]
Event: 2686.078 Thread 0x00000250c9628000 Exception <a 'sun/nio/fs/WindowsException'{0x000000008add4ec0}> (0x000000008add4ec0) thrown at [./open/src/hotspot/share/prims/jni.cpp, line 611]
Event: 2686.078 Thread 0x00000250c9628000 Exception <a 'sun/nio/fs/WindowsException'{0x000000008add6100}> (0x000000008add6100) thrown at [./open/src/hotspot/share/prims/jni.cpp, line 611]
Event: 2686.078 Thread 0x00000250c9628000 Exception <a 'sun/nio/fs/WindowsException'{0x000000008add7390}> (0x000000008add7390) thrown at [./open/src/hotspot/share/prims/jni.cpp, line 611]
Event: 2686.078 Thread 0x00000250c9628000 Exception <a 'sun/nio/fs/WindowsException'{0x000000008add8620}> (0x000000008add8620) thrown at [./open/src/hotspot/share/prims/jni.cpp, line 611]
Event: 2686.528 Thread 0x00000250cb10a800 Exception <a 'sun/nio/fs/WindowsException'{0x000000009000e860}> (0x000000009000e860) thrown at [./open/src/hotspot/share/prims/jni.cpp, line 611]
Event: 2686.533 Thread 0x00000250cb10a800 Exception <a 'sun/nio/fs/WindowsException'{0x000000008ff01770}> (0x000000008ff01770) thrown at [./open/src/hotspot/share/prims/jni.cpp, line 611]
Event: 2686.533 Thread 0x00000250cb10a800 Exception <a 'sun/nio/fs/WindowsException'{0x000000008ff018a8}> (0x000000008ff018a8) thrown at [./open/src/hotspot/share/prims/jni.cpp, line 611]

Events (10 events):
Event: 2686.365 Thread 0x00000250cb111000 Thread added: 0x00000250cb111000
Event: 2686.365 Thread 0x00000250cb10f800 Thread added: 0x00000250cb10f800
Event: 2686.365 Thread 0x00000250cb10b800 Thread added: 0x00000250cb10b800
Event: 2686.365 Thread 0x00000250cb10e000 Thread added: 0x00000250cb10e000
Event: 2686.365 Thread 0x00000250cb112000 Thread added: 0x00000250cb112000
Event: 2686.365 Thread 0x00000250cb10c000 Thread added: 0x00000250cb10c000
Event: 2686.365 Thread 0x00000250cb10e800 Thread added: 0x00000250cb10e800
Event: 2686.365 Thread 0x00000250cb110000 Thread added: 0x00000250cb110000
Event: 2686.534 Executing VM operation: G1CollectForAllocation
Event: 2686.543 Executing VM operation: G1CollectForAllocation done


Dynamic libraries:
0x00007ff6eb020000 - 0x00007ff6eb02f000 	C:\Program Files\Java\jdk-11.0.16.1\bin\java.exe
0x00007fff56870000 - 0x00007fff56a84000 	C:\WINDOWS\SYSTEM32\ntdll.dll
0x00007fff55c20000 - 0x00007fff55ce2000 	C:\WINDOWS\System32\KERNEL32.DLL
0x00007fff54080000 - 0x00007fff54423000 	C:\WINDOWS\System32\KERNELBASE.dll
0x00007fff54550000 - 0x00007fff54661000 	C:\WINDOWS\System32\ucrtbase.dll
0x00007ffefb9b0000 - 0x00007ffefb9c8000 	C:\Program Files\Java\jdk-11.0.16.1\bin\jli.dll
0x00007ffefb910000 - 0x00007ffefb925000 	C:\Program Files\Java\jdk-11.0.16.1\bin\VCRUNTIME140.dll
0x00007fff56270000 - 0x00007fff5631e000 	C:\WINDOWS\System32\ADVAPI32.dll
0x00007fff55930000 - 0x00007fff559d7000 	C:\WINDOWS\System32\msvcrt.dll
0x00007fff55300000 - 0x00007fff553a4000 	C:\WINDOWS\System32\sechost.dll
0x00007fff54700000 - 0x00007fff54817000 	C:\WINDOWS\System32\RPCRT4.dll
0x00007fff55d00000 - 0x00007fff55eab000 	C:\WINDOWS\System32\USER32.dll
0x00007fff3cd00000 - 0x00007fff3cf8e000 	C:\WINDOWS\WinSxS\amd64_microsoft.windows.common-controls_6595b64144ccf1df_6.0.22621.1635_none_270f70857386168e\COMCTL32.dll
0x00007fff54050000 - 0x00007fff54076000 	C:\WINDOWS\System32\win32u.dll
0x00007fff55450000 - 0x00007fff55479000 	C:\WINDOWS\System32\GDI32.dll
0x00007fff54430000 - 0x00007fff54548000 	C:\WINDOWS\System32\gdi32full.dll
0x00007fff53d00000 - 0x00007fff53d9a000 	C:\WINDOWS\System32\msvcp_win.dll
0x00007fff4d320000 - 0x00007fff4d32a000 	C:\WINDOWS\SYSTEM32\VERSION.dll
0x00007fff56380000 - 0x00007fff563b1000 	C:\WINDOWS\System32\IMM32.DLL
0x00007ffef7250000 - 0x00007ffef72eb000 	C:\Program Files\Java\jdk-11.0.16.1\bin\msvcp140.dll
0x00007ffef6730000 - 0x00007ffef7248000 	C:\Program Files\Java\jdk-11.0.16.1\bin\server\jvm.dll
0x00007fff554a0000 - 0x00007fff554a8000 	C:\WINDOWS\System32\PSAPI.DLL
0x00007fff4a0e0000 - 0x00007fff4a114000 	C:\WINDOWS\SYSTEM32\WINMM.dll
0x00007fff51040000 - 0x00007fff51049000 	C:\WINDOWS\SYSTEM32\WSOCK32.dll
0x00007fff567b0000 - 0x00007fff56821000 	C:\WINDOWS\System32\WS2_32.dll
0x00007fff52ce0000 - 0x00007fff52cf8000 	C:\WINDOWS\SYSTEM32\kernel.appcore.dll
0x00007fff2a6b0000 - 0x00007fff2a6c0000 	C:\Program Files\Java\jdk-11.0.16.1\bin\verify.dll
0x00007fff4d810000 - 0x00007fff4da3e000 	C:\WINDOWS\SYSTEM32\DBGHELP.DLL
0x00007fff56420000 - 0x00007fff567a9000 	C:\WINDOWS\System32\combase.dll
0x00007fff559e0000 - 0x00007fff55ab7000 	C:\WINDOWS\System32\OLEAUT32.dll
0x00007fff3db90000 - 0x00007fff3dbc2000 	C:\WINDOWS\SYSTEM32\dbgcore.DLL
0x00007fff53fd0000 - 0x00007fff5404b000 	C:\WINDOWS\System32\bcryptPrimitives.dll
0x00007ffef66c0000 - 0x00007ffef66e8000 	C:\Program Files\Java\jdk-11.0.16.1\bin\java.dll
0x00007fff29130000 - 0x00007fff2913a000 	C:\Program Files\Java\jdk-11.0.16.1\bin\jimage.dll
0x00007ffefaab0000 - 0x00007ffefaac6000 	C:\Program Files\Java\jdk-11.0.16.1\bin\zip.dll
0x00007fff549e0000 - 0x00007fff551da000 	C:\WINDOWS\System32\SHELL32.dll
0x00007fff51c90000 - 0x00007fff5255e000 	C:\WINDOWS\SYSTEM32\windows.storage.dll
0x00007fff51b50000 - 0x00007fff51c8e000 	C:\WINDOWS\SYSTEM32\wintypes.dll
0x00007fff55b20000 - 0x00007fff55c11000 	C:\WINDOWS\System32\SHCORE.dll
0x00007fff563c0000 - 0x00007fff5641e000 	C:\WINDOWS\System32\shlwapi.dll
0x00007fff53bc0000 - 0x00007fff53be1000 	C:\WINDOWS\SYSTEM32\profapi.dll
0x00007ffef66a0000 - 0x00007ffef66b9000 	C:\Program Files\Java\jdk-11.0.16.1\bin\net.dll
0x00007fff4d670000 - 0x00007fff4d7a7000 	C:\WINDOWS\SYSTEM32\WINHTTP.dll
0x00007fff53150000 - 0x00007fff531b9000 	C:\WINDOWS\system32\mswsock.dll
0x00007ffef6680000 - 0x00007ffef6692000 	C:\Program Files\Java\jdk-11.0.16.1\bin\nio.dll
0x00007ffefb6e0000 - 0x00007ffefb707000 	C:\Users\akram\AndroidStudioProjects\app\native\e1d6ef7f7dcc3fd88c89a11ec53ec762bb8ba0a96d01ffa2cd45eb1d1d8dd5c5\windows-amd64\native-platform.dll
0x00007ffef6530000 - 0x00007ffef6674000 	C:\Users\akram\AndroidStudioProjects\app\native\0d407fdbe67a94daf76414ababcb853783967236a71b16ec16e742cd7a986fd3\windows-amd64\native-platform-file-events.dll
0x00007fff066a0000 - 0x00007fff066a9000 	C:\Program Files\Java\jdk-11.0.16.1\bin\management.dll
0x00007ffefda10000 - 0x00007ffefda1b000 	C:\Program Files\Java\jdk-11.0.16.1\bin\management_ext.dll
0x00007fff533c0000 - 0x00007fff533db000 	C:\WINDOWS\SYSTEM32\CRYPTSP.dll
0x00007fff52c50000 - 0x00007fff52c85000 	C:\WINDOWS\system32\rsaenh.dll
0x00007fff53250000 - 0x00007fff53278000 	C:\WINDOWS\SYSTEM32\USERENV.dll
0x00007fff53570000 - 0x00007fff53598000 	C:\WINDOWS\SYSTEM32\bcrypt.dll
0x00007fff533b0000 - 0x00007fff533bc000 	C:\WINDOWS\SYSTEM32\CRYPTBASE.dll
0x00007fff527c0000 - 0x00007fff527ed000 	C:\WINDOWS\SYSTEM32\IPHLPAPI.DLL
0x00007fff55cf0000 - 0x00007fff55cf9000 	C:\WINDOWS\System32\NSI.dll
0x00007fff4d650000 - 0x00007fff4d669000 	C:\WINDOWS\SYSTEM32\dhcpcsvc6.DLL
0x00007fff4d380000 - 0x00007fff4d39f000 	C:\WINDOWS\SYSTEM32\dhcpcsvc.DLL
0x00007fff52830000 - 0x00007fff52923000 	C:\WINDOWS\SYSTEM32\DNSAPI.dll
0x00007fff52d00000 - 0x00007fff52d34000 	C:\WINDOWS\SYSTEM32\ntmarta.dll
0x00007ffefdaa0000 - 0x00007ffefdaad000 	C:\Program Files\Java\jdk-11.0.16.1\bin\sunmscapi.dll
0x00007fff53e60000 - 0x00007fff53fc7000 	C:\WINDOWS\System32\CRYPT32.dll
0x00007fff53540000 - 0x00007fff5356e000 	C:\WINDOWS\SYSTEM32\ncrypt.dll
0x00007fff53500000 - 0x00007fff53537000 	C:\WINDOWS\SYSTEM32\NTASN1.dll
0x00007ffef98e0000 - 0x00007ffef9905000 	C:\Program Files\Java\jdk-11.0.16.1\bin\sunec.dll

dbghelp: loaded successfully - version: 4.0.5 - missing functions: none
symbol engine: initialized successfully - sym options: 0x614 - pdb path: .;C:\Program Files\Java\jdk-11.0.16.1\bin;C:\WINDOWS\SYSTEM32;C:\WINDOWS\WinSxS\amd64_microsoft.windows.common-controls_6595b64144ccf1df_6.0.22621.1635_none_270f70857386168e;C:\Program Files\Java\jdk-11.0.16.1\bin\server;C:\Users\akram\AndroidStudioProjects\app\native\e1d6ef7f7dcc3fd88c89a11ec53ec762bb8ba0a96d01ffa2cd45eb1d1d8dd5c5\windows-amd64;C:\Users\akram\AndroidStudioProjects\app\native\0d407fdbe67a94daf76414ababcb853783967236a71b16ec16e742cd7a986fd3\windows-amd64

VM Arguments:
jvm_args: --add-opens=java.base/java.util=ALL-UNNAMED --add-opens=java.base/java.lang=ALL-UNNAMED --add-opens=java.base/java.lang.invoke=ALL-UNNAMED --add-opens=java.base/java.util=ALL-UNNAMED --add-opens=java.prefs/java.util.prefs=ALL-UNNAMED --add-opens=java.prefs/java.util.prefs=ALL-UNNAMED --add-opens=java.base/java.nio.charset=ALL-UNNAMED --add-opens=java.base/java.net=ALL-UNNAMED --add-opens=java.base/java.util.concurrent.atomic=ALL-UNNAMED -Xmx2048m -Dfile.encoding=UTF-8 -Duser.country=US -Duser.language=en -Duser.variant 
java_command: org.gradle.launcher.daemon.bootstrap.GradleDaemon 7.5
java_class_path (initial): C:\Users\akram\AndroidStudioProjects\app\wrapper\dists\gradle-7.5-bin\f1w0cc9nuo0eivz97x2xlu9sv\gradle-7.5\lib\gradle-launcher-7.5.jar
Launcher Type: SUN_STANDARD

[Global flags]
     intx CICompilerCount                          = 4                                         {product} {ergonomic}
     uint ConcGCThreads                            = 2                                         {product} {ergonomic}
     uint G1ConcRefinementThreads                  = 8                                         {product} {ergonomic}
   size_t G1HeapRegionSize                         = 1048576                                   {product} {ergonomic}
    uintx GCDrainStackTargetSize                   = 64                                        {product} {ergonomic}
   size_t InitialHeapSize                          = 123731968                                 {product} {ergonomic}
   size_t MarkStackSize                            = 4194304                                   {product} {ergonomic}
   size_t MaxHeapSize                              = 2147483648                                {product} {command line}
   size_t MaxNewSize                               = 1287651328                                {product} {ergonomic}
   size_t MinHeapDeltaBytes                        = 1048576                                   {product} {ergonomic}
    uintx NonNMethodCodeHeapSize                   = 5836300                                {pd product} {ergonomic}
    uintx NonProfiledCodeHeapSize                  = 122910970                              {pd product} {ergonomic}
    uintx ProfiledCodeHeapSize                     = 122910970                              {pd product} {ergonomic}
    uintx ReservedCodeCacheSize                    = 251658240                              {pd product} {ergonomic}
     bool SegmentedCodeCache                       = true                                      {product} {ergonomic}
     bool UseCompressedClassPointers               = true                                 {lp64_product} {ergonomic}
     bool UseCompressedOops                        = true                                 {lp64_product} {ergonomic}
     bool UseG1GC                                  = true                                      {product} {ergonomic}
     bool UseLargePagesIndividualAllocation        = false                                  {pd product} {ergonomic}

Logging:
Log output configuration:
 #0: stdout all=warning uptime,level,tags
 #1: stderr all=off uptime,level,tags

Environment Variables:
JAVA_HOME=C:\Program Files\Java\jdk-11.0.16.1
PATH=C:\Program Files\Common Files\Oracle\Java\javapath;C:\WINDOWS\system32;C:\WINDOWS;C:\WINDOWS\System32\Wbem;C:\WINDOWS\System32\WindowsPowerShell\v1.0\;C:\WINDOWS\System32\OpenSSH\;C:\Program Files\Java\jdk-11.0.16.1\bin;C:\Program Files\Git\cmd;C:\Program Files\Cloudflare\Cloudflare WARP\;C:\Users\akram\AppData\Local\Programs\Python\Python311\Scripts\;C:\Users\akram\AppData\Local\Programs\Python\Python311\;C:\Users\akram\AppData\Local\Microsoft\WindowsApps;;C:\Users\akram\AppData\Local\Programs\Microsoft VS Code\bin
USERNAME=akram
OS=Windows_NT
PROCESSOR_IDENTIFIER=AMD64 Family 23 Model 96 Stepping 1, AuthenticAMD



---------------  S Y S T E M  ---------------

OS: Windows 11 , 64 bit Build 22621 (10.0.22621.1635)

CPU:total 8 (initial active 8) (8 cores per cpu, 2 threads per core) family 23 model 96 stepping 1 microcode 0x0, cmov, cx8, fxsr, mmx, sse, sse2, sse3, ssse3, sse4.1, sse4.2, popcnt, avx, avx2, aes, clmul, mmxext, 3dnowpref, lzcnt, sse4a, ht, tsc, tscinvbit, tscinv, bmi1, bmi2, adx, s

Memory: 4k page, system-wide physical 7507M (2117M free)
TotalPageFile size 12627M (AvailPageFile size 3958M)
current process WorkingSet (physical memory assigned to process): 687M, peak: 703M
current process commit charge ("private bytes"): 777M, peak: 794M

vm_info: Java HotSpot(TM) 64-Bit Server VM (11.0.16.1+1-LTS-1) for windows-amd64 JRE (11.0.16.1+1-LTS-1), built on Aug 16 2022 01:46:01 by "mach5one" with MS VC++ 15.9 (VS2017)

END.
