#
# A fatal error has been detected by the Java Runtime Environment:
#
#  EXCEPTION_ACCESS_VIOLATION (0xc0000005) at pc=0x00007fff053e1576, pid=4108, tid=13092
#
# JRE version: Java(TM) SE Runtime Environment 18.9 (11.0.16.1+1) (build 11.0.16.1+1-LTS-1)
# Java VM: Java HotSpot(TM) 64-Bit Server VM 18.9 (11.0.16.1+1-LTS-1, mixed mode, tiered, compressed oops, g1 gc, windows-amd64)
# Problematic frame:
# V  [jvm.dll+0x181576]
#
# No core dump will be written. Minidumps are not enabled by default on client versions of Windows
#
# If you would like to submit a bug report, please visit:
#   https://bugreport.java.com/bugreport/crash.jsp
#

---------------  S U M M A R Y ------------

Command Line: --add-opens=java.base/java.util=ALL-UNNAMED --add-opens=java.base/java.lang=ALL-UNNAMED --add-opens=java.base/java.lang.invoke=ALL-UNNAMED --add-opens=java.base/java.util=ALL-UNNAMED --add-opens=java.prefs/java.util.prefs=ALL-UNNAMED --add-opens=java.prefs/java.util.prefs=ALL-UNNAMED --add-opens=java.base/java.nio.charset=ALL-UNNAMED --add-opens=java.base/java.net=ALL-UNNAMED --add-opens=java.base/java.util.concurrent.atomic=ALL-UNNAMED -Xmx2048m -Dfile.encoding=UTF-8 -Duser.country=US -Duser.language=en -Duser.variant org.gradle.launcher.daemon.bootstrap.GradleDaemon 7.5

Host: AMD Ryzen 3 4300GE with Radeon Graphics, 8 cores, 7G,  Windows 11 , 64 bit Build 22621 (10.0.22621.1635)
Time: Mon May 15 23:35:23 2023 W. Central Africa Standard Time elapsed time: 11.094265 seconds (0d 0h 0m 11s)

---------------  T H R E A D  ---------------

Current thread (0x000002013b401800):  ConcurrentGCThread "G1 Conc#0" [stack: 0x00000074be700000,0x00000074be800000] [id=13092]

Stack: [0x00000074be700000,0x00000074be800000],  sp=0x00000074be7ff618,  free space=1021k
Native frames: (J=compiled Java code, j=interpreted, Vv=VM code, C=native code)
V  [jvm.dll+0x181576]


siginfo: EXCEPTION_ACCESS_VIOLATION (0xc0000005), reading address 0x0000000313aa8248


Register to memory mapping:

RIP=0x00007fff053e1576 jvm.dll
RAX=0x0000080000000000 is an unknown value
RBX=0x0000080000000000 is an unknown value
RCX=0x0000000082e9fc50 is pointing into object: [B 
{0x0000000082e9fc20} - klass: {type array byte}
 - length: 56
RDX=0x0000000082e9fc50 is pointing into object: [B 
{0x0000000082e9fc20} - klass: {type array byte}
 - length: 56
RSP=0x00000074be7ff618 points into unknown readable memory: 0x00007fff05447b49 | 49 7b 44 05 ff 7f 00 00
RBP=0x0 is NULL
RSI=0x0000000000000401 is an unknown value
RDI=0x0000000082e9fc50 is pointing into object: [B 
{0x0000000082e9fc20} - klass: {type array byte}
 - length: 56
R8 =0x0000080000000000 is an unknown value
R9 =0x0000000313aa8240 is an unknown value
R10=0x000002013b4410e0 points into unknown readable memory: 0x00007fff05ad4918 | 18 49 ad 05 ff 7f 00 00
R11=0x346dc5d63886594b is an unknown value
R12=0x0 is NULL
R13=0x0 is NULL
R14=0x0000020152a4a7f0 points into unknown readable memory: 0x0000080000000400 | 00 04 00 00 00 08 00 00
R15=0x000002013b3f4bb0 points into unknown readable memory: 0x000002013b3ff800 | 00 f8 3f 3b 01 02 00 00


Registers:
RAX=0x0000080000000000, RBX=0x0000080000000000, RCX=0x0000000082e9fc50, RDX=0x0000000082e9fc50
RSP=0x00000074be7ff618, RBP=0x0000000000000000, RSI=0x0000000000000401, RDI=0x0000000082e9fc50
R8 =0x0000080000000000, R9 =0x0000000313aa8240, R10=0x000002013b4410e0, R11=0x346dc5d63886594b
R12=0x0000000000000000, R13=0x0000000000000000, R14=0x0000020152a4a7f0, R15=0x000002013b3f4bb0
RIP=0x00007fff053e1576, EFLAGS=0x0000000000010202

Top of Stack: (sp=0x00000074be7ff618)
0x00000074be7ff618:   00007fff05447b49 01d9877d831adc15
0x00000074be7ff628:   0000000000000000 0000000000000000
0x00000074be7ff638:   0000000000098968 0000000082e9ec30
0x00000074be7ff648:   000002013b4041b0 0000000082e9fc50
0x00000074be7ff658:   00007fff05447932 000002013b404070
0x00000074be7ff668:   0000000100027ae8 0000000100027af0
0x00000074be7ff678:   00000074be7ff808 0000000082e9ec4c
0x00000074be7ff688:   00007fff05445afd 0000000000000004
0x00000074be7ff698:   0000000082e9ec40 00000074be7ff6d0
0x00000074be7ff6a8:   0000000082adae2c 000002013b402501
0x00000074be7ff6b8:   000002013b3f4bc8 0000000100027890
0x00000074be7ff6c8:   00007fff054456b1 0000000000000004
0x00000074be7ff6d8:   00000074be7ff808 0000000082e9ec30
0x00000074be7ff6e8:   0000000000000000 000002013b404070
0x00000074be7ff6f8:   00007fff0553c57e 0000000082e9ec30
0x00000074be7ff708:   00000074be7ff7c0 00000074be7ff7c0 

Instructions: (pc=0x00007fff053e1576)
0x00007fff053e1556:   00 48 8b 51 08 48 8b c8 e9 0d 00 00 00 cc cc cc
0x00007fff053e1566:   cc cc cc cc cc cc cc cc cc cc 4c 8b ca 48 8b d1
0x00007fff053e1576:   45 8b 41 08 45 85 c0 7e 0e 41 f6 c0 01 75 56 41
0x00007fff053e1586:   c1 f8 03 41 8b c0 c3 79 4c 80 3d 3b 45 8c 00 00 


Stack slot to memory mapping:
stack at sp + 0 slots: 0x00007fff05447b49 jvm.dll
stack at sp + 1 slots: 0x01d9877d831adc15 is an unknown value
stack at sp + 2 slots: 0x0 is NULL
stack at sp + 3 slots: 0x0 is NULL
stack at sp + 4 slots: 0x0000000000098968 is an unknown value
stack at sp + 5 slots: 0x0000000082e9ec30 is an oop: java.util.Hashtable$Entry 
{0x0000000082e9ec30} - klass: 'java/util/Hashtable$Entry'
stack at sp + 6 slots: 0x000002013b4041b0 points into unknown readable memory: 0x00007fff05b101a0 | a0 01 b1 05 ff 7f 00 00
stack at sp + 7 slots: 0x0000000082e9fc50 is pointing into object: [B 
{0x0000000082e9fc20} - klass: {type array byte}
 - length: 56


---------------  P R O C E S S  ---------------

Threads class SMR info:
_java_thread_list=0x000002015fad8f10, length=134, elements={
0x000002013b3b4800, 0x00000201593bf800, 0x000002015940c800, 0x000002015941b800,
0x000002015941d000, 0x000002015941e000, 0x0000020159d31800, 0x0000020159d35800,
0x0000020159d3a000, 0x0000020159e9f800, 0x000002015bccf800, 0x000002015c279000,
0x000002015b6d5000, 0x000002015b6a5000, 0x000002015bc7a000, 0x000002015b636800,
0x000002015bd90000, 0x000002015c5fc000, 0x000002015c22d800, 0x000002015b816000,
0x000002015b81a000, 0x000002015b816800, 0x000002015b818800, 0x000002015b81b000,
0x000002015b819000, 0x000002015b815000, 0x000002015b81b800, 0x000002015b817800,
0x000002015c792800, 0x000002015c793000, 0x000002015c794000, 0x000002015c790000,
0x000002015c795000, 0x000002015c796800, 0x000002015c791000, 0x000002015c797800,
0x000002015c791800, 0x000002015c799000, 0x000002015c79b800, 0x000002015c79d000,
0x000002015c79a000, 0x000002015c79c000, 0x000002015c79e000, 0x000002015c798000,
0x000002015c79a800, 0x000002015abc5000, 0x000002015abc6800, 0x000002015abc3800,
0x000002015abc6000, 0x000002015abc4000, 0x000002015abcc800, 0x000002015abc9000,
0x000002015abca800, 0x000002015abcb800, 0x000002015abc8800, 0x000002015abca000,
0x000002015abcd000, 0x000002015abc7800, 0x000002015abce000, 0x000002015abcf800,
0x000002015abcf000, 0x000002015abd2000, 0x000002015abd0800, 0x000002015abd1800,
0x000002015fae9000, 0x000002015faec000, 0x000002015fae6800, 0x000002015fae8000,
0x000002015fae9800, 0x000002015faed000, 0x000002015faea800, 0x000002015faeb000,
0x000002015fae7000, 0x000002015faf1800, 0x000002015faf0000, 0x000002015faf2800,
0x000002015faef800, 0x000002015faf1000, 0x000002015faf3800, 0x000002015faed800,
0x000002015faf4000, 0x000002015faee800, 0x000002015faf5000, 0x000002015f0ea000,
0x000002015f0eb000, 0x000002015f0ec800, 0x000002015f0eb800, 0x000002015f0e6800,
0x000002015f0e8800, 0x000002015f0e9000, 0x000002015f0ed000, 0x000002015f0e7800,
0x000002015f0f2000, 0x000002015f0f0800, 0x000002015f0f1800, 0x000002015f0f3000,
0x000002015f0ee000, 0x000002015f0ef000, 0x000002015f0f4000, 0x000002015f0f4800,
0x000002015f0f5800, 0x000002015f0ef800, 0x0000020161076800, 0x0000020161077800,
0x000002016107c800, 0x000002016107a000, 0x000002016107d000, 0x000002016107a800,
0x0000020161079000, 0x0000020161078000, 0x000002016107e000, 0x000002016107f800,
0x000002016107e800, 0x000002016107b800, 0x0000020161085000, 0x0000020161083800,
0x0000020161080800, 0x0000020161082000, 0x0000020161081000, 0x0000020161083000,
0x0000020161084800, 0x000002015e189800, 0x00000201616a1000, 0x0000020161714000,
0x00000201616a1800, 0x00000201616a3800, 0x00000201616a0000, 0x00000201616a5000,
0x00000201616a9000, 0x00000201616a8800, 0x00000201616a4000, 0x00000201616aa000,
0x00000201616aa800, 0x00000201616ab800
}

Java Threads: ( => current thread )
  0x000002013b3b4800 JavaThread "main" [_thread_blocked, id=6012, stack(0x00000074be400000,0x00000074be500000)]
  0x00000201593bf800 JavaThread "Reference Handler" daemon [_thread_blocked, id=10060, stack(0x00000074beb00000,0x00000074bec00000)]
  0x000002015940c800 JavaThread "Finalizer" daemon [_thread_blocked, id=14052, stack(0x00000074bec00000,0x00000074bed00000)]
  0x000002015941b800 JavaThread "Signal Dispatcher" daemon [_thread_blocked, id=13680, stack(0x00000074bed00000,0x00000074bee00000)]
  0x000002015941d000 JavaThread "Attach Listener" daemon [_thread_blocked, id=13752, stack(0x00000074bee00000,0x00000074bef00000)]
  0x000002015941e000 JavaThread "Service Thread" daemon [_thread_blocked, id=6620, stack(0x00000074bef00000,0x00000074bf000000)]
  0x0000020159d31800 JavaThread "C2 CompilerThread0" daemon [_thread_in_native, id=14244, stack(0x00000074bf000000,0x00000074bf100000)]
  0x0000020159d35800 JavaThread "C1 CompilerThread0" daemon [_thread_in_native, id=7488, stack(0x00000074bf100000,0x00000074bf200000)]
  0x0000020159d3a000 JavaThread "Sweeper thread" daemon [_thread_blocked, id=13420, stack(0x00000074bf200000,0x00000074bf300000)]
  0x0000020159e9f800 JavaThread "Common-Cleaner" daemon [_thread_blocked, id=13896, stack(0x00000074bf300000,0x00000074bf400000)]
  0x000002015bccf800 JavaThread "Daemon health stats" [_thread_blocked, id=14084, stack(0x00000074bf800000,0x00000074bf900000)]
  0x000002015c279000 JavaThread "Incoming local TCP Connector on port 58273" [_thread_in_native, id=4840, stack(0x00000074bf900000,0x00000074bfa00000)]
  0x000002015b6d5000 JavaThread "Daemon periodic checks" [_thread_blocked, id=7176, stack(0x00000074bfa00000,0x00000074bfb00000)]
  0x000002015b6a5000 JavaThread "Daemon" [_thread_blocked, id=4900, stack(0x00000074bfb00000,0x00000074bfc00000)]
  0x000002015bc7a000 JavaThread "Handler for socket connection from /127.0.0.1:58273 to /127.0.0.1:58274" [_thread_in_native, id=10404, stack(0x00000074bfc00000,0x00000074bfd00000)]
  0x000002015b636800 JavaThread "Cancel handler" [_thread_blocked, id=13484, stack(0x00000074bfd00000,0x00000074bfe00000)]
  0x000002015bd90000 JavaThread "Daemon worker" [_thread_blocked, id=14064, stack(0x00000074bfe00000,0x00000074bff00000)]
  0x000002015c5fc000 JavaThread "Asynchronous log dispatcher for DefaultDaemonConnection: socket connection from /127.0.0.1:58273 to /127.0.0.1:58274" [_thread_blocked, id=12888, stack(0x00000074bff00000,0x00000074c0000000)]
  0x000002015c22d800 JavaThread "Stdin handler" [_thread_blocked, id=6412, stack(0x00000074c0000000,0x00000074c0100000)]
  0x000002015b816000 JavaThread "Daemon client event forwarder" [_thread_blocked, id=5532, stack(0x00000074c0100000,0x00000074c0200000)]
  0x000002015b81a000 JavaThread "Cache worker for journal cache (C:\Users\akram\AndroidStudioProjects\app\caches\journal-1)" [_thread_blocked, id=4316, stack(0x00000074c0900000,0x00000074c0a00000)]
  0x000002015b816800 JavaThread "File lock request listener" [_thread_in_native, id=13024, stack(0x00000074c0a00000,0x00000074c0b00000)]
  0x000002015b818800 JavaThread "Cache worker for file hash cache (C:\Users\akram\AndroidStudioProjects\app\caches\7.5\fileHashes)" [_thread_in_native, id=7748, stack(0x00000074c0b00000,0x00000074c0c00000)]
  0x000002015b81b000 JavaThread "File watcher server" daemon [_thread_in_native, id=5976, stack(0x00000074c0d00000,0x00000074c0e00000)]
  0x000002015b819000 JavaThread "File watcher consumer" daemon [_thread_blocked, id=13728, stack(0x00000074c0e00000,0x00000074c0f00000)]
  0x000002015b815000 JavaThread "Cache worker for checksums cache (C:\Users\akram\AndroidStudioProjects\BloodBUMP\.gradle\7.5\checksums)" [_thread_blocked, id=6388, stack(0x00000074c0f00000,0x00000074c1000000)]
  0x000002015b81b800 JavaThread "Cache worker for cache directory md-rule (C:\Users\akram\AndroidStudioProjects\app\caches\7.5\md-rule)" [_thread_blocked, id=9016, stack(0x00000074c1000000,0x00000074c1100000)]
  0x000002015b817800 JavaThread "Cache worker for file content cache (C:\Users\akram\AndroidStudioProjects\app\caches\7.5\fileContent)" [_thread_blocked, id=11788, stack(0x00000074c1100000,0x00000074c1200000)]
  0x000002015c792800 JavaThread "Cache worker for file hash cache (C:\Users\akram\AndroidStudioProjects\BloodBUMP\.gradle\7.5\fileHashes)" [_thread_blocked, id=8464, stack(0x00000074c1200000,0x00000074c1300000)]
  0x000002015c793000 JavaThread "Cache worker for cache directory md-supplier (C:\Users\akram\AndroidStudioProjects\app\caches\7.5\md-supplier)" [_thread_blocked, id=14156, stack(0x00000074c1300000,0x00000074c1400000)]
  0x000002015c794000 JavaThread "Cache worker for execution history cache (C:\Users\akram\AndroidStudioProjects\app\caches\7.5\executionHistory)" [_thread_in_vm, id=5300, stack(0x00000074c1400000,0x00000074c1500000)]
  0x000002015c790000 JavaThread "jar transforms" [_thread_blocked, id=2284, stack(0x00000074c1500000,0x00000074c1600000)]
  0x000002015c795000 JavaThread "jar transforms Thread 2" [_thread_blocked, id=2828, stack(0x00000074c1600000,0x00000074c1700000)]
  0x000002015c796800 JavaThread "jar transforms Thread 3" [_thread_blocked, id=4276, stack(0x00000074c1700000,0x00000074c1800000)]
  0x000002015c791000 JavaThread "jar transforms Thread 4" [_thread_blocked, id=11224, stack(0x00000074c1800000,0x00000074c1900000)]
  0x000002015c797800 JavaThread "Cache worker for dependencies-accessors (C:\Users\akram\AndroidStudioProjects\BloodBUMP\.gradle\7.5\dependencies-accessors)" [_thread_blocked, id=11276, stack(0x00000074c1900000,0x00000074c1a00000)]
  0x000002015c791800 JavaThread "jar transforms Thread 5" [_thread_blocked, id=7956, stack(0x00000074c1a00000,0x00000074c1b00000)]
  0x000002015c799000 JavaThread "Cache worker for Build Output Cleanup Cache (C:\Users\akram\AndroidStudioProjects\BloodBUMP\.gradle\buildOutputCleanup)" [_thread_blocked, id=7276, stack(0x00000074c1b00000,0x00000074c1c00000)]
  0x000002015c79b800 JavaThread "Unconstrained build operations" [_thread_blocked, id=6356, stack(0x00000074c1c00000,0x00000074c1d00000)]
  0x000002015c79d000 JavaThread "Unconstrained build operations Thread 2" [_thread_blocked, id=14172, stack(0x00000074c1d00000,0x00000074c1e00000)]
  0x000002015c79a000 JavaThread "Unconstrained build operations Thread 3" [_thread_blocked, id=6196, stack(0x00000074c1e00000,0x00000074c1f00000)]
  0x000002015c79c000 JavaThread "Unconstrained build operations Thread 4" [_thread_blocked, id=3200, stack(0x00000074c1f00000,0x00000074c2000000)]
  0x000002015c79e000 JavaThread "Unconstrained build operations Thread 5" [_thread_blocked, id=13516, stack(0x00000074c2000000,0x00000074c2100000)]
  0x000002015c798000 JavaThread "Unconstrained build operations Thread 6" [_thread_blocked, id=12716, stack(0x00000074c2100000,0x00000074c2200000)]
  0x000002015c79a800 JavaThread "Unconstrained build operations Thread 7" [_thread_blocked, id=14292, stack(0x00000074c2200000,0x00000074c2300000)]
  0x000002015abc5000 JavaThread "Unconstrained build operations Thread 8" [_thread_blocked, id=8, stack(0x00000074c2300000,0x00000074c2400000)]
  0x000002015abc6800 JavaThread "Unconstrained build operations Thread 9" [_thread_blocked, id=8116, stack(0x00000074c2400000,0x00000074c2500000)]
  0x000002015abc3800 JavaThread "Unconstrained build operations Thread 10" [_thread_blocked, id=14148, stack(0x00000074c2500000,0x00000074c2600000)]
  0x000002015abc6000 JavaThread "Unconstrained build operations Thread 11" [_thread_in_Java, id=3308, stack(0x00000074c2600000,0x00000074c2700000)]
  0x000002015abc4000 JavaThread "Unconstrained build operations Thread 12" [_thread_blocked, id=13408, stack(0x00000074c2700000,0x00000074c2800000)]
  0x000002015abcc800 JavaThread "Unconstrained build operations Thread 13" [_thread_blocked, id=1288, stack(0x00000074c2800000,0x00000074c2900000)]
  0x000002015abc9000 JavaThread "Unconstrained build operations Thread 14" [_thread_blocked, id=5700, stack(0x00000074c2900000,0x00000074c2a00000)]
  0x000002015abca800 JavaThread "Unconstrained build operations Thread 15" [_thread_blocked, id=6416, stack(0x00000074c2a00000,0x00000074c2b00000)]
  0x000002015abcb800 JavaThread "Unconstrained build operations Thread 16" [_thread_blocked, id=12476, stack(0x00000074c2b00000,0x00000074c2c00000)]
  0x000002015abc8800 JavaThread "Unconstrained build operations Thread 17" [_thread_blocked, id=11232, stack(0x00000074c2c00000,0x00000074c2d00000)]
  0x000002015abca000 JavaThread "Unconstrained build operations Thread 18" [_thread_blocked, id=3972, stack(0x00000074c2d00000,0x00000074c2e00000)]
  0x000002015abcd000 JavaThread "Unconstrained build operations Thread 19" [_thread_blocked, id=13708, stack(0x00000074c2e00000,0x00000074c2f00000)]
  0x000002015abc7800 JavaThread "Unconstrained build operations Thread 20" [_thread_blocked, id=13744, stack(0x00000074c2f00000,0x00000074c3000000)]
  0x000002015abce000 JavaThread "Unconstrained build operations Thread 21" [_thread_blocked, id=6576, stack(0x00000074c3000000,0x00000074c3100000)]
  0x000002015abcf800 JavaThread "Unconstrained build operations Thread 22" [_thread_blocked, id=6772, stack(0x00000074c3100000,0x00000074c3200000)]
  0x000002015abcf000 JavaThread "Unconstrained build operations Thread 23" [_thread_blocked, id=1844, stack(0x00000074c3200000,0x00000074c3300000)]
  0x000002015abd2000 JavaThread "Unconstrained build operations Thread 24" [_thread_blocked, id=10528, stack(0x00000074c3300000,0x00000074c3400000)]
  0x000002015abd0800 JavaThread "Unconstrained build operations Thread 25" [_thread_blocked, id=7568, stack(0x00000074c3400000,0x00000074c3500000)]
  0x000002015abd1800 JavaThread "Unconstrained build operations Thread 26" [_thread_in_Java, id=14184, stack(0x00000074c3500000,0x00000074c3600000)]
  0x000002015fae9000 JavaThread "Unconstrained build operations Thread 27" [_thread_blocked, id=14300, stack(0x00000074c3600000,0x00000074c3700000)]
  0x000002015faec000 JavaThread "Unconstrained build operations Thread 28" [_thread_blocked, id=11752, stack(0x00000074c3700000,0x00000074c3800000)]
  0x000002015fae6800 JavaThread "Unconstrained build operations Thread 29" [_thread_blocked, id=10256, stack(0x00000074c3800000,0x00000074c3900000)]
  0x000002015fae8000 JavaThread "Unconstrained build operations Thread 30" [_thread_blocked, id=14060, stack(0x00000074c3900000,0x00000074c3a00000)]
  0x000002015fae9800 JavaThread "Unconstrained build operations Thread 31" [_thread_blocked, id=13932, stack(0x00000074c3a00000,0x00000074c3b00000)]
  0x000002015faed000 JavaThread "Unconstrained build operations Thread 32" [_thread_blocked, id=13376, stack(0x00000074c3b00000,0x00000074c3c00000)]
  0x000002015faea800 JavaThread "Unconstrained build operations Thread 33" [_thread_blocked, id=11676, stack(0x00000074c3c00000,0x00000074c3d00000)]
  0x000002015faeb000 JavaThread "Unconstrained build operations Thread 34" [_thread_blocked, id=4976, stack(0x00000074c3d00000,0x00000074c3e00000)]
  0x000002015fae7000 JavaThread "Unconstrained build operations Thread 35" [_thread_blocked, id=13036, stack(0x00000074c3e00000,0x00000074c3f00000)]
  0x000002015faf1800 JavaThread "Unconstrained build operations Thread 36" [_thread_blocked, id=6396, stack(0x00000074c3f00000,0x00000074c4000000)]
  0x000002015faf0000 JavaThread "Unconstrained build operations Thread 37" [_thread_blocked, id=14136, stack(0x00000074c4000000,0x00000074c4100000)]
  0x000002015faf2800 JavaThread "Unconstrained build operations Thread 38" [_thread_blocked, id=3776, stack(0x00000074c4100000,0x00000074c4200000)]
  0x000002015faef800 JavaThread "Unconstrained build operations Thread 39" [_thread_blocked, id=8968, stack(0x00000074c4200000,0x00000074c4300000)]
  0x000002015faf1000 JavaThread "Unconstrained build operations Thread 40" [_thread_blocked, id=5244, stack(0x00000074c4300000,0x00000074c4400000)]
  0x000002015faf3800 JavaThread "Unconstrained build operations Thread 41" [_thread_blocked, id=12312, stack(0x00000074c4400000,0x00000074c4500000)]
  0x000002015faed800 JavaThread "Unconstrained build operations Thread 42" [_thread_blocked, id=14208, stack(0x00000074c4500000,0x00000074c4600000)]
  0x000002015faf4000 JavaThread "Unconstrained build operations Thread 43" [_thread_blocked, id=6660, stack(0x00000074c4600000,0x00000074c4700000)]
  0x000002015faee800 JavaThread "Unconstrained build operations Thread 44" [_thread_blocked, id=12308, stack(0x00000074c4700000,0x00000074c4800000)]
  0x000002015faf5000 JavaThread "Unconstrained build operations Thread 45" [_thread_blocked, id=14192, stack(0x00000074c4800000,0x00000074c4900000)]
  0x000002015f0ea000 JavaThread "Unconstrained build operations Thread 46" [_thread_blocked, id=13880, stack(0x00000074c4900000,0x00000074c4a00000)]
  0x000002015f0eb000 JavaThread "Unconstrained build operations Thread 47" [_thread_in_Java, id=2040, stack(0x00000074c4a00000,0x00000074c4b00000)]
  0x000002015f0ec800 JavaThread "Unconstrained build operations Thread 48" [_thread_blocked, id=156, stack(0x00000074c4b00000,0x00000074c4c00000)]
  0x000002015f0eb800 JavaThread "Unconstrained build operations Thread 49" [_thread_blocked, id=13928, stack(0x00000074c4c00000,0x00000074c4d00000)]
  0x000002015f0e6800 JavaThread "Unconstrained build operations Thread 50" [_thread_blocked, id=14040, stack(0x00000074c4d00000,0x00000074c4e00000)]
  0x000002015f0e8800 JavaThread "Unconstrained build operations Thread 51" [_thread_blocked, id=13500, stack(0x00000074c4e00000,0x00000074c4f00000)]
  0x000002015f0e9000 JavaThread "Unconstrained build operations Thread 52" [_thread_blocked, id=7028, stack(0x00000074c4f00000,0x00000074c5000000)]
  0x000002015f0ed000 JavaThread "Unconstrained build operations Thread 53" [_thread_blocked, id=6632, stack(0x00000074c5000000,0x00000074c5100000)]
  0x000002015f0e7800 JavaThread "Unconstrained build operations Thread 54" [_thread_blocked, id=7064, stack(0x00000074c5100000,0x00000074c5200000)]
  0x000002015f0f2000 JavaThread "Unconstrained build operations Thread 55" [_thread_blocked, id=12480, stack(0x00000074c5200000,0x00000074c5300000)]
  0x000002015f0f0800 JavaThread "Unconstrained build operations Thread 56" [_thread_blocked, id=6764, stack(0x00000074c5300000,0x00000074c5400000)]
  0x000002015f0f1800 JavaThread "Unconstrained build operations Thread 57" [_thread_blocked, id=7936, stack(0x00000074c5400000,0x00000074c5500000)]
  0x000002015f0f3000 JavaThread "Unconstrained build operations Thread 58" [_thread_blocked, id=13788, stack(0x00000074c5500000,0x00000074c5600000)]
  0x000002015f0ee000 JavaThread "Unconstrained build operations Thread 59" [_thread_blocked, id=4784, stack(0x00000074c5600000,0x00000074c5700000)]
  0x000002015f0ef000 JavaThread "Unconstrained build operations Thread 60" [_thread_blocked, id=7116, stack(0x00000074c5700000,0x00000074c5800000)]
  0x000002015f0f4000 JavaThread "Unconstrained build operations Thread 61" [_thread_blocked, id=6788, stack(0x00000074c5800000,0x00000074c5900000)]
  0x000002015f0f4800 JavaThread "Unconstrained build operations Thread 62" [_thread_blocked, id=8976, stack(0x00000074c5900000,0x00000074c5a00000)]
  0x000002015f0f5800 JavaThread "Unconstrained build operations Thread 63" [_thread_blocked, id=4116, stack(0x00000074c5a00000,0x00000074c5b00000)]
  0x000002015f0ef800 JavaThread "Unconstrained build operations Thread 64" [_thread_blocked, id=9844, stack(0x00000074c5b00000,0x00000074c5c00000)]
  0x0000020161076800 JavaThread "Unconstrained build operations Thread 65" [_thread_blocked, id=13596, stack(0x00000074c5c00000,0x00000074c5d00000)]
  0x0000020161077800 JavaThread "Unconstrained build operations Thread 66" [_thread_blocked, id=12804, stack(0x00000074c5d00000,0x00000074c5e00000)]
  0x000002016107c800 JavaThread "Unconstrained build operations Thread 67" [_thread_blocked, id=13736, stack(0x00000074c5e00000,0x00000074c5f00000)]
  0x000002016107a000 JavaThread "Unconstrained build operations Thread 68" [_thread_blocked, id=5212, stack(0x00000074c5f00000,0x00000074c6000000)]
  0x000002016107d000 JavaThread "Unconstrained build operations Thread 69" [_thread_blocked, id=3952, stack(0x00000074c6000000,0x00000074c6100000)]
  0x000002016107a800 JavaThread "Unconstrained build operations Thread 70" [_thread_blocked, id=4780, stack(0x00000074c6100000,0x00000074c6200000)]
  0x0000020161079000 JavaThread "Unconstrained build operations Thread 71" [_thread_blocked, id=13076, stack(0x00000074c6200000,0x00000074c6300000)]
  0x0000020161078000 JavaThread "Unconstrained build operations Thread 72" [_thread_blocked, id=13480, stack(0x00000074c6300000,0x00000074c6400000)]
  0x000002016107e000 JavaThread "Unconstrained build operations Thread 73" [_thread_blocked, id=4516, stack(0x00000074c6400000,0x00000074c6500000)]
  0x000002016107f800 JavaThread "Unconstrained build operations Thread 74" [_thread_blocked, id=13692, stack(0x00000074c6500000,0x00000074c6600000)]
  0x000002016107e800 JavaThread "Unconstrained build operations Thread 75" [_thread_blocked, id=11492, stack(0x00000074c6600000,0x00000074c6700000)]
  0x000002016107b800 JavaThread "Unconstrained build operations Thread 76" [_thread_blocked, id=2568, stack(0x00000074c6700000,0x00000074c6800000)]
  0x0000020161085000 JavaThread "Unconstrained build operations Thread 77" [_thread_blocked, id=12300, stack(0x00000074c6800000,0x00000074c6900000)]
  0x0000020161083800 JavaThread "Unconstrained build operations Thread 78" [_thread_blocked, id=8600, stack(0x00000074c6900000,0x00000074c6a00000)]
  0x0000020161080800 JavaThread "Unconstrained build operations Thread 79" [_thread_blocked, id=11748, stack(0x00000074c6a00000,0x00000074c6b00000)]
  0x0000020161082000 JavaThread "Unconstrained build operations Thread 80" [_thread_blocked, id=12416, stack(0x00000074c6b00000,0x00000074c6c00000)]
  0x0000020161081000 JavaThread "jar transforms Thread 6" [_thread_blocked, id=6676, stack(0x00000074c6c00000,0x00000074c6d00000)]
  0x0000020161083000 JavaThread "jar transforms Thread 7" [_thread_blocked, id=12956, stack(0x00000074c6d00000,0x00000074c6e00000)]
  0x0000020161084800 JavaThread "jar transforms Thread 8" [_thread_blocked, id=6680, stack(0x00000074c6e00000,0x00000074c6f00000)]
  0x000002015e189800 JavaThread "C2 CompilerThread1" daemon [_thread_in_native, id=9180, stack(0x00000074bf500000,0x00000074bf600000)]
  0x00000201616a1000 JavaThread "build event listener" [_thread_blocked, id=9132, stack(0x00000074bf600000,0x00000074bf700000)]
  0x0000020161714000 JavaThread "C2 CompilerThread2" daemon [_thread_blocked, id=7360, stack(0x00000074c6f00000,0x00000074c7000000)]
  0x00000201616a1800 JavaThread "Memory manager" [_thread_blocked, id=5784, stack(0x00000074c7000000,0x00000074c7100000)]
  0x00000201616a3800 JavaThread "included builds" [_thread_blocked, id=12508, stack(0x00000074c7100000,0x00000074c7200000)]
  0x00000201616a0000 JavaThread "Execution worker" [_thread_blocked, id=11560, stack(0x00000074c7200000,0x00000074c7300000)]
  0x00000201616a5000 JavaThread "Execution worker Thread 2" [_thread_blocked, id=11004, stack(0x00000074c7300000,0x00000074c7400000)]
  0x00000201616a9000 JavaThread "Execution worker Thread 3" [_thread_blocked, id=8264, stack(0x00000074c7400000,0x00000074c7500000)]
  0x00000201616a8800 JavaThread "Execution worker Thread 4" [_thread_blocked, id=2704, stack(0x00000074c7500000,0x00000074c7600000)]
  0x00000201616a4000 JavaThread "Execution worker Thread 5" [_thread_blocked, id=8188, stack(0x00000074c7600000,0x00000074c7700000)]
  0x00000201616aa000 JavaThread "Execution worker Thread 6" [_thread_blocked, id=12424, stack(0x00000074c7700000,0x00000074c7800000)]
  0x00000201616aa800 JavaThread "Execution worker Thread 7" [_thread_blocked, id=12880, stack(0x00000074c7800000,0x00000074c7900000)]
  0x00000201616ab800 JavaThread "Cache worker for execution history cache (C:\Users\akram\AndroidStudioProjects\BloodBUMP\.gradle\7.5\executionHistory)" [_thread_blocked, id=1148, stack(0x00000074c7900000,0x00000074c7a00000)]

Other Threads:
  0x00000201593bd000 VMThread "VM Thread" [stack: 0x00000074bea00000,0x00000074beb00000] [id=13556]
  0x0000020159efb000 WatcherThread [stack: 0x00000074bf400000,0x00000074bf500000] [id=13756]
  0x000002013b3ca800 GCTaskThread "GC Thread#0" [stack: 0x00000074be500000,0x00000074be600000] [id=7636]
  0x000002015acc2000 GCTaskThread "GC Thread#1" [stack: 0x00000074bf700000,0x00000074bf800000] [id=3412]
  0x000002015ae94000 GCTaskThread "GC Thread#2" [stack: 0x00000074c0200000,0x00000074c0300000] [id=13780]
  0x000002015b2cd000 GCTaskThread "GC Thread#3" [stack: 0x00000074c0300000,0x00000074c0400000] [id=11568]
  0x000002015c558000 GCTaskThread "GC Thread#4" [stack: 0x00000074c0400000,0x00000074c0500000] [id=14180]
  0x000002015b137800 GCTaskThread "GC Thread#5" [stack: 0x00000074c0500000,0x00000074c0600000] [id=7172]
  0x000002015b138000 GCTaskThread "GC Thread#6" [stack: 0x00000074c0600000,0x00000074c0700000] [id=10512]
  0x000002015adcf800 GCTaskThread "GC Thread#7" [stack: 0x00000074c0700000,0x00000074c0800000] [id=12836]
  0x000002013b3ff800 ConcurrentGCThread "G1 Main Marker" [stack: 0x00000074be600000,0x00000074be700000] [id=13956]
=>0x000002013b401800 ConcurrentGCThread "G1 Conc#0" [stack: 0x00000074be700000,0x00000074be800000] [id=13092]
  0x000002015c93c800 ConcurrentGCThread "G1 Conc#1" [stack: 0x00000074c0c00000,0x00000074c0d00000] [id=852]
  0x000002013b48e800 ConcurrentGCThread "G1 Refine#0" [stack: 0x00000074be800000,0x00000074be900000] [id=1200]
  0x000002015aa85800 ConcurrentGCThread "G1 Refine#1" [stack: 0x00000074c0800000,0x00000074c0900000] [id=12740]
  0x0000020159226800 ConcurrentGCThread "G1 Young RemSet Sampling" [stack: 0x00000074be900000,0x00000074bea00000] [id=3668]

Threads with active compile tasks:
C2 CompilerThread0    11120 9353       4       java.util.TimSort::binarySort (223 bytes)
C2 CompilerThread1    11120 9345   !   4       com.google.common.collect.MapMakerInternalMap$Segment::put (298 bytes)

VM state:not at safepoint (normal execution)

VM Mutex/Monitor currently owned by a thread: None

Heap address: 0x0000000080000000, size: 2048 MB, Compressed Oops mode: 32-bit
Narrow klass base: 0x0000000000000000, Narrow klass shift: 3
Compressed class space size: 1073741824 Address: 0x0000000100000000

Heap:
 garbage-first heap   total 175104K, used 85125K [0x0000000080000000, 0x0000000100000000)
  region size 1024K, 10 young (10240K), 4 survivors (4096K)
 Metaspace       used 81940K, capacity 84367K, committed 84684K, reserved 1122304K
  class space    used 11007K, capacity 11967K, committed 12032K, reserved 1048576K
Heap Regions: E=young(eden), S=young(survivor), O=old, HS=humongous(starts), HC=humongous(continues), CS=collection set, F=free, A=archive, TAMS=top-at-mark-start (previous, next)
|   0|0x0000000080000000, 0x0000000080100000, 0x0000000080100000|100%| O|  |TAMS 0x0000000080100000, 0x0000000080100000| Untracked 
|   1|0x0000000080100000, 0x0000000080200000, 0x0000000080200000|100%| O|  |TAMS 0x0000000080200000, 0x0000000080200000| Untracked 
|   2|0x0000000080200000, 0x0000000080300000, 0x0000000080300000|100%| O|  |TAMS 0x0000000080300000, 0x0000000080300000| Untracked 
|   3|0x0000000080300000, 0x0000000080400000, 0x0000000080400000|100%|HS|  |TAMS 0x0000000080400000, 0x0000000080400000| Complete 
|   4|0x0000000080400000, 0x0000000080500000, 0x0000000080500000|100%|HC|  |TAMS 0x0000000080500000, 0x0000000080500000| Complete 
|   5|0x0000000080500000, 0x0000000080600000, 0x0000000080600000|100%|HC|  |TAMS 0x0000000080600000, 0x0000000080600000| Complete 
|   6|0x0000000080600000, 0x0000000080700000, 0x0000000080700000|100%| O|  |TAMS 0x0000000080700000, 0x0000000080700000| Untracked 
|   7|0x0000000080700000, 0x0000000080800000, 0x0000000080800000|100%| O|  |TAMS 0x0000000080800000, 0x0000000080800000| Untracked 
|   8|0x0000000080800000, 0x0000000080900000, 0x0000000080900000|100%| O|  |TAMS 0x0000000080900000, 0x0000000080900000| Untracked 
|   9|0x0000000080900000, 0x0000000080a00000, 0x0000000080a00000|100%| O|  |TAMS 0x0000000080a00000, 0x0000000080a00000| Untracked 
|  10|0x0000000080a00000, 0x0000000080b00000, 0x0000000080b00000|100%| O|  |TAMS 0x0000000080b00000, 0x0000000080b00000| Untracked 
|  11|0x0000000080b00000, 0x0000000080c00000, 0x0000000080c00000|100%| O|  |TAMS 0x0000000080c00000, 0x0000000080c00000| Untracked 
|  12|0x0000000080c00000, 0x0000000080d00000, 0x0000000080d00000|100%| O|  |TAMS 0x0000000080d00000, 0x0000000080d00000| Untracked 
|  13|0x0000000080d00000, 0x0000000080e00000, 0x0000000080e00000|100%| O|  |TAMS 0x0000000080e00000, 0x0000000080e00000| Untracked 
|  14|0x0000000080e00000, 0x0000000080f00000, 0x0000000080f00000|100%| O|  |TAMS 0x0000000080f00000, 0x0000000080f00000| Untracked 
|  15|0x0000000080f00000, 0x0000000081000000, 0x0000000081000000|100%| O|  |TAMS 0x0000000081000000, 0x0000000081000000| Untracked 
|  16|0x0000000081000000, 0x0000000081100000, 0x0000000081100000|100%| O|  |TAMS 0x0000000081100000, 0x0000000081100000| Untracked 
|  17|0x0000000081100000, 0x0000000081200000, 0x0000000081200000|100%|HS|  |TAMS 0x0000000081200000, 0x0000000081200000| Complete 
|  18|0x0000000081200000, 0x0000000081300000, 0x0000000081300000|100%| O|  |TAMS 0x0000000081300000, 0x0000000081300000| Untracked 
|  19|0x0000000081300000, 0x0000000081400000, 0x0000000081400000|100%| O|  |TAMS 0x0000000081400000, 0x0000000081400000| Untracked 
|  20|0x0000000081400000, 0x0000000081500000, 0x0000000081500000|100%| O|  |TAMS 0x0000000081500000, 0x0000000081500000| Untracked 
|  21|0x0000000081500000, 0x0000000081600000, 0x0000000081600000|100%| O|  |TAMS 0x0000000081600000, 0x0000000081600000| Untracked 
|  22|0x0000000081600000, 0x0000000081700000, 0x0000000081700000|100%| O|  |TAMS 0x0000000081700000, 0x0000000081700000| Untracked 
|  23|0x0000000081700000, 0x0000000081800000, 0x0000000081800000|100%| O|  |TAMS 0x0000000081800000, 0x0000000081800000| Untracked 
|  24|0x0000000081800000, 0x0000000081900000, 0x0000000081900000|100%| O|  |TAMS 0x0000000081900000, 0x0000000081900000| Untracked 
|  25|0x0000000081900000, 0x0000000081a00000, 0x0000000081a00000|100%| O|  |TAMS 0x0000000081a00000, 0x0000000081a00000| Untracked 
|  26|0x0000000081a00000, 0x0000000081b00000, 0x0000000081b00000|100%| O|  |TAMS 0x0000000081b00000, 0x0000000081b00000| Untracked 
|  27|0x0000000081b00000, 0x0000000081c00000, 0x0000000081c00000|100%| O|  |TAMS 0x0000000081c00000, 0x0000000081c00000| Untracked 
|  28|0x0000000081c00000, 0x0000000081d00000, 0x0000000081d00000|100%| O|  |TAMS 0x0000000081d00000, 0x0000000081d00000| Untracked 
|  29|0x0000000081d00000, 0x0000000081e00000, 0x0000000081e00000|100%|HS|  |TAMS 0x0000000081e00000, 0x0000000081e00000| Complete 
|  30|0x0000000081e00000, 0x0000000081f00000, 0x0000000081f00000|100%| O|  |TAMS 0x0000000081f00000, 0x0000000081f00000| Untracked 
|  31|0x0000000081f00000, 0x0000000082000000, 0x0000000082000000|100%| O|  |TAMS 0x0000000082000000, 0x0000000082000000| Untracked 
|  32|0x0000000082000000, 0x0000000082100000, 0x0000000082100000|100%| O|  |TAMS 0x0000000082100000, 0x0000000082100000| Untracked 
|  33|0x0000000082100000, 0x0000000082200000, 0x0000000082200000|100%| O|  |TAMS 0x0000000082200000, 0x0000000082200000| Untracked 
|  34|0x0000000082200000, 0x0000000082300000, 0x0000000082300000|100%| O|  |TAMS 0x0000000082300000, 0x0000000082300000| Untracked 
|  35|0x0000000082300000, 0x0000000082400000, 0x0000000082400000|100%| O|  |TAMS 0x0000000082400000, 0x0000000082400000| Untracked 
|  36|0x0000000082400000, 0x0000000082500000, 0x0000000082500000|100%| O|  |TAMS 0x0000000082500000, 0x0000000082500000| Untracked 
|  37|0x0000000082500000, 0x0000000082600000, 0x0000000082600000|100%| O|  |TAMS 0x0000000082600000, 0x0000000082600000| Untracked 
|  38|0x0000000082600000, 0x0000000082700000, 0x0000000082700000|100%| O|  |TAMS 0x0000000082700000, 0x0000000082700000| Untracked 
|  39|0x0000000082700000, 0x0000000082800000, 0x0000000082800000|100%| O|  |TAMS 0x0000000082800000, 0x0000000082800000| Untracked 
|  40|0x0000000082800000, 0x0000000082900000, 0x0000000082900000|100%| O|  |TAMS 0x0000000082900000, 0x0000000082900000| Untracked 
|  41|0x0000000082900000, 0x0000000082a00000, 0x0000000082a00000|100%| O|  |TAMS 0x0000000082a00000, 0x0000000082a00000| Untracked 
|  42|0x0000000082a00000, 0x0000000082b00000, 0x0000000082b00000|100%| O|  |TAMS 0x0000000082a48000, 0x0000000082b00000| Untracked 
|  43|0x0000000082b00000, 0x0000000082c00000, 0x0000000082c00000|100%| O|  |TAMS 0x0000000082b00000, 0x0000000082c00000| Untracked 
|  44|0x0000000082c00000, 0x0000000082d00000, 0x0000000082d00000|100%| O|  |TAMS 0x0000000082c00000, 0x0000000082d00000| Untracked 
|  45|0x0000000082d00000, 0x0000000082e00000, 0x0000000082e00000|100%| O|  |TAMS 0x0000000082d00000, 0x0000000082e00000| Untracked 
|  46|0x0000000082e00000, 0x0000000082f00000, 0x0000000082f00000|100%| O|  |TAMS 0x0000000082e00000, 0x0000000082f00000| Untracked 
|  47|0x0000000082f00000, 0x0000000083000000, 0x0000000083000000|100%| O|  |TAMS 0x0000000082f00000, 0x0000000083000000| Untracked 
|  48|0x0000000083000000, 0x0000000083100000, 0x0000000083100000|100%| O|  |TAMS 0x0000000083000000, 0x0000000083100000| Untracked 
|  49|0x0000000083100000, 0x0000000083200000, 0x0000000083200000|100%| O|  |TAMS 0x0000000083100000, 0x0000000083200000| Untracked 
|  50|0x0000000083200000, 0x0000000083300000, 0x0000000083300000|100%| O|  |TAMS 0x0000000083200000, 0x0000000083300000| Untracked 
|  51|0x0000000083300000, 0x0000000083400000, 0x0000000083400000|100%| O|  |TAMS 0x0000000083300000, 0x0000000083400000| Untracked 
|  52|0x0000000083400000, 0x0000000083500000, 0x0000000083500000|100%| O|  |TAMS 0x0000000083400000, 0x0000000083500000| Untracked 
|  53|0x0000000083500000, 0x0000000083600000, 0x0000000083600000|100%| O|  |TAMS 0x0000000083500000, 0x0000000083600000| Untracked 
|  54|0x0000000083600000, 0x0000000083700000, 0x0000000083700000|100%| O|  |TAMS 0x0000000083600000, 0x0000000083700000| Untracked 
|  55|0x0000000083700000, 0x0000000083800000, 0x0000000083800000|100%| O|  |TAMS 0x0000000083700000, 0x0000000083800000| Untracked 
|  56|0x0000000083800000, 0x0000000083900000, 0x0000000083900000|100%| O|  |TAMS 0x0000000083800000, 0x0000000083900000| Untracked 
|  57|0x0000000083900000, 0x0000000083a00000, 0x0000000083a00000|100%| O|  |TAMS 0x0000000083900000, 0x0000000083a00000| Untracked 
|  58|0x0000000083a00000, 0x0000000083b00000, 0x0000000083b00000|100%| O|  |TAMS 0x0000000083a00000, 0x0000000083b00000| Untracked 
|  59|0x0000000083b00000, 0x0000000083c00000, 0x0000000083c00000|100%| O|  |TAMS 0x0000000083b00000, 0x0000000083c00000| Untracked 
|  60|0x0000000083c00000, 0x0000000083d00000, 0x0000000083d00000|100%| O|  |TAMS 0x0000000083c00000, 0x0000000083d00000| Untracked 
|  61|0x0000000083d00000, 0x0000000083e00000, 0x0000000083e00000|100%| O|  |TAMS 0x0000000083d00000, 0x0000000083e00000| Untracked 
|  62|0x0000000083e00000, 0x0000000083f00000, 0x0000000083f00000|100%| O|  |TAMS 0x0000000083e00000, 0x0000000083f00000| Untracked 
|  63|0x0000000083f00000, 0x0000000084000000, 0x0000000084000000|100%| O|  |TAMS 0x0000000083f00000, 0x0000000084000000| Untracked 
|  64|0x0000000084000000, 0x0000000084100000, 0x0000000084100000|100%| O|  |TAMS 0x0000000084000000, 0x0000000084100000| Untracked 
|  65|0x0000000084100000, 0x0000000084200000, 0x0000000084200000|100%| O|  |TAMS 0x0000000084100000, 0x0000000084200000| Untracked 
|  66|0x0000000084200000, 0x0000000084300000, 0x0000000084300000|100%| O|  |TAMS 0x0000000084200000, 0x0000000084300000| Untracked 
|  67|0x0000000084300000, 0x0000000084400000, 0x0000000084400000|100%| O|  |TAMS 0x0000000084300000, 0x0000000084400000| Untracked 
|  68|0x0000000084400000, 0x0000000084500000, 0x0000000084500000|100%| O|  |TAMS 0x0000000084400000, 0x0000000084500000| Untracked 
|  69|0x0000000084500000, 0x0000000084600000, 0x0000000084600000|100%| O|  |TAMS 0x0000000084500000, 0x0000000084600000| Untracked 
|  70|0x0000000084600000, 0x0000000084700000, 0x0000000084700000|100%| O|  |TAMS 0x0000000084600000, 0x0000000084700000| Untracked 
|  71|0x0000000084700000, 0x0000000084800000, 0x0000000084800000|100%| O|  |TAMS 0x0000000084700000, 0x0000000084800000| Untracked 
|  72|0x0000000084800000, 0x0000000084900000, 0x0000000084900000|100%| O|  |TAMS 0x0000000084800000, 0x0000000084900000| Untracked 
|  73|0x0000000084900000, 0x0000000084a00000, 0x0000000084a00000|100%| O|  |TAMS 0x0000000084900000, 0x0000000084a00000| Untracked 
|  74|0x0000000084a00000, 0x0000000084a25a00, 0x0000000084b00000| 14%| O|  |TAMS 0x0000000084a00000, 0x0000000084a25a00| Untracked 
|  75|0x0000000084b00000, 0x0000000084b00000, 0x0000000084c00000|  0%| F|  |TAMS 0x0000000084b00000, 0x0000000084b00000| Untracked 
|  76|0x0000000084c00000, 0x0000000084c00000, 0x0000000084d00000|  0%| F|  |TAMS 0x0000000084c00000, 0x0000000084c00000| Untracked 
|  77|0x0000000084d00000, 0x0000000084d00000, 0x0000000084e00000|  0%| F|  |TAMS 0x0000000084d00000, 0x0000000084d00000| Untracked 
|  78|0x0000000084e00000, 0x0000000084e00000, 0x0000000084f00000|  0%| F|  |TAMS 0x0000000084e00000, 0x0000000084e00000| Untracked 
|  79|0x0000000084f00000, 0x0000000084f00000, 0x0000000085000000|  0%| F|  |TAMS 0x0000000084f00000, 0x0000000084f00000| Untracked 
|  80|0x0000000085000000, 0x0000000085000000, 0x0000000085100000|  0%| F|  |TAMS 0x0000000085000000, 0x0000000085000000| Untracked 
|  81|0x0000000085100000, 0x0000000085100000, 0x0000000085200000|  0%| F|  |TAMS 0x0000000085100000, 0x0000000085100000| Untracked 
|  82|0x0000000085200000, 0x0000000085200000, 0x0000000085300000|  0%| F|  |TAMS 0x0000000085200000, 0x0000000085200000| Untracked 
|  83|0x0000000085300000, 0x0000000085300000, 0x0000000085400000|  0%| F|  |TAMS 0x0000000085300000, 0x0000000085300000| Untracked 
|  84|0x0000000085400000, 0x0000000085400000, 0x0000000085500000|  0%| F|  |TAMS 0x0000000085400000, 0x0000000085400000| Untracked 
|  85|0x0000000085500000, 0x0000000085500000, 0x0000000085600000|  0%| F|  |TAMS 0x0000000085500000, 0x0000000085500000| Untracked 
|  86|0x0000000085600000, 0x0000000085600000, 0x0000000085700000|  0%| F|  |TAMS 0x0000000085600000, 0x0000000085600000| Untracked 
|  87|0x0000000085700000, 0x0000000085700000, 0x0000000085800000|  0%| F|  |TAMS 0x0000000085700000, 0x0000000085700000| Untracked 
|  88|0x0000000085800000, 0x0000000085800000, 0x0000000085900000|  0%| F|  |TAMS 0x0000000085800000, 0x0000000085800000| Untracked 
|  89|0x0000000085900000, 0x0000000085900000, 0x0000000085a00000|  0%| F|  |TAMS 0x0000000085900000, 0x0000000085900000| Untracked 
|  90|0x0000000085a00000, 0x0000000085a00000, 0x0000000085b00000|  0%| F|  |TAMS 0x0000000085a00000, 0x0000000085a00000| Untracked 
|  91|0x0000000085b00000, 0x0000000085b00000, 0x0000000085c00000|  0%| F|  |TAMS 0x0000000085b00000, 0x0000000085b00000| Untracked 
|  92|0x0000000085c00000, 0x0000000085c00000, 0x0000000085d00000|  0%| F|  |TAMS 0x0000000085c00000, 0x0000000085c00000| Untracked 
|  93|0x0000000085d00000, 0x0000000085d00000, 0x0000000085e00000|  0%| F|  |TAMS 0x0000000085d00000, 0x0000000085d00000| Untracked 
|  94|0x0000000085e00000, 0x0000000085e00000, 0x0000000085f00000|  0%| F|  |TAMS 0x0000000085e00000, 0x0000000085e00000| Untracked 
|  95|0x0000000085f00000, 0x0000000085f00000, 0x0000000086000000|  0%| F|  |TAMS 0x0000000085f00000, 0x0000000085f00000| Untracked 
|  96|0x0000000086000000, 0x0000000086000000, 0x0000000086100000|  0%| F|  |TAMS 0x0000000086000000, 0x0000000086000000| Untracked 
|  97|0x0000000086100000, 0x00000000861fbca0, 0x0000000086200000| 98%| S|CS|TAMS 0x0000000086100000, 0x0000000086100000| Complete 
|  98|0x0000000086200000, 0x0000000086300000, 0x0000000086300000|100%| S|CS|TAMS 0x0000000086200000, 0x0000000086200000| Complete 
|  99|0x0000000086300000, 0x0000000086400000, 0x0000000086400000|100%| S|CS|TAMS 0x0000000086300000, 0x0000000086300000| Complete 
| 100|0x0000000086400000, 0x0000000086500000, 0x0000000086500000|100%| S|CS|TAMS 0x0000000086400000, 0x0000000086400000| Complete 
| 101|0x0000000086500000, 0x0000000086500000, 0x0000000086600000|  0%| F|  |TAMS 0x0000000086500000, 0x0000000086500000| Untracked 
| 102|0x0000000086600000, 0x0000000086600000, 0x0000000086700000|  0%| F|  |TAMS 0x0000000086600000, 0x0000000086600000| Untracked 
| 103|0x0000000086700000, 0x0000000086700000, 0x0000000086800000|  0%| F|  |TAMS 0x0000000086700000, 0x0000000086700000| Untracked 
| 104|0x0000000086800000, 0x0000000086800000, 0x0000000086900000|  0%| F|  |TAMS 0x0000000086800000, 0x0000000086800000| Untracked 
| 105|0x0000000086900000, 0x0000000086900000, 0x0000000086a00000|  0%| F|  |TAMS 0x0000000086900000, 0x0000000086900000| Untracked 
| 106|0x0000000086a00000, 0x0000000086a00000, 0x0000000086b00000|  0%| F|  |TAMS 0x0000000086a00000, 0x0000000086a00000| Untracked 
| 107|0x0000000086b00000, 0x0000000086b00000, 0x0000000086c00000|  0%| F|  |TAMS 0x0000000086b00000, 0x0000000086b00000| Untracked 
| 108|0x0000000086c00000, 0x0000000086c00000, 0x0000000086d00000|  0%| F|  |TAMS 0x0000000086c00000, 0x0000000086c00000| Untracked 
| 109|0x0000000086d00000, 0x0000000086d00000, 0x0000000086e00000|  0%| F|  |TAMS 0x0000000086d00000, 0x0000000086d00000| Untracked 
| 110|0x0000000086e00000, 0x0000000086e00000, 0x0000000086f00000|  0%| F|  |TAMS 0x0000000086e00000, 0x0000000086e00000| Untracked 
| 111|0x0000000086f00000, 0x0000000086f00000, 0x0000000087000000|  0%| F|  |TAMS 0x0000000086f00000, 0x0000000086f00000| Untracked 
| 112|0x0000000087000000, 0x0000000087000000, 0x0000000087100000|  0%| F|  |TAMS 0x0000000087000000, 0x0000000087000000| Untracked 
| 113|0x0000000087100000, 0x0000000087100000, 0x0000000087200000|  0%| F|  |TAMS 0x0000000087100000, 0x0000000087100000| Untracked 
| 114|0x0000000087200000, 0x0000000087200000, 0x0000000087300000|  0%| F|  |TAMS 0x0000000087200000, 0x0000000087200000| Untracked 
| 115|0x0000000087300000, 0x0000000087300000, 0x0000000087400000|  0%| F|  |TAMS 0x0000000087300000, 0x0000000087300000| Untracked 
| 116|0x0000000087400000, 0x0000000087400000, 0x0000000087500000|  0%| F|  |TAMS 0x0000000087400000, 0x0000000087400000| Untracked 
| 117|0x0000000087500000, 0x0000000087500000, 0x0000000087600000|  0%| F|  |TAMS 0x0000000087500000, 0x0000000087500000| Untracked 
| 118|0x0000000087600000, 0x0000000087600000, 0x0000000087700000|  0%| F|  |TAMS 0x0000000087600000, 0x0000000087600000| Untracked 
| 119|0x0000000087700000, 0x0000000087700000, 0x0000000087800000|  0%| F|  |TAMS 0x0000000087700000, 0x0000000087700000| Untracked 
| 120|0x0000000087800000, 0x0000000087800000, 0x0000000087900000|  0%| F|  |TAMS 0x0000000087800000, 0x0000000087800000| Untracked 
| 121|0x0000000087900000, 0x0000000087900000, 0x0000000087a00000|  0%| F|  |TAMS 0x0000000087900000, 0x0000000087900000| Untracked 
| 122|0x0000000087a00000, 0x0000000087a00000, 0x0000000087b00000|  0%| F|  |TAMS 0x0000000087a00000, 0x0000000087a00000| Untracked 
| 123|0x0000000087b00000, 0x0000000087b00000, 0x0000000087c00000|  0%| F|  |TAMS 0x0000000087b00000, 0x0000000087b00000| Untracked 
| 124|0x0000000087c00000, 0x0000000087c00000, 0x0000000087d00000|  0%| F|  |TAMS 0x0000000087c00000, 0x0000000087c00000| Untracked 
| 125|0x0000000087d00000, 0x0000000087d00000, 0x0000000087e00000|  0%| F|  |TAMS 0x0000000087d00000, 0x0000000087d00000| Untracked 
| 126|0x0000000087e00000, 0x0000000087e00000, 0x0000000087f00000|  0%| F|  |TAMS 0x0000000087e00000, 0x0000000087e00000| Untracked 
| 127|0x0000000087f00000, 0x0000000087f00000, 0x0000000088000000|  0%| F|  |TAMS 0x0000000087f00000, 0x0000000087f00000| Untracked 
| 128|0x0000000088000000, 0x0000000088000000, 0x0000000088100000|  0%| F|  |TAMS 0x0000000088000000, 0x0000000088000000| Untracked 
| 129|0x0000000088100000, 0x0000000088100000, 0x0000000088200000|  0%| F|  |TAMS 0x0000000088100000, 0x0000000088100000| Untracked 
| 130|0x0000000088200000, 0x0000000088200000, 0x0000000088300000|  0%| F|  |TAMS 0x0000000088200000, 0x0000000088200000| Untracked 
| 131|0x0000000088300000, 0x0000000088300000, 0x0000000088400000|  0%| F|  |TAMS 0x0000000088300000, 0x0000000088300000| Untracked 
| 132|0x0000000088400000, 0x0000000088400000, 0x0000000088500000|  0%| F|  |TAMS 0x0000000088400000, 0x0000000088400000| Untracked 
| 133|0x0000000088500000, 0x0000000088500000, 0x0000000088600000|  0%| F|  |TAMS 0x0000000088500000, 0x0000000088500000| Untracked 
| 134|0x0000000088600000, 0x0000000088600000, 0x0000000088700000|  0%| F|  |TAMS 0x0000000088600000, 0x0000000088600000| Untracked 
| 135|0x0000000088700000, 0x0000000088700000, 0x0000000088800000|  0%| F|  |TAMS 0x0000000088700000, 0x0000000088700000| Untracked 
| 136|0x0000000088800000, 0x0000000088800000, 0x0000000088900000|  0%| F|  |TAMS 0x0000000088800000, 0x0000000088800000| Untracked 
| 137|0x0000000088900000, 0x0000000088900000, 0x0000000088a00000|  0%| F|  |TAMS 0x0000000088900000, 0x0000000088900000| Untracked 
| 138|0x0000000088a00000, 0x0000000088a00000, 0x0000000088b00000|  0%| F|  |TAMS 0x0000000088a00000, 0x0000000088a00000| Untracked 
| 139|0x0000000088b00000, 0x0000000088b00000, 0x0000000088c00000|  0%| F|  |TAMS 0x0000000088b00000, 0x0000000088b00000| Untracked 
| 140|0x0000000088c00000, 0x0000000088c00000, 0x0000000088d00000|  0%| F|  |TAMS 0x0000000088c00000, 0x0000000088c00000| Untracked 
| 141|0x0000000088d00000, 0x0000000088d00000, 0x0000000088e00000|  0%| F|  |TAMS 0x0000000088d00000, 0x0000000088d00000| Untracked 
| 142|0x0000000088e00000, 0x0000000088e00000, 0x0000000088f00000|  0%| F|  |TAMS 0x0000000088e00000, 0x0000000088e00000| Untracked 
| 143|0x0000000088f00000, 0x0000000088f00000, 0x0000000089000000|  0%| F|  |TAMS 0x0000000088f00000, 0x0000000088f00000| Untracked 
| 144|0x0000000089000000, 0x0000000089000000, 0x0000000089100000|  0%| F|  |TAMS 0x0000000089000000, 0x0000000089000000| Untracked 
| 145|0x0000000089100000, 0x0000000089100000, 0x0000000089200000|  0%| F|  |TAMS 0x0000000089100000, 0x0000000089100000| Untracked 
| 146|0x0000000089200000, 0x0000000089200000, 0x0000000089300000|  0%| F|  |TAMS 0x0000000089200000, 0x0000000089200000| Untracked 
| 147|0x0000000089300000, 0x0000000089300000, 0x0000000089400000|  0%| F|  |TAMS 0x0000000089300000, 0x0000000089300000| Untracked 
| 148|0x0000000089400000, 0x0000000089400000, 0x0000000089500000|  0%| F|  |TAMS 0x0000000089400000, 0x0000000089400000| Untracked 
| 149|0x0000000089500000, 0x0000000089500000, 0x0000000089600000|  0%| F|  |TAMS 0x0000000089500000, 0x0000000089500000| Untracked 
| 150|0x0000000089600000, 0x0000000089600000, 0x0000000089700000|  0%| F|  |TAMS 0x0000000089600000, 0x0000000089600000| Untracked 
| 151|0x0000000089700000, 0x0000000089700000, 0x0000000089800000|  0%| F|  |TAMS 0x0000000089700000, 0x0000000089700000| Untracked 
| 152|0x0000000089800000, 0x0000000089800000, 0x0000000089900000|  0%| F|  |TAMS 0x0000000089800000, 0x0000000089800000| Untracked 
| 153|0x0000000089900000, 0x0000000089900000, 0x0000000089a00000|  0%| F|  |TAMS 0x0000000089900000, 0x0000000089900000| Untracked 
| 154|0x0000000089a00000, 0x0000000089a00000, 0x0000000089b00000|  0%| F|  |TAMS 0x0000000089a00000, 0x0000000089a00000| Untracked 
| 155|0x0000000089b00000, 0x0000000089b00000, 0x0000000089c00000|  0%| F|  |TAMS 0x0000000089b00000, 0x0000000089b00000| Untracked 
| 156|0x0000000089c00000, 0x0000000089c00000, 0x0000000089d00000|  0%| F|  |TAMS 0x0000000089c00000, 0x0000000089c00000| Untracked 
| 157|0x0000000089d00000, 0x0000000089d00000, 0x0000000089e00000|  0%| F|  |TAMS 0x0000000089d00000, 0x0000000089d00000| Untracked 
| 158|0x0000000089e00000, 0x0000000089e00000, 0x0000000089f00000|  0%| F|  |TAMS 0x0000000089e00000, 0x0000000089e00000| Untracked 
| 159|0x0000000089f00000, 0x0000000089f00000, 0x000000008a000000|  0%| F|  |TAMS 0x0000000089f00000, 0x0000000089f00000| Untracked 
| 160|0x000000008a000000, 0x000000008a000000, 0x000000008a100000|  0%| F|  |TAMS 0x000000008a000000, 0x000000008a000000| Untracked 
| 161|0x000000008a100000, 0x000000008a100000, 0x000000008a200000|  0%| F|  |TAMS 0x000000008a100000, 0x000000008a100000| Untracked 
| 162|0x000000008a200000, 0x000000008a200000, 0x000000008a300000|  0%| F|  |TAMS 0x000000008a200000, 0x000000008a200000| Untracked 
| 163|0x000000008a300000, 0x000000008a300000, 0x000000008a400000|  0%| F|  |TAMS 0x000000008a300000, 0x000000008a300000| Untracked 
| 164|0x000000008a400000, 0x000000008a45a608, 0x000000008a500000| 35%| E|  |TAMS 0x000000008a400000, 0x000000008a400000| Complete 
| 165|0x000000008a500000, 0x000000008a600000, 0x000000008a600000|100%| E|CS|TAMS 0x000000008a500000, 0x000000008a500000| Complete 
| 166|0x000000008a600000, 0x000000008a700000, 0x000000008a700000|100%| E|CS|TAMS 0x000000008a600000, 0x000000008a600000| Complete 
| 167|0x000000008a700000, 0x000000008a800000, 0x000000008a800000|100%| E|CS|TAMS 0x000000008a700000, 0x000000008a700000| Complete 
| 168|0x000000008a800000, 0x000000008a900000, 0x000000008a900000|100%| E|CS|TAMS 0x000000008a800000, 0x000000008a800000| Complete 
| 169|0x000000008a900000, 0x000000008aa00000, 0x000000008aa00000|100%| E|CS|TAMS 0x000000008a900000, 0x000000008a900000| Complete 
| 170|0x000000008aa00000, 0x000000008ab00000, 0x000000008ab00000|100%| E|CS|TAMS 0x000000008aa00000, 0x000000008aa00000| Complete 

Card table byte_map: [0x0000020152190000,0x0000020152590000] _byte_map_base: 0x0000020151d90000

Marking Bits (Prev, Next): (CMBitMap*) 0x000002013b3f4c00, (CMBitMap*) 0x000002013b3f4bc8
 Prev Bits: [0x0000020154990000, 0x0000020156990000)
 Next Bits: [0x0000020152990000, 0x0000020154990000)

Polling page: 0x000002013ab90000

Metaspace:

Usage:
  Non-class:     70.70 MB capacity,    69.27 MB ( 98%) used,     1.18 MB (  2%) free+waste,   259.38 KB ( <1%) overhead. 
      Class:     11.69 MB capacity,    10.75 MB ( 92%) used,   833.38 KB (  7%) free+waste,   124.88 KB (  1%) overhead. 
       Both:     82.39 MB capacity,    80.03 MB ( 97%) used,     1.99 MB (  2%) free+waste,   384.25 KB ( <1%) overhead. 

Virtual space:
  Non-class space:       72.00 MB reserved,      70.95 MB ( 99%) committed 
      Class space:        1.00 GB reserved,      11.75 MB (  1%) committed 
             Both:        1.07 GB reserved,      82.70 MB (  8%) committed 

Chunk freelists:
   Non-Class:  0 bytes
       Class:  0 bytes
        Both:  0 bytes

CodeHeap 'non-profiled nmethods': size=120000Kb used=6057Kb max_used=6057Kb free=113942Kb
 bounds [0x000002014a530000, 0x000002014ab20000, 0x0000020151a60000]
CodeHeap 'profiled nmethods': size=120000Kb used=20128Kb max_used=20128Kb free=99871Kb
 bounds [0x0000020143000000, 0x00000201443b0000, 0x000002014a530000]
CodeHeap 'non-nmethods': size=5760Kb used=2291Kb max_used=2347Kb free=3468Kb
 bounds [0x0000020142a60000, 0x0000020142cd0000, 0x0000020143000000]
 total_blobs=10228 nmethods=9331 adapters=808
 compilation: enabled
              stopped_count=0, restarted_count=0
 full_count=0

Compilation events (10 events):
Event: 11.088 Thread 0x0000020159d35800 nmethod 9265 0x000002014437f710 code [0x000002014437fa40, 0x0000020144381208]
Event: 11.088 Thread 0x0000020159d35800 9270       3       com.google.common.collect.ImmutableMapEntrySet::<init> (5 bytes)
Event: 11.088 Thread 0x0000020159d35800 nmethod 9270 0x0000020144381a10 code [0x0000020144381bc0, 0x0000020144381e38]
Event: 11.088 Thread 0x0000020159d35800 9267       3       org.gradle.internal.hash.Hashing$MessageDigestHasher::putBytes (9 bytes)
Event: 11.089 Thread 0x0000020159d35800 nmethod 9267 0x0000020144381f90 code [0x0000020144382160, 0x0000020144382598]
Event: 11.089 Thread 0x0000020159d35800 9269       3       com.google.common.collect.ImmutableMap::isEmpty (13 bytes)
Event: 11.089 Thread 0x0000020159d35800 nmethod 9269 0x0000020144382790 code [0x0000020144382940, 0x0000020144382b48]
Event: 11.089 Thread 0x0000020159d35800 9271       3       org.gradle.internal.snapshot.AbstractListChildMap$2::<init> (18 bytes)
Event: 11.089 Thread 0x0000020159d35800 nmethod 9271 0x0000020144382c10 code [0x0000020144382dc0, 0x0000020144383098]
Event: 11.089 Thread 0x0000020159d35800 9275       3       org.gradle.internal.snapshot.VfsRelativePath::isPrefix (110 bytes)

GC Heap History (10 events):
Event: 8.860 GC heap before
{Heap before GC invocations=17 (full 0):
 garbage-first heap   total 145408K, used 111272K [0x0000000080000000, 0x0000000100000000)
  region size 1024K, 60 young (61440K), 7 survivors (7168K)
 Metaspace       used 70812K, capacity 72668K, committed 72908K, reserved 1112064K
  class space    used 9393K, capacity 10136K, committed 10240K, reserved 1048576K
}
Event: 8.866 GC heap after
{Heap after GC invocations=18 (full 0):
 garbage-first heap   total 145408K, used 61276K [0x0000000080000000, 0x0000000100000000)
  region size 1024K, 8 young (8192K), 8 survivors (8192K)
 Metaspace       used 70812K, capacity 72668K, committed 72908K, reserved 1112064K
  class space    used 9393K, capacity 10136K, committed 10240K, reserved 1048576K
}
Event: 9.487 GC heap before
{Heap before GC invocations=18 (full 0):
 garbage-first heap   total 145408K, used 113500K [0x0000000080000000, 0x0000000100000000)
  region size 1024K, 59 young (60416K), 8 survivors (8192K)
 Metaspace       used 75024K, capacity 76950K, committed 77132K, reserved 1116160K
  class space    used 10061K, capacity 10860K, committed 10880K, reserved 1048576K
}
Event: 9.493 GC heap after
{Heap after GC invocations=19 (full 0):
 garbage-first heap   total 145408K, used 64116K [0x0000000080000000, 0x0000000100000000)
  region size 1024K, 7 young (7168K), 7 survivors (7168K)
 Metaspace       used 75024K, capacity 76950K, committed 77132K, reserved 1116160K
  class space    used 10061K, capacity 10860K, committed 10880K, reserved 1048576K
}
Event: 10.124 GC heap before
{Heap before GC invocations=19 (full 0):
 garbage-first heap   total 145408K, used 116340K [0x0000000080000000, 0x0000000100000000)
  region size 1024K, 58 young (59392K), 7 survivors (7168K)
 Metaspace       used 79012K, capacity 81160K, committed 81228K, reserved 1120256K
  class space    used 10546K, capacity 11355K, committed 11392K, reserved 1048576K
}
Event: 10.132 GC heap after
{Heap after GC invocations=20 (full 0):
 garbage-first heap   total 145408K, used 68659K [0x0000000080000000, 0x0000000100000000)
  region size 1024K, 8 young (8192K), 8 survivors (8192K)
 Metaspace       used 79012K, capacity 81160K, committed 81228K, reserved 1120256K
  class space    used 10546K, capacity 11355K, committed 11392K, reserved 1048576K
}
Event: 10.378 GC heap before
{Heap before GC invocations=20 (full 0):
 garbage-first heap   total 145408K, used 116787K [0x0000000080000000, 0x0000000100000000)
  region size 1024K, 55 young (56320K), 8 survivors (8192K)
 Metaspace       used 79314K, capacity 81386K, committed 81484K, reserved 1120256K
  class space    used 10575K, capacity 11362K, committed 11392K, reserved 1048576K
}
Event: 10.387 GC heap after
{Heap after GC invocations=21 (full 0):
 garbage-first heap   total 145408K, used 75569K [0x0000000080000000, 0x0000000100000000)
  region size 1024K, 7 young (7168K), 7 survivors (7168K)
 Metaspace       used 79314K, capacity 81386K, committed 81484K, reserved 1120256K
  class space    used 10575K, capacity 11362K, committed 11392K, reserved 1048576K
}
Event: 11.035 GC heap before
{Heap before GC invocations=21 (full 0):
 garbage-first heap   total 145408K, used 116529K [0x0000000080000000, 0x0000000100000000)
  region size 1024K, 48 young (49152K), 7 survivors (7168K)
 Metaspace       used 81640K, capacity 84048K, committed 84300K, reserved 1122304K
  class space    used 10944K, capacity 11881K, committed 11904K, reserved 1048576K
}
Event: 11.045 GC heap after
{Heap after GC invocations=22 (full 0):
 garbage-first heap   total 175104K, used 80005K [0x0000000080000000, 0x0000000100000000)
  region size 1024K, 4 young (4096K), 4 survivors (4096K)
 Metaspace       used 81640K, capacity 84048K, committed 84300K, reserved 1122304K
  class space    used 10944K, capacity 11881K, committed 11904K, reserved 1048576K
}

Deoptimization events (10 events):
Event: 10.567 Thread 0x00000201616a3800 Uncommon trap: reason=class_check action=maybe_recompile pc=0x000002014a647ce0 method=java.util.Collections$SetFromMap.remove(Ljava/lang/Object;)Z @ 5 c2
Event: 10.568 Thread 0x00000201616a3800 Uncommon trap: reason=class_check action=maybe_recompile pc=0x000002014a647ce0 method=java.util.Collections$SetFromMap.remove(Ljava/lang/Object;)Z @ 5 c2
Event: 10.568 Thread 0x00000201616a3800 Uncommon trap: reason=class_check action=maybe_recompile pc=0x000002014a713be4 method=java.util.stream.StreamOpFlag.fromCharacteristics(Ljava/util/Spliterator;)I @ 14 c2
Event: 10.570 Thread 0x00000201616a3800 Uncommon trap: reason=class_check action=maybe_recompile pc=0x000002014a713be4 method=java.util.stream.StreamOpFlag.fromCharacteristics(Ljava/util/Spliterator;)I @ 14 c2
Event: 10.570 Thread 0x00000201616a3800 Uncommon trap: reason=class_check action=maybe_recompile pc=0x000002014a647ce0 method=java.util.Collections$SetFromMap.remove(Ljava/lang/Object;)Z @ 5 c2
Event: 10.571 Thread 0x00000201616a3800 Uncommon trap: reason=class_check action=maybe_recompile pc=0x000002014a986e7c method=java.util.stream.StreamOpFlag.fromCharacteristics(Ljava/util/Spliterator;)I @ 14 c2
Event: 10.728 Thread 0x00000201616aa000 Uncommon trap: reason=unstable_if action=reinterpret pc=0x000002014a7bf08c method=com.esotericsoftware.kryo.io.Input.readString()Ljava/lang/String; @ 38 c2
Event: 10.982 Thread 0x00000201616aa000 Uncommon trap: reason=unstable_if action=reinterpret pc=0x000002014aadc4a8 method=com.esotericsoftware.kryo.io.Input.readAscii()Ljava/lang/String; @ 23 c2
Event: 11.066 Thread 0x000002015abcb800 Uncommon trap: reason=unstable_if action=reinterpret pc=0x000002014aa80094 method=java.util.concurrent.ConcurrentHashMap.initTable()[Ljava/util/concurrent/ConcurrentHashMap$Node; @ 20 c2
Event: 11.085 Thread 0x000002015abc6000 Uncommon trap: reason=unstable_if action=reinterpret pc=0x000002014a80427c method=org.gradle.internal.snapshot.VfsRelativePath.isPrefix(Ljava/lang/String;ILjava/lang/String;ILorg/gradle/internal/snapshot/CaseSensitivity;)Z @ 89 c2

Classes redefined (0 events):
No events

Internal exceptions (10 events):
Event: 10.590 Thread 0x000002015b816000 Exception <a 'java/lang/NoSuchMethodError'{0x0000000087a95f30}: static Lorg/gradle/internal/build/event/types/DefaultTaskSkippedResult;.<clinit>()V> (0x0000000087a95f30) thrown at [./open/src/hotspot/share/prims/jni.cpp, line 1366]
Event: 10.591 Thread 0x00000201616a1000 Exception <a 'java/lang/NoSuchMethodError'{0x0000000087a9f1e8}: static Lcom/android/ide/common/attribution/AndroidGradlePluginAttributionData$JavaInfo;.<clinit>()V> (0x0000000087a9f1e8) thrown at [./open/src/hotspot/share/prims/jni.cpp, line 1366]
Event: 10.594 Thread 0x00000201616a1000 Exception <a 'java/lang/NoSuchMethodError'{0x0000000087ad36d0}: static [Ljava/lang/String;.<clinit>()V> (0x0000000087ad36d0) thrown at [./open/src/hotspot/share/prims/jni.cpp, line 1366]
Event: 10.596 Thread 0x00000201616a1000 Exception <a 'java/lang/NoSuchMethodError'{0x00000000879022d0}: java.lang.invoke.DirectMethodHandle$Holder.invokeSpecial(Ljava/lang/Object;Ljava/lang/Object;Ljava/lang/Object;I)V> (0x00000000879022d0) thrown at [./open/src/hotspot/share/interpreter/linkRe
Event: 10.602 Thread 0x00000201616a3800 Exception <a 'java/lang/NoSuchMethodError'{0x00000000879702f8}: java.lang.invoke.DirectMethodHandle$Holder.invokeSpecial(Ljava/lang/Object;Ljava/lang/Object;Ljava/lang/Object;Ljava/lang/Object;Ljava/lang/Object;)I> (0x00000000879702f8) thrown at [./open/s
Event: 10.667 Thread 0x00000201616aa000 Exception <a 'java/lang/ClassNotFoundException'{0x000000008779bd98}: sun/misc/SharedSecrets> (0x000000008779bd98) thrown at [./open/src/hotspot/share/classfile/systemDictionary.cpp, line 226]
Event: 11.017 Thread 0x00000201616aa000 Exception <a 'java/lang/NoSuchMethodError'{0x000000008699e5f8}: java.lang.invoke.DirectMethodHandle$Holder.invokeStatic(Ljava/lang/Object;Ljava/lang/Object;Ljava/lang/Object;Ljava/lang/Object;ILjava/lang/Object;Ljava/lang/Object;)V> (0x000000008699e5f8) t
Event: 11.061 Thread 0x000002015f0e8800 Exception <a 'java/lang/NoSuchMethodError'{0x000000008a86c108}: java.lang.invoke.DirectMethodHandle$Holder.invokeSpecialIFC(Ljava/lang/Object;Ljava/lang/Object;Ljava/lang/Object;)Ljava/lang/Object;> (0x000000008a86c108) thrown at [./open/src/hotspot/share
Event: 11.061 Thread 0x000002016107a000 Exception <a 'java/lang/NoSuchMethodError'{0x000000008a84b7f0}: java.lang.invoke.DirectMethodHandle$Holder.invokeSpecialIFC(Ljava/lang/Object;Ljava/lang/Object;Ljava/lang/Object;)Ljava/lang/Object;> (0x000000008a84b7f0) thrown at [./open/src/hotspot/share
Event: 11.061 Thread 0x00000201616aa000 Exception <a 'java/lang/NoSuchMethodError'{0x000000008aaeaa90}: java.lang.invoke.DirectMethodHandle$Holder.invokeSpecialIFC(Ljava/lang/Object;Ljava/lang/Object;Ljava/lang/Object;)Ljava/lang/Object;> (0x000000008aaeaa90) thrown at [./open/src/hotspot/share

Events (10 events):
Event: 11.085 Thread 0x000002015abc6000 DEOPT PACKING pc=0x000002014a80427c sp=0x00000074c26fb7e0
Event: 11.085 Thread 0x000002015abc6000 DEOPT UNPACKING pc=0x0000020142a8662f sp=0x00000074c26fb760 mode 2
Event: 11.086 loading class org/gradle/internal/execution/ExecutionResult
Event: 11.086 loading class org/gradle/internal/execution/ExecutionResult done
Event: 11.086 loading class org/gradle/api/internal/artifacts/transform/TransformationResultSerializer
Event: 11.086 loading class org/gradle/api/internal/artifacts/transform/TransformationResultSerializer done
Event: 11.088 loading class org/gradle/api/internal/artifacts/transform/TransformationResult
Event: 11.088 loading class org/gradle/api/internal/artifacts/transform/TransformationResult done
Event: 11.089 loading class org/gradle/api/internal/artifacts/transform/TransformationResult$Builder
Event: 11.089 loading class org/gradle/api/internal/artifacts/transform/TransformationResult$Builder done


Dynamic libraries:
0x00007ff6eb020000 - 0x00007ff6eb02f000 	C:\Program Files\Java\jdk-11.0.16.1\bin\java.exe
0x00007fff56870000 - 0x00007fff56a84000 	C:\WINDOWS\SYSTEM32\ntdll.dll
0x00007fff55c20000 - 0x00007fff55ce2000 	C:\WINDOWS\System32\KERNEL32.DLL
0x00007fff54080000 - 0x00007fff54423000 	C:\WINDOWS\System32\KERNELBASE.dll
0x00007fff54550000 - 0x00007fff54661000 	C:\WINDOWS\System32\ucrtbase.dll
0x00007fff40420000 - 0x00007fff40438000 	C:\Program Files\Java\jdk-11.0.16.1\bin\jli.dll
0x00007fff40400000 - 0x00007fff40415000 	C:\Program Files\Java\jdk-11.0.16.1\bin\VCRUNTIME140.dll
0x00007fff56270000 - 0x00007fff5631e000 	C:\WINDOWS\System32\ADVAPI32.dll
0x00007fff55930000 - 0x00007fff559d7000 	C:\WINDOWS\System32\msvcrt.dll
0x00007fff55300000 - 0x00007fff553a4000 	C:\WINDOWS\System32\sechost.dll
0x00007fff54700000 - 0x00007fff54817000 	C:\WINDOWS\System32\RPCRT4.dll
0x00007fff55d00000 - 0x00007fff55eab000 	C:\WINDOWS\System32\USER32.dll
0x00007fff54050000 - 0x00007fff54076000 	C:\WINDOWS\System32\win32u.dll
0x00007fff3cd00000 - 0x00007fff3cf8e000 	C:\WINDOWS\WinSxS\amd64_microsoft.windows.common-controls_6595b64144ccf1df_6.0.22621.1635_none_270f70857386168e\COMCTL32.dll
0x00007fff55450000 - 0x00007fff55479000 	C:\WINDOWS\System32\GDI32.dll
0x00007fff54430000 - 0x00007fff54548000 	C:\WINDOWS\System32\gdi32full.dll
0x00007fff53d00000 - 0x00007fff53d9a000 	C:\WINDOWS\System32\msvcp_win.dll
0x00007fff4d320000 - 0x00007fff4d32a000 	C:\WINDOWS\SYSTEM32\VERSION.dll
0x00007fff56380000 - 0x00007fff563b1000 	C:\WINDOWS\System32\IMM32.DLL
0x00007fff359e0000 - 0x00007fff35a7b000 	C:\Program Files\Java\jdk-11.0.16.1\bin\msvcp140.dll
0x00007fff05260000 - 0x00007fff05d78000 	C:\Program Files\Java\jdk-11.0.16.1\bin\server\jvm.dll
0x00007fff554a0000 - 0x00007fff554a8000 	C:\WINDOWS\System32\PSAPI.DLL
0x00007fff51040000 - 0x00007fff51049000 	C:\WINDOWS\SYSTEM32\WSOCK32.dll
0x00007fff4a0e0000 - 0x00007fff4a114000 	C:\WINDOWS\SYSTEM32\WINMM.dll
0x00007fff567b0000 - 0x00007fff56821000 	C:\WINDOWS\System32\WS2_32.dll
0x00007fff52ce0000 - 0x00007fff52cf8000 	C:\WINDOWS\SYSTEM32\kernel.appcore.dll
0x00007fff50750000 - 0x00007fff50760000 	C:\Program Files\Java\jdk-11.0.16.1\bin\verify.dll
0x00007fff4d810000 - 0x00007fff4da3e000 	C:\WINDOWS\SYSTEM32\DBGHELP.DLL
0x00007fff56420000 - 0x00007fff567a9000 	C:\WINDOWS\System32\combase.dll
0x00007fff559e0000 - 0x00007fff55ab7000 	C:\WINDOWS\System32\OLEAUT32.dll
0x00007fff3db90000 - 0x00007fff3dbc2000 	C:\WINDOWS\SYSTEM32\dbgcore.DLL
0x00007fff53fd0000 - 0x00007fff5404b000 	C:\WINDOWS\System32\bcryptPrimitives.dll
0x00007fff403d0000 - 0x00007fff403f8000 	C:\Program Files\Java\jdk-11.0.16.1\bin\java.dll
0x00007fff45cf0000 - 0x00007fff45cfa000 	C:\Program Files\Java\jdk-11.0.16.1\bin\jimage.dll
0x00007fff403b0000 - 0x00007fff403c6000 	C:\Program Files\Java\jdk-11.0.16.1\bin\zip.dll
0x00007fff549e0000 - 0x00007fff551da000 	C:\WINDOWS\System32\SHELL32.dll
0x00007fff51c90000 - 0x00007fff5255e000 	C:\WINDOWS\SYSTEM32\windows.storage.dll
0x00007fff51b50000 - 0x00007fff51c8e000 	C:\WINDOWS\SYSTEM32\wintypes.dll
0x00007fff55b20000 - 0x00007fff55c11000 	C:\WINDOWS\System32\SHCORE.dll
0x00007fff563c0000 - 0x00007fff5641e000 	C:\WINDOWS\System32\shlwapi.dll
0x00007fff53bc0000 - 0x00007fff53be1000 	C:\WINDOWS\SYSTEM32\profapi.dll
0x00007fff40390000 - 0x00007fff403a9000 	C:\Program Files\Java\jdk-11.0.16.1\bin\net.dll
0x00007fff4d670000 - 0x00007fff4d7a7000 	C:\WINDOWS\SYSTEM32\WINHTTP.dll
0x00007fff53150000 - 0x00007fff531b9000 	C:\WINDOWS\system32\mswsock.dll
0x00007fff378a0000 - 0x00007fff378b2000 	C:\Program Files\Java\jdk-11.0.16.1\bin\nio.dll
0x00007ffefb6e0000 - 0x00007ffefb707000 	C:\Users\akram\AndroidStudioProjects\app\native\e1d6ef7f7dcc3fd88c89a11ec53ec762bb8ba0a96d01ffa2cd45eb1d1d8dd5c5\windows-amd64\native-platform.dll
0x00007fff35890000 - 0x00007fff359d4000 	C:\Users\akram\AndroidStudioProjects\app\native\0d407fdbe67a94daf76414ababcb853783967236a71b16ec16e742cd7a986fd3\windows-amd64\native-platform-file-events.dll
0x00007fff45c00000 - 0x00007fff45c09000 	C:\Program Files\Java\jdk-11.0.16.1\bin\management.dll
0x00007fff45870000 - 0x00007fff4587b000 	C:\Program Files\Java\jdk-11.0.16.1\bin\management_ext.dll
0x00007fff533c0000 - 0x00007fff533db000 	C:\WINDOWS\SYSTEM32\CRYPTSP.dll
0x00007fff52c50000 - 0x00007fff52c85000 	C:\WINDOWS\system32\rsaenh.dll
0x00007fff53250000 - 0x00007fff53278000 	C:\WINDOWS\SYSTEM32\USERENV.dll
0x00007fff53570000 - 0x00007fff53598000 	C:\WINDOWS\SYSTEM32\bcrypt.dll
0x00007fff533b0000 - 0x00007fff533bc000 	C:\WINDOWS\SYSTEM32\CRYPTBASE.dll
0x00007fff527c0000 - 0x00007fff527ed000 	C:\WINDOWS\SYSTEM32\IPHLPAPI.DLL
0x00007fff55cf0000 - 0x00007fff55cf9000 	C:\WINDOWS\System32\NSI.dll
0x00007fff4d650000 - 0x00007fff4d669000 	C:\WINDOWS\SYSTEM32\dhcpcsvc6.DLL
0x00007fff4d380000 - 0x00007fff4d39f000 	C:\WINDOWS\SYSTEM32\dhcpcsvc.DLL
0x00007fff52830000 - 0x00007fff52923000 	C:\WINDOWS\SYSTEM32\DNSAPI.dll

dbghelp: loaded successfully - version: 4.0.5 - missing functions: none
symbol engine: initialized successfully - sym options: 0x614 - pdb path: .;C:\Program Files\Java\jdk-11.0.16.1\bin;C:\WINDOWS\SYSTEM32;C:\WINDOWS\WinSxS\amd64_microsoft.windows.common-controls_6595b64144ccf1df_6.0.22621.1635_none_270f70857386168e;C:\Program Files\Java\jdk-11.0.16.1\bin\server;C:\Users\akram\AndroidStudioProjects\app\native\e1d6ef7f7dcc3fd88c89a11ec53ec762bb8ba0a96d01ffa2cd45eb1d1d8dd5c5\windows-amd64;C:\Users\akram\AndroidStudioProjects\app\native\0d407fdbe67a94daf76414ababcb853783967236a71b16ec16e742cd7a986fd3\windows-amd64

VM Arguments:
jvm_args: --add-opens=java.base/java.util=ALL-UNNAMED --add-opens=java.base/java.lang=ALL-UNNAMED --add-opens=java.base/java.lang.invoke=ALL-UNNAMED --add-opens=java.base/java.util=ALL-UNNAMED --add-opens=java.prefs/java.util.prefs=ALL-UNNAMED --add-opens=java.prefs/java.util.prefs=ALL-UNNAMED --add-opens=java.base/java.nio.charset=ALL-UNNAMED --add-opens=java.base/java.net=ALL-UNNAMED --add-opens=java.base/java.util.concurrent.atomic=ALL-UNNAMED -Xmx2048m -Dfile.encoding=UTF-8 -Duser.country=US -Duser.language=en -Duser.variant 
java_command: org.gradle.launcher.daemon.bootstrap.GradleDaemon 7.5
java_class_path (initial): C:\Users\akram\AndroidStudioProjects\app\wrapper\dists\gradle-7.5-bin\f1w0cc9nuo0eivz97x2xlu9sv\gradle-7.5\lib\gradle-launcher-7.5.jar
Launcher Type: SUN_STANDARD

[Global flags]
     intx CICompilerCount                          = 4                                         {product} {ergonomic}
     uint ConcGCThreads                            = 2                                         {product} {ergonomic}
     uint G1ConcRefinementThreads                  = 8                                         {product} {ergonomic}
   size_t G1HeapRegionSize                         = 1048576                                   {product} {ergonomic}
    uintx GCDrainStackTargetSize                   = 64                                        {product} {ergonomic}
   size_t InitialHeapSize                          = 123731968                                 {product} {ergonomic}
   size_t MarkStackSize                            = 4194304                                   {product} {ergonomic}
   size_t MaxHeapSize                              = 2147483648                                {product} {command line}
   size_t MaxNewSize                               = 1287651328                                {product} {ergonomic}
   size_t MinHeapDeltaBytes                        = 1048576                                   {product} {ergonomic}
    uintx NonNMethodCodeHeapSize                   = 5836300                                {pd product} {ergonomic}
    uintx NonProfiledCodeHeapSize                  = 122910970                              {pd product} {ergonomic}
    uintx ProfiledCodeHeapSize                     = 122910970                              {pd product} {ergonomic}
    uintx ReservedCodeCacheSize                    = 251658240                              {pd product} {ergonomic}
     bool SegmentedCodeCache                       = true                                      {product} {ergonomic}
     bool UseCompressedClassPointers               = true                                 {lp64_product} {ergonomic}
     bool UseCompressedOops                        = true                                 {lp64_product} {ergonomic}
     bool UseG1GC                                  = true                                      {product} {ergonomic}
     bool UseLargePagesIndividualAllocation        = false                                  {pd product} {ergonomic}

Logging:
Log output configuration:
 #0: stdout all=warning uptime,level,tags
 #1: stderr all=off uptime,level,tags

Environment Variables:
JAVA_HOME=C:\Program Files\Java\jdk-11.0.16.1
PATH=C:\Program Files\Common Files\Oracle\Java\javapath;C:\WINDOWS\system32;C:\WINDOWS;C:\WINDOWS\System32\Wbem;C:\WINDOWS\System32\WindowsPowerShell\v1.0\;C:\WINDOWS\System32\OpenSSH\;C:\Program Files\Java\jdk-11.0.16.1\bin;C:\Program Files\Git\cmd;C:\Program Files\Cloudflare\Cloudflare WARP\;C:\Users\akram\AppData\Local\Programs\Python\Python311\Scripts\;C:\Users\akram\AppData\Local\Programs\Python\Python311\;C:\Users\akram\AppData\Local\Microsoft\WindowsApps;;C:\Users\akram\AppData\Local\Programs\Microsoft VS Code\bin
USERNAME=akram
OS=Windows_NT
PROCESSOR_IDENTIFIER=AMD64 Family 23 Model 96 Stepping 1, AuthenticAMD



---------------  S Y S T E M  ---------------

OS: Windows 11 , 64 bit Build 22621 (10.0.22621.1635)

CPU:total 8 (initial active 8) (8 cores per cpu, 2 threads per core) family 23 model 96 stepping 1 microcode 0x0, cmov, cx8, fxsr, mmx, sse, sse2, sse3, ssse3, sse4.1, sse4.2, popcnt, avx, avx2, aes, clmul, mmxext, 3dnowpref, lzcnt, sse4a, ht, tsc, tscinvbit, tscinv, bmi1, bmi2, adx, s

Memory: 4k page, system-wide physical 7507M (1649M free)
TotalPageFile size 12627M (AvailPageFile size 2570M)
current process WorkingSet (physical memory assigned to process): 401M, peak: 401M
current process commit charge ("private bytes"): 468M, peak: 468M

vm_info: Java HotSpot(TM) 64-Bit Server VM (11.0.16.1+1-LTS-1) for windows-amd64 JRE (11.0.16.1+1-LTS-1), built on Aug 16 2022 01:46:01 by "mach5one" with MS VC++ 15.9 (VS2017)

END.
